[
  {
    "Plan": {
      "Node Type": "Aggregate",
      "Strategy": "Sorted",
      "Partial Mode": "Finalize",
      "Parallel Aware": false,
      "Async Capable": false,
      "Startup Cost": 231177.85,
      "Total Cost": 231180.1,
      "Plan Rows": 6,
      "Plan Width": 236,
      "Actual Startup Time": 1221.776,
      "Actual Total Time": 1223.199,
      "Actual Rows": 4.0,
      "Actual Loops": 1,
      "Disabled": false,
      "Output": [
        "l_returnflag",
        "l_linestatus",
        "sum(l_quantity)",
        "sum(l_extendedprice)",
        "sum((l_extendedprice * ('1'::numeric - l_discount)))",
        "sum(((l_extendedprice * ('1'::numeric - l_discount)) * ('1'::numeric + l_tax)))",
        "avg(l_quantity)",
        "avg(l_extendedprice)",
        "avg(l_discount)",
        "count(*)"
      ],
      "Group Key": [
        "lineitem.l_returnflag",
        "lineitem.l_linestatus"
      ],
      "Shared Hit Blocks": 2064,
      "Shared Read Blocks": 110550,
      "Shared Dirtied Blocks": 0,
      "Shared Written Blocks": 0,
      "Local Hit Blocks": 0,
      "Local Read Blocks": 0,
      "Local Dirtied Blocks": 0,
      "Local Written Blocks": 0,
      "Temp Read Blocks": 0,
      "Temp Written Blocks": 0,
      "Plans": [
        {
          "Node Type": "Gather Merge",
          "Parent Relationship": "Outer",
          "Parallel Aware": false,
          "Async Capable": false,
          "Startup Cost": 231177.85,
          "Total Cost": 231179.48,
          "Plan Rows": 14,
          "Plan Width": 236,
          "Actual Startup Time": 1221.753,
          "Actual Total Time": 1223.164,
          "Actual Rows": 12.0,
          "Actual Loops": 1,
          "Disabled": false,
          "Output": [
            "l_returnflag",
            "l_linestatus",
            "(PARTIAL sum(l_quantity))",
            "(PARTIAL sum(l_extendedprice))",
            "(PARTIAL sum((l_extendedprice * ('1'::numeric - l_discount))))",
            "(PARTIAL sum(((l_extendedprice * ('1'::numeric - l_discount)) * ('1'::numeric + l_tax))))",
            "(PARTIAL avg(l_quantity))",
            "(PARTIAL avg(l_extendedprice))",
            "(PARTIAL avg(l_discount))",
            "(PARTIAL count(*))"
          ],
          "Workers Planned": 2,
          "Workers Launched": 2,
          "Shared Hit Blocks": 2064,
          "Shared Read Blocks": 110550,
          "Shared Dirtied Blocks": 0,
          "Shared Written Blocks": 0,
          "Local Hit Blocks": 0,
          "Local Read Blocks": 0,
          "Local Dirtied Blocks": 0,
          "Local Written Blocks": 0,
          "Temp Read Blocks": 0,
          "Temp Written Blocks": 0,
          "Plans": [
            {
              "Node Type": "Sort",
              "Parent Relationship": "Outer",
              "Parallel Aware": false,
              "Async Capable": false,
              "Startup Cost": 230177.83,
              "Total Cost": 230177.84,
              "Plan Rows": 6,
              "Plan Width": 236,
              "Actual Startup Time": 1196.852,
              "Actual Total Time": 1196.853,
              "Actual Rows": 4.0,
              "Actual Loops": 3,
              "Disabled": false,
              "Output": [
                "l_returnflag",
                "l_linestatus",
                "(PARTIAL sum(l_quantity))",
                "(PARTIAL sum(l_extendedprice))",
                "(PARTIAL sum((l_extendedprice * ('1'::numeric - l_discount))))",
                "(PARTIAL sum(((l_extendedprice * ('1'::numeric - l_discount)) * ('1'::numeric + l_tax))))",
                "(PARTIAL avg(l_quantity))",
                "(PARTIAL avg(l_extendedprice))",
                "(PARTIAL avg(l_discount))",
                "(PARTIAL count(*))"
              ],
              "Sort Key": [
                "lineitem.l_returnflag",
                "lineitem.l_linestatus"
              ],
              "Sort Method": "quicksort",
              "Sort Space Used": 26,
              "Sort Space Type": "Memory",
              "Shared Hit Blocks": 2064,
              "Shared Read Blocks": 110550,
              "Shared Dirtied Blocks": 0,
              "Shared Written Blocks": 0,
              "Local Hit Blocks": 0,
              "Local Read Blocks": 0,
              "Local Dirtied Blocks": 0,
              "Local Written Blocks": 0,
              "Temp Read Blocks": 0,
              "Temp Written Blocks": 0,
              "Workers": [
                {
                  "Worker Number": 0,
                  "Actual Startup Time": 1185.48,
                  "Actual Total Time": 1185.482,
                  "Actual Rows": 4.0,
                  "Actual Loops": 1,
                  "Sort Method": "quicksort",
                  "Sort Space Used": 26,
                  "Sort Space Type": "Memory",
                  "Shared Hit Blocks": 679,
                  "Shared Read Blocks": 36425,
                  "Shared Dirtied Blocks": 0,
                  "Shared Written Blocks": 0,
                  "Local Hit Blocks": 0,
                  "Local Read Blocks": 0,
                  "Local Dirtied Blocks": 0,
                  "Local Written Blocks": 0,
                  "Temp Read Blocks": 0,
                  "Temp Written Blocks": 0
                },
                {
                  "Worker Number": 1,
                  "Actual Startup Time": 1186.312,
                  "Actual Total Time": 1186.313,
                  "Actual Rows": 4.0,
                  "Actual Loops": 1,
                  "Sort Method": "quicksort",
                  "Sort Space Used": 26,
                  "Sort Space Type": "Memory",
                  "Shared Hit Blocks": 695,
                  "Shared Read Blocks": 36779,
                  "Shared Dirtied Blocks": 0,
                  "Shared Written Blocks": 0,
                  "Local Hit Blocks": 0,
                  "Local Read Blocks": 0,
                  "Local Dirtied Blocks": 0,
                  "Local Written Blocks": 0,
                  "Temp Read Blocks": 0,
                  "Temp Written Blocks": 0
                }
              ],
              "Plans": [
                {
                  "Node Type": "Aggregate",
                  "Strategy": "Hashed",
                  "Partial Mode": "Partial",
                  "Parent Relationship": "Outer",
                  "Parallel Aware": false,
                  "Async Capable": false,
                  "Startup Cost": 230177.61,
                  "Total Cost": 230177.75,
                  "Plan Rows": 6,
                  "Plan Width": 236,
                  "Actual Startup Time": 1196.765,
                  "Actual Total Time": 1196.769,
                  "Actual Rows": 4.0,
                  "Actual Loops": 3,
                  "Disabled": false,
                  "Output": [
                    "l_returnflag",
                    "l_linestatus",
                    "PARTIAL sum(l_quantity)",
                    "PARTIAL sum(l_extendedprice)",
                    "PARTIAL sum((l_extendedprice * ('1'::numeric - l_discount)))",
                    "PARTIAL sum(((l_extendedprice * ('1'::numeric - l_discount)) * ('1'::numeric + l_tax)))",
                    "PARTIAL avg(l_quantity)",
                    "PARTIAL avg(l_extendedprice)",
                    "PARTIAL avg(l_discount)",
                    "PARTIAL count(*)"
                  ],
                  "Group Key": [
                    "lineitem.l_returnflag",
                    "lineitem.l_linestatus"
                  ],
                  "Planned Partitions": 0,
                  "HashAgg Batches": 1,
                  "Peak Memory Usage": 32,
                  "Disk Usage": 0,
                  "Shared Hit Blocks": 2050,
                  "Shared Read Blocks": 110550,
                  "Shared Dirtied Blocks": 0,
                  "Shared Written Blocks": 0,
                  "Local Hit Blocks": 0,
                  "Local Read Blocks": 0,
                  "Local Dirtied Blocks": 0,
                  "Local Written Blocks": 0,
                  "Temp Read Blocks": 0,
                  "Temp Written Blocks": 0,
                  "Workers": [
                    {
                      "Worker Number": 0,
                      "Actual Startup Time": 1185.428,
                      "Actual Total Time": 1185.434,
                      "Actual Rows": 4.0,
                      "Actual Loops": 1,
                      "HashAgg Batches": 1,
                      "Peak Memory Usage": 32,
                      "Disk Usage": 0,
                      "Shared Hit Blocks": 672,
                      "Shared Read Blocks": 36425,
                      "Shared Dirtied Blocks": 0,
                      "Shared Written Blocks": 0,
                      "Local Hit Blocks": 0,
                      "Local Read Blocks": 0,
                      "Local Dirtied Blocks": 0,
                      "Local Written Blocks": 0,
                      "Temp Read Blocks": 0,
                      "Temp Written Blocks": 0
                    },
                    {
                      "Worker Number": 1,
                      "Actual Startup Time": 1186.126,
                      "Actual Total Time": 1186.128,
                      "Actual Rows": 4.0,
                      "Actual Loops": 1,
                      "HashAgg Batches": 1,
                      "Peak Memory Usage": 32,
                      "Disk Usage": 0,
                      "Shared Hit Blocks": 688,
                      "Shared Read Blocks": 36779,
                      "Shared Dirtied Blocks": 0,
                      "Shared Written Blocks": 0,
                      "Local Hit Blocks": 0,
                      "Local Read Blocks": 0,
                      "Local Dirtied Blocks": 0,
                      "Local Written Blocks": 0,
                      "Temp Read Blocks": 0,
                      "Temp Written Blocks": 0
                    }
                  ],
                  "Plans": [
                    {
                      "Node Type": "Seq Scan",
                      "Parent Relationship": "Outer",
                      "Parallel Aware": true,
                      "Async Capable": false,
                      "Relation Name": "lineitem",
                      "Schema": "public",
                      "Alias": "lineitem",
                      "Startup Cost": 0.0,
                      "Total Cost": 143859.46,
                      "Plan Rows": 2466233,
                      "Plan Width": 25,
                      "Actual Startup Time": 3.606,
                      "Actual Total Time": 297.848,
                      "Actual Rows": 1972197.0,
                      "Actual Loops": 3,
                      "Disabled": false,
                      "Output": [
                        "l_orderkey",
                        "l_partkey",
                        "l_suppkey",
                        "l_linenumber",
                        "l_quantity",
                        "l_extendedprice",
                        "l_discount",
                        "l_tax",
                        "l_returnflag",
                        "l_linestatus",
                        "l_shipdate",
                        "l_commitdate",
                        "l_receiptdate",
                        "l_shipinstruct",
                        "l_shipmode",
                        "l_comment"
                      ],
                      "Filter": "(lineitem.l_shipdate <= '1998-09-02 00:00:00'::timestamp without time zone)",
                      "Rows Removed by Filter": 28208,
                      "Shared Hit Blocks": 2050,
                      "Shared Read Blocks": 110550,
                      "Shared Dirtied Blocks": 0,
                      "Shared Written Blocks": 0,
                      "Local Hit Blocks": 0,
                      "Local Read Blocks": 0,
                      "Local Dirtied Blocks": 0,
                      "Local Written Blocks": 0,
                      "Temp Read Blocks": 0,
                      "Temp Written Blocks": 0,
                      "Workers": [
                        {
                          "Worker Number": 0,
                          "Actual Startup Time": 1.066,
                          "Actual Total Time": 291.101,
                          "Actual Rows": 1948756.0,
                          "Actual Loops": 1,
                          "Shared Hit Blocks": 672,
                          "Shared Read Blocks": 36425,
                          "Shared Dirtied Blocks": 0,
                          "Shared Written Blocks": 0,
                          "Local Hit Blocks": 0,
                          "Local Read Blocks": 0,
                          "Local Dirtied Blocks": 0,
                          "Local Written Blocks": 0,
                          "Temp Read Blocks": 0,
                          "Temp Written Blocks": 0
                        },
                        {
                          "Worker Number": 1,
                          "Actual Startup Time": 1.787,
                          "Actual Total Time": 295.013,
                          "Actual Rows": 1968278.0,
                          "Actual Loops": 1,
                          "Shared Hit Blocks": 688,
                          "Shared Read Blocks": 36779,
                          "Shared Dirtied Blocks": 0,
                          "Shared Written Blocks": 0,
                          "Local Hit Blocks": 0,
                          "Local Read Blocks": 0,
                          "Local Dirtied Blocks": 0,
                          "Local Written Blocks": 0,
                          "Temp Read Blocks": 0,
                          "Temp Written Blocks": 0
                        }
                      ]
                    }
                  ]
                }
              ]
            }
          ]
        }
      ]
    },
    "Planning": {
      "Shared Hit Blocks": 119,
      "Shared Read Blocks": 18,
      "Shared Dirtied Blocks": 0,
      "Shared Written Blocks": 0,
      "Local Hit Blocks": 0,
      "Local Read Blocks": 0,
      "Local Dirtied Blocks": 0,
      "Local Written Blocks": 0,
      "Temp Read Blocks": 0,
      "Temp Written Blocks": 0
    },
    "Planning Time": 16.251,
    "Triggers": [],
    "Execution Time": 1224.911
  }
]