[
  {
    "Plan": {
      "Node Type": "Limit",
      "Parallel Aware": false,
      "Async Capable": false,
      "Startup Cost": 201452.33,
      "Total Cost": 201452.38,
      "Plan Rows": 20,
      "Plan Width": 280,
      "Actual Startup Time": 1803.365,
      "Actual Total Time": 1825.05,
      "Actual Rows": 20.0,
      "Actual Loops": 1,
      "Disabled": false,
      "Output": [
        "customer.c_custkey",
        "customer.c_name",
        "(sum((lineitem.l_extendedprice * ('1'::numeric - lineitem.l_discount))))",
        "customer.c_acctbal",
        "nation.n_name",
        "customer.c_address",
        "customer.c_phone",
        "customer.c_comment"
      ],
      "Shared Hit Blocks": 7360,
      "Shared Read Blocks": 135007,
      "Shared Dirtied Blocks": 0,
      "Shared Written Blocks": 0,
      "Local Hit Blocks": 0,
      "Local Read Blocks": 0,
      "Local Dirtied Blocks": 0,
      "Local Written Blocks": 0,
      "Temp Read Blocks": 2738,
      "Temp Written Blocks": 2744,
      "Plans": [
        {
          "Node Type": "Sort",
          "Parent Relationship": "Outer",
          "Parallel Aware": false,
          "Async Capable": false,
          "Startup Cost": 201452.33,
          "Total Cost": 201590.38,
          "Plan Rows": 55219,
          "Plan Width": 280,
          "Actual Startup Time": 1803.364,
          "Actual Total Time": 1825.048,
          "Actual Rows": 20.0,
          "Actual Loops": 1,
          "Disabled": false,
          "Output": [
            "customer.c_custkey",
            "customer.c_name",
            "(sum((lineitem.l_extendedprice * ('1'::numeric - lineitem.l_discount))))",
            "customer.c_acctbal",
            "nation.n_name",
            "customer.c_address",
            "customer.c_phone",
            "customer.c_comment"
          ],
          "Sort Key": [
            "(sum((lineitem.l_extendedprice * ('1'::numeric - lineitem.l_discount)))) DESC"
          ],
          "Sort Method": "top-N heapsort",
          "Sort Space Used": 33,
          "Sort Space Type": "Memory",
          "Shared Hit Blocks": 7360,
          "Shared Read Blocks": 135007,
          "Shared Dirtied Blocks": 0,
          "Shared Written Blocks": 0,
          "Local Hit Blocks": 0,
          "Local Read Blocks": 0,
          "Local Dirtied Blocks": 0,
          "Local Written Blocks": 0,
          "Temp Read Blocks": 2738,
          "Temp Written Blocks": 2744,
          "Plans": [
            {
              "Node Type": "Aggregate",
              "Strategy": "Sorted",
              "Partial Mode": "Simple",
              "Parent Relationship": "Outer",
              "Parallel Aware": false,
              "Async Capable": false,
              "Startup Cost": 192171.33,
              "Total Cost": 199982.97,
              "Plan Rows": 55219,
              "Plan Width": 280,
              "Actual Startup Time": 1720.862,
              "Actual Total Time": 1815.495,
              "Actual Rows": 37967.0,
              "Actual Loops": 1,
              "Disabled": false,
              "Output": [
                "customer.c_custkey",
                "customer.c_name",
                "sum((lineitem.l_extendedprice * ('1'::numeric - lineitem.l_discount)))",
                "customer.c_acctbal",
                "nation.n_name",
                "customer.c_address",
                "customer.c_phone",
                "customer.c_comment"
              ],
              "Group Key": [
                "customer.c_custkey",
                "nation.n_name"
              ],
              "Shared Hit Blocks": 7360,
              "Shared Read Blocks": 135007,
              "Shared Dirtied Blocks": 0,
              "Shared Written Blocks": 0,
              "Local Hit Blocks": 0,
              "Local Read Blocks": 0,
              "Local Dirtied Blocks": 0,
              "Local Written Blocks": 0,
              "Temp Read Blocks": 2738,
              "Temp Written Blocks": 2744,
              "Plans": [
                {
                  "Node Type": "Gather Merge",
                  "Parent Relationship": "Outer",
                  "Parallel Aware": false,
                  "Async Capable": false,
                  "Startup Cost": 192171.33,
                  "Total Cost": 198602.5,
                  "Plan Rows": 55219,
                  "Plan Width": 260,
                  "Actual Startup Time": 1718.954,
                  "Actual Total Time": 1764.39,
                  "Actual Rows": 114705.0,
                  "Actual Loops": 1,
                  "Disabled": false,
                  "Output": [
                    "customer.c_custkey",
                    "nation.n_name",
                    "customer.c_name",
                    "lineitem.l_extendedprice",
                    "lineitem.l_discount",
                    "customer.c_acctbal",
                    "customer.c_address",
                    "customer.c_phone",
                    "customer.c_comment"
                  ],
                  "Workers Planned": 2,
                  "Workers Launched": 2,
                  "Shared Hit Blocks": 7360,
                  "Shared Read Blocks": 135007,
                  "Shared Dirtied Blocks": 0,
                  "Shared Written Blocks": 0,
                  "Local Hit Blocks": 0,
                  "Local Read Blocks": 0,
                  "Local Dirtied Blocks": 0,
                  "Local Written Blocks": 0,
                  "Temp Read Blocks": 2738,
                  "Temp Written Blocks": 2744,
                  "Plans": [
                    {
                      "Node Type": "Sort",
                      "Parent Relationship": "Outer",
                      "Parallel Aware": false,
                      "Async Capable": false,
                      "Startup Cost": 191171.31,
                      "Total Cost": 191228.83,
                      "Plan Rows": 23008,
                      "Plan Width": 260,
                      "Actual Startup Time": 1704.306,
                      "Actual Total Time": 1709.519,
                      "Actual Rows": 38235.0,
                      "Actual Loops": 3,
                      "Disabled": false,
                      "Output": [
                        "customer.c_custkey",
                        "nation.n_name",
                        "customer.c_name",
                        "lineitem.l_extendedprice",
                        "lineitem.l_discount",
                        "customer.c_acctbal",
                        "customer.c_address",
                        "customer.c_phone",
                        "customer.c_comment"
                      ],
                      "Sort Key": [
                        "customer.c_custkey",
                        "nation.n_name"
                      ],
                      "Sort Method": "external merge",
                      "Sort Space Used": 7224,
                      "Sort Space Type": "Disk",
                      "Shared Hit Blocks": 7360,
                      "Shared Read Blocks": 135007,
                      "Shared Dirtied Blocks": 0,
                      "Shared Written Blocks": 0,
                      "Local Hit Blocks": 0,
                      "Local Read Blocks": 0,
                      "Local Dirtied Blocks": 0,
                      "Local Written Blocks": 0,
                      "Temp Read Blocks": 2738,
                      "Temp Written Blocks": 2744,
                      "Workers": [
                        {
                          "Worker Number": 0,
                          "Actual Startup Time": 1699.548,
                          "Actual Total Time": 1705.627,
                          "Actual Rows": 38970.0,
                          "Actual Loops": 1,
                          "Sort Method": "external merge",
                          "Sort Space Used": 7448,
                          "Sort Space Type": "Disk",
                          "Shared Hit Blocks": 2462,
                          "Shared Read Blocks": 44710,
                          "Shared Dirtied Blocks": 0,
                          "Shared Written Blocks": 0,
                          "Local Hit Blocks": 0,
                          "Local Read Blocks": 0,
                          "Local Dirtied Blocks": 0,
                          "Local Written Blocks": 0,
                          "Temp Read Blocks": 931,
                          "Temp Written Blocks": 933
                        },
                        {
                          "Worker Number": 1,
                          "Actual Startup Time": 1694.923,
                          "Actual Total Time": 1700.321,
                          "Actual Rows": 37885.0,
                          "Actual Loops": 1,
                          "Sort Method": "external merge",
                          "Sort Space Used": 7232,
                          "Sort Space Type": "Disk",
                          "Shared Hit Blocks": 2306,
                          "Shared Read Blocks": 44773,
                          "Shared Dirtied Blocks": 0,
                          "Shared Written Blocks": 0,
                          "Local Hit Blocks": 0,
                          "Local Read Blocks": 0,
                          "Local Dirtied Blocks": 0,
                          "Local Written Blocks": 0,
                          "Temp Read Blocks": 904,
                          "Temp Written Blocks": 906
                        }
                      ],
                      "Plans": [
                        {
                          "Node Type": "Hash Join",
                          "Parent Relationship": "Outer",
                          "Parallel Aware": false,
                          "Async Capable": false,
                          "Join Type": "Inner",
                          "Startup Cost": 181587.01,
                          "Total Cost": 186672.9,
                          "Plan Rows": 23008,
                          "Plan Width": 260,
                          "Actual Startup Time": 1438.99,
                          "Actual Total Time": 1573.669,
                          "Actual Rows": 38235.0,
                          "Actual Loops": 3,
                          "Disabled": false,
                          "Output": [
                            "customer.c_custkey",
                            "nation.n_name",
                            "customer.c_name",
                            "lineitem.l_extendedprice",
                            "lineitem.l_discount",
                            "customer.c_acctbal",
                            "customer.c_address",
                            "customer.c_phone",
                            "customer.c_comment"
                          ],
                          "Inner Unique": true,
                          "Hash Cond": "(customer.c_nationkey = nation.n_nationkey)",
                          "Shared Hit Blocks": 7332,
                          "Shared Read Blocks": 135007,
                          "Shared Dirtied Blocks": 0,
                          "Shared Written Blocks": 0,
                          "Local Hit Blocks": 0,
                          "Local Read Blocks": 0,
                          "Local Dirtied Blocks": 0,
                          "Local Written Blocks": 0,
                          "Temp Read Blocks": 0,
                          "Temp Written Blocks": 0,
                          "Workers": [
                            {
                              "Worker Number": 0,
                              "Actual Startup Time": 1438.04,
                              "Actual Total Time": 1569.065,
                              "Actual Rows": 38970.0,
                              "Actual Loops": 1,
                              "Shared Hit Blocks": 2448,
                              "Shared Read Blocks": 44710,
                              "Shared Dirtied Blocks": 0,
                              "Shared Written Blocks": 0,
                              "Local Hit Blocks": 0,
                              "Local Read Blocks": 0,
                              "Local Dirtied Blocks": 0,
                              "Local Written Blocks": 0,
                              "Temp Read Blocks": 0,
                              "Temp Written Blocks": 0
                            },
                            {
                              "Worker Number": 1,
                              "Actual Startup Time": 1437.954,
                              "Actual Total Time": 1560.814,
                              "Actual Rows": 37885.0,
                              "Actual Loops": 1,
                              "Shared Hit Blocks": 2292,
                              "Shared Read Blocks": 44773,
                              "Shared Dirtied Blocks": 0,
                              "Shared Written Blocks": 0,
                              "Local Hit Blocks": 0,
                              "Local Read Blocks": 0,
                              "Local Dirtied Blocks": 0,
                              "Local Written Blocks": 0,
                              "Temp Read Blocks": 0,
                              "Temp Written Blocks": 0
                            }
                          ],
                          "Plans": [
                            {
                              "Node Type": "Hash Join",
                              "Parent Relationship": "Outer",
                              "Parallel Aware": true,
                              "Async Capable": false,
                              "Join Type": "Inner",
                              "Startup Cost": 181573.18,
                              "Total Cost": 186597.18,
                              "Plan Rows": 23008,
                              "Plan Width": 160,
                              "Actual Startup Time": 1438.909,
                              "Actual Total Time": 1564.739,
                              "Actual Rows": 38235.0,
                              "Actual Loops": 3,
                              "Disabled": false,
                              "Output": [
                                "customer.c_custkey",
                                "customer.c_name",
                                "customer.c_acctbal",
                                "customer.c_address",
                                "customer.c_phone",
                                "customer.c_comment",
                                "customer.c_nationkey",
                                "lineitem.l_extendedprice",
                                "lineitem.l_discount"
                              ],
                              "Inner Unique": false,
                              "Hash Cond": "(customer.c_custkey = orders.o_custkey)",
                              "Shared Hit Blocks": 7329,
                              "Shared Read Blocks": 135007,
                              "Shared Dirtied Blocks": 0,
                              "Shared Written Blocks": 0,
                              "Local Hit Blocks": 0,
                              "Local Read Blocks": 0,
                              "Local Dirtied Blocks": 0,
                              "Local Written Blocks": 0,
                              "Temp Read Blocks": 0,
                              "Temp Written Blocks": 0,
                              "Workers": [
                                {
                                  "Worker Number": 0,
                                  "Actual Startup Time": 1437.93,
                                  "Actual Total Time": 1560.305,
                                  "Actual Rows": 38970.0,
                                  "Actual Loops": 1,
                                  "Shared Hit Blocks": 2447,
                                  "Shared Read Blocks": 44710,
                                  "Shared Dirtied Blocks": 0,
                                  "Shared Written Blocks": 0,
                                  "Local Hit Blocks": 0,
                                  "Local Read Blocks": 0,
                                  "Local Dirtied Blocks": 0,
                                  "Local Written Blocks": 0,
                                  "Temp Read Blocks": 0,
                                  "Temp Written Blocks": 0
                                },
                                {
                                  "Worker Number": 1,
                                  "Actual Startup Time": 1437.878,
                                  "Actual Total Time": 1552.312,
                                  "Actual Rows": 37885.0,
                                  "Actual Loops": 1,
                                  "Shared Hit Blocks": 2291,
                                  "Shared Read Blocks": 44773,
                                  "Shared Dirtied Blocks": 0,
                                  "Shared Written Blocks": 0,
                                  "Local Hit Blocks": 0,
                                  "Local Read Blocks": 0,
                                  "Local Dirtied Blocks": 0,
                                  "Local Written Blocks": 0,
                                  "Temp Read Blocks": 0,
                                  "Temp Written Blocks": 0
                                }
                              ],
                              "Plans": [
                                {
                                  "Node Type": "Seq Scan",
                                  "Parent Relationship": "Outer",
                                  "Parallel Aware": true,
                                  "Async Capable": false,
                                  "Relation Name": "customer",
                                  "Schema": "public",
                                  "Alias": "customer",
                                  "Startup Cost": 0.0,
                                  "Total Cost": 4225.0,
                                  "Plan Rows": 62500,
                                  "Plan Width": 148,
                                  "Actual Startup Time": 0.749,
                                  "Actual Total Time": 90.002,
                                  "Actual Rows": 50000.0,
                                  "Actual Loops": 3,
                                  "Disabled": false,
                                  "Output": [
                                    "customer.c_custkey",
                                    "customer.c_name",
                                    "customer.c_address",
                                    "customer.c_nationkey",
                                    "customer.c_phone",
                                    "customer.c_acctbal",
                                    "customer.c_mktsegment",
                                    "customer.c_comment"
                                  ],
                                  "Shared Hit Blocks": 0,
                                  "Shared Read Blocks": 3600,
                                  "Shared Dirtied Blocks": 0,
                                  "Shared Written Blocks": 0,
                                  "Local Hit Blocks": 0,
                                  "Local Read Blocks": 0,
                                  "Local Dirtied Blocks": 0,
                                  "Local Written Blocks": 0,
                                  "Temp Read Blocks": 0,
                                  "Temp Written Blocks": 0,
                                  "Workers": [
                                    {
                                      "Worker Number": 0,
                                      "Actual Startup Time": 0.966,
                                      "Actual Total Time": 84.122,
                                      "Actual Rows": 51287.0,
                                      "Actual Loops": 1,
                                      "Shared Hit Blocks": 0,
                                      "Shared Read Blocks": 1229,
                                      "Shared Dirtied Blocks": 0,
                                      "Shared Written Blocks": 0,
                                      "Local Hit Blocks": 0,
                                      "Local Read Blocks": 0,
                                      "Local Dirtied Blocks": 0,
                                      "Local Written Blocks": 0,
                                      "Temp Read Blocks": 0,
                                      "Temp Written Blocks": 0
                                    },
                                    {
                                      "Worker Number": 1,
                                      "Actual Startup Time": 1.005,
                                      "Actual Total Time": 80.311,
                                      "Actual Rows": 48870.0,
                                      "Actual Loops": 1,
                                      "Shared Hit Blocks": 0,
                                      "Shared Read Blocks": 1172,
                                      "Shared Dirtied Blocks": 0,
                                      "Shared Written Blocks": 0,
                                      "Local Hit Blocks": 0,
                                      "Local Read Blocks": 0,
                                      "Local Dirtied Blocks": 0,
                                      "Local Written Blocks": 0,
                                      "Temp Read Blocks": 0,
                                      "Temp Written Blocks": 0
                                    }
                                  ]
                                },
                                {
                                  "Node Type": "Hash",
                                  "Parent Relationship": "Inner",
                                  "Parallel Aware": true,
                                  "Async Capable": false,
                                  "Startup Cost": 181285.58,
                                  "Total Cost": 181285.58,
                                  "Plan Rows": 23008,
                                  "Plan Width": 16,
                                  "Actual Startup Time": 1438.077,
                                  "Actual Total Time": 1438.097,
                                  "Actual Rows": 38235.0,
                                  "Actual Loops": 3,
                                  "Disabled": false,
                                  "Output": [
                                    "orders.o_custkey",
                                    "lineitem.l_extendedprice",
                                    "lineitem.l_discount"
                                  ],
                                  "Hash Buckets": 131072,
                                  "Original Hash Buckets": 65536,
                                  "Hash Batches": 1,
                                  "Original Hash Batches": 1,
                                  "Peak Memory Usage": 7616,
                                  "Shared Hit Blocks": 7329,
                                  "Shared Read Blocks": 131407,
                                  "Shared Dirtied Blocks": 0,
                                  "Shared Written Blocks": 0,
                                  "Local Hit Blocks": 0,
                                  "Local Read Blocks": 0,
                                  "Local Dirtied Blocks": 0,
                                  "Local Written Blocks": 0,
                                  "Temp Read Blocks": 0,
                                  "Temp Written Blocks": 0,
                                  "Workers": [
                                    {
                                      "Worker Number": 0,
                                      "Actual Startup Time": 1436.931,
                                      "Actual Total Time": 1436.934,
                                      "Actual Rows": 38087.0,
                                      "Actual Loops": 1,
                                      "Shared Hit Blocks": 2447,
                                      "Shared Read Blocks": 43481,
                                      "Shared Dirtied Blocks": 0,
                                      "Shared Written Blocks": 0,
                                      "Local Hit Blocks": 0,
                                      "Local Read Blocks": 0,
                                      "Local Dirtied Blocks": 0,
                                      "Local Written Blocks": 0,
                                      "Temp Read Blocks": 0,
                                      "Temp Written Blocks": 0
                                    },
                                    {
                                      "Worker Number": 1,
                                      "Actual Startup Time": 1436.825,
                                      "Actual Total Time": 1436.852,
                                      "Actual Rows": 38095.0,
                                      "Actual Loops": 1,
                                      "Shared Hit Blocks": 2291,
                                      "Shared Read Blocks": 43601,
                                      "Shared Dirtied Blocks": 0,
                                      "Shared Written Blocks": 0,
                                      "Local Hit Blocks": 0,
                                      "Local Read Blocks": 0,
                                      "Local Dirtied Blocks": 0,
                                      "Local Written Blocks": 0,
                                      "Temp Read Blocks": 0,
                                      "Temp Written Blocks": 0
                                    }
                                  ],
                                  "Plans": [
                                    {
                                      "Node Type": "Hash Join",
                                      "Parent Relationship": "Outer",
                                      "Parallel Aware": true,
                                      "Async Capable": false,
                                      "Join Type": "Inner",
                                      "Startup Cost": 35801.41,
                                      "Total Cost": 181285.58,
                                      "Plan Rows": 23008,
                                      "Plan Width": 16,
                                      "Actual Startup Time": 51.813,
                                      "Actual Total Time": 1419.015,
                                      "Actual Rows": 38235.0,
                                      "Actual Loops": 3,
                                      "Disabled": false,
                                      "Output": [
                                        "orders.o_custkey",
                                        "lineitem.l_extendedprice",
                                        "lineitem.l_discount"
                                      ],
                                      "Inner Unique": true,
                                      "Hash Cond": "(lineitem.l_orderkey = orders.o_orderkey)",
                                      "Shared Hit Blocks": 7329,
                                      "Shared Read Blocks": 131407,
                                      "Shared Dirtied Blocks": 0,
                                      "Shared Written Blocks": 0,
                                      "Local Hit Blocks": 0,
                                      "Local Read Blocks": 0,
                                      "Local Dirtied Blocks": 0,
                                      "Local Written Blocks": 0,
                                      "Temp Read Blocks": 0,
                                      "Temp Written Blocks": 0,
                                      "Workers": [
                                        {
                                          "Worker Number": 0,
                                          "Actual Startup Time": 50.685,
                                          "Actual Total Time": 1416.632,
                                          "Actual Rows": 38087.0,
                                          "Actual Loops": 1,
                                          "Shared Hit Blocks": 2447,
                                          "Shared Read Blocks": 43481,
                                          "Shared Dirtied Blocks": 0,
                                          "Shared Written Blocks": 0,
                                          "Local Hit Blocks": 0,
                                          "Local Read Blocks": 0,
                                          "Local Dirtied Blocks": 0,
                                          "Local Written Blocks": 0,
                                          "Temp Read Blocks": 0,
                                          "Temp Written Blocks": 0
                                        },
                                        {
                                          "Worker Number": 1,
                                          "Actual Startup Time": 50.617,
                                          "Actual Total Time": 1421.313,
                                          "Actual Rows": 38095.0,
                                          "Actual Loops": 1,
                                          "Shared Hit Blocks": 2291,
                                          "Shared Read Blocks": 43601,
                                          "Shared Dirtied Blocks": 0,
                                          "Shared Written Blocks": 0,
                                          "Local Hit Blocks": 0,
                                          "Local Read Blocks": 0,
                                          "Local Dirtied Blocks": 0,
                                          "Local Written Blocks": 0,
                                          "Temp Read Blocks": 0,
                                          "Temp Written Blocks": 0
                                        }
                                      ],
                                      "Plans": [
                                        {
                                          "Node Type": "Seq Scan",
                                          "Parent Relationship": "Outer",
                                          "Parallel Aware": true,
                                          "Async Capable": false,
                                          "Relation Name": "lineitem",
                                          "Schema": "public",
                                          "Alias": "lineitem",
                                          "Startup Cost": 0.0,
                                          "Total Cost": 143859.46,
                                          "Plan Rows": 618937,
                                          "Plan Width": 16,
                                          "Actual Startup Time": 0.136,
                                          "Actual Total Time": 1210.385,
                                          "Actual Rows": 492956.67,
                                          "Actual Loops": 3,
                                          "Disabled": false,
                                          "Output": [
                                            "lineitem.l_orderkey",
                                            "lineitem.l_partkey",
                                            "lineitem.l_suppkey",
                                            "lineitem.l_linenumber",
                                            "lineitem.l_quantity",
                                            "lineitem.l_extendedprice",
                                            "lineitem.l_discount",
                                            "lineitem.l_tax",
                                            "lineitem.l_returnflag",
                                            "lineitem.l_linestatus",
                                            "lineitem.l_shipdate",
                                            "lineitem.l_commitdate",
                                            "lineitem.l_receiptdate",
                                            "lineitem.l_shipinstruct",
                                            "lineitem.l_shipmode",
                                            "lineitem.l_comment"
                                          ],
                                          "Filter": "(lineitem.l_returnflag = 'R'::bpchar)",
                                          "Rows Removed by Filter": 1507448,
                                          "Shared Hit Blocks": 6804,
                                          "Shared Read Blocks": 105796,
                                          "Shared Dirtied Blocks": 0,
                                          "Shared Written Blocks": 0,
                                          "Local Hit Blocks": 0,
                                          "Local Read Blocks": 0,
                                          "Local Dirtied Blocks": 0,
                                          "Local Written Blocks": 0,
                                          "Temp Read Blocks": 0,
                                          "Temp Written Blocks": 0,
                                          "Workers": [
                                            {
                                              "Worker Number": 0,
                                              "Actual Startup Time": 0.188,
                                              "Actual Total Time": 1235.884,
                                              "Actual Rows": 491374.0,
                                              "Actual Loops": 1,
                                              "Shared Hit Blocks": 2273,
                                              "Shared Read Blocks": 35057,
                                              "Shared Dirtied Blocks": 0,
                                              "Shared Written Blocks": 0,
                                              "Local Hit Blocks": 0,
                                              "Local Read Blocks": 0,
                                              "Local Dirtied Blocks": 0,
                                              "Local Written Blocks": 0,
                                              "Temp Read Blocks": 0,
                                              "Temp Written Blocks": 0
                                            },
                                            {
                                              "Worker Number": 1,
                                              "Actual Startup Time": 0.163,
                                              "Actual Total Time": 1232.75,
                                              "Actual Rows": 491145.0,
                                              "Actual Loops": 1,
                                              "Shared Hit Blocks": 2123,
                                              "Shared Read Blocks": 35281,
                                              "Shared Dirtied Blocks": 0,
                                              "Shared Written Blocks": 0,
                                              "Local Hit Blocks": 0,
                                              "Local Read Blocks": 0,
                                              "Local Dirtied Blocks": 0,
                                              "Local Written Blocks": 0,
                                              "Temp Read Blocks": 0,
                                              "Temp Written Blocks": 0
                                            }
                                          ]
                                        },
                                        {
                                          "Node Type": "Hash",
                                          "Parent Relationship": "Inner",
                                          "Parallel Aware": true,
                                          "Async Capable": false,
                                          "Startup Cost": 35511.0,
                                          "Total Cost": 35511.0,
                                          "Plan Rows": 23233,
                                          "Plan Width": 8,
                                          "Actual Startup Time": 51.567,
                                          "Actual Total Time": 51.574,
                                          "Actual Rows": 19023.0,
                                          "Actual Loops": 3,
                                          "Disabled": false,
                                          "Output": [
                                            "orders.o_custkey",
                                            "orders.o_orderkey"
                                          ],
                                          "Hash Buckets": 65536,
                                          "Original Hash Buckets": 65536,
                                          "Hash Batches": 1,
                                          "Original Hash Batches": 1,
                                          "Peak Memory Usage": 2784,
                                          "Shared Hit Blocks": 525,
                                          "Shared Read Blocks": 25611,
                                          "Shared Dirtied Blocks": 0,
                                          "Shared Written Blocks": 0,
                                          "Local Hit Blocks": 0,
                                          "Local Read Blocks": 0,
                                          "Local Dirtied Blocks": 0,
                                          "Local Written Blocks": 0,
                                          "Temp Read Blocks": 0,
                                          "Temp Written Blocks": 0,
                                          "Workers": [
                                            {
                                              "Worker Number": 0,
                                              "Actual Startup Time": 50.478,
                                              "Actual Total Time": 50.48,
                                              "Actual Rows": 18678.0,
                                              "Actual Loops": 1,
                                              "Shared Hit Blocks": 174,
                                              "Shared Read Blocks": 8424,
                                              "Shared Dirtied Blocks": 0,
                                              "Shared Written Blocks": 0,
                                              "Local Hit Blocks": 0,
                                              "Local Read Blocks": 0,
                                              "Local Dirtied Blocks": 0,
                                              "Local Written Blocks": 0,
                                              "Temp Read Blocks": 0,
                                              "Temp Written Blocks": 0
                                            },
                                            {
                                              "Worker Number": 1,
                                              "Actual Startup Time": 50.356,
                                              "Actual Total Time": 50.374,
                                              "Actual Rows": 18644.0,
                                              "Actual Loops": 1,
                                              "Shared Hit Blocks": 168,
                                              "Shared Read Blocks": 8320,
                                              "Shared Dirtied Blocks": 0,
                                              "Shared Written Blocks": 0,
                                              "Local Hit Blocks": 0,
                                              "Local Read Blocks": 0,
                                              "Local Dirtied Blocks": 0,
                                              "Local Written Blocks": 0,
                                              "Temp Read Blocks": 0,
                                              "Temp Written Blocks": 0
                                            }
                                          ],
                                          "Plans": [
                                            {
                                              "Node Type": "Seq Scan",
                                              "Parent Relationship": "Outer",
                                              "Parallel Aware": true,
                                              "Async Capable": false,
                                              "Relation Name": "orders",
                                              "Schema": "public",
                                              "Alias": "orders",
                                              "Startup Cost": 0.0,
                                              "Total Cost": 35511.0,
                                              "Plan Rows": 23233,
                                              "Plan Width": 8,
                                              "Actual Startup Time": 0.126,
                                              "Actual Total Time": 47.206,
                                              "Actual Rows": 19023.0,
                                              "Actual Loops": 3,
                                              "Disabled": false,
                                              "Output": [
                                                "orders.o_custkey",
                                                "orders.o_orderkey"
                                              ],
                                              "Filter": "((orders.o_orderdate >= '1993-10-01'::date) AND (orders.o_orderdate < '1994-01-01 00:00:00'::timestamp without time zone))",
                                              "Rows Removed by Filter": 480977,
                                              "Shared Hit Blocks": 525,
                                              "Shared Read Blocks": 25611,
                                              "Shared Dirtied Blocks": 0,
                                              "Shared Written Blocks": 0,
                                              "Local Hit Blocks": 0,
                                              "Local Read Blocks": 0,
                                              "Local Dirtied Blocks": 0,
                                              "Local Written Blocks": 0,
                                              "Temp Read Blocks": 0,
                                              "Temp Written Blocks": 0,
                                              "Workers": [
                                                {
                                                  "Worker Number": 0,
                                                  "Actual Startup Time": 0.131,
                                                  "Actual Total Time": 46.601,
                                                  "Actual Rows": 18678.0,
                                                  "Actual Loops": 1,
                                                  "Shared Hit Blocks": 174,
                                                  "Shared Read Blocks": 8424,
                                                  "Shared Dirtied Blocks": 0,
                                                  "Shared Written Blocks": 0,
                                                  "Local Hit Blocks": 0,
                                                  "Local Read Blocks": 0,
                                                  "Local Dirtied Blocks": 0,
                                                  "Local Written Blocks": 0,
                                                  "Temp Read Blocks": 0,
                                                  "Temp Written Blocks": 0
                                                },
                                                {
                                                  "Worker Number": 1,
                                                  "Actual Startup Time": 0.176,
                                                  "Actual Total Time": 45.841,
                                                  "Actual Rows": 18644.0,
                                                  "Actual Loops": 1,
                                                  "Shared Hit Blocks": 168,
                                                  "Shared Read Blocks": 8320,
                                                  "Shared Dirtied Blocks": 0,
                                                  "Shared Written Blocks": 0,
                                                  "Local Hit Blocks": 0,
                                                  "Local Read Blocks": 0,
                                                  "Local Dirtied Blocks": 0,
                                                  "Local Written Blocks": 0,
                                                  "Temp Read Blocks": 0,
                                                  "Temp Written Blocks": 0
                                                }
                                              ]
                                            }
                                          ]
                                        }
                                      ]
                                    }
                                  ]
                                }
                              ]
                            },
                            {
                              "Node Type": "Hash",
                              "Parent Relationship": "Inner",
                              "Parallel Aware": false,
                              "Async Capable": false,
                              "Startup Cost": 11.7,
                              "Total Cost": 11.7,
                              "Plan Rows": 170,
                              "Plan Width": 108,
                              "Actual Startup Time": 0.061,
                              "Actual Total Time": 0.061,
                              "Actual Rows": 25.0,
                              "Actual Loops": 3,
                              "Disabled": false,
                              "Output": [
                                "nation.n_name",
                                "nation.n_nationkey"
                              ],
                              "Hash Buckets": 1024,
                              "Original Hash Buckets": 1024,
                              "Hash Batches": 1,
                              "Original Hash Batches": 1,
                              "Peak Memory Usage": 10,
                              "Shared Hit Blocks": 3,
                              "Shared Read Blocks": 0,
                              "Shared Dirtied Blocks": 0,
                              "Shared Written Blocks": 0,
                              "Local Hit Blocks": 0,
                              "Local Read Blocks": 0,
                              "Local Dirtied Blocks": 0,
                              "Local Written Blocks": 0,
                              "Temp Read Blocks": 0,
                              "Temp Written Blocks": 0,
                              "Workers": [
                                {
                                  "Worker Number": 0,
                                  "Actual Startup Time": 0.092,
                                  "Actual Total Time": 0.092,
                                  "Actual Rows": 25.0,
                                  "Actual Loops": 1,
                                  "Shared Hit Blocks": 1,
                                  "Shared Read Blocks": 0,
                                  "Shared Dirtied Blocks": 0,
                                  "Shared Written Blocks": 0,
                                  "Local Hit Blocks": 0,
                                  "Local Read Blocks": 0,
                                  "Local Dirtied Blocks": 0,
                                  "Local Written Blocks": 0,
                                  "Temp Read Blocks": 0,
                                  "Temp Written Blocks": 0
                                },
                                {
                                  "Worker Number": 1,
                                  "Actual Startup Time": 0.07,
                                  "Actual Total Time": 0.07,
                                  "Actual Rows": 25.0,
                                  "Actual Loops": 1,
                                  "Shared Hit Blocks": 1,
                                  "Shared Read Blocks": 0,
                                  "Shared Dirtied Blocks": 0,
                                  "Shared Written Blocks": 0,
                                  "Local Hit Blocks": 0,
                                  "Local Read Blocks": 0,
                                  "Local Dirtied Blocks": 0,
                                  "Local Written Blocks": 0,
                                  "Temp Read Blocks": 0,
                                  "Temp Written Blocks": 0
                                }
                              ],
                              "Plans": [
                                {
                                  "Node Type": "Seq Scan",
                                  "Parent Relationship": "Outer",
                                  "Parallel Aware": false,
                                  "Async Capable": false,
                                  "Relation Name": "nation",
                                  "Schema": "public",
                                  "Alias": "nation",
                                  "Startup Cost": 0.0,
                                  "Total Cost": 11.7,
                                  "Plan Rows": 170,
                                  "Plan Width": 108,
                                  "Actual Startup Time": 0.051,
                                  "Actual Total Time": 0.052,
                                  "Actual Rows": 25.0,
                                  "Actual Loops": 3,
                                  "Disabled": false,
                                  "Output": [
                                    "nation.n_name",
                                    "nation.n_nationkey"
                                  ],
                                  "Shared Hit Blocks": 3,
                                  "Shared Read Blocks": 0,
                                  "Shared Dirtied Blocks": 0,
                                  "Shared Written Blocks": 0,
                                  "Local Hit Blocks": 0,
                                  "Local Read Blocks": 0,
                                  "Local Dirtied Blocks": 0,
                                  "Local Written Blocks": 0,
                                  "Temp Read Blocks": 0,
                                  "Temp Written Blocks": 0,
                                  "Workers": [
                                    {
                                      "Worker Number": 0,
                                      "Actual Startup Time": 0.084,
                                      "Actual Total Time": 0.086,
                                      "Actual Rows": 25.0,
                                      "Actual Loops": 1,
                                      "Shared Hit Blocks": 1,
                                      "Shared Read Blocks": 0,
                                      "Shared Dirtied Blocks": 0,
                                      "Shared Written Blocks": 0,
                                      "Local Hit Blocks": 0,
                                      "Local Read Blocks": 0,
                                      "Local Dirtied Blocks": 0,
                                      "Local Written Blocks": 0,
                                      "Temp Read Blocks": 0,
                                      "Temp Written Blocks": 0
                                    },
                                    {
                                      "Worker Number": 1,
                                      "Actual Startup Time": 0.053,
                                      "Actual Total Time": 0.054,
                                      "Actual Rows": 25.0,
                                      "Actual Loops": 1,
                                      "Shared Hit Blocks": 1,
                                      "Shared Read Blocks": 0,
                                      "Shared Dirtied Blocks": 0,
                                      "Shared Written Blocks": 0,
                                      "Local Hit Blocks": 0,
                                      "Local Read Blocks": 0,
                                      "Local Dirtied Blocks": 0,
                                      "Local Written Blocks": 0,
                                      "Temp Read Blocks": 0,
                                      "Temp Written Blocks": 0
                                    }
                                  ]
                                }
                              ]
                            }
                          ]
                        }
                      ]
                    }
                  ]
                }
              ]
            }
          ]
        }
      ]
    },
    "Planning": {
      "Shared Hit Blocks": 33,
      "Shared Read Blocks": 10,
      "Shared Dirtied Blocks": 2,
      "Shared Written Blocks": 0,
      "Local Hit Blocks": 0,
      "Local Read Blocks": 0,
      "Local Dirtied Blocks": 0,
      "Local Written Blocks": 0,
      "Temp Read Blocks": 0,
      "Temp Written Blocks": 0
    },
    "Planning Time": 3.311,
    "Triggers": [],
    "Execution Time": 1837.453
  }
]