[
  {
    "Plan": {
      "Node Type": "Sort",
      "Parallel Aware": false,
      "Async Capable": false,
      "Startup Cost": 47922.76,
      "Total Cost": 47926.68,
      "Plan Rows": 1569,
      "Plan Width": 36,
      "Actual Startup Time": 326.18,
      "Actual Total Time": 326.241,
      "Actual Rows": 1048.0,
      "Actual Loops": 1,
      "Disabled": false,
      "Output": [
        "partsupp.ps_partkey",
        "(sum((partsupp.ps_supplycost * (partsupp.ps_availqty)::numeric)))"
      ],
      "Sort Key": [
        "(sum((partsupp.ps_supplycost * (partsupp.ps_availqty)::numeric))) DESC"
      ],
      "Sort Method": "quicksort",
      "Sort Space Used": 81,
      "Sort Space Type": "Memory",
      "Shared Hit Blocks": 1640,
      "Shared Read Blocks": 34838,
      "Shared Dirtied Blocks": 0,
      "Shared Written Blocks": 0,
      "Local Hit Blocks": 0,
      "Local Read Blocks": 0,
      "Local Dirtied Blocks": 0,
      "Local Written Blocks": 0,
      "Temp Read Blocks": 0,
      "Temp Written Blocks": 0,
      "Plans": [
        {
          "Node Type": "Aggregate",
          "Strategy": "Plain",
          "Partial Mode": "Finalize",
          "Parent Relationship": "InitPlan",
          "Subplan Name": "InitPlan 1",
          "Parallel Aware": false,
          "Async Capable": false,
          "Startup Cost": 23540.7,
          "Total Cost": 23540.71,
          "Plan Rows": 1,
          "Plan Width": 32,
          "Actual Startup Time": 52.678,
          "Actual Total Time": 52.698,
          "Actual Rows": 1.0,
          "Actual Loops": 1,
          "Disabled": false,
          "Output": [
            "(sum((partsupp_1.ps_supplycost * (partsupp_1.ps_availqty)::numeric)) * 0.0001)"
          ],
          "Shared Hit Blocks": 954,
          "Shared Read Blocks": 17278,
          "Shared Dirtied Blocks": 0,
          "Shared Written Blocks": 0,
          "Local Hit Blocks": 0,
          "Local Read Blocks": 0,
          "Local Dirtied Blocks": 0,
          "Local Written Blocks": 0,
          "Temp Read Blocks": 0,
          "Temp Written Blocks": 0,
          "Plans": [
            {
              "Node Type": "Gather",
              "Parent Relationship": "Outer",
              "Parallel Aware": false,
              "Async Capable": false,
              "Startup Cost": 23540.47,
              "Total Cost": 23540.68,
              "Plan Rows": 2,
              "Plan Width": 32,
              "Actual Startup Time": 52.44,
              "Actual Total Time": 52.691,
              "Actual Rows": 3.0,
              "Actual Loops": 1,
              "Disabled": false,
              "Output": [
                "(PARTIAL sum((partsupp_1.ps_supplycost * (partsupp_1.ps_availqty)::numeric)))"
              ],
              "Workers Planned": 2,
              "Workers Launched": 2,
              "Single Copy": false,
              "Shared Hit Blocks": 954,
              "Shared Read Blocks": 17278,
              "Shared Dirtied Blocks": 0,
              "Shared Written Blocks": 0,
              "Local Hit Blocks": 0,
              "Local Read Blocks": 0,
              "Local Dirtied Blocks": 0,
              "Local Written Blocks": 0,
              "Temp Read Blocks": 0,
              "Temp Written Blocks": 0,
              "Plans": [
                {
                  "Node Type": "Aggregate",
                  "Strategy": "Plain",
                  "Partial Mode": "Partial",
                  "Parent Relationship": "Outer",
                  "Parallel Aware": false,
                  "Async Capable": false,
                  "Startup Cost": 22540.47,
                  "Total Cost": 22540.48,
                  "Plan Rows": 1,
                  "Plan Width": 32,
                  "Actual Startup Time": 47.189,
                  "Actual Total Time": 47.191,
                  "Actual Rows": 1.0,
                  "Actual Loops": 3,
                  "Disabled": false,
                  "Output": [
                    "PARTIAL sum((partsupp_1.ps_supplycost * (partsupp_1.ps_availqty)::numeric))"
                  ],
                  "Shared Hit Blocks": 954,
                  "Shared Read Blocks": 17278,
                  "Shared Dirtied Blocks": 0,
                  "Shared Written Blocks": 0,
                  "Local Hit Blocks": 0,
                  "Local Read Blocks": 0,
                  "Local Dirtied Blocks": 0,
                  "Local Written Blocks": 0,
                  "Temp Read Blocks": 0,
                  "Temp Written Blocks": 0,
                  "Workers": [
                    {
                      "Worker Number": 0,
                      "Actual Startup Time": 47.151,
                      "Actual Total Time": 47.152,
                      "Actual Rows": 1.0,
                      "Actual Loops": 1,
                      "Shared Hit Blocks": 325,
                      "Shared Read Blocks": 5666,
                      "Shared Dirtied Blocks": 0,
                      "Shared Written Blocks": 0,
                      "Local Hit Blocks": 0,
                      "Local Read Blocks": 0,
                      "Local Dirtied Blocks": 0,
                      "Local Written Blocks": 0,
                      "Temp Read Blocks": 0,
                      "Temp Written Blocks": 0
                    },
                    {
                      "Worker Number": 1,
                      "Actual Startup Time": 42.152,
                      "Actual Total Time": 42.153,
                      "Actual Rows": 1.0,
                      "Actual Loops": 1,
                      "Shared Hit Blocks": 314,
                      "Shared Read Blocks": 5236,
                      "Shared Dirtied Blocks": 0,
                      "Shared Written Blocks": 0,
                      "Local Hit Blocks": 0,
                      "Local Read Blocks": 0,
                      "Local Dirtied Blocks": 0,
                      "Local Written Blocks": 0,
                      "Temp Read Blocks": 0,
                      "Temp Written Blocks": 0
                    }
                  ],
                  "Plans": [
                    {
                      "Node Type": "Hash Join",
                      "Parent Relationship": "Outer",
                      "Parallel Aware": false,
                      "Async Capable": false,
                      "Join Type": "Inner",
                      "Startup Cost": 362.78,
                      "Total Cost": 22525.76,
                      "Plan Rows": 1961,
                      "Plan Width": 10,
                      "Actual Startup Time": 2.275,
                      "Actual Total Time": 45.085,
                      "Actual Rows": 10560.0,
                      "Actual Loops": 3,
                      "Disabled": false,
                      "Output": [
                        "partsupp_1.ps_supplycost",
                        "partsupp_1.ps_availqty"
                      ],
                      "Inner Unique": false,
                      "Hash Cond": "(partsupp_1.ps_suppkey = supplier_1.s_suppkey)",
                      "Shared Hit Blocks": 954,
                      "Shared Read Blocks": 17278,
                      "Shared Dirtied Blocks": 0,
                      "Shared Written Blocks": 0,
                      "Local Hit Blocks": 0,
                      "Local Read Blocks": 0,
                      "Local Dirtied Blocks": 0,
                      "Local Written Blocks": 0,
                      "Temp Read Blocks": 0,
                      "Temp Written Blocks": 0,
                      "Workers": [
                        {
                          "Worker Number": 0,
                          "Actual Startup Time": 2.118,
                          "Actual Total Time": 44.969,
                          "Actual Rows": 10346.0,
                          "Actual Loops": 1,
                          "Shared Hit Blocks": 325,
                          "Shared Read Blocks": 5666,
                          "Shared Dirtied Blocks": 0,
                          "Shared Written Blocks": 0,
                          "Local Hit Blocks": 0,
                          "Local Read Blocks": 0,
                          "Local Dirtied Blocks": 0,
                          "Local Written Blocks": 0,
                          "Temp Read Blocks": 0,
                          "Temp Written Blocks": 0
                        },
                        {
                          "Worker Number": 1,
                          "Actual Startup Time": 2.932,
                          "Actual Total Time": 40.185,
                          "Actual Rows": 9668.0,
                          "Actual Loops": 1,
                          "Shared Hit Blocks": 314,
                          "Shared Read Blocks": 5236,
                          "Shared Dirtied Blocks": 0,
                          "Shared Written Blocks": 0,
                          "Local Hit Blocks": 0,
                          "Local Read Blocks": 0,
                          "Local Dirtied Blocks": 0,
                          "Local Written Blocks": 0,
                          "Temp Read Blocks": 0,
                          "Temp Written Blocks": 0
                        }
                      ],
                      "Plans": [
                        {
                          "Node Type": "Seq Scan",
                          "Parent Relationship": "Outer",
                          "Parallel Aware": true,
                          "Async Capable": false,
                          "Relation Name": "partsupp",
                          "Schema": "public",
                          "Alias": "partsupp_1",
                          "Startup Cost": 0.0,
                          "Total Cost": 20893.33,
                          "Plan Rows": 333333,
                          "Plan Width": 14,
                          "Actual Startup Time": 0.185,
                          "Actual Total Time": 21.855,
                          "Actual Rows": 266666.67,
                          "Actual Loops": 3,
                          "Disabled": false,
                          "Output": [
                            "partsupp_1.ps_partkey",
                            "partsupp_1.ps_suppkey",
                            "partsupp_1.ps_availqty",
                            "partsupp_1.ps_supplycost",
                            "partsupp_1.ps_comment"
                          ],
                          "Shared Hit Blocks": 282,
                          "Shared Read Blocks": 17278,
                          "Shared Dirtied Blocks": 0,
                          "Shared Written Blocks": 0,
                          "Local Hit Blocks": 0,
                          "Local Read Blocks": 0,
                          "Local Dirtied Blocks": 0,
                          "Local Written Blocks": 0,
                          "Temp Read Blocks": 0,
                          "Temp Written Blocks": 0,
                          "Workers": [
                            {
                              "Worker Number": 0,
                              "Actual Startup Time": 0.083,
                              "Actual Total Time": 21.92,
                              "Actual Rows": 262710.0,
                              "Actual Loops": 1,
                              "Shared Hit Blocks": 101,
                              "Shared Read Blocks": 5666,
                              "Shared Dirtied Blocks": 0,
                              "Shared Written Blocks": 0,
                              "Local Hit Blocks": 0,
                              "Local Read Blocks": 0,
                              "Local Dirtied Blocks": 0,
                              "Local Written Blocks": 0,
                              "Temp Read Blocks": 0,
                              "Temp Written Blocks": 0
                            },
                            {
                              "Worker Number": 1,
                              "Actual Startup Time": 0.235,
                              "Actual Total Time": 19.004,
                              "Actual Rows": 242645.0,
                              "Actual Loops": 1,
                              "Shared Hit Blocks": 90,
                              "Shared Read Blocks": 5236,
                              "Shared Dirtied Blocks": 0,
                              "Shared Written Blocks": 0,
                              "Local Hit Blocks": 0,
                              "Local Read Blocks": 0,
                              "Local Dirtied Blocks": 0,
                              "Local Written Blocks": 0,
                              "Temp Read Blocks": 0,
                              "Temp Written Blocks": 0
                            }
                          ]
                        },
                        {
                          "Node Type": "Hash",
                          "Parent Relationship": "Inner",
                          "Parallel Aware": false,
                          "Async Capable": false,
                          "Startup Cost": 362.04,
                          "Total Cost": 362.04,
                          "Plan Rows": 59,
                          "Plan Width": 4,
                          "Actual Startup Time": 1.978,
                          "Actual Total Time": 1.978,
                          "Actual Rows": 396.0,
                          "Actual Loops": 3,
                          "Disabled": false,
                          "Output": [
                            "supplier_1.s_suppkey"
                          ],
                          "Hash Buckets": 1024,
                          "Original Hash Buckets": 1024,
                          "Hash Batches": 1,
                          "Original Hash Batches": 1,
                          "Peak Memory Usage": 22,
                          "Shared Hit Blocks": 672,
                          "Shared Read Blocks": 0,
                          "Shared Dirtied Blocks": 0,
                          "Shared Written Blocks": 0,
                          "Local Hit Blocks": 0,
                          "Local Read Blocks": 0,
                          "Local Dirtied Blocks": 0,
                          "Local Written Blocks": 0,
                          "Temp Read Blocks": 0,
                          "Temp Written Blocks": 0,
                          "Workers": [
                            {
                              "Worker Number": 0,
                              "Actual Startup Time": 2.006,
                              "Actual Total Time": 2.007,
                              "Actual Rows": 396.0,
                              "Actual Loops": 1,
                              "Shared Hit Blocks": 224,
                              "Shared Read Blocks": 0,
                              "Shared Dirtied Blocks": 0,
                              "Shared Written Blocks": 0,
                              "Local Hit Blocks": 0,
                              "Local Read Blocks": 0,
                              "Local Dirtied Blocks": 0,
                              "Local Written Blocks": 0,
                              "Temp Read Blocks": 0,
                              "Temp Written Blocks": 0
                            },
                            {
                              "Worker Number": 1,
                              "Actual Startup Time": 2.685,
                              "Actual Total Time": 2.686,
                              "Actual Rows": 396.0,
                              "Actual Loops": 1,
                              "Shared Hit Blocks": 224,
                              "Shared Read Blocks": 0,
                              "Shared Dirtied Blocks": 0,
                              "Shared Written Blocks": 0,
                              "Local Hit Blocks": 0,
                              "Local Read Blocks": 0,
                              "Local Dirtied Blocks": 0,
                              "Local Written Blocks": 0,
                              "Temp Read Blocks": 0,
                              "Temp Written Blocks": 0
                            }
                          ],
                          "Plans": [
                            {
                              "Node Type": "Hash Join",
                              "Parent Relationship": "Outer",
                              "Parallel Aware": false,
                              "Async Capable": false,
                              "Join Type": "Inner",
                              "Startup Cost": 12.14,
                              "Total Cost": 362.04,
                              "Plan Rows": 59,
                              "Plan Width": 4,
                              "Actual Startup Time": 0.195,
                              "Actual Total Time": 1.864,
                              "Actual Rows": 396.0,
                              "Actual Loops": 3,
                              "Disabled": false,
                              "Output": [
                                "supplier_1.s_suppkey"
                              ],
                              "Inner Unique": true,
                              "Hash Cond": "(supplier_1.s_nationkey = nation_1.n_nationkey)",
                              "Shared Hit Blocks": 672,
                              "Shared Read Blocks": 0,
                              "Shared Dirtied Blocks": 0,
                              "Shared Written Blocks": 0,
                              "Local Hit Blocks": 0,
                              "Local Read Blocks": 0,
                              "Local Dirtied Blocks": 0,
                              "Local Written Blocks": 0,
                              "Temp Read Blocks": 0,
                              "Temp Written Blocks": 0,
                              "Workers": [
                                {
                                  "Worker Number": 0,
                                  "Actual Startup Time": 0.083,
                                  "Actual Total Time": 1.896,
                                  "Actual Rows": 396.0,
                                  "Actual Loops": 1,
                                  "Shared Hit Blocks": 224,
                                  "Shared Read Blocks": 0,
                                  "Shared Dirtied Blocks": 0,
                                  "Shared Written Blocks": 0,
                                  "Local Hit Blocks": 0,
                                  "Local Read Blocks": 0,
                                  "Local Dirtied Blocks": 0,
                                  "Local Written Blocks": 0,
                                  "Temp Read Blocks": 0,
                                  "Temp Written Blocks": 0
                                },
                                {
                                  "Worker Number": 1,
                                  "Actual Startup Time": 0.249,
                                  "Actual Total Time": 2.483,
                                  "Actual Rows": 396.0,
                                  "Actual Loops": 1,
                                  "Shared Hit Blocks": 224,
                                  "Shared Read Blocks": 0,
                                  "Shared Dirtied Blocks": 0,
                                  "Shared Written Blocks": 0,
                                  "Local Hit Blocks": 0,
                                  "Local Read Blocks": 0,
                                  "Local Dirtied Blocks": 0,
                                  "Local Written Blocks": 0,
                                  "Temp Read Blocks": 0,
                                  "Temp Written Blocks": 0
                                }
                              ],
                              "Plans": [
                                {
                                  "Node Type": "Seq Scan",
                                  "Parent Relationship": "Outer",
                                  "Parallel Aware": false,
                                  "Async Capable": false,
                                  "Relation Name": "supplier",
                                  "Schema": "public",
                                  "Alias": "supplier_1",
                                  "Startup Cost": 0.0,
                                  "Total Cost": 323.0,
                                  "Plan Rows": 10000,
                                  "Plan Width": 8,
                                  "Actual Startup Time": 0.029,
                                  "Actual Total Time": 0.889,
                                  "Actual Rows": 10000.0,
                                  "Actual Loops": 3,
                                  "Disabled": false,
                                  "Output": [
                                    "supplier_1.s_suppkey",
                                    "supplier_1.s_name",
                                    "supplier_1.s_address",
                                    "supplier_1.s_nationkey",
                                    "supplier_1.s_phone",
                                    "supplier_1.s_acctbal",
                                    "supplier_1.s_comment"
                                  ],
                                  "Shared Hit Blocks": 669,
                                  "Shared Read Blocks": 0,
                                  "Shared Dirtied Blocks": 0,
                                  "Shared Written Blocks": 0,
                                  "Local Hit Blocks": 0,
                                  "Local Read Blocks": 0,
                                  "Local Dirtied Blocks": 0,
                                  "Local Written Blocks": 0,
                                  "Temp Read Blocks": 0,
                                  "Temp Written Blocks": 0,
                                  "Workers": [
                                    {
                                      "Worker Number": 0,
                                      "Actual Startup Time": 0.034,
                                      "Actual Total Time": 0.99,
                                      "Actual Rows": 10000.0,
                                      "Actual Loops": 1,
                                      "Shared Hit Blocks": 223,
                                      "Shared Read Blocks": 0,
                                      "Shared Dirtied Blocks": 0,
                                      "Shared Written Blocks": 0,
                                      "Local Hit Blocks": 0,
                                      "Local Read Blocks": 0,
                                      "Local Dirtied Blocks": 0,
                                      "Local Written Blocks": 0,
                                      "Temp Read Blocks": 0,
                                      "Temp Written Blocks": 0
                                    },
                                    {
                                      "Worker Number": 1,
                                      "Actual Startup Time": 0.045,
                                      "Actual Total Time": 1.306,
                                      "Actual Rows": 10000.0,
                                      "Actual Loops": 1,
                                      "Shared Hit Blocks": 223,
                                      "Shared Read Blocks": 0,
                                      "Shared Dirtied Blocks": 0,
                                      "Shared Written Blocks": 0,
                                      "Local Hit Blocks": 0,
                                      "Local Read Blocks": 0,
                                      "Local Dirtied Blocks": 0,
                                      "Local Written Blocks": 0,
                                      "Temp Read Blocks": 0,
                                      "Temp Written Blocks": 0
                                    }
                                  ]
                                },
                                {
                                  "Node Type": "Hash",
                                  "Parent Relationship": "Inner",
                                  "Parallel Aware": false,
                                  "Async Capable": false,
                                  "Startup Cost": 12.12,
                                  "Total Cost": 12.12,
                                  "Plan Rows": 1,
                                  "Plan Width": 4,
                                  "Actual Startup Time": 0.096,
                                  "Actual Total Time": 0.097,
                                  "Actual Rows": 1.0,
                                  "Actual Loops": 3,
                                  "Disabled": false,
                                  "Output": [
                                    "nation_1.n_nationkey"
                                  ],
                                  "Hash Buckets": 1024,
                                  "Original Hash Buckets": 1024,
                                  "Hash Batches": 1,
                                  "Original Hash Batches": 1,
                                  "Peak Memory Usage": 9,
                                  "Shared Hit Blocks": 3,
                                  "Shared Read Blocks": 0,
                                  "Shared Dirtied Blocks": 0,
                                  "Shared Written Blocks": 0,
                                  "Local Hit Blocks": 0,
                                  "Local Read Blocks": 0,
                                  "Local Dirtied Blocks": 0,
                                  "Local Written Blocks": 0,
                                  "Temp Read Blocks": 0,
                                  "Temp Written Blocks": 0,
                                  "Workers": [
                                    {
                                      "Worker Number": 0,
                                      "Actual Startup Time": 0.041,
                                      "Actual Total Time": 0.041,
                                      "Actual Rows": 1.0,
                                      "Actual Loops": 1,
                                      "Shared Hit Blocks": 1,
                                      "Shared Read Blocks": 0,
                                      "Shared Dirtied Blocks": 0,
                                      "Shared Written Blocks": 0,
                                      "Local Hit Blocks": 0,
                                      "Local Read Blocks": 0,
                                      "Local Dirtied Blocks": 0,
                                      "Local Written Blocks": 0,
                                      "Temp Read Blocks": 0,
                                      "Temp Written Blocks": 0
                                    },
                                    {
                                      "Worker Number": 1,
                                      "Actual Startup Time": 0.185,
                                      "Actual Total Time": 0.186,
                                      "Actual Rows": 1.0,
                                      "Actual Loops": 1,
                                      "Shared Hit Blocks": 1,
                                      "Shared Read Blocks": 0,
                                      "Shared Dirtied Blocks": 0,
                                      "Shared Written Blocks": 0,
                                      "Local Hit Blocks": 0,
                                      "Local Read Blocks": 0,
                                      "Local Dirtied Blocks": 0,
                                      "Local Written Blocks": 0,
                                      "Temp Read Blocks": 0,
                                      "Temp Written Blocks": 0
                                    }
                                  ],
                                  "Plans": [
                                    {
                                      "Node Type": "Seq Scan",
                                      "Parent Relationship": "Outer",
                                      "Parallel Aware": false,
                                      "Async Capable": false,
                                      "Relation Name": "nation",
                                      "Schema": "public",
                                      "Alias": "nation_1",
                                      "Startup Cost": 0.0,
                                      "Total Cost": 12.12,
                                      "Plan Rows": 1,
                                      "Plan Width": 4,
                                      "Actual Startup Time": 0.054,
                                      "Actual Total Time": 0.059,
                                      "Actual Rows": 1.0,
                                      "Actual Loops": 3,
                                      "Disabled": false,
                                      "Output": [
                                        "nation_1.n_nationkey"
                                      ],
                                      "Filter": "(nation_1.n_name = 'GERMANY'::bpchar)",
                                      "Rows Removed by Filter": 24,
                                      "Shared Hit Blocks": 3,
                                      "Shared Read Blocks": 0,
                                      "Shared Dirtied Blocks": 0,
                                      "Shared Written Blocks": 0,
                                      "Local Hit Blocks": 0,
                                      "Local Read Blocks": 0,
                                      "Local Dirtied Blocks": 0,
                                      "Local Written Blocks": 0,
                                      "Temp Read Blocks": 0,
                                      "Temp Written Blocks": 0,
                                      "Workers": [
                                        {
                                          "Worker Number": 0,
                                          "Actual Startup Time": 0.034,
                                          "Actual Total Time": 0.035,
                                          "Actual Rows": 1.0,
                                          "Actual Loops": 1,
                                          "Shared Hit Blocks": 1,
                                          "Shared Read Blocks": 0,
                                          "Shared Dirtied Blocks": 0,
                                          "Shared Written Blocks": 0,
                                          "Local Hit Blocks": 0,
                                          "Local Read Blocks": 0,
                                          "Local Dirtied Blocks": 0,
                                          "Local Written Blocks": 0,
                                          "Temp Read Blocks": 0,
                                          "Temp Written Blocks": 0
                                        },
                                        {
                                          "Worker Number": 1,
                                          "Actual Startup Time": 0.077,
                                          "Actual Total Time": 0.083,
                                          "Actual Rows": 1.0,
                                          "Actual Loops": 1,
                                          "Shared Hit Blocks": 1,
                                          "Shared Read Blocks": 0,
                                          "Shared Dirtied Blocks": 0,
                                          "Shared Written Blocks": 0,
                                          "Local Hit Blocks": 0,
                                          "Local Read Blocks": 0,
                                          "Local Dirtied Blocks": 0,
                                          "Local Written Blocks": 0,
                                          "Temp Read Blocks": 0,
                                          "Temp Written Blocks": 0
                                        }
                                      ]
                                    }
                                  ]
                                }
                              ]
                            }
                          ]
                        }
                      ]
                    }
                  ]
                }
              ]
            }
          ]
        },
        {
          "Node Type": "Aggregate",
          "Strategy": "Sorted",
          "Partial Mode": "Simple",
          "Parent Relationship": "Outer",
          "Parallel Aware": false,
          "Async Capable": false,
          "Startup Cost": 23633.03,
          "Total Cost": 24298.77,
          "Plan Rows": 1569,
          "Plan Width": 36,
          "Actual Startup Time": 313.778,
          "Actual Total Time": 325.864,
          "Actual Rows": 1048.0,
          "Actual Loops": 1,
          "Disabled": false,
          "Output": [
            "partsupp.ps_partkey",
            "sum((partsupp.ps_supplycost * (partsupp.ps_availqty)::numeric))"
          ],
          "Group Key": [
            "partsupp.ps_partkey"
          ],
          "Filter": "(sum((partsupp.ps_supplycost * (partsupp.ps_availqty)::numeric)) > (InitPlan 1).col1)",
          "Rows Removed by Filter": 28770,
          "Shared Hit Blocks": 1640,
          "Shared Read Blocks": 34838,
          "Shared Dirtied Blocks": 0,
          "Shared Written Blocks": 0,
          "Local Hit Blocks": 0,
          "Local Read Blocks": 0,
          "Local Dirtied Blocks": 0,
          "Local Written Blocks": 0,
          "Temp Read Blocks": 0,
          "Temp Written Blocks": 0,
          "Plans": [
            {
              "Node Type": "Gather Merge",
              "Parent Relationship": "Outer",
              "Parallel Aware": false,
              "Async Capable": false,
              "Startup Cost": 23633.03,
              "Total Cost": 24181.12,
              "Plan Rows": 4706,
              "Plan Width": 14,
              "Actual Startup Time": 261.073,
              "Actual Total Time": 263.887,
              "Actual Rows": 31680.0,
              "Actual Loops": 1,
              "Disabled": false,
              "Output": [
                "partsupp.ps_partkey",
                "partsupp.ps_supplycost",
                "partsupp.ps_availqty"
              ],
              "Workers Planned": 2,
              "Workers Launched": 2,
              "Shared Hit Blocks": 686,
              "Shared Read Blocks": 17560,
              "Shared Dirtied Blocks": 0,
              "Shared Written Blocks": 0,
              "Local Hit Blocks": 0,
              "Local Read Blocks": 0,
              "Local Dirtied Blocks": 0,
              "Local Written Blocks": 0,
              "Temp Read Blocks": 0,
              "Temp Written Blocks": 0,
              "Plans": [
                {
                  "Node Type": "Sort",
                  "Parent Relationship": "Outer",
                  "Parallel Aware": false,
                  "Async Capable": false,
                  "Startup Cost": 22633.0,
                  "Total Cost": 22637.91,
                  "Plan Rows": 1961,
                  "Plan Width": 14,
                  "Actual Startup Time": 256.555,
                  "Actual Total Time": 256.869,
                  "Actual Rows": 10560.0,
                  "Actual Loops": 3,
                  "Disabled": false,
                  "Output": [
                    "partsupp.ps_partkey",
                    "partsupp.ps_supplycost",
                    "partsupp.ps_availqty"
                  ],
                  "Sort Key": [
                    "partsupp.ps_partkey"
                  ],
                  "Sort Method": "quicksort",
                  "Sort Space Used": 742,
                  "Sort Space Type": "Memory",
                  "Shared Hit Blocks": 686,
                  "Shared Read Blocks": 17560,
                  "Shared Dirtied Blocks": 0,
                  "Shared Written Blocks": 0,
                  "Local Hit Blocks": 0,
                  "Local Read Blocks": 0,
                  "Local Dirtied Blocks": 0,
                  "Local Written Blocks": 0,
                  "Temp Read Blocks": 0,
                  "Temp Written Blocks": 0,
                  "Workers": [
                    {
                      "Worker Number": 0,
                      "Actual Startup Time": 254.109,
                      "Actual Total Time": 254.394,
                      "Actual Rows": 10101.0,
                      "Actual Loops": 1,
                      "Sort Method": "quicksort",
                      "Sort Space Used": 700,
                      "Sort Space Type": "Memory",
                      "Shared Hit Blocks": 231,
                      "Shared Read Blocks": 5614,
                      "Shared Dirtied Blocks": 0,
                      "Shared Written Blocks": 0,
                      "Local Hit Blocks": 0,
                      "Local Read Blocks": 0,
                      "Local Dirtied Blocks": 0,
                      "Local Written Blocks": 0,
                      "Temp Read Blocks": 0,
                      "Temp Written Blocks": 0
                    },
                    {
                      "Worker Number": 1,
                      "Actual Startup Time": 254.755,
                      "Actual Total Time": 255.077,
                      "Actual Rows": 10124.0,
                      "Actual Loops": 1,
                      "Sort Method": "quicksort",
                      "Sort Space Used": 701,
                      "Sort Space Type": "Memory",
                      "Shared Hit Blocks": 231,
                      "Shared Read Blocks": 5680,
                      "Shared Dirtied Blocks": 0,
                      "Shared Written Blocks": 0,
                      "Local Hit Blocks": 0,
                      "Local Read Blocks": 0,
                      "Local Dirtied Blocks": 0,
                      "Local Written Blocks": 0,
                      "Temp Read Blocks": 0,
                      "Temp Written Blocks": 0
                    }
                  ],
                  "Plans": [
                    {
                      "Node Type": "Hash Join",
                      "Parent Relationship": "Outer",
                      "Parallel Aware": false,
                      "Async Capable": false,
                      "Join Type": "Inner",
                      "Startup Cost": 362.78,
                      "Total Cost": 22525.76,
                      "Plan Rows": 1961,
                      "Plan Width": 14,
                      "Actual Startup Time": 4.936,
                      "Actual Total Time": 253.62,
                      "Actual Rows": 10560.0,
                      "Actual Loops": 3,
                      "Disabled": false,
                      "Output": [
                        "partsupp.ps_partkey",
                        "partsupp.ps_supplycost",
                        "partsupp.ps_availqty"
                      ],
                      "Inner Unique": false,
                      "Hash Cond": "(partsupp.ps_suppkey = supplier.s_suppkey)",
                      "Shared Hit Blocks": 672,
                      "Shared Read Blocks": 17560,
                      "Shared Dirtied Blocks": 0,
                      "Shared Written Blocks": 0,
                      "Local Hit Blocks": 0,
                      "Local Read Blocks": 0,
                      "Local Dirtied Blocks": 0,
                      "Local Written Blocks": 0,
                      "Temp Read Blocks": 0,
                      "Temp Written Blocks": 0,
                      "Workers": [
                        {
                          "Worker Number": 0,
                          "Actual Startup Time": 4.955,
                          "Actual Total Time": 251.631,
                          "Actual Rows": 10101.0,
                          "Actual Loops": 1,
                          "Shared Hit Blocks": 224,
                          "Shared Read Blocks": 5614,
                          "Shared Dirtied Blocks": 0,
                          "Shared Written Blocks": 0,
                          "Local Hit Blocks": 0,
                          "Local Read Blocks": 0,
                          "Local Dirtied Blocks": 0,
                          "Local Written Blocks": 0,
                          "Temp Read Blocks": 0,
                          "Temp Written Blocks": 0
                        },
                        {
                          "Worker Number": 1,
                          "Actual Startup Time": 5.336,
                          "Actual Total Time": 251.939,
                          "Actual Rows": 10124.0,
                          "Actual Loops": 1,
                          "Shared Hit Blocks": 224,
                          "Shared Read Blocks": 5680,
                          "Shared Dirtied Blocks": 0,
                          "Shared Written Blocks": 0,
                          "Local Hit Blocks": 0,
                          "Local Read Blocks": 0,
                          "Local Dirtied Blocks": 0,
                          "Local Written Blocks": 0,
                          "Temp Read Blocks": 0,
                          "Temp Written Blocks": 0
                        }
                      ],
                      "Plans": [
                        {
                          "Node Type": "Seq Scan",
                          "Parent Relationship": "Outer",
                          "Parallel Aware": true,
                          "Async Capable": false,
                          "Relation Name": "partsupp",
                          "Schema": "public",
                          "Alias": "partsupp",
                          "Startup Cost": 0.0,
                          "Total Cost": 20893.33,
                          "Plan Rows": 333333,
                          "Plan Width": 18,
                          "Actual Startup Time": 1.32,
                          "Actual Total Time": 218.007,
                          "Actual Rows": 266666.67,
                          "Actual Loops": 3,
                          "Disabled": false,
                          "Output": [
                            "partsupp.ps_partkey",
                            "partsupp.ps_suppkey",
                            "partsupp.ps_availqty",
                            "partsupp.ps_supplycost",
                            "partsupp.ps_comment"
                          ],
                          "Shared Hit Blocks": 0,
                          "Shared Read Blocks": 17560,
                          "Shared Dirtied Blocks": 0,
                          "Shared Written Blocks": 0,
                          "Local Hit Blocks": 0,
                          "Local Read Blocks": 0,
                          "Local Dirtied Blocks": 0,
                          "Local Written Blocks": 0,
                          "Temp Read Blocks": 0,
                          "Temp Written Blocks": 0,
                          "Workers": [
                            {
                              "Worker Number": 0,
                              "Actual Startup Time": 1.615,
                              "Actual Total Time": 215.244,
                              "Actual Rows": 256038.0,
                              "Actual Loops": 1,
                              "Shared Hit Blocks": 0,
                              "Shared Read Blocks": 5614,
                              "Shared Dirtied Blocks": 0,
                              "Shared Written Blocks": 0,
                              "Local Hit Blocks": 0,
                              "Local Read Blocks": 0,
                              "Local Dirtied Blocks": 0,
                              "Local Written Blocks": 0,
                              "Temp Read Blocks": 0,
                              "Temp Written Blocks": 0
                            },
                            {
                              "Worker Number": 1,
                              "Actual Startup Time": 1.697,
                              "Actual Total Time": 219.388,
                              "Actual Rows": 258027.0,
                              "Actual Loops": 1,
                              "Shared Hit Blocks": 0,
                              "Shared Read Blocks": 5680,
                              "Shared Dirtied Blocks": 0,
                              "Shared Written Blocks": 0,
                              "Local Hit Blocks": 0,
                              "Local Read Blocks": 0,
                              "Local Dirtied Blocks": 0,
                              "Local Written Blocks": 0,
                              "Temp Read Blocks": 0,
                              "Temp Written Blocks": 0
                            }
                          ]
                        },
                        {
                          "Node Type": "Hash",
                          "Parent Relationship": "Inner",
                          "Parallel Aware": false,
                          "Async Capable": false,
                          "Startup Cost": 362.04,
                          "Total Cost": 362.04,
                          "Plan Rows": 59,
                          "Plan Width": 4,
                          "Actual Startup Time": 3.579,
                          "Actual Total Time": 3.581,
                          "Actual Rows": 396.0,
                          "Actual Loops": 3,
                          "Disabled": false,
                          "Output": [
                            "supplier.s_suppkey"
                          ],
                          "Hash Buckets": 1024,
                          "Original Hash Buckets": 1024,
                          "Hash Batches": 1,
                          "Original Hash Batches": 1,
                          "Peak Memory Usage": 22,
                          "Shared Hit Blocks": 672,
                          "Shared Read Blocks": 0,
                          "Shared Dirtied Blocks": 0,
                          "Shared Written Blocks": 0,
                          "Local Hit Blocks": 0,
                          "Local Read Blocks": 0,
                          "Local Dirtied Blocks": 0,
                          "Local Written Blocks": 0,
                          "Temp Read Blocks": 0,
                          "Temp Written Blocks": 0,
                          "Workers": [
                            {
                              "Worker Number": 0,
                              "Actual Startup Time": 3.324,
                              "Actual Total Time": 3.328,
                              "Actual Rows": 396.0,
                              "Actual Loops": 1,
                              "Shared Hit Blocks": 224,
                              "Shared Read Blocks": 0,
                              "Shared Dirtied Blocks": 0,
                              "Shared Written Blocks": 0,
                              "Local Hit Blocks": 0,
                              "Local Read Blocks": 0,
                              "Local Dirtied Blocks": 0,
                              "Local Written Blocks": 0,
                              "Temp Read Blocks": 0,
                              "Temp Written Blocks": 0
                            },
                            {
                              "Worker Number": 1,
                              "Actual Startup Time": 3.608,
                              "Actual Total Time": 3.609,
                              "Actual Rows": 396.0,
                              "Actual Loops": 1,
                              "Shared Hit Blocks": 224,
                              "Shared Read Blocks": 0,
                              "Shared Dirtied Blocks": 0,
                              "Shared Written Blocks": 0,
                              "Local Hit Blocks": 0,
                              "Local Read Blocks": 0,
                              "Local Dirtied Blocks": 0,
                              "Local Written Blocks": 0,
                              "Temp Read Blocks": 0,
                              "Temp Written Blocks": 0
                            }
                          ],
                          "Plans": [
                            {
                              "Node Type": "Hash Join",
                              "Parent Relationship": "Outer",
                              "Parallel Aware": false,
                              "Async Capable": false,
                              "Join Type": "Inner",
                              "Startup Cost": 12.14,
                              "Total Cost": 362.04,
                              "Plan Rows": 59,
                              "Plan Width": 4,
                              "Actual Startup Time": 0.265,
                              "Actual Total Time": 3.478,
                              "Actual Rows": 396.0,
                              "Actual Loops": 3,
                              "Disabled": false,
                              "Output": [
                                "supplier.s_suppkey"
                              ],
                              "Inner Unique": true,
                              "Hash Cond": "(supplier.s_nationkey = nation.n_nationkey)",
                              "Shared Hit Blocks": 672,
                              "Shared Read Blocks": 0,
                              "Shared Dirtied Blocks": 0,
                              "Shared Written Blocks": 0,
                              "Local Hit Blocks": 0,
                              "Local Read Blocks": 0,
                              "Local Dirtied Blocks": 0,
                              "Local Written Blocks": 0,
                              "Temp Read Blocks": 0,
                              "Temp Written Blocks": 0,
                              "Workers": [
                                {
                                  "Worker Number": 0,
                                  "Actual Startup Time": 0.181,
                                  "Actual Total Time": 3.169,
                                  "Actual Rows": 396.0,
                                  "Actual Loops": 1,
                                  "Shared Hit Blocks": 224,
                                  "Shared Read Blocks": 0,
                                  "Shared Dirtied Blocks": 0,
                                  "Shared Written Blocks": 0,
                                  "Local Hit Blocks": 0,
                                  "Local Read Blocks": 0,
                                  "Local Dirtied Blocks": 0,
                                  "Local Written Blocks": 0,
                                  "Temp Read Blocks": 0,
                                  "Temp Written Blocks": 0
                                },
                                {
                                  "Worker Number": 1,
                                  "Actual Startup Time": 0.42,
                                  "Actual Total Time": 3.535,
                                  "Actual Rows": 396.0,
                                  "Actual Loops": 1,
                                  "Shared Hit Blocks": 224,
                                  "Shared Read Blocks": 0,
                                  "Shared Dirtied Blocks": 0,
                                  "Shared Written Blocks": 0,
                                  "Local Hit Blocks": 0,
                                  "Local Read Blocks": 0,
                                  "Local Dirtied Blocks": 0,
                                  "Local Written Blocks": 0,
                                  "Temp Read Blocks": 0,
                                  "Temp Written Blocks": 0
                                }
                              ],
                              "Plans": [
                                {
                                  "Node Type": "Seq Scan",
                                  "Parent Relationship": "Outer",
                                  "Parallel Aware": false,
                                  "Async Capable": false,
                                  "Relation Name": "supplier",
                                  "Schema": "public",
                                  "Alias": "supplier",
                                  "Startup Cost": 0.0,
                                  "Total Cost": 323.0,
                                  "Plan Rows": 10000,
                                  "Plan Width": 8,
                                  "Actual Startup Time": 0.083,
                                  "Actual Total Time": 1.942,
                                  "Actual Rows": 10000.0,
                                  "Actual Loops": 3,
                                  "Disabled": false,
                                  "Output": [
                                    "supplier.s_suppkey",
                                    "supplier.s_name",
                                    "supplier.s_address",
                                    "supplier.s_nationkey",
                                    "supplier.s_phone",
                                    "supplier.s_acctbal",
                                    "supplier.s_comment"
                                  ],
                                  "Shared Hit Blocks": 669,
                                  "Shared Read Blocks": 0,
                                  "Shared Dirtied Blocks": 0,
                                  "Shared Written Blocks": 0,
                                  "Local Hit Blocks": 0,
                                  "Local Read Blocks": 0,
                                  "Local Dirtied Blocks": 0,
                                  "Local Written Blocks": 0,
                                  "Temp Read Blocks": 0,
                                  "Temp Written Blocks": 0,
                                  "Workers": [
                                    {
                                      "Worker Number": 0,
                                      "Actual Startup Time": 0.126,
                                      "Actual Total Time": 1.746,
                                      "Actual Rows": 10000.0,
                                      "Actual Loops": 1,
                                      "Shared Hit Blocks": 223,
                                      "Shared Read Blocks": 0,
                                      "Shared Dirtied Blocks": 0,
                                      "Shared Written Blocks": 0,
                                      "Local Hit Blocks": 0,
                                      "Local Read Blocks": 0,
                                      "Local Dirtied Blocks": 0,
                                      "Local Written Blocks": 0,
                                      "Temp Read Blocks": 0,
                                      "Temp Written Blocks": 0
                                    },
                                    {
                                      "Worker Number": 1,
                                      "Actual Startup Time": 0.11,
                                      "Actual Total Time": 1.797,
                                      "Actual Rows": 10000.0,
                                      "Actual Loops": 1,
                                      "Shared Hit Blocks": 223,
                                      "Shared Read Blocks": 0,
                                      "Shared Dirtied Blocks": 0,
                                      "Shared Written Blocks": 0,
                                      "Local Hit Blocks": 0,
                                      "Local Read Blocks": 0,
                                      "Local Dirtied Blocks": 0,
                                      "Local Written Blocks": 0,
                                      "Temp Read Blocks": 0,
                                      "Temp Written Blocks": 0
                                    }
                                  ]
                                },
                                {
                                  "Node Type": "Hash",
                                  "Parent Relationship": "Inner",
                                  "Parallel Aware": false,
                                  "Async Capable": false,
                                  "Startup Cost": 12.12,
                                  "Total Cost": 12.12,
                                  "Plan Rows": 1,
                                  "Plan Width": 4,
                                  "Actual Startup Time": 0.172,
                                  "Actual Total Time": 0.173,
                                  "Actual Rows": 1.0,
                                  "Actual Loops": 3,
                                  "Disabled": false,
                                  "Output": [
                                    "nation.n_nationkey"
                                  ],
                                  "Hash Buckets": 1024,
                                  "Original Hash Buckets": 1024,
                                  "Hash Batches": 1,
                                  "Original Hash Batches": 1,
                                  "Peak Memory Usage": 9,
                                  "Shared Hit Blocks": 3,
                                  "Shared Read Blocks": 0,
                                  "Shared Dirtied Blocks": 0,
                                  "Shared Written Blocks": 0,
                                  "Local Hit Blocks": 0,
                                  "Local Read Blocks": 0,
                                  "Local Dirtied Blocks": 0,
                                  "Local Written Blocks": 0,
                                  "Temp Read Blocks": 0,
                                  "Temp Written Blocks": 0,
                                  "Workers": [
                                    {
                                      "Worker Number": 0,
                                      "Actual Startup Time": 0.045,
                                      "Actual Total Time": 0.046,
                                      "Actual Rows": 1.0,
                                      "Actual Loops": 1,
                                      "Shared Hit Blocks": 1,
                                      "Shared Read Blocks": 0,
                                      "Shared Dirtied Blocks": 0,
                                      "Shared Written Blocks": 0,
                                      "Local Hit Blocks": 0,
                                      "Local Read Blocks": 0,
                                      "Local Dirtied Blocks": 0,
                                      "Local Written Blocks": 0,
                                      "Temp Read Blocks": 0,
                                      "Temp Written Blocks": 0
                                    },
                                    {
                                      "Worker Number": 1,
                                      "Actual Startup Time": 0.298,
                                      "Actual Total Time": 0.298,
                                      "Actual Rows": 1.0,
                                      "Actual Loops": 1,
                                      "Shared Hit Blocks": 1,
                                      "Shared Read Blocks": 0,
                                      "Shared Dirtied Blocks": 0,
                                      "Shared Written Blocks": 0,
                                      "Local Hit Blocks": 0,
                                      "Local Read Blocks": 0,
                                      "Local Dirtied Blocks": 0,
                                      "Local Written Blocks": 0,
                                      "Temp Read Blocks": 0,
                                      "Temp Written Blocks": 0
                                    }
                                  ],
                                  "Plans": [
                                    {
                                      "Node Type": "Seq Scan",
                                      "Parent Relationship": "Outer",
                                      "Parallel Aware": false,
                                      "Async Capable": false,
                                      "Relation Name": "nation",
                                      "Schema": "public",
                                      "Alias": "nation",
                                      "Startup Cost": 0.0,
                                      "Total Cost": 12.12,
                                      "Plan Rows": 1,
                                      "Plan Width": 4,
                                      "Actual Startup Time": 0.063,
                                      "Actual Total Time": 0.066,
                                      "Actual Rows": 1.0,
                                      "Actual Loops": 3,
                                      "Disabled": false,
                                      "Output": [
                                        "nation.n_nationkey"
                                      ],
                                      "Filter": "(nation.n_name = 'GERMANY'::bpchar)",
                                      "Rows Removed by Filter": 24,
                                      "Shared Hit Blocks": 3,
                                      "Shared Read Blocks": 0,
                                      "Shared Dirtied Blocks": 0,
                                      "Shared Written Blocks": 0,
                                      "Local Hit Blocks": 0,
                                      "Local Read Blocks": 0,
                                      "Local Dirtied Blocks": 0,
                                      "Local Written Blocks": 0,
                                      "Temp Read Blocks": 0,
                                      "Temp Written Blocks": 0,
                                      "Workers": [
                                        {
                                          "Worker Number": 0,
                                          "Actual Startup Time": 0.037,
                                          "Actual Total Time": 0.039,
                                          "Actual Rows": 1.0,
                                          "Actual Loops": 1,
                                          "Shared Hit Blocks": 1,
                                          "Shared Read Blocks": 0,
                                          "Shared Dirtied Blocks": 0,
                                          "Shared Written Blocks": 0,
                                          "Local Hit Blocks": 0,
                                          "Local Read Blocks": 0,
                                          "Local Dirtied Blocks": 0,
                                          "Local Written Blocks": 0,
                                          "Temp Read Blocks": 0,
                                          "Temp Written Blocks": 0
                                        },
                                        {
                                          "Worker Number": 1,
                                          "Actual Startup Time": 0.093,
                                          "Actual Total Time": 0.097,
                                          "Actual Rows": 1.0,
                                          "Actual Loops": 1,
                                          "Shared Hit Blocks": 1,
                                          "Shared Read Blocks": 0,
                                          "Shared Dirtied Blocks": 0,
                                          "Shared Written Blocks": 0,
                                          "Local Hit Blocks": 0,
                                          "Local Read Blocks": 0,
                                          "Local Dirtied Blocks": 0,
                                          "Local Written Blocks": 0,
                                          "Temp Read Blocks": 0,
                                          "Temp Written Blocks": 0
                                        }
                                      ]
                                    }
                                  ]
                                }
                              ]
                            }
                          ]
                        }
                      ]
                    }
                  ]
                }
              ]
            }
          ]
        }
      ]
    },
    "Planning": {
      "Shared Hit Blocks": 14,
      "Shared Read Blocks": 1,
      "Shared Dirtied Blocks": 1,
      "Shared Written Blocks": 0,
      "Local Hit Blocks": 0,
      "Local Read Blocks": 0,
      "Local Dirtied Blocks": 0,
      "Local Written Blocks": 0,
      "Temp Read Blocks": 0,
      "Temp Written Blocks": 0
    },
    "Planning Time": 0.79,
    "Triggers": [],
    "Execution Time": 326.498
  }
]