[
  {
    "Plan": {
      "Node Type": "Aggregate",
      "Strategy": "Sorted",
      "Partial Mode": "Finalize",
      "Parallel Aware": false,
      "Async Capable": false,
      "Startup Cost": 210314.49,
      "Total Cost": 210560.46,
      "Plan Rows": 7,
      "Plan Width": 27,
      "Actual Startup Time": 1447.424,
      "Actual Total Time": 1448.051,
      "Actual Rows": 2.0,
      "Actual Loops": 1,
      "Disabled": false,
      "Output": [
        "lineitem.l_shipmode",
        "sum(CASE WHEN ((orders.o_orderpriority = '1-URGENT'::bpchar) OR (orders.o_orderpriority = '2-HIGH'::bpchar)) THEN 1 ELSE 0 END)",
        "sum(CASE WHEN ((orders.o_orderpriority <> '1-URGENT'::bpchar) AND (orders.o_orderpriority <> '2-HIGH'::bpchar)) THEN 1 ELSE 0 END)"
      ],
      "Group Key": [
        "lineitem.l_shipmode"
      ],
      "Shared Hit Blocks": 4617,
      "Shared Read Blocks": 134133,
      "Shared Dirtied Blocks": 0,
      "Shared Written Blocks": 0,
      "Local Hit Blocks": 0,
      "Local Read Blocks": 0,
      "Local Dirtied Blocks": 0,
      "Local Written Blocks": 0,
      "Temp Read Blocks": 0,
      "Temp Written Blocks": 0,
      "Plans": [
        {
          "Node Type": "Gather Merge",
          "Parent Relationship": "Outer",
          "Parallel Aware": false,
          "Async Capable": false,
          "Startup Cost": 210314.49,
          "Total Cost": 210560.26,
          "Plan Rows": 17,
          "Plan Width": 27,
          "Actual Startup Time": 1446.506,
          "Actual Total Time": 1448.042,
          "Actual Rows": 6.0,
          "Actual Loops": 1,
          "Disabled": false,
          "Output": [
            "lineitem.l_shipmode",
            "(PARTIAL sum(CASE WHEN ((orders.o_orderpriority = '1-URGENT'::bpchar) OR (orders.o_orderpriority = '2-HIGH'::bpchar)) THEN 1 ELSE 0 END))",
            "(PARTIAL sum(CASE WHEN ((orders.o_orderpriority <> '1-URGENT'::bpchar) AND (orders.o_orderpriority <> '2-HIGH'::bpchar)) THEN 1 ELSE 0 END))"
          ],
          "Workers Planned": 2,
          "Workers Launched": 2,
          "Shared Hit Blocks": 4617,
          "Shared Read Blocks": 134133,
          "Shared Dirtied Blocks": 0,
          "Shared Written Blocks": 0,
          "Local Hit Blocks": 0,
          "Local Read Blocks": 0,
          "Local Dirtied Blocks": 0,
          "Local Written Blocks": 0,
          "Temp Read Blocks": 0,
          "Temp Written Blocks": 0,
          "Plans": [
            {
              "Node Type": "Aggregate",
              "Strategy": "Sorted",
              "Partial Mode": "Partial",
              "Parent Relationship": "Outer",
              "Parallel Aware": false,
              "Async Capable": false,
              "Startup Cost": 209314.47,
              "Total Cost": 209558.28,
              "Plan Rows": 7,
              "Plan Width": 27,
              "Actual Startup Time": 1441.286,
              "Actual Total Time": 1442.154,
              "Actual Rows": 2.0,
              "Actual Loops": 3,
              "Disabled": false,
              "Output": [
                "lineitem.l_shipmode",
                "PARTIAL sum(CASE WHEN ((orders.o_orderpriority = '1-URGENT'::bpchar) OR (orders.o_orderpriority = '2-HIGH'::bpchar)) THEN 1 ELSE 0 END)",
                "PARTIAL sum(CASE WHEN ((orders.o_orderpriority <> '1-URGENT'::bpchar) AND (orders.o_orderpriority <> '2-HIGH'::bpchar)) THEN 1 ELSE 0 END)"
              ],
              "Group Key": [
                "lineitem.l_shipmode"
              ],
              "Shared Hit Blocks": 4617,
              "Shared Read Blocks": 134133,
              "Shared Dirtied Blocks": 0,
              "Shared Written Blocks": 0,
              "Local Hit Blocks": 0,
              "Local Read Blocks": 0,
              "Local Dirtied Blocks": 0,
              "Local Written Blocks": 0,
              "Temp Read Blocks": 0,
              "Temp Written Blocks": 0,
              "Workers": [
                {
                  "Worker Number": 0,
                  "Actual Startup Time": 1439.102,
                  "Actual Total Time": 1439.953,
                  "Actual Rows": 2.0,
                  "Actual Loops": 1,
                  "Shared Hit Blocks": 1521,
                  "Shared Read Blocks": 44423,
                  "Shared Dirtied Blocks": 0,
                  "Shared Written Blocks": 0,
                  "Local Hit Blocks": 0,
                  "Local Read Blocks": 0,
                  "Local Dirtied Blocks": 0,
                  "Local Written Blocks": 0,
                  "Temp Read Blocks": 0,
                  "Temp Written Blocks": 0
                },
                {
                  "Worker Number": 1,
                  "Actual Startup Time": 1439.902,
                  "Actual Total Time": 1440.742,
                  "Actual Rows": 2.0,
                  "Actual Loops": 1,
                  "Shared Hit Blocks": 1522,
                  "Shared Read Blocks": 44672,
                  "Shared Dirtied Blocks": 0,
                  "Shared Written Blocks": 0,
                  "Local Hit Blocks": 0,
                  "Local Read Blocks": 0,
                  "Local Dirtied Blocks": 0,
                  "Local Written Blocks": 0,
                  "Temp Read Blocks": 0,
                  "Temp Written Blocks": 0
                }
              ],
              "Plans": [
                {
                  "Node Type": "Sort",
                  "Parent Relationship": "Outer",
                  "Parallel Aware": false,
                  "Async Capable": false,
                  "Startup Cost": 209314.47,
                  "Total Cost": 209344.93,
                  "Plan Rows": 12187,
                  "Plan Width": 27,
                  "Actual Startup Time": 1440.418,
                  "Actual Total Time": 1440.702,
                  "Actual Rows": 10329.33,
                  "Actual Loops": 3,
                  "Disabled": false,
                  "Output": [
                    "lineitem.l_shipmode",
                    "orders.o_orderpriority"
                  ],
                  "Sort Key": [
                    "lineitem.l_shipmode"
                  ],
                  "Sort Method": "quicksort",
                  "Sort Space Used": 865,
                  "Sort Space Type": "Memory",
                  "Shared Hit Blocks": 4617,
                  "Shared Read Blocks": 134133,
                  "Shared Dirtied Blocks": 0,
                  "Shared Written Blocks": 0,
                  "Local Hit Blocks": 0,
                  "Local Read Blocks": 0,
                  "Local Dirtied Blocks": 0,
                  "Local Written Blocks": 0,
                  "Temp Read Blocks": 0,
                  "Temp Written Blocks": 0,
                  "Workers": [
                    {
                      "Worker Number": 0,
                      "Actual Startup Time": 1438.326,
                      "Actual Total Time": 1438.608,
                      "Actual Rows": 10275.0,
                      "Actual Loops": 1,
                      "Sort Method": "quicksort",
                      "Sort Space Used": 866,
                      "Sort Space Type": "Memory",
                      "Shared Hit Blocks": 1521,
                      "Shared Read Blocks": 44423,
                      "Shared Dirtied Blocks": 0,
                      "Shared Written Blocks": 0,
                      "Local Hit Blocks": 0,
                      "Local Read Blocks": 0,
                      "Local Dirtied Blocks": 0,
                      "Local Written Blocks": 0,
                      "Temp Read Blocks": 0,
                      "Temp Written Blocks": 0
                    },
                    {
                      "Worker Number": 1,
                      "Actual Startup Time": 1438.969,
                      "Actual Total Time": 1439.264,
                      "Actual Rows": 10453.0,
                      "Actual Loops": 1,
                      "Sort Method": "quicksort",
                      "Sort Space Used": 874,
                      "Sort Space Type": "Memory",
                      "Shared Hit Blocks": 1522,
                      "Shared Read Blocks": 44672,
                      "Shared Dirtied Blocks": 0,
                      "Shared Written Blocks": 0,
                      "Local Hit Blocks": 0,
                      "Local Read Blocks": 0,
                      "Local Dirtied Blocks": 0,
                      "Local Written Blocks": 0,
                      "Temp Read Blocks": 0,
                      "Temp Written Blocks": 0
                    }
                  ],
                  "Plans": [
                    {
                      "Node Type": "Hash Join",
                      "Parent Relationship": "Outer",
                      "Parallel Aware": true,
                      "Async Capable": false,
                      "Join Type": "Inner",
                      "Startup Cost": 169019.36,
                      "Total Cost": 208487.39,
                      "Plan Rows": 12187,
                      "Plan Width": 27,
                      "Actual Startup Time": 1353.968,
                      "Actual Total Time": 1437.901,
                      "Actual Rows": 10329.33,
                      "Actual Loops": 3,
                      "Disabled": false,
                      "Output": [
                        "lineitem.l_shipmode",
                        "orders.o_orderpriority"
                      ],
                      "Inner Unique": false,
                      "Hash Cond": "(orders.o_orderkey = lineitem.l_orderkey)",
                      "Shared Hit Blocks": 4603,
                      "Shared Read Blocks": 134133,
                      "Shared Dirtied Blocks": 0,
                      "Shared Written Blocks": 0,
                      "Local Hit Blocks": 0,
                      "Local Read Blocks": 0,
                      "Local Dirtied Blocks": 0,
                      "Local Written Blocks": 0,
                      "Temp Read Blocks": 0,
                      "Temp Written Blocks": 0,
                      "Workers": [
                        {
                          "Worker Number": 0,
                          "Actual Startup Time": 1351.74,
                          "Actual Total Time": 1436.3,
                          "Actual Rows": 10275.0,
                          "Actual Loops": 1,
                          "Shared Hit Blocks": 1514,
                          "Shared Read Blocks": 44423,
                          "Shared Dirtied Blocks": 0,
                          "Shared Written Blocks": 0,
                          "Local Hit Blocks": 0,
                          "Local Read Blocks": 0,
                          "Local Dirtied Blocks": 0,
                          "Local Written Blocks": 0,
                          "Temp Read Blocks": 0,
                          "Temp Written Blocks": 0
                        },
                        {
                          "Worker Number": 1,
                          "Actual Startup Time": 1352.32,
                          "Actual Total Time": 1436.576,
                          "Actual Rows": 10453.0,
                          "Actual Loops": 1,
                          "Shared Hit Blocks": 1515,
                          "Shared Read Blocks": 44672,
                          "Shared Dirtied Blocks": 0,
                          "Shared Written Blocks": 0,
                          "Local Hit Blocks": 0,
                          "Local Read Blocks": 0,
                          "Local Dirtied Blocks": 0,
                          "Local Written Blocks": 0,
                          "Temp Read Blocks": 0,
                          "Temp Written Blocks": 0
                        }
                      ],
                      "Plans": [
                        {
                          "Node Type": "Seq Scan",
                          "Parent Relationship": "Outer",
                          "Parallel Aware": true,
                          "Async Capable": false,
                          "Relation Name": "orders",
                          "Schema": "public",
                          "Alias": "orders",
                          "Startup Cost": 0.0,
                          "Total Cost": 32386.0,
                          "Plan Rows": 625000,
                          "Plan Width": 20,
                          "Actual Startup Time": 0.184,
                          "Actual Total Time": 27.745,
                          "Actual Rows": 500000.0,
                          "Actual Loops": 3,
                          "Disabled": false,
                          "Output": [
                            "orders.o_orderkey",
                            "orders.o_custkey",
                            "orders.o_orderstatus",
                            "orders.o_totalprice",
                            "orders.o_orderdate",
                            "orders.o_orderpriority",
                            "orders.o_clerk",
                            "orders.o_shippriority",
                            "orders.o_comment"
                          ],
                          "Shared Hit Blocks": 533,
                          "Shared Read Blocks": 25603,
                          "Shared Dirtied Blocks": 0,
                          "Shared Written Blocks": 0,
                          "Local Hit Blocks": 0,
                          "Local Read Blocks": 0,
                          "Local Dirtied Blocks": 0,
                          "Local Written Blocks": 0,
                          "Temp Read Blocks": 0,
                          "Temp Written Blocks": 0,
                          "Workers": [
                            {
                              "Worker Number": 0,
                              "Actual Startup Time": 0.195,
                              "Actual Total Time": 28.167,
                              "Actual Rows": 498814.0,
                              "Actual Loops": 1,
                              "Shared Hit Blocks": 185,
                              "Shared Read Blocks": 8504,
                              "Shared Dirtied Blocks": 0,
                              "Shared Written Blocks": 0,
                              "Local Hit Blocks": 0,
                              "Local Read Blocks": 0,
                              "Local Dirtied Blocks": 0,
                              "Local Written Blocks": 0,
                              "Temp Read Blocks": 0,
                              "Temp Written Blocks": 0
                            },
                            {
                              "Worker Number": 1,
                              "Actual Startup Time": 0.225,
                              "Actual Total Time": 27.734,
                              "Actual Rows": 507817.0,
                              "Actual Loops": 1,
                              "Shared Hit Blocks": 187,
                              "Shared Read Blocks": 8663,
                              "Shared Dirtied Blocks": 0,
                              "Shared Written Blocks": 0,
                              "Local Hit Blocks": 0,
                              "Local Read Blocks": 0,
                              "Local Dirtied Blocks": 0,
                              "Local Written Blocks": 0,
                              "Temp Read Blocks": 0,
                              "Temp Written Blocks": 0
                            }
                          ]
                        },
                        {
                          "Node Type": "Hash",
                          "Parent Relationship": "Inner",
                          "Parallel Aware": true,
                          "Async Capable": false,
                          "Startup Cost": 168867.02,
                          "Total Cost": 168867.02,
                          "Plan Rows": 12187,
                          "Plan Width": 15,
                          "Actual Startup Time": 1353.621,
                          "Actual Total Time": 1353.621,
                          "Actual Rows": 10329.33,
                          "Actual Loops": 3,
                          "Disabled": false,
                          "Output": [
                            "lineitem.l_shipmode",
                            "lineitem.l_orderkey"
                          ],
                          "Hash Buckets": 32768,
                          "Original Hash Buckets": 32768,
                          "Hash Batches": 1,
                          "Original Hash Batches": 1,
                          "Peak Memory Usage": 1760,
                          "Shared Hit Blocks": 4070,
                          "Shared Read Blocks": 108530,
                          "Shared Dirtied Blocks": 0,
                          "Shared Written Blocks": 0,
                          "Local Hit Blocks": 0,
                          "Local Read Blocks": 0,
                          "Local Dirtied Blocks": 0,
                          "Local Written Blocks": 0,
                          "Temp Read Blocks": 0,
                          "Temp Written Blocks": 0,
                          "Workers": [
                            {
                              "Worker Number": 0,
                              "Actual Startup Time": 1351.5,
                              "Actual Total Time": 1351.5,
                              "Actual Rows": 10042.0,
                              "Actual Loops": 1,
                              "Shared Hit Blocks": 1329,
                              "Shared Read Blocks": 35919,
                              "Shared Dirtied Blocks": 0,
                              "Shared Written Blocks": 0,
                              "Local Hit Blocks": 0,
                              "Local Read Blocks": 0,
                              "Local Dirtied Blocks": 0,
                              "Local Written Blocks": 0,
                              "Temp Read Blocks": 0,
                              "Temp Written Blocks": 0
                            },
                            {
                              "Worker Number": 1,
                              "Actual Startup Time": 1351.806,
                              "Actual Total Time": 1351.806,
                              "Actual Rows": 10354.0,
                              "Actual Loops": 1,
                              "Shared Hit Blocks": 1328,
                              "Shared Read Blocks": 36009,
                              "Shared Dirtied Blocks": 0,
                              "Shared Written Blocks": 0,
                              "Local Hit Blocks": 0,
                              "Local Read Blocks": 0,
                              "Local Dirtied Blocks": 0,
                              "Local Written Blocks": 0,
                              "Temp Read Blocks": 0,
                              "Temp Written Blocks": 0
                            }
                          ],
                          "Plans": [
                            {
                              "Node Type": "Seq Scan",
                              "Parent Relationship": "Outer",
                              "Parallel Aware": true,
                              "Async Capable": false,
                              "Relation Name": "lineitem",
                              "Schema": "public",
                              "Alias": "lineitem",
                              "Startup Cost": 0.0,
                              "Total Cost": 168867.02,
                              "Plan Rows": 12187,
                              "Plan Width": 15,
                              "Actual Startup Time": 2.685,
                              "Actual Total Time": 1345.924,
                              "Actual Rows": 10329.33,
                              "Actual Loops": 3,
                              "Disabled": false,
                              "Output": [
                                "lineitem.l_shipmode",
                                "lineitem.l_orderkey"
                              ],
                              "Filter": "((lineitem.l_shipmode = ANY ('{MAIL,SHIP}'::bpchar[])) AND (lineitem.l_commitdate < lineitem.l_receiptdate) AND (lineitem.l_shipdate < lineitem.l_commitdate) AND (lineitem.l_receiptdate >= '1994-01-01'::date) AND (lineitem.l_receiptdate < '1995-01-01 00:00:00'::timestamp without time zone))",
                              "Rows Removed by Filter": 1990076,
                              "Shared Hit Blocks": 4070,
                              "Shared Read Blocks": 108530,
                              "Shared Dirtied Blocks": 0,
                              "Shared Written Blocks": 0,
                              "Local Hit Blocks": 0,
                              "Local Read Blocks": 0,
                              "Local Dirtied Blocks": 0,
                              "Local Written Blocks": 0,
                              "Temp Read Blocks": 0,
                              "Temp Written Blocks": 0,
                              "Workers": [
                                {
                                  "Worker Number": 0,
                                  "Actual Startup Time": 3.302,
                                  "Actual Total Time": 1343.865,
                                  "Actual Rows": 10042.0,
                                  "Actual Loops": 1,
                                  "Shared Hit Blocks": 1329,
                                  "Shared Read Blocks": 35919,
                                  "Shared Dirtied Blocks": 0,
                                  "Shared Written Blocks": 0,
                                  "Local Hit Blocks": 0,
                                  "Local Read Blocks": 0,
                                  "Local Dirtied Blocks": 0,
                                  "Local Written Blocks": 0,
                                  "Temp Read Blocks": 0,
                                  "Temp Written Blocks": 0
                                },
                                {
                                  "Worker Number": 1,
                                  "Actual Startup Time": 4.31,
                                  "Actual Total Time": 1344.595,
                                  "Actual Rows": 10354.0,
                                  "Actual Loops": 1,
                                  "Shared Hit Blocks": 1328,
                                  "Shared Read Blocks": 36009,
                                  "Shared Dirtied Blocks": 0,
                                  "Shared Written Blocks": 0,
                                  "Local Hit Blocks": 0,
                                  "Local Read Blocks": 0,
                                  "Local Dirtied Blocks": 0,
                                  "Local Written Blocks": 0,
                                  "Temp Read Blocks": 0,
                                  "Temp Written Blocks": 0
                                }
                              ]
                            }
                          ]
                        }
                      ]
                    }
                  ]
                }
              ]
            }
          ]
        }
      ]
    },
    "Planning": {
      "Shared Hit Blocks": 20,
      "Shared Read Blocks": 2,
      "Shared Dirtied Blocks": 1,
      "Shared Written Blocks": 0,
      "Local Hit Blocks": 0,
      "Local Read Blocks": 0,
      "Local Dirtied Blocks": 0,
      "Local Written Blocks": 0,
      "Temp Read Blocks": 0,
      "Temp Written Blocks": 0
    },
    "Planning Time": 0.893,
    "Triggers": [],
    "Execution Time": 1448.095
  }
]