[
  {
    "Plan": {
      "Node Type": "Sort",
      "Parallel Aware": false,
      "Async Capable": false,
      "Startup Cost": 144057.97,
      "Total Cost": 144058.47,
      "Plan Rows": 200,
      "Plan Width": 16,
      "Actual Startup Time": 769.675,
      "Actual Total Time": 776.595,
      "Actual Rows": 42.0,
      "Actual Loops": 1,
      "Disabled": false,
      "Output": [
        "(count(orders.o_orderkey))",
        "(count(*))"
      ],
      "Sort Key": [
        "(count(*)) DESC",
        "(count(orders.o_orderkey)) DESC"
      ],
      "Sort Method": "quicksort",
      "Sort Space Used": 26,
      "Sort Space Type": "Memory",
      "Shared Hit Blocks": 839,
      "Shared Read Blocks": 25729,
      "Shared Dirtied Blocks": 0,
      "Shared Written Blocks": 0,
      "Local Hit Blocks": 0,
      "Local Read Blocks": 0,
      "Local Dirtied Blocks": 0,
      "Local Written Blocks": 0,
      "Temp Read Blocks": 1241,
      "Temp Written Blocks": 1406,
      "Plans": [
        {
          "Node Type": "Aggregate",
          "Strategy": "Hashed",
          "Partial Mode": "Simple",
          "Parent Relationship": "Outer",
          "Parallel Aware": false,
          "Async Capable": false,
          "Startup Cost": 144048.33,
          "Total Cost": 144050.33,
          "Plan Rows": 200,
          "Plan Width": 16,
          "Actual Startup Time": 769.649,
          "Actual Total Time": 776.572,
          "Actual Rows": 42.0,
          "Actual Loops": 1,
          "Disabled": false,
          "Output": [
            "(count(orders.o_orderkey))",
            "count(*)"
          ],
          "Group Key": [
            "count(orders.o_orderkey)"
          ],
          "Planned Partitions": 0,
          "HashAgg Batches": 1,
          "Peak Memory Usage": 32,
          "Disk Usage": 0,
          "Shared Hit Blocks": 836,
          "Shared Read Blocks": 25729,
          "Shared Dirtied Blocks": 0,
          "Shared Written Blocks": 0,
          "Local Hit Blocks": 0,
          "Local Read Blocks": 0,
          "Local Dirtied Blocks": 0,
          "Local Written Blocks": 0,
          "Temp Read Blocks": 1241,
          "Temp Written Blocks": 1406,
          "Plans": [
            {
              "Node Type": "Aggregate",
              "Strategy": "Sorted",
              "Partial Mode": "Finalize",
              "Parent Relationship": "Outer",
              "Parallel Aware": false,
              "Async Capable": false,
              "Startup Cost": 96570.4,
              "Total Cost": 141798.33,
              "Plan Rows": 150000,
              "Plan Width": 12,
              "Actual Startup Time": 698.038,
              "Actual Total Time": 764.557,
              "Actual Rows": 150000.0,
              "Actual Loops": 1,
              "Disabled": false,
              "Output": [
                "customer.c_custkey",
                "count(orders.o_orderkey)"
              ],
              "Group Key": [
                "customer.c_custkey"
              ],
              "Shared Hit Blocks": 836,
              "Shared Read Blocks": 25729,
              "Shared Dirtied Blocks": 0,
              "Shared Written Blocks": 0,
              "Local Hit Blocks": 0,
              "Local Read Blocks": 0,
              "Local Dirtied Blocks": 0,
              "Local Written Blocks": 0,
              "Temp Read Blocks": 1241,
              "Temp Written Blocks": 1406,
              "Plans": [
                {
                  "Node Type": "Gather Merge",
                  "Parent Relationship": "Outer",
                  "Parallel Aware": false,
                  "Async Capable": false,
                  "Startup Cost": 96570.4,
                  "Total Cost": 138498.33,
                  "Plan Rows": 360000,
                  "Plan Width": 12,
                  "Actual Startup Time": 697.973,
                  "Actual Total Time": 737.343,
                  "Actual Rows": 344330.0,
                  "Actual Loops": 1,
                  "Disabled": false,
                  "Output": [
                    "customer.c_custkey",
                    "(PARTIAL count(orders.o_orderkey))"
                  ],
                  "Workers Planned": 2,
                  "Workers Launched": 2,
                  "Shared Hit Blocks": 836,
                  "Shared Read Blocks": 25729,
                  "Shared Dirtied Blocks": 0,
                  "Shared Written Blocks": 0,
                  "Local Hit Blocks": 0,
                  "Local Read Blocks": 0,
                  "Local Dirtied Blocks": 0,
                  "Local Written Blocks": 0,
                  "Temp Read Blocks": 1241,
                  "Temp Written Blocks": 1406,
                  "Plans": [
                    {
                      "Node Type": "Sort",
                      "Parent Relationship": "Outer",
                      "Parallel Aware": false,
                      "Async Capable": false,
                      "Startup Cost": 95570.37,
                      "Total Cost": 95945.37,
                      "Plan Rows": 150000,
                      "Plan Width": 12,
                      "Actual Startup Time": 639.129,
                      "Actual Total Time": 646.362,
                      "Actual Rows": 114776.67,
                      "Actual Loops": 3,
                      "Disabled": false,
                      "Output": [
                        "customer.c_custkey",
                        "(PARTIAL count(orders.o_orderkey))"
                      ],
                      "Sort Key": [
                        "customer.c_custkey"
                      ],
                      "Sort Method": "external merge",
                      "Sort Space Used": 2504,
                      "Sort Space Type": "Disk",
                      "Shared Hit Blocks": 836,
                      "Shared Read Blocks": 25729,
                      "Shared Dirtied Blocks": 0,
                      "Shared Written Blocks": 0,
                      "Local Hit Blocks": 0,
                      "Local Read Blocks": 0,
                      "Local Dirtied Blocks": 0,
                      "Local Written Blocks": 0,
                      "Temp Read Blocks": 1241,
                      "Temp Written Blocks": 1406,
                      "Workers": [
                        {
                          "Worker Number": 0,
                          "Actual Startup Time": 690.139,
                          "Actual Total Time": 699.803,
                          "Actual Rows": 148151.0,
                          "Actual Loops": 1,
                          "Sort Method": "external merge",
                          "Sort Space Used": 3776,
                          "Sort Space Type": "Disk",
                          "Shared Hit Blocks": 290,
                          "Shared Read Blocks": 8545,
                          "Shared Dirtied Blocks": 0,
                          "Shared Written Blocks": 0,
                          "Local Hit Blocks": 0,
                          "Local Read Blocks": 0,
                          "Local Dirtied Blocks": 0,
                          "Local Written Blocks": 0,
                          "Temp Read Blocks": 615,
                          "Temp Written Blocks": 778
                        },
                        {
                          "Worker Number": 1,
                          "Actual Startup Time": 605.786,
                          "Actual Total Time": 612.177,
                          "Actual Rows": 98080.0,
                          "Actual Loops": 1,
                          "Sort Method": "external merge",
                          "Sort Space Used": 2504,
                          "Sort Space Type": "Disk",
                          "Shared Hit Blocks": 256,
                          "Shared Read Blocks": 8578,
                          "Shared Dirtied Blocks": 0,
                          "Shared Written Blocks": 0,
                          "Local Hit Blocks": 0,
                          "Local Read Blocks": 0,
                          "Local Dirtied Blocks": 0,
                          "Local Written Blocks": 0,
                          "Temp Read Blocks": 313,
                          "Temp Written Blocks": 314
                        }
                      ],
                      "Plans": [
                        {
                          "Node Type": "Aggregate",
                          "Strategy": "Hashed",
                          "Partial Mode": "Partial",
                          "Parent Relationship": "Outer",
                          "Parallel Aware": false,
                          "Async Capable": false,
                          "Startup Cost": 73824.75,
                          "Total Cost": 80108.92,
                          "Plan Rows": 150000,
                          "Plan Width": 12,
                          "Actual Startup Time": 566.354,
                          "Actual Total Time": 584.586,
                          "Actual Rows": 114776.67,
                          "Actual Loops": 3,
                          "Disabled": false,
                          "Output": [
                            "customer.c_custkey",
                            "PARTIAL count(orders.o_orderkey)"
                          ],
                          "Group Key": [
                            "customer.c_custkey"
                          ],
                          "Planned Partitions": 4,
                          "HashAgg Batches": 1,
                          "Peak Memory Usage": 5913,
                          "Disk Usage": 0,
                          "Shared Hit Blocks": 822,
                          "Shared Read Blocks": 25729,
                          "Shared Dirtied Blocks": 0,
                          "Shared Written Blocks": 0,
                          "Local Hit Blocks": 0,
                          "Local Read Blocks": 0,
                          "Local Dirtied Blocks": 0,
                          "Local Written Blocks": 0,
                          "Temp Read Blocks": 143,
                          "Temp Written Blocks": 304,
                          "Workers": [
                            {
                              "Worker Number": 0,
                              "Actual Startup Time": 597.66,
                              "Actual Total Time": 627.874,
                              "Actual Rows": 148151.0,
                              "Actual Loops": 1,
                              "HashAgg Batches": 5,
                              "Peak Memory Usage": 8249,
                              "Disk Usage": 1624,
                              "Shared Hit Blocks": 283,
                              "Shared Read Blocks": 8545,
                              "Shared Dirtied Blocks": 0,
                              "Shared Written Blocks": 0,
                              "Local Hit Blocks": 0,
                              "Local Read Blocks": 0,
                              "Local Dirtied Blocks": 0,
                              "Local Written Blocks": 0,
                              "Temp Read Blocks": 143,
                              "Temp Written Blocks": 304
                            },
                            {
                              "Worker Number": 1,
                              "Actual Startup Time": 546.929,
                              "Actual Total Time": 559.01,
                              "Actual Rows": 98080.0,
                              "Actual Loops": 1,
                              "HashAgg Batches": 1,
                              "Peak Memory Usage": 5913,
                              "Disk Usage": 0,
                              "Shared Hit Blocks": 249,
                              "Shared Read Blocks": 8578,
                              "Shared Dirtied Blocks": 0,
                              "Shared Written Blocks": 0,
                              "Local Hit Blocks": 0,
                              "Local Read Blocks": 0,
                              "Local Dirtied Blocks": 0,
                              "Local Written Blocks": 0,
                              "Temp Read Blocks": 0,
                              "Temp Written Blocks": 0
                            }
                          ],
                          "Plans": [
                            {
                              "Node Type": "Hash Join",
                              "Parent Relationship": "Outer",
                              "Parallel Aware": true,
                              "Async Capable": false,
                              "Join Type": "Right",
                              "Startup Cost": 3822.69,
                              "Total Cost": 39378.71,
                              "Plan Rows": 612374,
                              "Plan Width": 8,
                              "Actual Startup Time": 31.268,
                              "Actual Total Time": 367.38,
                              "Actual Rows": 511307.67,
                              "Actual Loops": 3,
                              "Disabled": false,
                              "Output": [
                                "customer.c_custkey",
                                "orders.o_orderkey"
                              ],
                              "Inner Unique": true,
                              "Hash Cond": "(orders.o_custkey = customer.c_custkey)",
                              "Shared Hit Blocks": 822,
                              "Shared Read Blocks": 25729,
                              "Shared Dirtied Blocks": 0,
                              "Shared Written Blocks": 0,
                              "Local Hit Blocks": 0,
                              "Local Read Blocks": 0,
                              "Local Dirtied Blocks": 0,
                              "Local Written Blocks": 0,
                              "Temp Read Blocks": 0,
                              "Temp Written Blocks": 0,
                              "Workers": [
                                {
                                  "Worker Number": 0,
                                  "Actual Startup Time": 28.788,
                                  "Actual Total Time": 372.414,
                                  "Actual Rows": 543789.0,
                                  "Actual Loops": 1,
                                  "Shared Hit Blocks": 283,
                                  "Shared Read Blocks": 8545,
                                  "Shared Dirtied Blocks": 0,
                                  "Shared Written Blocks": 0,
                                  "Local Hit Blocks": 0,
                                  "Local Read Blocks": 0,
                                  "Local Dirtied Blocks": 0,
                                  "Local Written Blocks": 0,
                                  "Temp Read Blocks": 0,
                                  "Temp Written Blocks": 0
                                },
                                {
                                  "Worker Number": 1,
                                  "Actual Startup Time": 28.754,
                                  "Actual Total Time": 366.363,
                                  "Actual Rows": 494611.0,
                                  "Actual Loops": 1,
                                  "Shared Hit Blocks": 249,
                                  "Shared Read Blocks": 8578,
                                  "Shared Dirtied Blocks": 0,
                                  "Shared Written Blocks": 0,
                                  "Local Hit Blocks": 0,
                                  "Local Read Blocks": 0,
                                  "Local Dirtied Blocks": 0,
                                  "Local Written Blocks": 0,
                                  "Temp Read Blocks": 0,
                                  "Temp Written Blocks": 0
                                }
                              ],
                              "Plans": [
                                {
                                  "Node Type": "Seq Scan",
                                  "Parent Relationship": "Outer",
                                  "Parallel Aware": true,
                                  "Async Capable": false,
                                  "Relation Name": "orders",
                                  "Schema": "public",
                                  "Alias": "orders",
                                  "Startup Cost": 0.0,
                                  "Total Cost": 33948.5,
                                  "Plan Rows": 612374,
                                  "Plan Width": 8,
                                  "Actual Startup Time": 0.14,
                                  "Actual Total Time": 127.181,
                                  "Actual Rows": 494639.33,
                                  "Actual Loops": 3,
                                  "Disabled": false,
                                  "Output": [
                                    "orders.o_orderkey",
                                    "orders.o_custkey",
                                    "orders.o_orderstatus",
                                    "orders.o_totalprice",
                                    "orders.o_orderdate",
                                    "orders.o_orderpriority",
                                    "orders.o_clerk",
                                    "orders.o_shippriority",
                                    "orders.o_comment"
                                  ],
                                  "Filter": "((orders.o_comment)::text !~~ '%special%requests%'::text)",
                                  "Rows Removed by Filter": 5361,
                                  "Shared Hit Blocks": 815,
                                  "Shared Read Blocks": 25321,
                                  "Shared Dirtied Blocks": 0,
                                  "Shared Written Blocks": 0,
                                  "Local Hit Blocks": 0,
                                  "Local Read Blocks": 0,
                                  "Local Dirtied Blocks": 0,
                                  "Local Written Blocks": 0,
                                  "Temp Read Blocks": 0,
                                  "Temp Written Blocks": 0,
                                  "Workers": [
                                    {
                                      "Worker Number": 0,
                                      "Actual Startup Time": 0.19,
                                      "Actual Total Time": 127.441,
                                      "Actual Rows": 493784.0,
                                      "Actual Loops": 1,
                                      "Shared Hit Blocks": 281,
                                      "Shared Read Blocks": 8414,
                                      "Shared Dirtied Blocks": 0,
                                      "Shared Written Blocks": 0,
                                      "Local Hit Blocks": 0,
                                      "Local Read Blocks": 0,
                                      "Local Dirtied Blocks": 0,
                                      "Local Written Blocks": 0,
                                      "Temp Read Blocks": 0,
                                      "Temp Written Blocks": 0
                                    },
                                    {
                                      "Worker Number": 1,
                                      "Actual Startup Time": 0.152,
                                      "Actual Total Time": 130.644,
                                      "Actual Rows": 494611.0,
                                      "Actual Loops": 1,
                                      "Shared Hit Blocks": 248,
                                      "Shared Read Blocks": 8460,
                                      "Shared Dirtied Blocks": 0,
                                      "Shared Written Blocks": 0,
                                      "Local Hit Blocks": 0,
                                      "Local Read Blocks": 0,
                                      "Local Dirtied Blocks": 0,
                                      "Local Written Blocks": 0,
                                      "Temp Read Blocks": 0,
                                      "Temp Written Blocks": 0
                                    }
                                  ]
                                },
                                {
                                  "Node Type": "Hash",
                                  "Parent Relationship": "Inner",
                                  "Parallel Aware": true,
                                  "Async Capable": false,
                                  "Startup Cost": 3041.44,
                                  "Total Cost": 3041.44,
                                  "Plan Rows": 62500,
                                  "Plan Width": 4,
                                  "Actual Startup Time": 30.956,
                                  "Actual Total Time": 30.956,
                                  "Actual Rows": 50000.0,
                                  "Actual Loops": 3,
                                  "Disabled": false,
                                  "Output": [
                                    "customer.c_custkey"
                                  ],
                                  "Hash Buckets": 262144,
                                  "Original Hash Buckets": 262144,
                                  "Hash Batches": 1,
                                  "Original Hash Batches": 1,
                                  "Peak Memory Usage": 7936,
                                  "Shared Hit Blocks": 7,
                                  "Shared Read Blocks": 408,
                                  "Shared Dirtied Blocks": 0,
                                  "Shared Written Blocks": 0,
                                  "Local Hit Blocks": 0,
                                  "Local Read Blocks": 0,
                                  "Local Dirtied Blocks": 0,
                                  "Local Written Blocks": 0,
                                  "Temp Read Blocks": 0,
                                  "Temp Written Blocks": 0,
                                  "Workers": [
                                    {
                                      "Worker Number": 0,
                                      "Actual Startup Time": 28.581,
                                      "Actual Total Time": 28.581,
                                      "Actual Rows": 48252.0,
                                      "Actual Loops": 1,
                                      "Shared Hit Blocks": 2,
                                      "Shared Read Blocks": 131,
                                      "Shared Dirtied Blocks": 0,
                                      "Shared Written Blocks": 0,
                                      "Local Hit Blocks": 0,
                                      "Local Read Blocks": 0,
                                      "Local Dirtied Blocks": 0,
                                      "Local Written Blocks": 0,
                                      "Temp Read Blocks": 0,
                                      "Temp Written Blocks": 0
                                    },
                                    {
                                      "Worker Number": 1,
                                      "Actual Startup Time": 28.579,
                                      "Actual Total Time": 28.58,
                                      "Actual Rows": 43188.0,
                                      "Actual Loops": 1,
                                      "Shared Hit Blocks": 1,
                                      "Shared Read Blocks": 118,
                                      "Shared Dirtied Blocks": 0,
                                      "Shared Written Blocks": 0,
                                      "Local Hit Blocks": 0,
                                      "Local Read Blocks": 0,
                                      "Local Dirtied Blocks": 0,
                                      "Local Written Blocks": 0,
                                      "Temp Read Blocks": 0,
                                      "Temp Written Blocks": 0
                                    }
                                  ],
                                  "Plans": [
                                    {
                                      "Node Type": "Index Only Scan",
                                      "Parent Relationship": "Outer",
                                      "Parallel Aware": true,
                                      "Async Capable": false,
                                      "Scan Direction": "Forward",
                                      "Index Name": "customer_pkey",
                                      "Relation Name": "customer",
                                      "Schema": "public",
                                      "Alias": "customer",
                                      "Startup Cost": 0.42,
                                      "Total Cost": 3041.44,
                                      "Plan Rows": 62500,
                                      "Plan Width": 4,
                                      "Actual Startup Time": 0.2,
                                      "Actual Total Time": 18.575,
                                      "Actual Rows": 50000.0,
                                      "Actual Loops": 3,
                                      "Disabled": false,
                                      "Output": [
                                        "customer.c_custkey"
                                      ],
                                      "Heap Fetches": 0,
                                      "Index Searches": 1,
                                      "Shared Hit Blocks": 7,
                                      "Shared Read Blocks": 408,
                                      "Shared Dirtied Blocks": 0,
                                      "Shared Written Blocks": 0,
                                      "Local Hit Blocks": 0,
                                      "Local Read Blocks": 0,
                                      "Local Dirtied Blocks": 0,
                                      "Local Written Blocks": 0,
                                      "Temp Read Blocks": 0,
                                      "Temp Written Blocks": 0,
                                      "Workers": [
                                        {
                                          "Worker Number": 0,
                                          "Actual Startup Time": 0.291,
                                          "Actual Total Time": 16.882,
                                          "Actual Rows": 48252.0,
                                          "Actual Loops": 1,
                                          "Shared Hit Blocks": 2,
                                          "Shared Read Blocks": 131,
                                          "Shared Dirtied Blocks": 0,
                                          "Shared Written Blocks": 0,
                                          "Local Hit Blocks": 0,
                                          "Local Read Blocks": 0,
                                          "Local Dirtied Blocks": 0,
                                          "Local Written Blocks": 0,
                                          "Temp Read Blocks": 0,
                                          "Temp Written Blocks": 0
                                        },
                                        {
                                          "Worker Number": 1,
                                          "Actual Startup Time": 0.294,
                                          "Actual Total Time": 17.646,
                                          "Actual Rows": 43188.0,
                                          "Actual Loops": 1,
                                          "Shared Hit Blocks": 1,
                                          "Shared Read Blocks": 118,
                                          "Shared Dirtied Blocks": 0,
                                          "Shared Written Blocks": 0,
                                          "Local Hit Blocks": 0,
                                          "Local Read Blocks": 0,
                                          "Local Dirtied Blocks": 0,
                                          "Local Written Blocks": 0,
                                          "Temp Read Blocks": 0,
                                          "Temp Written Blocks": 0
                                        }
                                      ]
                                    }
                                  ]
                                }
                              ]
                            }
                          ]
                        }
                      ]
                    }
                  ]
                }
              ]
            }
          ]
        }
      ]
    },
    "Planning": {
      "Shared Hit Blocks": 21,
      "Shared Read Blocks": 5,
      "Shared Dirtied Blocks": 1,
      "Shared Written Blocks": 0,
      "Local Hit Blocks": 0,
      "Local Read Blocks": 0,
      "Local Dirtied Blocks": 0,
      "Local Written Blocks": 0,
      "Temp Read Blocks": 0,
      "Temp Written Blocks": 0
    },
    "Planning Time": 2.94,
    "Triggers": [],
    "Execution Time": 780.662
  }
]