[
  {
    "Plan": {
      "Node Type": "Aggregate",
      "Strategy": "Plain",
      "Partial Mode": "Finalize",
      "Parallel Aware": false,
      "Async Capable": false,
      "Startup Cost": 157797.89,
      "Total Cost": 157797.9,
      "Plan Rows": 1,
      "Plan Width": 32,
      "Actual Startup Time": 1499.728,
      "Actual Total Time": 1502.812,
      "Actual Rows": 1.0,
      "Actual Loops": 1,
      "Disabled": false,
      "Output": [
        "((100.00 * sum(CASE WHEN ((part.p_type)::text ~~ 'PROMO%'::text) THEN (lineitem.l_extendedprice * ('1'::numeric - lineitem.l_discount)) ELSE '0'::numeric END)) / sum((lineitem.l_extendedprice * ('1'::numeric - lineitem.l_discount))))"
      ],
      "Shared Hit Blocks": 8367,
      "Shared Read Blocks": 108361,
      "Shared Dirtied Blocks": 0,
      "Shared Written Blocks": 0,
      "Local Hit Blocks": 0,
      "Local Read Blocks": 0,
      "Local Dirtied Blocks": 0,
      "Local Written Blocks": 0,
      "Temp Read Blocks": 0,
      "Temp Written Blocks": 0,
      "Plans": [
        {
          "Node Type": "Gather",
          "Parent Relationship": "Outer",
          "Parallel Aware": false,
          "Async Capable": false,
          "Startup Cost": 157797.65,
          "Total Cost": 157797.86,
          "Plan Rows": 2,
          "Plan Width": 64,
          "Actual Startup Time": 1498.04,
          "Actual Total Time": 1502.793,
          "Actual Rows": 3.0,
          "Actual Loops": 1,
          "Disabled": false,
          "Output": [
            "(PARTIAL sum(CASE WHEN ((part.p_type)::text ~~ 'PROMO%'::text) THEN (lineitem.l_extendedprice * ('1'::numeric - lineitem.l_discount)) ELSE '0'::numeric END))",
            "(PARTIAL sum((lineitem.l_extendedprice * ('1'::numeric - lineitem.l_discount))))"
          ],
          "Workers Planned": 2,
          "Workers Launched": 2,
          "Single Copy": false,
          "Shared Hit Blocks": 8367,
          "Shared Read Blocks": 108361,
          "Shared Dirtied Blocks": 0,
          "Shared Written Blocks": 0,
          "Local Hit Blocks": 0,
          "Local Read Blocks": 0,
          "Local Dirtied Blocks": 0,
          "Local Written Blocks": 0,
          "Temp Read Blocks": 0,
          "Temp Written Blocks": 0,
          "Plans": [
            {
              "Node Type": "Aggregate",
              "Strategy": "Plain",
              "Partial Mode": "Partial",
              "Parent Relationship": "Outer",
              "Parallel Aware": false,
              "Async Capable": false,
              "Startup Cost": 156797.65,
              "Total Cost": 156797.66,
              "Plan Rows": 1,
              "Plan Width": 64,
              "Actual Startup Time": 1495.796,
              "Actual Total Time": 1495.799,
              "Actual Rows": 1.0,
              "Actual Loops": 3,
              "Disabled": false,
              "Output": [
                "PARTIAL sum(CASE WHEN ((part.p_type)::text ~~ 'PROMO%'::text) THEN (lineitem.l_extendedprice * ('1'::numeric - lineitem.l_discount)) ELSE '0'::numeric END)",
                "PARTIAL sum((lineitem.l_extendedprice * ('1'::numeric - lineitem.l_discount)))"
              ],
              "Shared Hit Blocks": 8367,
              "Shared Read Blocks": 108361,
              "Shared Dirtied Blocks": 0,
              "Shared Written Blocks": 0,
              "Local Hit Blocks": 0,
              "Local Read Blocks": 0,
              "Local Dirtied Blocks": 0,
              "Local Written Blocks": 0,
              "Temp Read Blocks": 0,
              "Temp Written Blocks": 0,
              "Workers": [
                {
                  "Worker Number": 0,
                  "Actual Startup Time": 1494.432,
                  "Actual Total Time": 1494.435,
                  "Actual Rows": 1.0,
                  "Actual Loops": 1,
                  "Shared Hit Blocks": 2657,
                  "Shared Read Blocks": 36044,
                  "Shared Dirtied Blocks": 0,
                  "Shared Written Blocks": 0,
                  "Local Hit Blocks": 0,
                  "Local Read Blocks": 0,
                  "Local Dirtied Blocks": 0,
                  "Local Written Blocks": 0,
                  "Temp Read Blocks": 0,
                  "Temp Written Blocks": 0
                },
                {
                  "Worker Number": 1,
                  "Actual Startup Time": 1495.058,
                  "Actual Total Time": 1495.06,
                  "Actual Rows": 1.0,
                  "Actual Loops": 1,
                  "Shared Hit Blocks": 2739,
                  "Shared Read Blocks": 36167,
                  "Shared Dirtied Blocks": 0,
                  "Shared Written Blocks": 0,
                  "Local Hit Blocks": 0,
                  "Local Read Blocks": 0,
                  "Local Dirtied Blocks": 0,
                  "Local Written Blocks": 0,
                  "Temp Read Blocks": 0,
                  "Temp Written Blocks": 0
                }
              ],
              "Plans": [
                {
                  "Node Type": "Hash Join",
                  "Parent Relationship": "Outer",
                  "Parallel Aware": true,
                  "Async Capable": false,
                  "Join Type": "Inner",
                  "Startup Cost": 6003.0,
                  "Total Cost": 156203.47,
                  "Plan Rows": 33953,
                  "Plan Width": 33,
                  "Actual Startup Time": 25.407,
                  "Actual Total Time": 1454.154,
                  "Actual Rows": 25327.67,
                  "Actual Loops": 3,
                  "Disabled": false,
                  "Output": [
                    "part.p_type",
                    "lineitem.l_extendedprice",
                    "lineitem.l_discount"
                  ],
                  "Inner Unique": true,
                  "Hash Cond": "(lineitem.l_partkey = part.p_partkey)",
                  "Shared Hit Blocks": 8367,
                  "Shared Read Blocks": 108361,
                  "Shared Dirtied Blocks": 0,
                  "Shared Written Blocks": 0,
                  "Local Hit Blocks": 0,
                  "Local Read Blocks": 0,
                  "Local Dirtied Blocks": 0,
                  "Local Written Blocks": 0,
                  "Temp Read Blocks": 0,
                  "Temp Written Blocks": 0,
                  "Workers": [
                    {
                      "Worker Number": 0,
                      "Actual Startup Time": 24.686,
                      "Actual Total Time": 1397.763,
                      "Actual Rows": 25193.0,
                      "Actual Loops": 1,
                      "Shared Hit Blocks": 2657,
                      "Shared Read Blocks": 36044,
                      "Shared Dirtied Blocks": 0,
                      "Shared Written Blocks": 0,
                      "Local Hit Blocks": 0,
                      "Local Read Blocks": 0,
                      "Local Dirtied Blocks": 0,
                      "Local Written Blocks": 0,
                      "Temp Read Blocks": 0,
                      "Temp Written Blocks": 0
                    },
                    {
                      "Worker Number": 1,
                      "Actual Startup Time": 24.247,
                      "Actual Total Time": 1481.441,
                      "Actual Rows": 25214.0,
                      "Actual Loops": 1,
                      "Shared Hit Blocks": 2739,
                      "Shared Read Blocks": 36167,
                      "Shared Dirtied Blocks": 0,
                      "Shared Written Blocks": 0,
                      "Local Hit Blocks": 0,
                      "Local Read Blocks": 0,
                      "Local Dirtied Blocks": 0,
                      "Local Written Blocks": 0,
                      "Temp Read Blocks": 0,
                      "Temp Written Blocks": 0
                    }
                  ],
                  "Plans": [
                    {
                      "Node Type": "Seq Scan",
                      "Parent Relationship": "Outer",
                      "Parallel Aware": true,
                      "Async Capable": false,
                      "Relation Name": "lineitem",
                      "Schema": "public",
                      "Alias": "lineitem",
                      "Startup Cost": 0.0,
                      "Total Cost": 150111.35,
                      "Plan Rows": 33953,
                      "Plan Width": 16,
                      "Actual Startup Time": 0.629,
                      "Actual Total Time": 1404.361,
                      "Actual Rows": 25327.67,
                      "Actual Loops": 3,
                      "Disabled": false,
                      "Output": [
                        "lineitem.l_orderkey",
                        "lineitem.l_partkey",
                        "lineitem.l_suppkey",
                        "lineitem.l_linenumber",
                        "lineitem.l_quantity",
                        "lineitem.l_extendedprice",
                        "lineitem.l_discount",
                        "lineitem.l_tax",
                        "lineitem.l_returnflag",
                        "lineitem.l_linestatus",
                        "lineitem.l_shipdate",
                        "lineitem.l_commitdate",
                        "lineitem.l_receiptdate",
                        "lineitem.l_shipinstruct",
                        "lineitem.l_shipmode",
                        "lineitem.l_comment"
                      ],
                      "Filter": "((lineitem.l_shipdate >= '1995-09-01'::date) AND (lineitem.l_shipdate < '1995-10-01 00:00:00'::timestamp without time zone))",
                      "Rows Removed by Filter": 1975077,
                      "Shared Hit Blocks": 4272,
                      "Shared Read Blocks": 108328,
                      "Shared Dirtied Blocks": 0,
                      "Shared Written Blocks": 0,
                      "Local Hit Blocks": 0,
                      "Local Read Blocks": 0,
                      "Local Dirtied Blocks": 0,
                      "Local Written Blocks": 0,
                      "Temp Read Blocks": 0,
                      "Temp Written Blocks": 0,
                      "Workers": [
                        {
                          "Worker Number": 0,
                          "Actual Startup Time": 1.113,
                          "Actual Total Time": 1348.111,
                          "Actual Rows": 25193.0,
                          "Actual Loops": 1,
                          "Shared Hit Blocks": 1366,
                          "Shared Read Blocks": 36037,
                          "Shared Dirtied Blocks": 0,
                          "Shared Written Blocks": 0,
                          "Local Hit Blocks": 0,
                          "Local Read Blocks": 0,
                          "Local Dirtied Blocks": 0,
                          "Local Written Blocks": 0,
                          "Temp Read Blocks": 0,
                          "Temp Written Blocks": 0
                        },
                        {
                          "Worker Number": 1,
                          "Actual Startup Time": 0.692,
                          "Actual Total Time": 1432.472,
                          "Actual Rows": 25214.0,
                          "Actual Loops": 1,
                          "Shared Hit Blocks": 1427,
                          "Shared Read Blocks": 36160,
                          "Shared Dirtied Blocks": 0,
                          "Shared Written Blocks": 0,
                          "Local Hit Blocks": 0,
                          "Local Read Blocks": 0,
                          "Local Dirtied Blocks": 0,
                          "Local Written Blocks": 0,
                          "Temp Read Blocks": 0,
                          "Temp Written Blocks": 0
                        }
                      ]
                    },
                    {
                      "Node Type": "Hash",
                      "Parent Relationship": "Inner",
                      "Parallel Aware": true,
                      "Async Capable": false,
                      "Startup Cost": 4961.33,
                      "Total Cost": 4961.33,
                      "Plan Rows": 83333,
                      "Plan Width": 25,
                      "Actual Startup Time": 24.657,
                      "Actual Total Time": 24.658,
                      "Actual Rows": 66666.67,
                      "Actual Loops": 3,
                      "Disabled": false,
                      "Output": [
                        "part.p_type",
                        "part.p_partkey"
                      ],
                      "Hash Buckets": 262144,
                      "Original Hash Buckets": 262144,
                      "Hash Batches": 1,
                      "Original Hash Batches": 1,
                      "Peak Memory Usage": 14144,
                      "Shared Hit Blocks": 4095,
                      "Shared Read Blocks": 33,
                      "Shared Dirtied Blocks": 0,
                      "Shared Written Blocks": 0,
                      "Local Hit Blocks": 0,
                      "Local Read Blocks": 0,
                      "Local Dirtied Blocks": 0,
                      "Local Written Blocks": 0,
                      "Temp Read Blocks": 0,
                      "Temp Written Blocks": 0,
                      "Workers": [
                        {
                          "Worker Number": 0,
                          "Actual Startup Time": 23.558,
                          "Actual Total Time": 23.559,
                          "Actual Rows": 63012.0,
                          "Actual Loops": 1,
                          "Shared Hit Blocks": 1291,
                          "Shared Read Blocks": 7,
                          "Shared Dirtied Blocks": 0,
                          "Shared Written Blocks": 0,
                          "Local Hit Blocks": 0,
                          "Local Read Blocks": 0,
                          "Local Dirtied Blocks": 0,
                          "Local Written Blocks": 0,
                          "Temp Read Blocks": 0,
                          "Temp Written Blocks": 0
                        },
                        {
                          "Worker Number": 1,
                          "Actual Startup Time": 23.527,
                          "Actual Total Time": 23.528,
                          "Actual Rows": 64042.0,
                          "Actual Loops": 1,
                          "Shared Hit Blocks": 1312,
                          "Shared Read Blocks": 7,
                          "Shared Dirtied Blocks": 0,
                          "Shared Written Blocks": 0,
                          "Local Hit Blocks": 0,
                          "Local Read Blocks": 0,
                          "Local Dirtied Blocks": 0,
                          "Local Written Blocks": 0,
                          "Temp Read Blocks": 0,
                          "Temp Written Blocks": 0
                        }
                      ],
                      "Plans": [
                        {
                          "Node Type": "Seq Scan",
                          "Parent Relationship": "Outer",
                          "Parallel Aware": true,
                          "Async Capable": false,
                          "Relation Name": "part",
                          "Schema": "public",
                          "Alias": "part",
                          "Startup Cost": 0.0,
                          "Total Cost": 4961.33,
                          "Plan Rows": 83333,
                          "Plan Width": 25,
                          "Actual Startup Time": 0.015,
                          "Actual Total Time": 12.991,
                          "Actual Rows": 66666.67,
                          "Actual Loops": 3,
                          "Disabled": false,
                          "Output": [
                            "part.p_type",
                            "part.p_partkey"
                          ],
                          "Shared Hit Blocks": 4095,
                          "Shared Read Blocks": 33,
                          "Shared Dirtied Blocks": 0,
                          "Shared Written Blocks": 0,
                          "Local Hit Blocks": 0,
                          "Local Read Blocks": 0,
                          "Local Dirtied Blocks": 0,
                          "Local Written Blocks": 0,
                          "Temp Read Blocks": 0,
                          "Temp Written Blocks": 0,
                          "Workers": [
                            {
                              "Worker Number": 0,
                              "Actual Startup Time": 0.025,
                              "Actual Total Time": 12.506,
                              "Actual Rows": 63012.0,
                              "Actual Loops": 1,
                              "Shared Hit Blocks": 1291,
                              "Shared Read Blocks": 7,
                              "Shared Dirtied Blocks": 0,
                              "Shared Written Blocks": 0,
                              "Local Hit Blocks": 0,
                              "Local Read Blocks": 0,
                              "Local Dirtied Blocks": 0,
                              "Local Written Blocks": 0,
                              "Temp Read Blocks": 0,
                              "Temp Written Blocks": 0
                            },
                            {
                              "Worker Number": 1,
                              "Actual Startup Time": 0.009,
                              "Actual Total Time": 12.342,
                              "Actual Rows": 64042.0,
                              "Actual Loops": 1,
                              "Shared Hit Blocks": 1312,
                              "Shared Read Blocks": 7,
                              "Shared Dirtied Blocks": 0,
                              "Shared Written Blocks": 0,
                              "Local Hit Blocks": 0,
                              "Local Read Blocks": 0,
                              "Local Dirtied Blocks": 0,
                              "Local Written Blocks": 0,
                              "Temp Read Blocks": 0,
                              "Temp Written Blocks": 0
                            }
                          ]
                        }
                      ]
                    }
                  ]
                }
              ]
            }
          ]
        }
      ]
    },
    "Planning": {
      "Shared Hit Blocks": 8,
      "Shared Read Blocks": 0,
      "Shared Dirtied Blocks": 0,
      "Shared Written Blocks": 0,
      "Local Hit Blocks": 0,
      "Local Read Blocks": 0,
      "Local Dirtied Blocks": 0,
      "Local Written Blocks": 0,
      "Temp Read Blocks": 0,
      "Temp Written Blocks": 0
    },
    "Planning Time": 0.147,
    "Triggers": [],
    "Execution Time": 1502.884
  }
]