[
  {
    "Plan": {
      "Node Type": "Nested Loop",
      "Parallel Aware": false,
      "Async Capable": false,
      "Join Type": "Inner",
      "Startup Cost": 156145.4,
      "Total Cost": 156677.38,
      "Plan Rows": 50,
      "Plan Width": 103,
      "Actual Startup Time": 1200.162,
      "Actual Total Time": 1200.738,
      "Actual Rows": 1.0,
      "Actual Loops": 1,
      "Disabled": false,
      "Output": [
        "supplier.s_suppkey",
        "supplier.s_name",
        "supplier.s_address",
        "supplier.s_phone",
        "revenue.total_revenue"
      ],
      "Inner Unique": true,
      "Shared Hit Blocks": 4571,
      "Shared Read Blocks": 108046,
      "Shared Dirtied Blocks": 0,
      "Shared Written Blocks": 0,
      "Local Hit Blocks": 0,
      "Local Read Blocks": 0,
      "Local Dirtied Blocks": 0,
      "Local Written Blocks": 0,
      "Temp Read Blocks": 0,
      "Temp Written Blocks": 0,
      "Plans": [
        {
          "Node Type": "Aggregate",
          "Strategy": "Sorted",
          "Partial Mode": "Finalize",
          "Parent Relationship": "InitPlan",
          "Subplan Name": "CTE revenue",
          "Parallel Aware": false,
          "Async Capable": false,
          "Startup Cost": 152817.97,
          "Total Cost": 155919.97,
          "Plan Rows": 10006,
          "Plan Width": 36,
          "Actual Startup Time": 1187.577,
          "Actual Total Time": 1197.475,
          "Actual Rows": 10000.0,
          "Actual Loops": 1,
          "Disabled": false,
          "Output": [
            "lineitem.l_suppkey",
            "sum((lineitem.l_extendedprice * ('1'::numeric - lineitem.l_discount)))"
          ],
          "Group Key": [
            "lineitem.l_suppkey"
          ],
          "Shared Hit Blocks": 4568,
          "Shared Read Blocks": 108046,
          "Shared Dirtied Blocks": 0,
          "Shared Written Blocks": 0,
          "Local Hit Blocks": 0,
          "Local Read Blocks": 0,
          "Local Dirtied Blocks": 0,
          "Local Written Blocks": 0,
          "Temp Read Blocks": 0,
          "Temp Written Blocks": 0,
          "Plans": [
            {
              "Node Type": "Gather Merge",
              "Parent Relationship": "Outer",
              "Parallel Aware": false,
              "Async Capable": false,
              "Startup Cost": 152817.97,
              "Total Cost": 155614.79,
              "Plan Rows": 24014,
              "Plan Width": 36,
              "Actual Startup Time": 1187.563,
              "Actual Total Time": 1191.065,
              "Actual Rows": 29980.0,
              "Actual Loops": 1,
              "Disabled": false,
              "Output": [
                "lineitem.l_suppkey",
                "(PARTIAL sum((lineitem.l_extendedprice * ('1'::numeric - lineitem.l_discount))))"
              ],
              "Workers Planned": 2,
              "Workers Launched": 2,
              "Shared Hit Blocks": 4568,
              "Shared Read Blocks": 108046,
              "Shared Dirtied Blocks": 0,
              "Shared Written Blocks": 0,
              "Local Hit Blocks": 0,
              "Local Read Blocks": 0,
              "Local Dirtied Blocks": 0,
              "Local Written Blocks": 0,
              "Temp Read Blocks": 0,
              "Temp Written Blocks": 0,
              "Plans": [
                {
                  "Node Type": "Sort",
                  "Parent Relationship": "Outer",
                  "Parallel Aware": false,
                  "Async Capable": false,
                  "Startup Cost": 151817.94,
                  "Total Cost": 151842.96,
                  "Plan Rows": 10006,
                  "Plan Width": 36,
                  "Actual Startup Time": 1176.47,
                  "Actual Total Time": 1177.091,
                  "Actual Rows": 9993.33,
                  "Actual Loops": 3,
                  "Disabled": false,
                  "Output": [
                    "lineitem.l_suppkey",
                    "(PARTIAL sum((lineitem.l_extendedprice * ('1'::numeric - lineitem.l_discount))))"
                  ],
                  "Sort Key": [
                    "lineitem.l_suppkey"
                  ],
                  "Sort Method": "quicksort",
                  "Sort Space Used": 1243,
                  "Sort Space Type": "Memory",
                  "Shared Hit Blocks": 4568,
                  "Shared Read Blocks": 108046,
                  "Shared Dirtied Blocks": 0,
                  "Shared Written Blocks": 0,
                  "Local Hit Blocks": 0,
                  "Local Read Blocks": 0,
                  "Local Dirtied Blocks": 0,
                  "Local Written Blocks": 0,
                  "Temp Read Blocks": 0,
                  "Temp Written Blocks": 0,
                  "Workers": [
                    {
                      "Worker Number": 0,
                      "Actual Startup Time": 1170.839,
                      "Actual Total Time": 1171.499,
                      "Actual Rows": 9991.0,
                      "Actual Loops": 1,
                      "Sort Method": "quicksort",
                      "Sort Space Used": 1243,
                      "Sort Space Type": "Memory",
                      "Shared Hit Blocks": 1481,
                      "Shared Read Blocks": 35888,
                      "Shared Dirtied Blocks": 0,
                      "Shared Written Blocks": 0,
                      "Local Hit Blocks": 0,
                      "Local Read Blocks": 0,
                      "Local Dirtied Blocks": 0,
                      "Local Written Blocks": 0,
                      "Temp Read Blocks": 0,
                      "Temp Written Blocks": 0
                    },
                    {
                      "Worker Number": 1,
                      "Actual Startup Time": 1171.313,
                      "Actual Total Time": 1172.064,
                      "Actual Rows": 9996.0,
                      "Actual Loops": 1,
                      "Sort Method": "quicksort",
                      "Sort Space Used": 1244,
                      "Sort Space Type": "Memory",
                      "Shared Hit Blocks": 1514,
                      "Shared Read Blocks": 35791,
                      "Shared Dirtied Blocks": 0,
                      "Shared Written Blocks": 0,
                      "Local Hit Blocks": 0,
                      "Local Read Blocks": 0,
                      "Local Dirtied Blocks": 0,
                      "Local Written Blocks": 0,
                      "Temp Read Blocks": 0,
                      "Temp Written Blocks": 0
                    }
                  ],
                  "Plans": [
                    {
                      "Node Type": "Aggregate",
                      "Strategy": "Hashed",
                      "Partial Mode": "Partial",
                      "Parent Relationship": "Outer",
                      "Parallel Aware": false,
                      "Async Capable": false,
                      "Startup Cost": 151028.04,
                      "Total Cost": 151153.11,
                      "Plan Rows": 10006,
                      "Plan Width": 36,
                      "Actual Startup Time": 1171.286,
                      "Actual Total Time": 1174.5,
                      "Actual Rows": 9993.33,
                      "Actual Loops": 3,
                      "Disabled": false,
                      "Output": [
                        "lineitem.l_suppkey",
                        "PARTIAL sum((lineitem.l_extendedprice * ('1'::numeric - lineitem.l_discount)))"
                      ],
                      "Group Key": [
                        "lineitem.l_suppkey"
                      ],
                      "Planned Partitions": 0,
                      "HashAgg Batches": 1,
                      "Peak Memory Usage": 3857,
                      "Disk Usage": 0,
                      "Shared Hit Blocks": 4554,
                      "Shared Read Blocks": 108046,
                      "Shared Dirtied Blocks": 0,
                      "Shared Written Blocks": 0,
                      "Local Hit Blocks": 0,
                      "Local Read Blocks": 0,
                      "Local Dirtied Blocks": 0,
                      "Local Written Blocks": 0,
                      "Temp Read Blocks": 0,
                      "Temp Written Blocks": 0,
                      "Workers": [
                        {
                          "Worker Number": 0,
                          "Actual Startup Time": 1165.879,
                          "Actual Total Time": 1169.12,
                          "Actual Rows": 9991.0,
                          "Actual Loops": 1,
                          "HashAgg Batches": 1,
                          "Peak Memory Usage": 3857,
                          "Disk Usage": 0,
                          "Shared Hit Blocks": 1474,
                          "Shared Read Blocks": 35888,
                          "Shared Dirtied Blocks": 0,
                          "Shared Written Blocks": 0,
                          "Local Hit Blocks": 0,
                          "Local Read Blocks": 0,
                          "Local Dirtied Blocks": 0,
                          "Local Written Blocks": 0,
                          "Temp Read Blocks": 0,
                          "Temp Written Blocks": 0
                        },
                        {
                          "Worker Number": 1,
                          "Actual Startup Time": 1166.552,
                          "Actual Total Time": 1169.948,
                          "Actual Rows": 9996.0,
                          "Actual Loops": 1,
                          "HashAgg Batches": 1,
                          "Peak Memory Usage": 3857,
                          "Disk Usage": 0,
                          "Shared Hit Blocks": 1507,
                          "Shared Read Blocks": 35791,
                          "Shared Dirtied Blocks": 0,
                          "Shared Written Blocks": 0,
                          "Local Hit Blocks": 0,
                          "Local Read Blocks": 0,
                          "Local Dirtied Blocks": 0,
                          "Local Written Blocks": 0,
                          "Temp Read Blocks": 0,
                          "Temp Written Blocks": 0
                        }
                      ],
                      "Plans": [
                        {
                          "Node Type": "Seq Scan",
                          "Parent Relationship": "Outer",
                          "Parallel Aware": true,
                          "Async Capable": false,
                          "Relation Name": "lineitem",
                          "Schema": "public",
                          "Alias": "lineitem",
                          "Startup Cost": 0.0,
                          "Total Cost": 150111.35,
                          "Plan Rows": 91669,
                          "Plan Width": 16,
                          "Actual Startup Time": 1.807,
                          "Actual Total Time": 1092.435,
                          "Actual Rows": 75318.0,
                          "Actual Loops": 3,
                          "Disabled": false,
                          "Output": [
                            "lineitem.l_orderkey",
                            "lineitem.l_partkey",
                            "lineitem.l_suppkey",
                            "lineitem.l_linenumber",
                            "lineitem.l_quantity",
                            "lineitem.l_extendedprice",
                            "lineitem.l_discount",
                            "lineitem.l_tax",
                            "lineitem.l_returnflag",
                            "lineitem.l_linestatus",
                            "lineitem.l_shipdate",
                            "lineitem.l_commitdate",
                            "lineitem.l_receiptdate",
                            "lineitem.l_shipinstruct",
                            "lineitem.l_shipmode",
                            "lineitem.l_comment"
                          ],
                          "Filter": "((lineitem.l_shipdate >= '1996-01-01'::date) AND (lineitem.l_shipdate < '1996-04-01 00:00:00'::timestamp without time zone))",
                          "Rows Removed by Filter": 1925087,
                          "Shared Hit Blocks": 4554,
                          "Shared Read Blocks": 108046,
                          "Shared Dirtied Blocks": 0,
                          "Shared Written Blocks": 0,
                          "Local Hit Blocks": 0,
                          "Local Read Blocks": 0,
                          "Local Dirtied Blocks": 0,
                          "Local Written Blocks": 0,
                          "Temp Read Blocks": 0,
                          "Temp Written Blocks": 0,
                          "Workers": [
                            {
                              "Worker Number": 0,
                              "Actual Startup Time": 1.999,
                              "Actual Total Time": 1085.899,
                              "Actual Rows": 74348.0,
                              "Actual Loops": 1,
                              "Shared Hit Blocks": 1474,
                              "Shared Read Blocks": 35888,
                              "Shared Dirtied Blocks": 0,
                              "Shared Written Blocks": 0,
                              "Local Hit Blocks": 0,
                              "Local Read Blocks": 0,
                              "Local Dirtied Blocks": 0,
                              "Local Written Blocks": 0,
                              "Temp Read Blocks": 0,
                              "Temp Written Blocks": 0
                            },
                            {
                              "Worker Number": 1,
                              "Actual Startup Time": 2.798,
                              "Actual Total Time": 1090.619,
                              "Actual Rows": 75088.0,
                              "Actual Loops": 1,
                              "Shared Hit Blocks": 1507,
                              "Shared Read Blocks": 35791,
                              "Shared Dirtied Blocks": 0,
                              "Shared Written Blocks": 0,
                              "Local Hit Blocks": 0,
                              "Local Read Blocks": 0,
                              "Local Dirtied Blocks": 0,
                              "Local Written Blocks": 0,
                              "Temp Read Blocks": 0,
                              "Temp Written Blocks": 0
                            }
                          ]
                        }
                      ]
                    }
                  ]
                }
              ]
            }
          ]
        },
        {
          "Node Type": "Aggregate",
          "Strategy": "Plain",
          "Partial Mode": "Simple",
          "Parent Relationship": "InitPlan",
          "Subplan Name": "InitPlan 2",
          "Parallel Aware": false,
          "Async Capable": false,
          "Startup Cost": 225.13,
          "Total Cost": 225.14,
          "Plan Rows": 1,
          "Plan Width": 32,
          "Actual Startup Time": 11.763,
          "Actual Total Time": 11.763,
          "Actual Rows": 1.0,
          "Actual Loops": 1,
          "Disabled": false,
          "Output": [
            "max(revenue_1.total_revenue)"
          ],
          "Shared Hit Blocks": 0,
          "Shared Read Blocks": 0,
          "Shared Dirtied Blocks": 0,
          "Shared Written Blocks": 0,
          "Local Hit Blocks": 0,
          "Local Read Blocks": 0,
          "Local Dirtied Blocks": 0,
          "Local Written Blocks": 0,
          "Temp Read Blocks": 0,
          "Temp Written Blocks": 0,
          "Plans": [
            {
              "Node Type": "CTE Scan",
              "Parent Relationship": "Outer",
              "Parallel Aware": false,
              "Async Capable": false,
              "CTE Name": "revenue",
              "Alias": "revenue_1",
              "Startup Cost": 0.0,
              "Total Cost": 200.12,
              "Plan Rows": 10006,
              "Plan Width": 32,
              "Actual Startup Time": 0.001,
              "Actual Total Time": 11.147,
              "Actual Rows": 10000.0,
              "Actual Loops": 1,
              "Disabled": false,
              "Output": [
                "revenue_1.supplier_no",
                "revenue_1.total_revenue"
              ],
              "Storage": "Memory",
              "Maximum Storage": 519,
              "Shared Hit Blocks": 0,
              "Shared Read Blocks": 0,
              "Shared Dirtied Blocks": 0,
              "Shared Written Blocks": 0,
              "Local Hit Blocks": 0,
              "Local Read Blocks": 0,
              "Local Dirtied Blocks": 0,
              "Local Written Blocks": 0,
              "Temp Read Blocks": 0,
              "Temp Written Blocks": 0
            }
          ]
        },
        {
          "Node Type": "CTE Scan",
          "Parent Relationship": "Outer",
          "Parallel Aware": false,
          "Async Capable": false,
          "CTE Name": "revenue",
          "Alias": "revenue",
          "Startup Cost": 0.0,
          "Total Cost": 225.13,
          "Plan Rows": 50,
          "Plan Width": 36,
          "Actual Startup Time": 1200.063,
          "Actual Total Time": 1200.214,
          "Actual Rows": 1.0,
          "Actual Loops": 1,
          "Disabled": false,
          "Output": [
            "revenue.supplier_no",
            "revenue.total_revenue"
          ],
          "Filter": "(revenue.total_revenue = (InitPlan 2).col1)",
          "Rows Removed by Filter": 9999,
          "Storage": "Memory",
          "Maximum Storage": 519,
          "Shared Hit Blocks": 1573,
          "Shared Read Blocks": 36367,
          "Shared Dirtied Blocks": 0,
          "Shared Written Blocks": 0,
          "Local Hit Blocks": 0,
          "Local Read Blocks": 0,
          "Local Dirtied Blocks": 0,
          "Local Written Blocks": 0,
          "Temp Read Blocks": 0,
          "Temp Written Blocks": 0
        },
        {
          "Node Type": "Index Scan",
          "Parent Relationship": "Inner",
          "Parallel Aware": false,
          "Async Capable": false,
          "Scan Direction": "Forward",
          "Index Name": "supplier_pkey",
          "Relation Name": "supplier",
          "Schema": "public",
          "Alias": "supplier",
          "Startup Cost": 0.29,
          "Total Cost": 6.14,
          "Plan Rows": 1,
          "Plan Width": 71,
          "Actual Startup Time": 0.088,
          "Actual Total Time": 0.088,
          "Actual Rows": 1.0,
          "Actual Loops": 1,
          "Disabled": false,
          "Output": [
            "supplier.s_suppkey",
            "supplier.s_name",
            "supplier.s_address",
            "supplier.s_nationkey",
            "supplier.s_phone",
            "supplier.s_acctbal",
            "supplier.s_comment"
          ],
          "Index Cond": "(supplier.s_suppkey = revenue.supplier_no)",
          "Rows Removed by Index Recheck": 0,
          "Index Searches": 1,
          "Shared Hit Blocks": 3,
          "Shared Read Blocks": 0,
          "Shared Dirtied Blocks": 0,
          "Shared Written Blocks": 0,
          "Local Hit Blocks": 0,
          "Local Read Blocks": 0,
          "Local Dirtied Blocks": 0,
          "Local Written Blocks": 0,
          "Temp Read Blocks": 0,
          "Temp Written Blocks": 0
        }
      ]
    },
    "Planning": {
      "Shared Hit Blocks": 2,
      "Shared Read Blocks": 1,
      "Shared Dirtied Blocks": 0,
      "Shared Written Blocks": 0,
      "Local Hit Blocks": 0,
      "Local Read Blocks": 0,
      "Local Dirtied Blocks": 0,
      "Local Written Blocks": 0,
      "Temp Read Blocks": 0,
      "Temp Written Blocks": 0
    },
    "Planning Time": 1.064,
    "Triggers": [],
    "Execution Time": 1200.96
  }
]