[
  {
    "Plan": {
      "Node Type": "Sort",
      "Parallel Aware": false,
      "Async Capable": false,
      "Startup Cost": 35738.92,
      "Total Cost": 35778.71,
      "Plan Rows": 15915,
      "Plan Width": 44,
      "Actual Startup Time": 213.987,
      "Actual Total Time": 214.609,
      "Actual Rows": 18314.0,
      "Actual Loops": 1,
      "Disabled": false,
      "Output": [
        "part.p_brand",
        "part.p_type",
        "part.p_size",
        "(count(DISTINCT partsupp.ps_suppkey))"
      ],
      "Sort Key": [
        "(count(DISTINCT partsupp.ps_suppkey)) DESC",
        "part.p_brand",
        "part.p_type",
        "part.p_size"
      ],
      "Sort Method": "quicksort",
      "Sort Space Used": 1912,
      "Sort Space Type": "Memory",
      "Shared Hit Blocks": 4848,
      "Shared Read Blocks": 2197,
      "Shared Dirtied Blocks": 0,
      "Shared Written Blocks": 0,
      "Local Hit Blocks": 0,
      "Local Read Blocks": 0,
      "Local Dirtied Blocks": 0,
      "Local Written Blocks": 0,
      "Temp Read Blocks": 0,
      "Temp Written Blocks": 0,
      "Plans": [
        {
          "Node Type": "Aggregate",
          "Strategy": "Sorted",
          "Partial Mode": "Simple",
          "Parent Relationship": "Outer",
          "Parallel Aware": false,
          "Async Capable": false,
          "Startup Cost": 27039.15,
          "Total Cost": 34628.2,
          "Plan Rows": 15915,
          "Plan Width": 44,
          "Actual Startup Time": 171.091,
          "Actual Total Time": 201.147,
          "Actual Rows": 18314.0,
          "Actual Loops": 1,
          "Disabled": false,
          "Output": [
            "part.p_brand",
            "part.p_type",
            "part.p_size",
            "count(DISTINCT partsupp.ps_suppkey)"
          ],
          "Group Key": [
            "part.p_brand",
            "part.p_type",
            "part.p_size"
          ],
          "Shared Hit Blocks": 4848,
          "Shared Read Blocks": 2197,
          "Shared Dirtied Blocks": 0,
          "Shared Written Blocks": 0,
          "Local Hit Blocks": 0,
          "Local Read Blocks": 0,
          "Local Dirtied Blocks": 0,
          "Local Written Blocks": 0,
          "Temp Read Blocks": 0,
          "Temp Written Blocks": 0,
          "Plans": [
            {
              "Node Type": "Gather Merge",
              "Parent Relationship": "Outer",
              "Parallel Aware": false,
              "Async Capable": false,
              "Startup Cost": 27039.15,
              "Total Cost": 33881.55,
              "Plan Rows": 58750,
              "Plan Width": 40,
              "Actual Startup Time": 171.082,
              "Actual Total Time": 190.376,
              "Actual Rows": 118274.0,
              "Actual Loops": 1,
              "Disabled": false,
              "Output": [
                "part.p_brand",
                "part.p_type",
                "part.p_size",
                "partsupp.ps_suppkey"
              ],
              "Workers Planned": 2,
              "Workers Launched": 2,
              "Shared Hit Blocks": 4848,
              "Shared Read Blocks": 2197,
              "Shared Dirtied Blocks": 0,
              "Shared Written Blocks": 0,
              "Local Hit Blocks": 0,
              "Local Read Blocks": 0,
              "Local Dirtied Blocks": 0,
              "Local Written Blocks": 0,
              "Temp Read Blocks": 0,
              "Temp Written Blocks": 0,
              "Plans": [
                {
                  "Node Type": "Sort",
                  "Parent Relationship": "Outer",
                  "Parallel Aware": false,
                  "Async Capable": false,
                  "Startup Cost": 26039.13,
                  "Total Cost": 26100.32,
                  "Plan Rows": 24479,
                  "Plan Width": 40,
                  "Actual Startup Time": 167.489,
                  "Actual Total Time": 169.101,
                  "Actual Rows": 39424.67,
                  "Actual Loops": 3,
                  "Disabled": false,
                  "Output": [
                    "part.p_brand",
                    "part.p_type",
                    "part.p_size",
                    "partsupp.ps_suppkey"
                  ],
                  "Sort Key": [
                    "part.p_brand",
                    "part.p_type",
                    "part.p_size",
                    "partsupp.ps_suppkey"
                  ],
                  "Sort Method": "quicksort",
                  "Sort Space Used": 3498,
                  "Sort Space Type": "Memory",
                  "Shared Hit Blocks": 4848,
                  "Shared Read Blocks": 2197,
                  "Shared Dirtied Blocks": 0,
                  "Shared Written Blocks": 0,
                  "Local Hit Blocks": 0,
                  "Local Read Blocks": 0,
                  "Local Dirtied Blocks": 0,
                  "Local Written Blocks": 0,
                  "Temp Read Blocks": 0,
                  "Temp Written Blocks": 0,
                  "Workers": [
                    {
                      "Worker Number": 0,
                      "Actual Startup Time": 166.215,
                      "Actual Total Time": 167.957,
                      "Actual Rows": 39546.0,
                      "Actual Loops": 1,
                      "Sort Method": "quicksort",
                      "Sort Space Used": 3493,
                      "Sort Space Type": "Memory",
                      "Shared Hit Blocks": 1470,
                      "Shared Read Blocks": 723,
                      "Shared Dirtied Blocks": 0,
                      "Shared Written Blocks": 0,
                      "Local Hit Blocks": 0,
                      "Local Read Blocks": 0,
                      "Local Dirtied Blocks": 0,
                      "Local Written Blocks": 0,
                      "Temp Read Blocks": 0,
                      "Temp Written Blocks": 0
                    },
                    {
                      "Worker Number": 1,
                      "Actual Startup Time": 165.302,
                      "Actual Total Time": 167.059,
                      "Actual Rows": 39067.0,
                      "Actual Loops": 1,
                      "Sort Method": "quicksort",
                      "Sort Space Used": 3465,
                      "Sort Space Type": "Memory",
                      "Shared Hit Blocks": 1533,
                      "Shared Read Blocks": 729,
                      "Shared Dirtied Blocks": 0,
                      "Shared Written Blocks": 0,
                      "Local Hit Blocks": 0,
                      "Local Read Blocks": 0,
                      "Local Dirtied Blocks": 0,
                      "Local Written Blocks": 0,
                      "Temp Read Blocks": 0,
                      "Temp Written Blocks": 0
                    }
                  ],
                  "Plans": [
                    {
                      "Node Type": "Hash Join",
                      "Parent Relationship": "Outer",
                      "Parallel Aware": true,
                      "Async Capable": false,
                      "Join Type": "Inner",
                      "Startup Cost": 6712.76,
                      "Total Cost": 24254.7,
                      "Plan Rows": 24479,
                      "Plan Width": 40,
                      "Actual Startup Time": 26.039,
                      "Actual Total Time": 126.696,
                      "Actual Rows": 39424.67,
                      "Actual Loops": 3,
                      "Disabled": false,
                      "Output": [
                        "part.p_brand",
                        "part.p_type",
                        "part.p_size",
                        "partsupp.ps_suppkey"
                      ],
                      "Inner Unique": true,
                      "Hash Cond": "(partsupp.ps_partkey = part.p_partkey)",
                      "Shared Hit Blocks": 4804,
                      "Shared Read Blocks": 2197,
                      "Shared Dirtied Blocks": 0,
                      "Shared Written Blocks": 0,
                      "Local Hit Blocks": 0,
                      "Local Read Blocks": 0,
                      "Local Dirtied Blocks": 0,
                      "Local Written Blocks": 0,
                      "Temp Read Blocks": 0,
                      "Temp Written Blocks": 0,
                      "Workers": [
                        {
                          "Worker Number": 0,
                          "Actual Startup Time": 24.58,
                          "Actual Total Time": 124.985,
                          "Actual Rows": 39546.0,
                          "Actual Loops": 1,
                          "Shared Hit Blocks": 1448,
                          "Shared Read Blocks": 723,
                          "Shared Dirtied Blocks": 0,
                          "Shared Written Blocks": 0,
                          "Local Hit Blocks": 0,
                          "Local Read Blocks": 0,
                          "Local Dirtied Blocks": 0,
                          "Local Written Blocks": 0,
                          "Temp Read Blocks": 0,
                          "Temp Written Blocks": 0
                        },
                        {
                          "Worker Number": 1,
                          "Actual Startup Time": 24.574,
                          "Actual Total Time": 125.586,
                          "Actual Rows": 39067.0,
                          "Actual Loops": 1,
                          "Shared Hit Blocks": 1511,
                          "Shared Read Blocks": 729,
                          "Shared Dirtied Blocks": 0,
                          "Shared Written Blocks": 0,
                          "Local Hit Blocks": 0,
                          "Local Read Blocks": 0,
                          "Local Dirtied Blocks": 0,
                          "Local Written Blocks": 0,
                          "Temp Read Blocks": 0,
                          "Temp Written Blocks": 0
                        }
                      ],
                      "Plans": [
                        {
                          "Node Type": "Index Only Scan",
                          "Parent Relationship": "Outer",
                          "Parallel Aware": true,
                          "Async Capable": false,
                          "Scan Direction": "Forward",
                          "Index Name": "partsupp_pkey",
                          "Relation Name": "partsupp",
                          "Schema": "public",
                          "Alias": "partsupp",
                          "Startup Cost": 348.43,
                          "Total Cost": 17452.85,
                          "Plan Rows": 166667,
                          "Plan Width": 8,
                          "Actual Startup Time": 2.368,
                          "Actual Total Time": 73.221,
                          "Actual Rows": 266560.0,
                          "Actual Loops": 3,
                          "Disabled": false,
                          "Output": [
                            "partsupp.ps_partkey",
                            "partsupp.ps_suppkey"
                          ],
                          "Filter": "(NOT (ANY (partsupp.ps_suppkey = (hashed SubPlan 1).col1)))",
                          "Rows Removed by Filter": 107,
                          "Heap Fetches": 0,
                          "Index Searches": 1,
                          "Shared Hit Blocks": 676,
                          "Shared Read Blocks": 2197,
                          "Shared Dirtied Blocks": 0,
                          "Shared Written Blocks": 0,
                          "Local Hit Blocks": 0,
                          "Local Read Blocks": 0,
                          "Local Dirtied Blocks": 0,
                          "Local Written Blocks": 0,
                          "Temp Read Blocks": 0,
                          "Temp Written Blocks": 0,
                          "Workers": [
                            {
                              "Worker Number": 0,
                              "Actual Startup Time": 2.35,
                              "Actual Total Time": 73.758,
                              "Actual Rows": 263348.0,
                              "Actual Loops": 1,
                              "Shared Hit Blocks": 225,
                              "Shared Read Blocks": 723,
                              "Shared Dirtied Blocks": 0,
                              "Shared Written Blocks": 0,
                              "Local Hit Blocks": 0,
                              "Local Read Blocks": 0,
                              "Local Dirtied Blocks": 0,
                              "Local Written Blocks": 0,
                              "Temp Read Blocks": 0,
                              "Temp Written Blocks": 0
                            },
                            {
                              "Worker Number": 1,
                              "Actual Startup Time": 2.381,
                              "Actual Total Time": 72.72,
                              "Actual Rows": 265262.0,
                              "Actual Loops": 1,
                              "Shared Hit Blocks": 227,
                              "Shared Read Blocks": 729,
                              "Shared Dirtied Blocks": 0,
                              "Shared Written Blocks": 0,
                              "Local Hit Blocks": 0,
                              "Local Read Blocks": 0,
                              "Local Dirtied Blocks": 0,
                              "Local Written Blocks": 0,
                              "Temp Read Blocks": 0,
                              "Temp Written Blocks": 0
                            }
                          ],
                          "Plans": [
                            {
                              "Node Type": "Seq Scan",
                              "Parent Relationship": "SubPlan",
                              "Subplan Name": "SubPlan 1",
                              "Parallel Aware": false,
                              "Async Capable": false,
                              "Relation Name": "supplier",
                              "Schema": "public",
                              "Alias": "supplier",
                              "Startup Cost": 0.0,
                              "Total Cost": 348.0,
                              "Plan Rows": 1,
                              "Plan Width": 4,
                              "Actual Startup Time": 0.125,
                              "Actual Total Time": 1.877,
                              "Actual Rows": 4.0,
                              "Actual Loops": 3,
                              "Disabled": false,
                              "Output": [
                                "supplier.s_suppkey"
                              ],
                              "Filter": "((supplier.s_comment)::text ~~ '%Customer%Complaints%'::text)",
                              "Rows Removed by Filter": 9996,
                              "Shared Hit Blocks": 669,
                              "Shared Read Blocks": 0,
                              "Shared Dirtied Blocks": 0,
                              "Shared Written Blocks": 0,
                              "Local Hit Blocks": 0,
                              "Local Read Blocks": 0,
                              "Local Dirtied Blocks": 0,
                              "Local Written Blocks": 0,
                              "Temp Read Blocks": 0,
                              "Temp Written Blocks": 0,
                              "Workers": [
                                {
                                  "Worker Number": 0,
                                  "Actual Startup Time": 0.169,
                                  "Actual Total Time": 1.905,
                                  "Actual Rows": 4.0,
                                  "Actual Loops": 1,
                                  "Shared Hit Blocks": 223,
                                  "Shared Read Blocks": 0,
                                  "Shared Dirtied Blocks": 0,
                                  "Shared Written Blocks": 0,
                                  "Local Hit Blocks": 0,
                                  "Local Read Blocks": 0,
                                  "Local Dirtied Blocks": 0,
                                  "Local Written Blocks": 0,
                                  "Temp Read Blocks": 0,
                                  "Temp Written Blocks": 0
                                },
                                {
                                  "Worker Number": 1,
                                  "Actual Startup Time": 0.105,
                                  "Actual Total Time": 2.07,
                                  "Actual Rows": 4.0,
                                  "Actual Loops": 1,
                                  "Shared Hit Blocks": 223,
                                  "Shared Read Blocks": 0,
                                  "Shared Dirtied Blocks": 0,
                                  "Shared Written Blocks": 0,
                                  "Local Hit Blocks": 0,
                                  "Local Read Blocks": 0,
                                  "Local Dirtied Blocks": 0,
                                  "Local Written Blocks": 0,
                                  "Temp Read Blocks": 0,
                                  "Temp Written Blocks": 0
                                }
                              ]
                            }
                          ]
                        },
                        {
                          "Node Type": "Hash",
                          "Parent Relationship": "Inner",
                          "Parallel Aware": true,
                          "Async Capable": false,
                          "Startup Cost": 6211.33,
                          "Total Cost": 6211.33,
                          "Plan Rows": 12240,
                          "Plan Width": 40,
                          "Actual Startup Time": 23.634,
                          "Actual Total Time": 23.635,
                          "Actual Rows": 9860.33,
                          "Actual Loops": 3,
                          "Disabled": false,
                          "Output": [
                            "part.p_brand",
                            "part.p_type",
                            "part.p_size",
                            "part.p_partkey"
                          ],
                          "Hash Buckets": 32768,
                          "Original Hash Buckets": 32768,
                          "Hash Batches": 1,
                          "Original Hash Batches": 1,
                          "Peak Memory Usage": 2528,
                          "Shared Hit Blocks": 4128,
                          "Shared Read Blocks": 0,
                          "Shared Dirtied Blocks": 0,
                          "Shared Written Blocks": 0,
                          "Local Hit Blocks": 0,
                          "Local Read Blocks": 0,
                          "Local Dirtied Blocks": 0,
                          "Local Written Blocks": 0,
                          "Temp Read Blocks": 0,
                          "Temp Written Blocks": 0,
                          "Workers": [
                            {
                              "Worker Number": 0,
                              "Actual Startup Time": 22.211,
                              "Actual Total Time": 22.212,
                              "Actual Rows": 8688.0,
                              "Actual Loops": 1,
                              "Shared Hit Blocks": 1223,
                              "Shared Read Blocks": 0,
                              "Shared Dirtied Blocks": 0,
                              "Shared Written Blocks": 0,
                              "Local Hit Blocks": 0,
                              "Local Read Blocks": 0,
                              "Local Dirtied Blocks": 0,
                              "Local Written Blocks": 0,
                              "Temp Read Blocks": 0,
                              "Temp Written Blocks": 0
                            },
                            {
                              "Worker Number": 1,
                              "Actual Startup Time": 22.17,
                              "Actual Total Time": 22.17,
                              "Actual Rows": 9209.0,
                              "Actual Loops": 1,
                              "Shared Hit Blocks": 1284,
                              "Shared Read Blocks": 0,
                              "Shared Dirtied Blocks": 0,
                              "Shared Written Blocks": 0,
                              "Local Hit Blocks": 0,
                              "Local Read Blocks": 0,
                              "Local Dirtied Blocks": 0,
                              "Local Written Blocks": 0,
                              "Temp Read Blocks": 0,
                              "Temp Written Blocks": 0
                            }
                          ],
                          "Plans": [
                            {
                              "Node Type": "Seq Scan",
                              "Parent Relationship": "Outer",
                              "Parallel Aware": true,
                              "Async Capable": false,
                              "Relation Name": "part",
                              "Schema": "public",
                              "Alias": "part",
                              "Startup Cost": 0.0,
                              "Total Cost": 6211.33,
                              "Plan Rows": 12240,
                              "Plan Width": 40,
                              "Actual Startup Time": 0.013,
                              "Actual Total Time": 21.092,
                              "Actual Rows": 9860.33,
                              "Actual Loops": 3,
                              "Disabled": false,
                              "Output": [
                                "part.p_brand",
                                "part.p_type",
                                "part.p_size",
                                "part.p_partkey"
                              ],
                              "Filter": "((part.p_brand <> 'Brand#45'::bpchar) AND ((part.p_type)::text !~~ 'MEDIUM POLISHED%'::text) AND (part.p_size = ANY ('{49,14,23,45,19,3,36,9}'::integer[])))",
                              "Rows Removed by Filter": 56806,
                              "Shared Hit Blocks": 4128,
                              "Shared Read Blocks": 0,
                              "Shared Dirtied Blocks": 0,
                              "Shared Written Blocks": 0,
                              "Local Hit Blocks": 0,
                              "Local Read Blocks": 0,
                              "Local Dirtied Blocks": 0,
                              "Local Written Blocks": 0,
                              "Temp Read Blocks": 0,
                              "Temp Written Blocks": 0,
                              "Workers": [
                                {
                                  "Worker Number": 0,
                                  "Actual Startup Time": 0.011,
                                  "Actual Total Time": 19.956,
                                  "Actual Rows": 8688.0,
                                  "Actual Loops": 1,
                                  "Shared Hit Blocks": 1223,
                                  "Shared Read Blocks": 0,
                                  "Shared Dirtied Blocks": 0,
                                  "Shared Written Blocks": 0,
                                  "Local Hit Blocks": 0,
                                  "Local Read Blocks": 0,
                                  "Local Dirtied Blocks": 0,
                                  "Local Written Blocks": 0,
                                  "Temp Read Blocks": 0,
                                  "Temp Written Blocks": 0
                                },
                                {
                                  "Worker Number": 1,
                                  "Actual Startup Time": 0.017,
                                  "Actual Total Time": 19.904,
                                  "Actual Rows": 9209.0,
                                  "Actual Loops": 1,
                                  "Shared Hit Blocks": 1284,
                                  "Shared Read Blocks": 0,
                                  "Shared Dirtied Blocks": 0,
                                  "Shared Written Blocks": 0,
                                  "Local Hit Blocks": 0,
                                  "Local Read Blocks": 0,
                                  "Local Dirtied Blocks": 0,
                                  "Local Written Blocks": 0,
                                  "Temp Read Blocks": 0,
                                  "Temp Written Blocks": 0
                                }
                              ]
                            }
                          ]
                        }
                      ]
                    }
                  ]
                }
              ]
            }
          ]
        }
      ]
    },
    "Planning": {
      "Shared Hit Blocks": 19,
      "Shared Read Blocks": 7,
      "Shared Dirtied Blocks": 0,
      "Shared Written Blocks": 0,
      "Local Hit Blocks": 0,
      "Local Read Blocks": 0,
      "Local Dirtied Blocks": 0,
      "Local Written Blocks": 0,
      "Temp Read Blocks": 0,
      "Temp Written Blocks": 0
    },
    "Planning Time": 3.561,
    "Triggers": [],
    "Execution Time": 215.209
  }
]