[
  {
    "Plan": {
      "Node Type": "Aggregate",
      "Strategy": "Plain",
      "Partial Mode": "Simple",
      "Parallel Aware": false,
      "Async Capable": false,
      "Startup Cost": 563159.88,
      "Total Cost": 563159.89,
      "Plan Rows": 1,
      "Plan Width": 32,
      "Actual Startup Time": 3803.573,
      "Actual Total Time": 3803.739,
      "Actual Rows": 1.0,
      "Actual Loops": 1,
      "Disabled": false,
      "Output": [
        "(sum(lineitem.l_extendedprice) / 7.0)"
      ],
      "Shared Hit Blocks": 14158,
      "Shared Read Blocks": 215183,
      "Shared Dirtied Blocks": 0,
      "Shared Written Blocks": 0,
      "Local Hit Blocks": 0,
      "Local Read Blocks": 0,
      "Local Dirtied Blocks": 0,
      "Local Written Blocks": 0,
      "Temp Read Blocks": 32240,
      "Temp Written Blocks": 53589,
      "Plans": [
        {
          "Node Type": "Hash Join",
          "Parent Relationship": "Outer",
          "Parallel Aware": false,
          "Async Capable": false,
          "Join Type": "Inner",
          "Startup Cost": 416825.29,
          "Total Cost": 563155.21,
          "Plan Rows": 1867,
          "Plan Width": 8,
          "Actual Startup Time": 3283.376,
          "Actual Total Time": 3803.585,
          "Actual Rows": 587.0,
          "Actual Loops": 1,
          "Disabled": false,
          "Output": [
            "lineitem.l_extendedprice"
          ],
          "Inner Unique": true,
          "Hash Cond": "(part.p_partkey = lineitem_1.l_partkey)",
          "Join Filter": "(lineitem.l_quantity < ((0.2 * avg(lineitem_1.l_quantity))))",
          "Rows Removed by Join Filter": 5501,
          "Shared Hit Blocks": 14158,
          "Shared Read Blocks": 215183,
          "Shared Dirtied Blocks": 0,
          "Shared Written Blocks": 0,
          "Local Hit Blocks": 0,
          "Local Read Blocks": 0,
          "Local Dirtied Blocks": 0,
          "Local Written Blocks": 0,
          "Temp Read Blocks": 32240,
          "Temp Written Blocks": 53589,
          "Plans": [
            {
              "Node Type": "Gather",
              "Parent Relationship": "Outer",
              "Parallel Aware": false,
              "Async Capable": false,
              "Startup Cost": 6379.02,
              "Total Cost": 151142.42,
              "Plan Rows": 5912,
              "Plan Width": 21,
              "Actual Startup Time": 11.6,
              "Actual Total Time": 494.267,
              "Actual Rows": 6088.0,
              "Actual Loops": 1,
              "Disabled": false,
              "Output": [
                "lineitem.l_extendedprice",
                "lineitem.l_partkey",
                "lineitem.l_quantity",
                "part.p_partkey"
              ],
              "Workers Planned": 2,
              "Workers Launched": 2,
              "Single Copy": false,
              "Shared Hit Blocks": 9062,
              "Shared Read Blocks": 107666,
              "Shared Dirtied Blocks": 0,
              "Shared Written Blocks": 0,
              "Local Hit Blocks": 0,
              "Local Read Blocks": 0,
              "Local Dirtied Blocks": 0,
              "Local Written Blocks": 0,
              "Temp Read Blocks": 0,
              "Temp Written Blocks": 0,
              "Plans": [
                {
                  "Node Type": "Hash Join",
                  "Parent Relationship": "Outer",
                  "Parallel Aware": true,
                  "Async Capable": false,
                  "Join Type": "Inner",
                  "Startup Cost": 5379.02,
                  "Total Cost": 149551.22,
                  "Plan Rows": 2463,
                  "Plan Width": 21,
                  "Actual Startup Time": 12.635,
                  "Actual Total Time": 735.228,
                  "Actual Rows": 2029.33,
                  "Actual Loops": 3,
                  "Disabled": false,
                  "Output": [
                    "lineitem.l_extendedprice",
                    "lineitem.l_partkey",
                    "lineitem.l_quantity",
                    "part.p_partkey"
                  ],
                  "Inner Unique": true,
                  "Hash Cond": "(lineitem.l_partkey = part.p_partkey)",
                  "Shared Hit Blocks": 9062,
                  "Shared Read Blocks": 107666,
                  "Shared Dirtied Blocks": 0,
                  "Shared Written Blocks": 0,
                  "Local Hit Blocks": 0,
                  "Local Read Blocks": 0,
                  "Local Dirtied Blocks": 0,
                  "Local Written Blocks": 0,
                  "Temp Read Blocks": 0,
                  "Temp Written Blocks": 0,
                  "Workers": [
                    {
                      "Worker Number": 0,
                      "Actual Startup Time": 18.0,
                      "Actual Total Time": 861.313,
                      "Actual Rows": 2458.0,
                      "Actual Loops": 1,
                      "Shared Hit Blocks": 2803,
                      "Shared Read Blocks": 43106,
                      "Shared Dirtied Blocks": 0,
                      "Shared Written Blocks": 0,
                      "Local Hit Blocks": 0,
                      "Local Read Blocks": 0,
                      "Local Dirtied Blocks": 0,
                      "Local Written Blocks": 0,
                      "Temp Read Blocks": 0,
                      "Temp Written Blocks": 0
                    },
                    {
                      "Worker Number": 1,
                      "Actual Startup Time": 8.4,
                      "Actual Total Time": 851.058,
                      "Actual Rows": 2441.0,
                      "Actual Loops": 1,
                      "Shared Hit Blocks": 2980,
                      "Shared Read Blocks": 42636,
                      "Shared Dirtied Blocks": 0,
                      "Shared Written Blocks": 0,
                      "Local Hit Blocks": 0,
                      "Local Read Blocks": 0,
                      "Local Dirtied Blocks": 0,
                      "Local Written Blocks": 0,
                      "Temp Read Blocks": 0,
                      "Temp Written Blocks": 0
                    }
                  ],
                  "Plans": [
                    {
                      "Node Type": "Seq Scan",
                      "Parent Relationship": "Outer",
                      "Parallel Aware": true,
                      "Async Capable": false,
                      "Relation Name": "lineitem",
                      "Schema": "public",
                      "Alias": "lineitem",
                      "Startup Cost": 0.0,
                      "Total Cost": 137607.57,
                      "Plan Rows": 2500757,
                      "Plan Width": 17,
                      "Actual Startup Time": 0.485,
                      "Actual Total Time": 615.405,
                      "Actual Rows": 2000405.0,
                      "Actual Loops": 3,
                      "Disabled": false,
                      "Output": [
                        "lineitem.l_orderkey",
                        "lineitem.l_partkey",
                        "lineitem.l_suppkey",
                        "lineitem.l_linenumber",
                        "lineitem.l_quantity",
                        "lineitem.l_extendedprice",
                        "lineitem.l_discount",
                        "lineitem.l_tax",
                        "lineitem.l_returnflag",
                        "lineitem.l_linestatus",
                        "lineitem.l_shipdate",
                        "lineitem.l_commitdate",
                        "lineitem.l_receiptdate",
                        "lineitem.l_shipinstruct",
                        "lineitem.l_shipmode",
                        "lineitem.l_comment"
                      ],
                      "Shared Hit Blocks": 4934,
                      "Shared Read Blocks": 107666,
                      "Shared Dirtied Blocks": 0,
                      "Shared Written Blocks": 0,
                      "Local Hit Blocks": 0,
                      "Local Read Blocks": 0,
                      "Local Dirtied Blocks": 0,
                      "Local Written Blocks": 0,
                      "Temp Read Blocks": 0,
                      "Temp Written Blocks": 0,
                      "Workers": [
                        {
                          "Worker Number": 0,
                          "Actual Startup Time": 0.547,
                          "Actual Total Time": 717.167,
                          "Actual Rows": 2391451.0,
                          "Actual Loops": 1,
                          "Shared Hit Blocks": 1744,
                          "Shared Read Blocks": 43106,
                          "Shared Dirtied Blocks": 0,
                          "Shared Written Blocks": 0,
                          "Local Hit Blocks": 0,
                          "Local Read Blocks": 0,
                          "Local Dirtied Blocks": 0,
                          "Local Written Blocks": 0,
                          "Temp Read Blocks": 0,
                          "Temp Written Blocks": 0
                        },
                        {
                          "Worker Number": 1,
                          "Actual Startup Time": 0.572,
                          "Actual Total Time": 705.577,
                          "Actual Rows": 2372390.0,
                          "Actual Loops": 1,
                          "Shared Hit Blocks": 1905,
                          "Shared Read Blocks": 42636,
                          "Shared Dirtied Blocks": 0,
                          "Shared Written Blocks": 0,
                          "Local Hit Blocks": 0,
                          "Local Read Blocks": 0,
                          "Local Dirtied Blocks": 0,
                          "Local Written Blocks": 0,
                          "Temp Read Blocks": 0,
                          "Temp Written Blocks": 0
                        }
                      ]
                    },
                    {
                      "Node Type": "Hash",
                      "Parent Relationship": "Inner",
                      "Parallel Aware": true,
                      "Async Capable": false,
                      "Startup Cost": 5378.0,
                      "Total Cost": 5378.0,
                      "Plan Rows": 82,
                      "Plan Width": 4,
                      "Actual Startup Time": 6.483,
                      "Actual Total Time": 6.483,
                      "Actual Rows": 68.0,
                      "Actual Loops": 3,
                      "Disabled": false,
                      "Output": [
                        "part.p_partkey"
                      ],
                      "Hash Buckets": 1024,
                      "Original Hash Buckets": 1024,
                      "Hash Batches": 1,
                      "Original Hash Batches": 1,
                      "Peak Memory Usage": 104,
                      "Shared Hit Blocks": 4128,
                      "Shared Read Blocks": 0,
                      "Shared Dirtied Blocks": 0,
                      "Shared Written Blocks": 0,
                      "Local Hit Blocks": 0,
                      "Local Read Blocks": 0,
                      "Local Dirtied Blocks": 0,
                      "Local Written Blocks": 0,
                      "Temp Read Blocks": 0,
                      "Temp Written Blocks": 0,
                      "Workers": [
                        {
                          "Worker Number": 0,
                          "Actual Startup Time": 5.627,
                          "Actual Total Time": 5.627,
                          "Actual Rows": 48.0,
                          "Actual Loops": 1,
                          "Shared Hit Blocks": 1059,
                          "Shared Read Blocks": 0,
                          "Shared Dirtied Blocks": 0,
                          "Shared Written Blocks": 0,
                          "Local Hit Blocks": 0,
                          "Local Read Blocks": 0,
                          "Local Dirtied Blocks": 0,
                          "Local Written Blocks": 0,
                          "Temp Read Blocks": 0,
                          "Temp Written Blocks": 0
                        },
                        {
                          "Worker Number": 1,
                          "Actual Startup Time": 5.472,
                          "Actual Total Time": 5.473,
                          "Actual Rows": 54.0,
                          "Actual Loops": 1,
                          "Shared Hit Blocks": 1075,
                          "Shared Read Blocks": 0,
                          "Shared Dirtied Blocks": 0,
                          "Shared Written Blocks": 0,
                          "Local Hit Blocks": 0,
                          "Local Read Blocks": 0,
                          "Local Dirtied Blocks": 0,
                          "Local Written Blocks": 0,
                          "Temp Read Blocks": 0,
                          "Temp Written Blocks": 0
                        }
                      ],
                      "Plans": [
                        {
                          "Node Type": "Seq Scan",
                          "Parent Relationship": "Outer",
                          "Parallel Aware": true,
                          "Async Capable": false,
                          "Relation Name": "part",
                          "Schema": "public",
                          "Alias": "part",
                          "Startup Cost": 0.0,
                          "Total Cost": 5378.0,
                          "Plan Rows": 82,
                          "Plan Width": 4,
                          "Actual Startup Time": 0.104,
                          "Actual Total Time": 6.42,
                          "Actual Rows": 68.0,
                          "Actual Loops": 3,
                          "Disabled": false,
                          "Output": [
                            "part.p_partkey"
                          ],
                          "Filter": "((part.p_brand = 'Brand#23'::bpchar) AND (part.p_container = 'MED BOX'::bpchar))",
                          "Rows Removed by Filter": 66599,
                          "Shared Hit Blocks": 4128,
                          "Shared Read Blocks": 0,
                          "Shared Dirtied Blocks": 0,
                          "Shared Written Blocks": 0,
                          "Local Hit Blocks": 0,
                          "Local Read Blocks": 0,
                          "Local Dirtied Blocks": 0,
                          "Local Written Blocks": 0,
                          "Temp Read Blocks": 0,
                          "Temp Written Blocks": 0,
                          "Workers": [
                            {
                              "Worker Number": 0,
                              "Actual Startup Time": 0.039,
                              "Actual Total Time": 5.584,
                              "Actual Rows": 48.0,
                              "Actual Loops": 1,
                              "Shared Hit Blocks": 1059,
                              "Shared Read Blocks": 0,
                              "Shared Dirtied Blocks": 0,
                              "Shared Written Blocks": 0,
                              "Local Hit Blocks": 0,
                              "Local Read Blocks": 0,
                              "Local Dirtied Blocks": 0,
                              "Local Written Blocks": 0,
                              "Temp Read Blocks": 0,
                              "Temp Written Blocks": 0
                            },
                            {
                              "Worker Number": 1,
                              "Actual Startup Time": 0.077,
                              "Actual Total Time": 5.417,
                              "Actual Rows": 54.0,
                              "Actual Loops": 1,
                              "Shared Hit Blocks": 1075,
                              "Shared Read Blocks": 0,
                              "Shared Dirtied Blocks": 0,
                              "Shared Written Blocks": 0,
                              "Local Hit Blocks": 0,
                              "Local Read Blocks": 0,
                              "Local Dirtied Blocks": 0,
                              "Local Written Blocks": 0,
                              "Temp Read Blocks": 0,
                              "Temp Written Blocks": 0
                            }
                          ]
                        }
                      ]
                    }
                  ]
                }
              ]
            },
            {
              "Node Type": "Hash",
              "Parent Relationship": "Inner",
              "Parallel Aware": false,
              "Async Capable": false,
              "Startup Cost": 406597.19,
              "Total Cost": 406597.19,
              "Plan Rows": 189446,
              "Plan Width": 36,
              "Actual Startup Time": 3271.343,
              "Actual Total Time": 3271.399,
              "Actual Rows": 200000.0,
              "Actual Loops": 1,
              "Disabled": false,
              "Output": [
                "lineitem_1.l_partkey",
                "((0.2 * avg(lineitem_1.l_quantity)))"
              ],
              "Hash Buckets": 131072,
              "Original Hash Buckets": 131072,
              "Hash Batches": 2,
              "Original Hash Batches": 2,
              "Peak Memory Usage": 5815,
              "Shared Hit Blocks": 5096,
              "Shared Read Blocks": 107517,
              "Shared Dirtied Blocks": 0,
              "Shared Written Blocks": 0,
              "Local Hit Blocks": 0,
              "Local Read Blocks": 0,
              "Local Dirtied Blocks": 0,
              "Local Written Blocks": 0,
              "Temp Read Blocks": 31771,
              "Temp Written Blocks": 53571,
              "Plans": [
                {
                  "Node Type": "Aggregate",
                  "Strategy": "Sorted",
                  "Partial Mode": "Finalize",
                  "Parent Relationship": "Outer",
                  "Parallel Aware": false,
                  "Async Capable": false,
                  "Startup Cost": 347391.66,
                  "Total Cost": 406597.19,
                  "Plan Rows": 189446,
                  "Plan Width": 36,
                  "Actual Startup Time": 2996.35,
                  "Actual Total Time": 3203.426,
                  "Actual Rows": 200000.0,
                  "Actual Loops": 1,
                  "Disabled": false,
                  "Output": [
                    "lineitem_1.l_partkey",
                    "(0.2 * avg(lineitem_1.l_quantity))"
                  ],
                  "Group Key": [
                    "lineitem_1.l_partkey"
                  ],
                  "Shared Hit Blocks": 5096,
                  "Shared Read Blocks": 107517,
                  "Shared Dirtied Blocks": 0,
                  "Shared Written Blocks": 0,
                  "Local Hit Blocks": 0,
                  "Local Read Blocks": 0,
                  "Local Dirtied Blocks": 0,
                  "Local Written Blocks": 0,
                  "Temp Read Blocks": 31771,
                  "Temp Written Blocks": 53120,
                  "Plans": [
                    {
                      "Node Type": "Gather Merge",
                      "Parent Relationship": "Outer",
                      "Parallel Aware": false,
                      "Async Capable": false,
                      "Startup Cost": 347391.66,
                      "Total Cost": 400345.47,
                      "Plan Rows": 454670,
                      "Plan Width": 36,
                      "Actual Startup Time": 2996.222,
                      "Actual Total Time": 3064.625,
                      "Actual Rows": 599972.0,
                      "Actual Loops": 1,
                      "Disabled": false,
                      "Output": [
                        "lineitem_1.l_partkey",
                        "(PARTIAL avg(lineitem_1.l_quantity))"
                      ],
                      "Workers Planned": 2,
                      "Workers Launched": 2,
                      "Shared Hit Blocks": 5096,
                      "Shared Read Blocks": 107517,
                      "Shared Dirtied Blocks": 0,
                      "Shared Written Blocks": 0,
                      "Local Hit Blocks": 0,
                      "Local Read Blocks": 0,
                      "Local Dirtied Blocks": 0,
                      "Local Written Blocks": 0,
                      "Temp Read Blocks": 31771,
                      "Temp Written Blocks": 53120,
                      "Plans": [
                        {
                          "Node Type": "Sort",
                          "Parent Relationship": "Outer",
                          "Parallel Aware": false,
                          "Async Capable": false,
                          "Startup Cost": 346391.64,
                          "Total Cost": 346865.25,
                          "Plan Rows": 189446,
                          "Plan Width": 36,
                          "Actual Startup Time": 2915.588,
                          "Actual Total Time": 2933.695,
                          "Actual Rows": 199990.67,
                          "Actual Loops": 3,
                          "Disabled": false,
                          "Output": [
                            "lineitem_1.l_partkey",
                            "(PARTIAL avg(lineitem_1.l_quantity))"
                          ],
                          "Sort Key": [
                            "lineitem_1.l_partkey"
                          ],
                          "Sort Method": "external merge",
                          "Sort Space Used": 15088,
                          "Sort Space Type": "Disk",
                          "Shared Hit Blocks": 5096,
                          "Shared Read Blocks": 107517,
                          "Shared Dirtied Blocks": 0,
                          "Shared Written Blocks": 0,
                          "Local Hit Blocks": 0,
                          "Local Read Blocks": 0,
                          "Local Dirtied Blocks": 0,
                          "Local Written Blocks": 0,
                          "Temp Read Blocks": 31771,
                          "Temp Written Blocks": 53120,
                          "Workers": [
                            {
                              "Worker Number": 0,
                              "Actual Startup Time": 2982.445,
                              "Actual Total Time": 3002.432,
                              "Actual Rows": 199995.0,
                              "Actual Loops": 1,
                              "Sort Method": "external merge",
                              "Sort Space Used": 15088,
                              "Sort Space Type": "Disk",
                              "Shared Hit Blocks": 1683,
                              "Shared Read Blocks": 36294,
                              "Shared Dirtied Blocks": 0,
                              "Shared Written Blocks": 0,
                              "Local Hit Blocks": 0,
                              "Local Read Blocks": 0,
                              "Local Dirtied Blocks": 0,
                              "Local Written Blocks": 0,
                              "Temp Read Blocks": 10776,
                              "Temp Written Blocks": 17996
                            },
                            {
                              "Worker Number": 1,
                              "Actual Startup Time": 2918.61,
                              "Actual Total Time": 2936.683,
                              "Actual Rows": 199989.0,
                              "Actual Loops": 1,
                              "Sort Method": "external merge",
                              "Sort Space Used": 15088,
                              "Sort Space Type": "Disk",
                              "Shared Hit Blocks": 1887,
                              "Shared Read Blocks": 35949,
                              "Shared Dirtied Blocks": 0,
                              "Shared Written Blocks": 0,
                              "Local Hit Blocks": 0,
                              "Local Read Blocks": 0,
                              "Local Dirtied Blocks": 0,
                              "Local Written Blocks": 0,
                              "Temp Read Blocks": 10691,
                              "Temp Written Blocks": 17757
                            }
                          ],
                          "Plans": [
                            {
                              "Node Type": "Aggregate",
                              "Strategy": "Hashed",
                              "Partial Mode": "Partial",
                              "Parent Relationship": "Outer",
                              "Parallel Aware": false,
                              "Async Capable": false,
                              "Startup Cost": 297812.31,
                              "Total Cost": 324601.84,
                              "Plan Rows": 189446,
                              "Plan Width": 36,
                              "Actual Startup Time": 1843.075,
                              "Actual Total Time": 2721.321,
                              "Actual Rows": 199990.67,
                              "Actual Loops": 3,
                              "Disabled": false,
                              "Output": [
                                "lineitem_1.l_partkey",
                                "PARTIAL avg(lineitem_1.l_quantity)"
                              ],
                              "Group Key": [
                                "lineitem_1.l_partkey"
                              ],
                              "Planned Partitions": 8,
                              "HashAgg Batches": 33,
                              "Peak Memory Usage": 8273,
                              "Disk Usage": 64600,
                              "Shared Hit Blocks": 5082,
                              "Shared Read Blocks": 107517,
                              "Shared Dirtied Blocks": 0,
                              "Shared Written Blocks": 0,
                              "Local Hit Blocks": 0,
                              "Local Read Blocks": 0,
                              "Local Dirtied Blocks": 0,
                              "Local Written Blocks": 0,
                              "Temp Read Blocks": 26113,
                              "Temp Written Blocks": 47447,
                              "Workers": [
                                {
                                  "Worker Number": 0,
                                  "Actual Startup Time": 1843.451,
                                  "Actual Total Time": 2809.537,
                                  "Actual Rows": 199995.0,
                                  "Actual Loops": 1,
                                  "HashAgg Batches": 37,
                                  "Peak Memory Usage": 8273,
                                  "Disk Usage": 66064,
                                  "Shared Hit Blocks": 1676,
                                  "Shared Read Blocks": 36294,
                                  "Shared Dirtied Blocks": 0,
                                  "Shared Written Blocks": 0,
                                  "Local Hit Blocks": 0,
                                  "Local Read Blocks": 0,
                                  "Local Dirtied Blocks": 0,
                                  "Local Written Blocks": 0,
                                  "Temp Read Blocks": 8890,
                                  "Temp Written Blocks": 16105
                                },
                                {
                                  "Worker Number": 1,
                                  "Actual Startup Time": 1838.13,
                                  "Actual Total Time": 2705.312,
                                  "Actual Rows": 199989.0,
                                  "Actual Loops": 1,
                                  "HashAgg Batches": 37,
                                  "Peak Memory Usage": 8273,
                                  "Disk Usage": 64824,
                                  "Shared Hit Blocks": 1880,
                                  "Shared Read Blocks": 35949,
                                  "Shared Dirtied Blocks": 0,
                                  "Shared Written Blocks": 0,
                                  "Local Hit Blocks": 0,
                                  "Local Read Blocks": 0,
                                  "Local Dirtied Blocks": 0,
                                  "Local Written Blocks": 0,
                                  "Temp Read Blocks": 8805,
                                  "Temp Written Blocks": 15866
                                }
                              ],
                              "Plans": [
                                {
                                  "Node Type": "Seq Scan",
                                  "Parent Relationship": "Outer",
                                  "Parallel Aware": true,
                                  "Async Capable": false,
                                  "Relation Name": "lineitem",
                                  "Schema": "public",
                                  "Alias": "lineitem_1",
                                  "Startup Cost": 0.0,
                                  "Total Cost": 137607.57,
                                  "Plan Rows": 2500757,
                                  "Plan Width": 9,
                                  "Actual Startup Time": 4.821,
                                  "Actual Total Time": 303.906,
                                  "Actual Rows": 2000405.0,
                                  "Actual Loops": 3,
                                  "Disabled": false,
                                  "Output": [
                                    "lineitem_1.l_orderkey",
                                    "lineitem_1.l_partkey",
                                    "lineitem_1.l_suppkey",
                                    "lineitem_1.l_linenumber",
                                    "lineitem_1.l_quantity",
                                    "lineitem_1.l_extendedprice",
                                    "lineitem_1.l_discount",
                                    "lineitem_1.l_tax",
                                    "lineitem_1.l_returnflag",
                                    "lineitem_1.l_linestatus",
                                    "lineitem_1.l_shipdate",
                                    "lineitem_1.l_commitdate",
                                    "lineitem_1.l_receiptdate",
                                    "lineitem_1.l_shipinstruct",
                                    "lineitem_1.l_shipmode",
                                    "lineitem_1.l_comment"
                                  ],
                                  "Shared Hit Blocks": 5082,
                                  "Shared Read Blocks": 107517,
                                  "Shared Dirtied Blocks": 0,
                                  "Shared Written Blocks": 0,
                                  "Local Hit Blocks": 0,
                                  "Local Read Blocks": 0,
                                  "Local Dirtied Blocks": 0,
                                  "Local Written Blocks": 0,
                                  "Temp Read Blocks": 0,
                                  "Temp Written Blocks": 0,
                                  "Workers": [
                                    {
                                      "Worker Number": 0,
                                      "Actual Startup Time": 2.557,
                                      "Actual Total Time": 311.382,
                                      "Actual Rows": 2024508.0,
                                      "Actual Loops": 1,
                                      "Shared Hit Blocks": 1676,
                                      "Shared Read Blocks": 36294,
                                      "Shared Dirtied Blocks": 0,
                                      "Shared Written Blocks": 0,
                                      "Local Hit Blocks": 0,
                                      "Local Read Blocks": 0,
                                      "Local Dirtied Blocks": 0,
                                      "Local Written Blocks": 0,
                                      "Temp Read Blocks": 0,
                                      "Temp Written Blocks": 0
                                    },
                                    {
                                      "Worker Number": 1,
                                      "Actual Startup Time": 2.495,
                                      "Actual Total Time": 281.612,
                                      "Actual Rows": 2016401.0,
                                      "Actual Loops": 1,
                                      "Shared Hit Blocks": 1880,
                                      "Shared Read Blocks": 35949,
                                      "Shared Dirtied Blocks": 0,
                                      "Shared Written Blocks": 0,
                                      "Local Hit Blocks": 0,
                                      "Local Read Blocks": 0,
                                      "Local Dirtied Blocks": 0,
                                      "Local Written Blocks": 0,
                                      "Temp Read Blocks": 0,
                                      "Temp Written Blocks": 0
                                    }
                                  ]
                                }
                              ]
                            }
                          ]
                        }
                      ]
                    }
                  ]
                }
              ]
            }
          ]
        }
      ]
    },
    "Planning": {
      "Shared Hit Blocks": 10,
      "Shared Read Blocks": 1,
      "Shared Dirtied Blocks": 0,
      "Shared Written Blocks": 0,
      "Local Hit Blocks": 0,
      "Local Read Blocks": 0,
      "Local Dirtied Blocks": 0,
      "Local Written Blocks": 0,
      "Temp Read Blocks": 0,
      "Temp Written Blocks": 0
    },
    "Planning Time": 0.265,
    "Triggers": [],
    "Execution Time": 3866.916
  }
]