[
  {
    "Plan": {
      "Node Type": "Limit",
      "Parallel Aware": false,
      "Async Capable": false,
      "Startup Cost": 668440.64,
      "Total Cost": 668440.89,
      "Plan Rows": 100,
      "Plan Width": 71,
      "Actual Startup Time": 3428.661,
      "Actual Total Time": 3430.264,
      "Actual Rows": 57.0,
      "Actual Loops": 1,
      "Disabled": false,
      "Output": [
        "customer.c_name",
        "customer.c_custkey",
        "orders.o_orderkey",
        "orders.o_orderdate",
        "orders.o_totalprice",
        "(sum(lineitem.l_quantity))"
      ],
      "Shared Hit Blocks": 265959,
      "Shared Read Blocks": 158844,
      "Shared Dirtied Blocks": 0,
      "Shared Written Blocks": 0,
      "Local Hit Blocks": 0,
      "Local Read Blocks": 0,
      "Local Dirtied Blocks": 0,
      "Local Written Blocks": 0,
      "Temp Read Blocks": 1875,
      "Temp Written Blocks": 1881,
      "Plans": [
        {
          "Node Type": "Sort",
          "Parent Relationship": "Outer",
          "Parallel Aware": false,
          "Async Capable": false,
          "Startup Cost": 668440.64,
          "Total Cost": 669658.36,
          "Plan Rows": 487087,
          "Plan Width": 71,
          "Actual Startup Time": 3428.66,
          "Actual Total Time": 3430.261,
          "Actual Rows": 57.0,
          "Actual Loops": 1,
          "Disabled": false,
          "Output": [
            "customer.c_name",
            "customer.c_custkey",
            "orders.o_orderkey",
            "orders.o_orderdate",
            "orders.o_totalprice",
            "(sum(lineitem.l_quantity))"
          ],
          "Sort Key": [
            "orders.o_totalprice DESC",
            "orders.o_orderdate"
          ],
          "Sort Method": "quicksort",
          "Sort Space Used": 29,
          "Sort Space Type": "Memory",
          "Shared Hit Blocks": 265959,
          "Shared Read Blocks": 158844,
          "Shared Dirtied Blocks": 0,
          "Shared Written Blocks": 0,
          "Local Hit Blocks": 0,
          "Local Read Blocks": 0,
          "Local Dirtied Blocks": 0,
          "Local Written Blocks": 0,
          "Temp Read Blocks": 1875,
          "Temp Written Blocks": 1881,
          "Plans": [
            {
              "Node Type": "Aggregate",
              "Strategy": "Sorted",
              "Partial Mode": "Simple",
              "Parent Relationship": "Outer",
              "Parallel Aware": false,
              "Async Capable": false,
              "Startup Cost": 513357.81,
              "Total Cost": 649824.53,
              "Plan Rows": 487087,
              "Plan Width": 71,
              "Actual Startup Time": 3414.658,
              "Actual Total Time": 3430.218,
              "Actual Rows": 57.0,
              "Actual Loops": 1,
              "Disabled": false,
              "Output": [
                "customer.c_name",
                "customer.c_custkey",
                "orders.o_orderkey",
                "orders.o_orderdate",
                "orders.o_totalprice",
                "sum(lineitem.l_quantity)"
              ],
              "Group Key": [
                "customer.c_custkey",
                "orders.o_orderkey"
              ],
              "Shared Hit Blocks": 265959,
              "Shared Read Blocks": 158844,
              "Shared Dirtied Blocks": 0,
              "Shared Written Blocks": 0,
              "Local Hit Blocks": 0,
              "Local Read Blocks": 0,
              "Local Dirtied Blocks": 0,
              "Local Written Blocks": 0,
              "Temp Read Blocks": 1875,
              "Temp Written Blocks": 1881,
              "Plans": [
                {
                  "Node Type": "Gather Merge",
                  "Parent Relationship": "Outer",
                  "Parallel Aware": false,
                  "Async Capable": false,
                  "Startup Cost": 513357.81,
                  "Total Cost": 640082.79,
                  "Plan Rows": 487087,
                  "Plan Width": 44,
                  "Actual Startup Time": 3414.591,
                  "Actual Total Time": 3430.135,
                  "Actual Rows": 399.0,
                  "Actual Loops": 1,
                  "Disabled": false,
                  "Output": [
                    "customer.c_custkey",
                    "orders.o_orderkey",
                    "customer.c_name",
                    "orders.o_orderdate",
                    "orders.o_totalprice",
                    "lineitem.l_quantity"
                  ],
                  "Workers Planned": 2,
                  "Workers Launched": 2,
                  "Shared Hit Blocks": 265959,
                  "Shared Read Blocks": 158844,
                  "Shared Dirtied Blocks": 0,
                  "Shared Written Blocks": 0,
                  "Local Hit Blocks": 0,
                  "Local Read Blocks": 0,
                  "Local Dirtied Blocks": 0,
                  "Local Written Blocks": 0,
                  "Temp Read Blocks": 1875,
                  "Temp Written Blocks": 1881,
                  "Plans": [
                    {
                      "Node Type": "Incremental Sort",
                      "Parent Relationship": "Outer",
                      "Parallel Aware": false,
                      "Async Capable": false,
                      "Startup Cost": 512357.78,
                      "Total Cost": 582860.84,
                      "Plan Rows": 202953,
                      "Plan Width": 44,
                      "Actual Startup Time": 3388.623,
                      "Actual Total Time": 3407.103,
                      "Actual Rows": 133.0,
                      "Actual Loops": 3,
                      "Disabled": false,
                      "Output": [
                        "customer.c_custkey",
                        "orders.o_orderkey",
                        "customer.c_name",
                        "orders.o_orderdate",
                        "orders.o_totalprice",
                        "lineitem.l_quantity"
                      ],
                      "Sort Key": [
                        "customer.c_custkey",
                        "orders.o_orderkey"
                      ],
                      "Presorted Key": [
                        "customer.c_custkey"
                      ],
                      "Full-sort Groups": {
                        "Group Count": 4,
                        "Sort Methods Used": [
                          "quicksort"
                        ],
                        "Sort Space Memory": {
                          "Average Sort Space Used": 27,
                          "Peak Sort Space Used": 27
                        }
                      },
                      "Shared Hit Blocks": 265959,
                      "Shared Read Blocks": 158844,
                      "Shared Dirtied Blocks": 0,
                      "Shared Written Blocks": 0,
                      "Local Hit Blocks": 0,
                      "Local Read Blocks": 0,
                      "Local Dirtied Blocks": 0,
                      "Local Written Blocks": 0,
                      "Temp Read Blocks": 1875,
                      "Temp Written Blocks": 1881,
                      "Workers": [
                        {
                          "Worker Number": 0,
                          "Actual Startup Time": 3385.841,
                          "Actual Total Time": 3406.974,
                          "Actual Rows": 161.0,
                          "Actual Loops": 1,
                          "Full-sort Groups": {
                            "Group Count": 5,
                            "Sort Methods Used": [
                              "quicksort"
                            ],
                            "Sort Space Memory": {
                              "Average Sort Space Used": 27,
                              "Peak Sort Space Used": 27
                            }
                          },
                          "Shared Hit Blocks": 90436,
                          "Shared Read Blocks": 51310,
                          "Shared Dirtied Blocks": 0,
                          "Shared Written Blocks": 0,
                          "Local Hit Blocks": 0,
                          "Local Read Blocks": 0,
                          "Local Dirtied Blocks": 0,
                          "Local Written Blocks": 0,
                          "Temp Read Blocks": 625,
                          "Temp Written Blocks": 627
                        },
                        {
                          "Worker Number": 1,
                          "Actual Startup Time": 3387.746,
                          "Actual Total Time": 3408.161,
                          "Actual Rows": 126.0,
                          "Actual Loops": 1,
                          "Full-sort Groups": {
                            "Group Count": 4,
                            "Sort Methods Used": [
                              "quicksort"
                            ],
                            "Sort Space Memory": {
                              "Average Sort Space Used": 27,
                              "Peak Sort Space Used": 27
                            }
                          },
                          "Shared Hit Blocks": 86143,
                          "Shared Read Blocks": 55345,
                          "Shared Dirtied Blocks": 0,
                          "Shared Written Blocks": 0,
                          "Local Hit Blocks": 0,
                          "Local Read Blocks": 0,
                          "Local Dirtied Blocks": 0,
                          "Local Written Blocks": 0,
                          "Temp Read Blocks": 625,
                          "Temp Written Blocks": 627
                        }
                      ],
                      "Plans": [
                        {
                          "Node Type": "Nested Loop",
                          "Parent Relationship": "Outer",
                          "Parallel Aware": false,
                          "Async Capable": false,
                          "Join Type": "Inner",
                          "Startup Cost": 512357.35,
                          "Total Cost": 575581.31,
                          "Plan Rows": 202953,
                          "Plan Width": 44,
                          "Actual Startup Time": 3385.219,
                          "Actual Total Time": 3406.743,
                          "Actual Rows": 133.0,
                          "Actual Loops": 3,
                          "Disabled": false,
                          "Output": [
                            "customer.c_custkey",
                            "orders.o_orderkey",
                            "customer.c_name",
                            "orders.o_orderdate",
                            "orders.o_totalprice",
                            "lineitem.l_quantity"
                          ],
                          "Inner Unique": false,
                          "Shared Hit Blocks": 265894,
                          "Shared Read Blocks": 158843,
                          "Shared Dirtied Blocks": 0,
                          "Shared Written Blocks": 0,
                          "Local Hit Blocks": 0,
                          "Local Read Blocks": 0,
                          "Local Dirtied Blocks": 0,
                          "Local Written Blocks": 0,
                          "Temp Read Blocks": 1875,
                          "Temp Written Blocks": 1881,
                          "Workers": [
                            {
                              "Worker Number": 0,
                              "Actual Startup Time": 3382.79,
                              "Actual Total Time": 3406.45,
                              "Actual Rows": 161.0,
                              "Actual Loops": 1,
                              "Shared Hit Blocks": 90404,
                              "Shared Read Blocks": 51309,
                              "Shared Dirtied Blocks": 0,
                              "Shared Written Blocks": 0,
                              "Local Hit Blocks": 0,
                              "Local Read Blocks": 0,
                              "Local Dirtied Blocks": 0,
                              "Local Written Blocks": 0,
                              "Temp Read Blocks": 625,
                              "Temp Written Blocks": 627
                            },
                            {
                              "Worker Number": 1,
                              "Actual Startup Time": 3383.151,
                              "Actual Total Time": 3407.684,
                              "Actual Rows": 126.0,
                              "Actual Loops": 1,
                              "Shared Hit Blocks": 86110,
                              "Shared Read Blocks": 55345,
                              "Shared Dirtied Blocks": 0,
                              "Shared Written Blocks": 0,
                              "Local Hit Blocks": 0,
                              "Local Read Blocks": 0,
                              "Local Dirtied Blocks": 0,
                              "Local Written Blocks": 0,
                              "Temp Read Blocks": 625,
                              "Temp Written Blocks": 627
                            }
                          ],
                          "Plans": [
                            {
                              "Node Type": "Merge Join",
                              "Parent Relationship": "Outer",
                              "Parallel Aware": false,
                              "Async Capable": false,
                              "Join Type": "Inner",
                              "Startup Cost": 512356.92,
                              "Total Cost": 513867.71,
                              "Plan Rows": 50723,
                              "Plan Width": 43,
                              "Actual Startup Time": 3384.932,
                              "Actual Total Time": 3396.736,
                              "Actual Rows": 19.0,
                              "Actual Loops": 3,
                              "Disabled": false,
                              "Output": [
                                "customer.c_name",
                                "customer.c_custkey",
                                "orders.o_orderkey",
                                "orders.o_orderdate",
                                "orders.o_totalprice",
                                "lineitem_1.l_orderkey"
                              ],
                              "Inner Unique": true,
                              "Merge Cond": "(orders.o_custkey = customer.c_custkey)",
                              "Shared Hit Blocks": 265807,
                              "Shared Read Blocks": 158698,
                              "Shared Dirtied Blocks": 0,
                              "Shared Written Blocks": 0,
                              "Local Hit Blocks": 0,
                              "Local Read Blocks": 0,
                              "Local Dirtied Blocks": 0,
                              "Local Written Blocks": 0,
                              "Temp Read Blocks": 1875,
                              "Temp Written Blocks": 1881,
                              "Workers": [
                                {
                                  "Worker Number": 0,
                                  "Actual Startup Time": 3382.262,
                                  "Actual Total Time": 3393.931,
                                  "Actual Rows": 23.0,
                                  "Actual Loops": 1,
                                  "Shared Hit Blocks": 90371,
                                  "Shared Read Blocks": 51250,
                                  "Shared Dirtied Blocks": 0,
                                  "Shared Written Blocks": 0,
                                  "Local Hit Blocks": 0,
                                  "Local Read Blocks": 0,
                                  "Local Dirtied Blocks": 0,
                                  "Local Written Blocks": 0,
                                  "Temp Read Blocks": 625,
                                  "Temp Written Blocks": 627
                                },
                                {
                                  "Worker Number": 1,
                                  "Actual Startup Time": 3383.129,
                                  "Actual Total Time": 3394.279,
                                  "Actual Rows": 18.0,
                                  "Actual Loops": 1,
                                  "Shared Hit Blocks": 86084,
                                  "Shared Read Blocks": 55295,
                                  "Shared Dirtied Blocks": 0,
                                  "Shared Written Blocks": 0,
                                  "Local Hit Blocks": 0,
                                  "Local Read Blocks": 0,
                                  "Local Dirtied Blocks": 0,
                                  "Local Written Blocks": 0,
                                  "Temp Read Blocks": 625,
                                  "Temp Written Blocks": 627
                                }
                              ],
                              "Plans": [
                                {
                                  "Node Type": "Sort",
                                  "Parent Relationship": "Outer",
                                  "Parallel Aware": false,
                                  "Async Capable": false,
                                  "Startup Cost": 491284.44,
                                  "Total Cost": 491411.25,
                                  "Plan Rows": 50723,
                                  "Plan Width": 24,
                                  "Actual Startup Time": 3260.203,
                                  "Actual Total Time": 3260.209,
                                  "Actual Rows": 19.0,
                                  "Actual Loops": 3,
                                  "Disabled": false,
                                  "Output": [
                                    "orders.o_orderkey",
                                    "orders.o_orderdate",
                                    "orders.o_totalprice",
                                    "orders.o_custkey",
                                    "lineitem_1.l_orderkey"
                                  ],
                                  "Sort Key": [
                                    "orders.o_custkey"
                                  ],
                                  "Sort Method": "quicksort",
                                  "Sort Space Used": 25,
                                  "Sort Space Type": "Memory",
                                  "Shared Hit Blocks": 258637,
                                  "Shared Read Blocks": 155098,
                                  "Shared Dirtied Blocks": 0,
                                  "Shared Written Blocks": 0,
                                  "Local Hit Blocks": 0,
                                  "Local Read Blocks": 0,
                                  "Local Dirtied Blocks": 0,
                                  "Local Written Blocks": 0,
                                  "Temp Read Blocks": 0,
                                  "Temp Written Blocks": 0,
                                  "Workers": [
                                    {
                                      "Worker Number": 0,
                                      "Actual Startup Time": 3258.162,
                                      "Actual Total Time": 3258.167,
                                      "Actual Rows": 23.0,
                                      "Actual Loops": 1,
                                      "Sort Method": "quicksort",
                                      "Sort Space Used": 26,
                                      "Sort Space Type": "Memory",
                                      "Shared Hit Blocks": 87244,
                                      "Shared Read Blocks": 50792,
                                      "Shared Dirtied Blocks": 0,
                                      "Shared Written Blocks": 0,
                                      "Local Hit Blocks": 0,
                                      "Local Read Blocks": 0,
                                      "Local Dirtied Blocks": 0,
                                      "Local Written Blocks": 0,
                                      "Temp Read Blocks": 0,
                                      "Temp Written Blocks": 0
                                    },
                                    {
                                      "Worker Number": 1,
                                      "Actual Startup Time": 3258.179,
                                      "Actual Total Time": 3258.183,
                                      "Actual Rows": 18.0,
                                      "Actual Loops": 1,
                                      "Sort Method": "quicksort",
                                      "Sort Space Used": 25,
                                      "Sort Space Type": "Memory",
                                      "Shared Hit Blocks": 85630,
                                      "Shared Read Blocks": 52160,
                                      "Shared Dirtied Blocks": 0,
                                      "Shared Written Blocks": 0,
                                      "Local Hit Blocks": 0,
                                      "Local Read Blocks": 0,
                                      "Local Dirtied Blocks": 0,
                                      "Local Written Blocks": 0,
                                      "Temp Read Blocks": 0,
                                      "Temp Written Blocks": 0
                                    }
                                  ],
                                  "Plans": [
                                    {
                                      "Node Type": "Hash Join",
                                      "Parent Relationship": "Outer",
                                      "Parallel Aware": false,
                                      "Async Capable": false,
                                      "Join Type": "Inner",
                                      "Startup Cost": 453293.73,
                                      "Total Cost": 487320.35,
                                      "Plan Rows": 50723,
                                      "Plan Width": 24,
                                      "Actual Startup Time": 3078.706,
                                      "Actual Total Time": 3260.154,
                                      "Actual Rows": 19.0,
                                      "Actual Loops": 3,
                                      "Disabled": false,
                                      "Output": [
                                        "orders.o_orderkey",
                                        "orders.o_orderdate",
                                        "orders.o_totalprice",
                                        "orders.o_custkey",
                                        "lineitem_1.l_orderkey"
                                      ],
                                      "Inner Unique": true,
                                      "Hash Cond": "(orders.o_orderkey = lineitem_1.l_orderkey)",
                                      "Shared Hit Blocks": 258637,
                                      "Shared Read Blocks": 155098,
                                      "Shared Dirtied Blocks": 0,
                                      "Shared Written Blocks": 0,
                                      "Local Hit Blocks": 0,
                                      "Local Read Blocks": 0,
                                      "Local Dirtied Blocks": 0,
                                      "Local Written Blocks": 0,
                                      "Temp Read Blocks": 0,
                                      "Temp Written Blocks": 0,
                                      "Workers": [
                                        {
                                          "Worker Number": 0,
                                          "Actual Startup Time": 3038.021,
                                          "Actual Total Time": 3258.106,
                                          "Actual Rows": 23.0,
                                          "Actual Loops": 1,
                                          "Shared Hit Blocks": 87244,
                                          "Shared Read Blocks": 50792,
                                          "Shared Dirtied Blocks": 0,
                                          "Shared Written Blocks": 0,
                                          "Local Hit Blocks": 0,
                                          "Local Read Blocks": 0,
                                          "Local Dirtied Blocks": 0,
                                          "Local Written Blocks": 0,
                                          "Temp Read Blocks": 0,
                                          "Temp Written Blocks": 0
                                        },
                                        {
                                          "Worker Number": 1,
                                          "Actual Startup Time": 3106.602,
                                          "Actual Total Time": 3258.13,
                                          "Actual Rows": 18.0,
                                          "Actual Loops": 1,
                                          "Shared Hit Blocks": 85630,
                                          "Shared Read Blocks": 52160,
                                          "Shared Dirtied Blocks": 0,
                                          "Shared Written Blocks": 0,
                                          "Local Hit Blocks": 0,
                                          "Local Read Blocks": 0,
                                          "Local Dirtied Blocks": 0,
                                          "Local Written Blocks": 0,
                                          "Temp Read Blocks": 0,
                                          "Temp Written Blocks": 0
                                        }
                                      ],
                                      "Plans": [
                                        {
                                          "Node Type": "Seq Scan",
                                          "Parent Relationship": "Outer",
                                          "Parallel Aware": true,
                                          "Async Capable": false,
                                          "Relation Name": "orders",
                                          "Schema": "public",
                                          "Alias": "orders",
                                          "Startup Cost": 0.0,
                                          "Total Cost": 32386.0,
                                          "Plan Rows": 625000,
                                          "Plan Width": 20,
                                          "Actual Startup Time": 0.106,
                                          "Actual Total Time": 202.885,
                                          "Actual Rows": 500000.0,
                                          "Actual Loops": 3,
                                          "Disabled": false,
                                          "Output": [
                                            "orders.o_orderkey",
                                            "orders.o_custkey",
                                            "orders.o_orderstatus",
                                            "orders.o_totalprice",
                                            "orders.o_orderdate",
                                            "orders.o_orderpriority",
                                            "orders.o_clerk",
                                            "orders.o_shippriority",
                                            "orders.o_comment"
                                          ],
                                          "Shared Hit Blocks": 0,
                                          "Shared Read Blocks": 26136,
                                          "Shared Dirtied Blocks": 0,
                                          "Shared Written Blocks": 0,
                                          "Local Hit Blocks": 0,
                                          "Local Read Blocks": 0,
                                          "Local Dirtied Blocks": 0,
                                          "Local Written Blocks": 0,
                                          "Temp Read Blocks": 0,
                                          "Temp Written Blocks": 0,
                                          "Workers": [
                                            {
                                              "Worker Number": 0,
                                              "Actual Startup Time": 0.154,
                                              "Actual Total Time": 201.767,
                                              "Actual Rows": 507425.0,
                                              "Actual Loops": 1,
                                              "Shared Hit Blocks": 0,
                                              "Shared Read Blocks": 8836,
                                              "Shared Dirtied Blocks": 0,
                                              "Shared Written Blocks": 0,
                                              "Local Hit Blocks": 0,
                                              "Local Read Blocks": 0,
                                              "Local Dirtied Blocks": 0,
                                              "Local Written Blocks": 0,
                                              "Temp Read Blocks": 0,
                                              "Temp Written Blocks": 0
                                            },
                                            {
                                              "Worker Number": 1,
                                              "Actual Startup Time": 0.113,
                                              "Actual Total Time": 205.343,
                                              "Actual Rows": 492635.0,
                                              "Actual Loops": 1,
                                              "Shared Hit Blocks": 0,
                                              "Shared Read Blocks": 8590,
                                              "Shared Dirtied Blocks": 0,
                                              "Shared Written Blocks": 0,
                                              "Local Hit Blocks": 0,
                                              "Local Read Blocks": 0,
                                              "Local Dirtied Blocks": 0,
                                              "Local Written Blocks": 0,
                                              "Temp Read Blocks": 0,
                                              "Temp Written Blocks": 0
                                            }
                                          ]
                                        },
                                        {
                                          "Node Type": "Hash",
                                          "Parent Relationship": "Inner",
                                          "Parallel Aware": false,
                                          "Async Capable": false,
                                          "Startup Cost": 451772.04,
                                          "Total Cost": 451772.04,
                                          "Plan Rows": 121735,
                                          "Plan Width": 4,
                                          "Actual Startup Time": 3007.081,
                                          "Actual Total Time": 3007.081,
                                          "Actual Rows": 57.0,
                                          "Actual Loops": 3,
                                          "Disabled": false,
                                          "Output": [
                                            "lineitem_1.l_orderkey"
                                          ],
                                          "Hash Buckets": 131072,
                                          "Original Hash Buckets": 131072,
                                          "Hash Batches": 1,
                                          "Original Hash Batches": 1,
                                          "Peak Memory Usage": 1027,
                                          "Shared Hit Blocks": 258637,
                                          "Shared Read Blocks": 128962,
                                          "Shared Dirtied Blocks": 0,
                                          "Shared Written Blocks": 0,
                                          "Local Hit Blocks": 0,
                                          "Local Read Blocks": 0,
                                          "Local Dirtied Blocks": 0,
                                          "Local Written Blocks": 0,
                                          "Temp Read Blocks": 0,
                                          "Temp Written Blocks": 0,
                                          "Workers": [
                                            {
                                              "Worker Number": 0,
                                              "Actual Startup Time": 3004.934,
                                              "Actual Total Time": 3004.935,
                                              "Actual Rows": 57.0,
                                              "Actual Loops": 1,
                                              "Shared Hit Blocks": 87244,
                                              "Shared Read Blocks": 41956,
                                              "Shared Dirtied Blocks": 0,
                                              "Shared Written Blocks": 0,
                                              "Local Hit Blocks": 0,
                                              "Local Read Blocks": 0,
                                              "Local Dirtied Blocks": 0,
                                              "Local Written Blocks": 0,
                                              "Temp Read Blocks": 0,
                                              "Temp Written Blocks": 0
                                            },
                                            {
                                              "Worker Number": 1,
                                              "Actual Startup Time": 3004.815,
                                              "Actual Total Time": 3004.815,
                                              "Actual Rows": 57.0,
                                              "Actual Loops": 1,
                                              "Shared Hit Blocks": 85630,
                                              "Shared Read Blocks": 43570,
                                              "Shared Dirtied Blocks": 0,
                                              "Shared Written Blocks": 0,
                                              "Local Hit Blocks": 0,
                                              "Local Read Blocks": 0,
                                              "Local Dirtied Blocks": 0,
                                              "Local Written Blocks": 0,
                                              "Temp Read Blocks": 0,
                                              "Temp Written Blocks": 0
                                            }
                                          ],
                                          "Plans": [
                                            {
                                              "Node Type": "Aggregate",
                                              "Strategy": "Sorted",
                                              "Partial Mode": "Simple",
                                              "Parent Relationship": "Outer",
                                              "Parallel Aware": false,
                                              "Async Capable": false,
                                              "Startup Cost": 0.43,
                                              "Total Cost": 451772.04,
                                              "Plan Rows": 121735,
                                              "Plan Width": 4,
                                              "Actual Startup Time": 3.433,
                                              "Actual Total Time": 3006.722,
                                              "Actual Rows": 57.0,
                                              "Actual Loops": 3,
                                              "Disabled": false,
                                              "Output": [
                                                "lineitem_1.l_orderkey"
                                              ],
                                              "Group Key": [
                                                "lineitem_1.l_orderkey"
                                              ],
                                              "Filter": "(sum(lineitem_1.l_quantity) > '300'::numeric)",
                                              "Rows Removed by Filter": 1499943,
                                              "Shared Hit Blocks": 258637,
                                              "Shared Read Blocks": 128962,
                                              "Shared Dirtied Blocks": 0,
                                              "Shared Written Blocks": 0,
                                              "Local Hit Blocks": 0,
                                              "Local Read Blocks": 0,
                                              "Local Dirtied Blocks": 0,
                                              "Local Written Blocks": 0,
                                              "Temp Read Blocks": 0,
                                              "Temp Written Blocks": 0,
                                              "Workers": [
                                                {
                                                  "Worker Number": 0,
                                                  "Actual Startup Time": 3.138,
                                                  "Actual Total Time": 3004.614,
                                                  "Actual Rows": 57.0,
                                                  "Actual Loops": 1,
                                                  "Shared Hit Blocks": 87244,
                                                  "Shared Read Blocks": 41956,
                                                  "Shared Dirtied Blocks": 0,
                                                  "Shared Written Blocks": 0,
                                                  "Local Hit Blocks": 0,
                                                  "Local Read Blocks": 0,
                                                  "Local Dirtied Blocks": 0,
                                                  "Local Written Blocks": 0,
                                                  "Temp Read Blocks": 0,
                                                  "Temp Written Blocks": 0
                                                },
                                                {
                                                  "Worker Number": 1,
                                                  "Actual Startup Time": 3.531,
                                                  "Actual Total Time": 3004.425,
                                                  "Actual Rows": 57.0,
                                                  "Actual Loops": 1,
                                                  "Shared Hit Blocks": 85630,
                                                  "Shared Read Blocks": 43570,
                                                  "Shared Dirtied Blocks": 0,
                                                  "Shared Written Blocks": 0,
                                                  "Local Hit Blocks": 0,
                                                  "Local Read Blocks": 0,
                                                  "Local Dirtied Blocks": 0,
                                                  "Local Written Blocks": 0,
                                                  "Temp Read Blocks": 0,
                                                  "Temp Written Blocks": 0
                                                }
                                              ],
                                              "Plans": [
                                                {
                                                  "Node Type": "Index Scan",
                                                  "Parent Relationship": "Outer",
                                                  "Parallel Aware": false,
                                                  "Async Capable": false,
                                                  "Scan Direction": "Forward",
                                                  "Index Name": "lineitem_pkey",
                                                  "Relation Name": "lineitem",
                                                  "Schema": "public",
                                                  "Alias": "lineitem_1",
                                                  "Startup Cost": 0.43,
                                                  "Total Cost": 416284.88,
                                                  "Plan Rows": 6001816,
                                                  "Plan Width": 9,
                                                  "Actual Startup Time": 0.115,
                                                  "Actual Total Time": 2218.769,
                                                  "Actual Rows": 6001215.0,
                                                  "Actual Loops": 3,
                                                  "Disabled": false,
                                                  "Output": [
                                                    "lineitem_1.l_orderkey",
                                                    "lineitem_1.l_partkey",
                                                    "lineitem_1.l_suppkey",
                                                    "lineitem_1.l_linenumber",
                                                    "lineitem_1.l_quantity",
                                                    "lineitem_1.l_extendedprice",
                                                    "lineitem_1.l_discount",
                                                    "lineitem_1.l_tax",
                                                    "lineitem_1.l_returnflag",
                                                    "lineitem_1.l_linestatus",
                                                    "lineitem_1.l_shipdate",
                                                    "lineitem_1.l_commitdate",
                                                    "lineitem_1.l_receiptdate",
                                                    "lineitem_1.l_shipinstruct",
                                                    "lineitem_1.l_shipmode",
                                                    "lineitem_1.l_comment"
                                                  ],
                                                  "Index Searches": 3,
                                                  "Shared Hit Blocks": 258637,
                                                  "Shared Read Blocks": 128962,
                                                  "Shared Dirtied Blocks": 0,
                                                  "Shared Written Blocks": 0,
                                                  "Local Hit Blocks": 0,
                                                  "Local Read Blocks": 0,
                                                  "Local Dirtied Blocks": 0,
                                                  "Local Written Blocks": 0,
                                                  "Temp Read Blocks": 0,
                                                  "Temp Written Blocks": 0,
                                                  "Workers": [
                                                    {
                                                      "Worker Number": 0,
                                                      "Actual Startup Time": 0.185,
                                                      "Actual Total Time": 2213.114,
                                                      "Actual Rows": 6001215.0,
                                                      "Actual Loops": 1,
                                                      "Shared Hit Blocks": 87244,
                                                      "Shared Read Blocks": 41956,
                                                      "Shared Dirtied Blocks": 0,
                                                      "Shared Written Blocks": 0,
                                                      "Local Hit Blocks": 0,
                                                      "Local Read Blocks": 0,
                                                      "Local Dirtied Blocks": 0,
                                                      "Local Written Blocks": 0,
                                                      "Temp Read Blocks": 0,
                                                      "Temp Written Blocks": 0
                                                    },
                                                    {
                                                      "Worker Number": 1,
                                                      "Actual Startup Time": 0.136,
                                                      "Actual Total Time": 2239.075,
                                                      "Actual Rows": 6001215.0,
                                                      "Actual Loops": 1,
                                                      "Shared Hit Blocks": 85630,
                                                      "Shared Read Blocks": 43570,
                                                      "Shared Dirtied Blocks": 0,
                                                      "Shared Written Blocks": 0,
                                                      "Local Hit Blocks": 0,
                                                      "Local Read Blocks": 0,
                                                      "Local Dirtied Blocks": 0,
                                                      "Local Written Blocks": 0,
                                                      "Temp Read Blocks": 0,
                                                      "Temp Written Blocks": 0
                                                    }
                                                  ]
                                                }
                                              ]
                                            }
                                          ]
                                        }
                                      ]
                                    }
                                  ]
                                },
                                {
                                  "Node Type": "Sort",
                                  "Parent Relationship": "Inner",
                                  "Parallel Aware": false,
                                  "Async Capable": false,
                                  "Startup Cost": 21072.45,
                                  "Total Cost": 21447.45,
                                  "Plan Rows": 150000,
                                  "Plan Width": 23,
                                  "Actual Startup Time": 124.029,
                                  "Actual Total Time": 131.474,
                                  "Actual Rows": 146091.0,
                                  "Actual Loops": 3,
                                  "Disabled": false,
                                  "Output": [
                                    "customer.c_name",
                                    "customer.c_custkey"
                                  ],
                                  "Sort Key": [
                                    "customer.c_custkey"
                                  ],
                                  "Sort Method": "external merge",
                                  "Sort Space Used": 5000,
                                  "Sort Space Type": "Disk",
                                  "Shared Hit Blocks": 7170,
                                  "Shared Read Blocks": 3600,
                                  "Shared Dirtied Blocks": 0,
                                  "Shared Written Blocks": 0,
                                  "Local Hit Blocks": 0,
                                  "Local Read Blocks": 0,
                                  "Local Dirtied Blocks": 0,
                                  "Local Written Blocks": 0,
                                  "Temp Read Blocks": 1875,
                                  "Temp Written Blocks": 1881,
                                  "Workers": [
                                    {
                                      "Worker Number": 0,
                                      "Actual Startup Time": 123.809,
                                      "Actual Total Time": 130.958,
                                      "Actual Rows": 146608.0,
                                      "Actual Loops": 1,
                                      "Sort Method": "external merge",
                                      "Sort Space Used": 5000,
                                      "Sort Space Type": "Disk",
                                      "Shared Hit Blocks": 3127,
                                      "Shared Read Blocks": 458,
                                      "Shared Dirtied Blocks": 0,
                                      "Shared Written Blocks": 0,
                                      "Local Hit Blocks": 0,
                                      "Local Read Blocks": 0,
                                      "Local Dirtied Blocks": 0,
                                      "Local Written Blocks": 0,
                                      "Temp Read Blocks": 625,
                                      "Temp Written Blocks": 627
                                    },
                                    {
                                      "Worker Number": 1,
                                      "Actual Startup Time": 123.715,
                                      "Actual Total Time": 131.049,
                                      "Actual Rows": 149842.0,
                                      "Actual Loops": 1,
                                      "Sort Method": "external merge",
                                      "Sort Space Used": 5000,
                                      "Sort Space Type": "Disk",
                                      "Shared Hit Blocks": 454,
                                      "Shared Read Blocks": 3135,
                                      "Shared Dirtied Blocks": 0,
                                      "Shared Written Blocks": 0,
                                      "Local Hit Blocks": 0,
                                      "Local Read Blocks": 0,
                                      "Local Dirtied Blocks": 0,
                                      "Local Written Blocks": 0,
                                      "Temp Read Blocks": 625,
                                      "Temp Written Blocks": 627
                                    }
                                  ],
                                  "Plans": [
                                    {
                                      "Node Type": "Seq Scan",
                                      "Parent Relationship": "Outer",
                                      "Parallel Aware": false,
                                      "Async Capable": false,
                                      "Relation Name": "customer",
                                      "Schema": "public",
                                      "Alias": "customer",
                                      "Startup Cost": 0.0,
                                      "Total Cost": 5100.0,
                                      "Plan Rows": 150000,
                                      "Plan Width": 23,
                                      "Actual Startup Time": 0.256,
                                      "Actual Total Time": 21.572,
                                      "Actual Rows": 150000.0,
                                      "Actual Loops": 3,
                                      "Disabled": false,
                                      "Output": [
                                        "customer.c_name",
                                        "customer.c_custkey"
                                      ],
                                      "Shared Hit Blocks": 7170,
                                      "Shared Read Blocks": 3600,
                                      "Shared Dirtied Blocks": 0,
                                      "Shared Written Blocks": 0,
                                      "Local Hit Blocks": 0,
                                      "Local Read Blocks": 0,
                                      "Local Dirtied Blocks": 0,
                                      "Local Written Blocks": 0,
                                      "Temp Read Blocks": 0,
                                      "Temp Written Blocks": 0,
                                      "Workers": [
                                        {
                                          "Worker Number": 0,
                                          "Actual Startup Time": 0.322,
                                          "Actual Total Time": 24.162,
                                          "Actual Rows": 150000.0,
                                          "Actual Loops": 1,
                                          "Shared Hit Blocks": 3127,
                                          "Shared Read Blocks": 458,
                                          "Shared Dirtied Blocks": 0,
                                          "Shared Written Blocks": 0,
                                          "Local Hit Blocks": 0,
                                          "Local Read Blocks": 0,
                                          "Local Dirtied Blocks": 0,
                                          "Local Written Blocks": 0,
                                          "Temp Read Blocks": 0,
                                          "Temp Written Blocks": 0
                                        },
                                        {
                                          "Worker Number": 1,
                                          "Actual Startup Time": 0.209,
                                          "Actual Total Time": 22.031,
                                          "Actual Rows": 150000.0,
                                          "Actual Loops": 1,
                                          "Shared Hit Blocks": 454,
                                          "Shared Read Blocks": 3135,
                                          "Shared Dirtied Blocks": 0,
                                          "Shared Written Blocks": 0,
                                          "Local Hit Blocks": 0,
                                          "Local Read Blocks": 0,
                                          "Local Dirtied Blocks": 0,
                                          "Local Written Blocks": 0,
                                          "Temp Read Blocks": 0,
                                          "Temp Written Blocks": 0
                                        }
                                      ]
                                    }
                                  ]
                                }
                              ]
                            },
                            {
                              "Node Type": "Index Scan",
                              "Parent Relationship": "Inner",
                              "Parallel Aware": false,
                              "Async Capable": false,
                              "Scan Direction": "Forward",
                              "Index Name": "lineitem_pkey",
                              "Relation Name": "lineitem",
                              "Schema": "public",
                              "Alias": "lineitem",
                              "Startup Cost": 0.43,
                              "Total Cost": 1.06,
                              "Plan Rows": 16,
                              "Plan Width": 9,
                              "Actual Startup Time": 0.523,
                              "Actual Total Time": 0.524,
                              "Actual Rows": 7.0,
                              "Actual Loops": 57,
                              "Disabled": false,
                              "Output": [
                                "lineitem.l_orderkey",
                                "lineitem.l_partkey",
                                "lineitem.l_suppkey",
                                "lineitem.l_linenumber",
                                "lineitem.l_quantity",
                                "lineitem.l_extendedprice",
                                "lineitem.l_discount",
                                "lineitem.l_tax",
                                "lineitem.l_returnflag",
                                "lineitem.l_linestatus",
                                "lineitem.l_shipdate",
                                "lineitem.l_commitdate",
                                "lineitem.l_receiptdate",
                                "lineitem.l_shipinstruct",
                                "lineitem.l_shipmode",
                                "lineitem.l_comment"
                              ],
                              "Index Cond": "(lineitem.l_orderkey = orders.o_orderkey)",
                              "Rows Removed by Index Recheck": 0,
                              "Index Searches": 57,
                              "Shared Hit Blocks": 87,
                              "Shared Read Blocks": 145,
                              "Shared Dirtied Blocks": 0,
                              "Shared Written Blocks": 0,
                              "Local Hit Blocks": 0,
                              "Local Read Blocks": 0,
                              "Local Dirtied Blocks": 0,
                              "Local Written Blocks": 0,
                              "Temp Read Blocks": 0,
                              "Temp Written Blocks": 0,
                              "Workers": [
                                {
                                  "Worker Number": 0,
                                  "Actual Startup Time": 0.542,
                                  "Actual Total Time": 0.543,
                                  "Actual Rows": 7.0,
                                  "Actual Loops": 23,
                                  "Shared Hit Blocks": 33,
                                  "Shared Read Blocks": 59,
                                  "Shared Dirtied Blocks": 0,
                                  "Shared Written Blocks": 0,
                                  "Local Hit Blocks": 0,
                                  "Local Read Blocks": 0,
                                  "Local Dirtied Blocks": 0,
                                  "Local Written Blocks": 0,
                                  "Temp Read Blocks": 0,
                                  "Temp Written Blocks": 0
                                },
                                {
                                  "Worker Number": 1,
                                  "Actual Startup Time": 0.742,
                                  "Actual Total Time": 0.743,
                                  "Actual Rows": 7.0,
                                  "Actual Loops": 18,
                                  "Shared Hit Blocks": 26,
                                  "Shared Read Blocks": 50,
                                  "Shared Dirtied Blocks": 0,
                                  "Shared Written Blocks": 0,
                                  "Local Hit Blocks": 0,
                                  "Local Read Blocks": 0,
                                  "Local Dirtied Blocks": 0,
                                  "Local Written Blocks": 0,
                                  "Temp Read Blocks": 0,
                                  "Temp Written Blocks": 0
                                }
                              ]
                            }
                          ]
                        }
                      ]
                    }
                  ]
                }
              ]
            }
          ]
        }
      ]
    },
    "Planning": {
      "Shared Hit Blocks": 17,
      "Shared Read Blocks": 10,
      "Shared Dirtied Blocks": 1,
      "Shared Written Blocks": 0,
      "Local Hit Blocks": 0,
      "Local Read Blocks": 0,
      "Local Dirtied Blocks": 0,
      "Local Written Blocks": 0,
      "Temp Read Blocks": 0,
      "Temp Written Blocks": 0
    },
    "Planning Time": 4.483,
    "Triggers": [],
    "Execution Time": 3437.171
  }
]