[
  {
    "Plan": {
      "Node Type": "Aggregate",
      "Strategy": "Plain",
      "Partial Mode": "Finalize",
      "Parallel Aware": false,
      "Async Capable": false,
      "Startup Cost": 196421.2,
      "Total Cost": 196421.21,
      "Plan Rows": 1,
      "Plan Width": 32,
      "Actual Startup Time": 427.319,
      "Actual Total Time": 429.034,
      "Actual Rows": 1.0,
      "Actual Loops": 1,
      "Disabled": false,
      "Output": [
        "sum((lineitem.l_extendedprice * ('1'::numeric - lineitem.l_discount)))"
      ],
      "Shared Hit Blocks": 10477,
      "Shared Read Blocks": 106251,
      "Shared Dirtied Blocks": 0,
      "Shared Written Blocks": 0,
      "Local Hit Blocks": 0,
      "Local Read Blocks": 0,
      "Local Dirtied Blocks": 0,
      "Local Written Blocks": 0,
      "Temp Read Blocks": 0,
      "Temp Written Blocks": 0,
      "Plans": [
        {
          "Node Type": "Gather",
          "Parent Relationship": "Outer",
          "Parallel Aware": false,
          "Async Capable": false,
          "Startup Cost": 196420.98,
          "Total Cost": 196421.19,
          "Plan Rows": 2,
          "Plan Width": 32,
          "Actual Startup Time": 427.172,
          "Actual Total Time": 429.026,
          "Actual Rows": 3.0,
          "Actual Loops": 1,
          "Disabled": false,
          "Output": [
            "(PARTIAL sum((lineitem.l_extendedprice * ('1'::numeric - lineitem.l_discount))))"
          ],
          "Workers Planned": 2,
          "Workers Launched": 2,
          "Single Copy": false,
          "Shared Hit Blocks": 10477,
          "Shared Read Blocks": 106251,
          "Shared Dirtied Blocks": 0,
          "Shared Written Blocks": 0,
          "Local Hit Blocks": 0,
          "Local Read Blocks": 0,
          "Local Dirtied Blocks": 0,
          "Local Written Blocks": 0,
          "Temp Read Blocks": 0,
          "Temp Written Blocks": 0,
          "Plans": [
            {
              "Node Type": "Aggregate",
              "Strategy": "Plain",
              "Partial Mode": "Partial",
              "Parent Relationship": "Outer",
              "Parallel Aware": false,
              "Async Capable": false,
              "Startup Cost": 195420.98,
              "Total Cost": 195420.99,
              "Plan Rows": 1,
              "Plan Width": 32,
              "Actual Startup Time": 410.967,
              "Actual Total Time": 410.968,
              "Actual Rows": 1.0,
              "Actual Loops": 3,
              "Disabled": false,
              "Output": [
                "PARTIAL sum((lineitem.l_extendedprice * ('1'::numeric - lineitem.l_discount)))"
              ],
              "Shared Hit Blocks": 10477,
              "Shared Read Blocks": 106251,
              "Shared Dirtied Blocks": 0,
              "Shared Written Blocks": 0,
              "Local Hit Blocks": 0,
              "Local Read Blocks": 0,
              "Local Dirtied Blocks": 0,
              "Local Written Blocks": 0,
              "Temp Read Blocks": 0,
              "Temp Written Blocks": 0,
              "Workers": [
                {
                  "Worker Number": 0,
                  "Actual Startup Time": 402.96,
                  "Actual Total Time": 402.961,
                  "Actual Rows": 1.0,
                  "Actual Loops": 1,
                  "Shared Hit Blocks": 3404,
                  "Shared Read Blocks": 34840,
                  "Shared Dirtied Blocks": 0,
                  "Shared Written Blocks": 0,
                  "Local Hit Blocks": 0,
                  "Local Read Blocks": 0,
                  "Local Dirtied Blocks": 0,
                  "Local Written Blocks": 0,
                  "Temp Read Blocks": 0,
                  "Temp Written Blocks": 0
                },
                {
                  "Worker Number": 1,
                  "Actual Startup Time": 403.013,
                  "Actual Total Time": 403.013,
                  "Actual Rows": 1.0,
                  "Actual Loops": 1,
                  "Shared Hit Blocks": 3386,
                  "Shared Read Blocks": 34816,
                  "Shared Dirtied Blocks": 0,
                  "Shared Written Blocks": 0,
                  "Local Hit Blocks": 0,
                  "Local Read Blocks": 0,
                  "Local Dirtied Blocks": 0,
                  "Local Written Blocks": 0,
                  "Temp Read Blocks": 0,
                  "Temp Written Blocks": 0
                }
              ],
              "Plans": [
                {
                  "Node Type": "Hash Join",
                  "Parent Relationship": "Outer",
                  "Parallel Aware": true,
                  "Async Capable": false,
                  "Join Type": "Inner",
                  "Startup Cost": 7672.14,
                  "Total Cost": 195420.62,
                  "Plan Rows": 48,
                  "Plan Width": 12,
                  "Actual Startup Time": 54.923,
                  "Actual Total Time": 410.82,
                  "Actual Rows": 40.33,
                  "Actual Loops": 3,
                  "Disabled": false,
                  "Output": [
                    "lineitem.l_extendedprice",
                    "lineitem.l_discount"
                  ],
                  "Inner Unique": true,
                  "Hash Cond": "(lineitem.l_partkey = part.p_partkey)",
                  "Join Filter": "(((part.p_brand = 'Brand#12'::bpchar) AND (part.p_container = ANY ('{\"SM CASE\",\"SM BOX\",\"SM PACK\",\"SM PKG\"}'::bpchar[])) AND (lineitem.l_quantity >= '1'::numeric) AND (lineitem.l_quantity <= '11'::numeric) AND (part.p_size <= 5)) OR ((part.p_brand = 'Brand#23'::bpchar) AND (part.p_container = ANY ('{\"MED BAG\",\"MED BOX\",\"MED PKG\",\"MED PACK\"}'::bpchar[])) AND (lineitem.l_quantity >= '10'::numeric) AND (lineitem.l_quantity <= '20'::numeric) AND (part.p_size <= 10)) OR ((part.p_brand = 'Brand#34'::bpchar) AND (part.p_container = ANY ('{\"LG CASE\",\"LG BOX\",\"LG PACK\",\"LG PKG\"}'::bpchar[])) AND (lineitem.l_quantity >= '20'::numeric) AND (lineitem.l_quantity <= '30'::numeric) AND (part.p_size <= 15)))",
                  "Rows Removed by Join Filter": 67,
                  "Shared Hit Blocks": 10477,
                  "Shared Read Blocks": 106251,
                  "Shared Dirtied Blocks": 0,
                  "Shared Written Blocks": 0,
                  "Local Hit Blocks": 0,
                  "Local Read Blocks": 0,
                  "Local Dirtied Blocks": 0,
                  "Local Written Blocks": 0,
                  "Temp Read Blocks": 0,
                  "Temp Written Blocks": 0,
                  "Workers": [
                    {
                      "Worker Number": 0,
                      "Actual Startup Time": 48.909,
                      "Actual Total Time": 402.736,
                      "Actual Rows": 45.0,
                      "Actual Loops": 1,
                      "Shared Hit Blocks": 3404,
                      "Shared Read Blocks": 34840,
                      "Shared Dirtied Blocks": 0,
                      "Shared Written Blocks": 0,
                      "Local Hit Blocks": 0,
                      "Local Read Blocks": 0,
                      "Local Dirtied Blocks": 0,
                      "Local Written Blocks": 0,
                      "Temp Read Blocks": 0,
                      "Temp Written Blocks": 0
                    },
                    {
                      "Worker Number": 1,
                      "Actual Startup Time": 45.016,
                      "Actual Total Time": 402.903,
                      "Actual Rows": 41.0,
                      "Actual Loops": 1,
                      "Shared Hit Blocks": 3386,
                      "Shared Read Blocks": 34816,
                      "Shared Dirtied Blocks": 0,
                      "Shared Written Blocks": 0,
                      "Local Hit Blocks": 0,
                      "Local Read Blocks": 0,
                      "Local Dirtied Blocks": 0,
                      "Local Written Blocks": 0,
                      "Temp Read Blocks": 0,
                      "Temp Written Blocks": 0
                    }
                  ],
                  "Plans": [
                    {
                      "Node Type": "Seq Scan",
                      "Parent Relationship": "Outer",
                      "Parallel Aware": true,
                      "Async Capable": false,
                      "Relation Name": "lineitem",
                      "Schema": "public",
                      "Alias": "lineitem",
                      "Startup Cost": 0.0,
                      "Total Cost": 187622.7,
                      "Plan Rows": 47915,
                      "Plan Width": 21,
                      "Actual Startup Time": 0.232,
                      "Actual Total Time": 354.364,
                      "Actual Rows": 42790.33,
                      "Actual Loops": 3,
                      "Disabled": false,
                      "Output": [
                        "lineitem.l_orderkey",
                        "lineitem.l_partkey",
                        "lineitem.l_suppkey",
                        "lineitem.l_linenumber",
                        "lineitem.l_quantity",
                        "lineitem.l_extendedprice",
                        "lineitem.l_discount",
                        "lineitem.l_tax",
                        "lineitem.l_returnflag",
                        "lineitem.l_linestatus",
                        "lineitem.l_shipdate",
                        "lineitem.l_commitdate",
                        "lineitem.l_receiptdate",
                        "lineitem.l_shipinstruct",
                        "lineitem.l_shipmode",
                        "lineitem.l_comment"
                      ],
                      "Filter": "((lineitem.l_shipmode = ANY ('{AIR,\"AIR REG\"}'::bpchar[])) AND (lineitem.l_shipinstruct = 'DELIVER IN PERSON'::bpchar) AND (((lineitem.l_quantity >= '1'::numeric) AND (lineitem.l_quantity <= '11'::numeric)) OR ((lineitem.l_quantity >= '10'::numeric) AND (lineitem.l_quantity <= '20'::numeric)) OR ((lineitem.l_quantity >= '20'::numeric) AND (lineitem.l_quantity <= '30'::numeric))))",
                      "Rows Removed by Filter": 1957615,
                      "Shared Hit Blocks": 10477,
                      "Shared Read Blocks": 102123,
                      "Shared Dirtied Blocks": 0,
                      "Shared Written Blocks": 0,
                      "Local Hit Blocks": 0,
                      "Local Read Blocks": 0,
                      "Local Dirtied Blocks": 0,
                      "Local Written Blocks": 0,
                      "Temp Read Blocks": 0,
                      "Temp Written Blocks": 0,
                      "Workers": [
                        {
                          "Worker Number": 0,
                          "Actual Startup Time": 0.281,
                          "Actual Total Time": 354.509,
                          "Actual Rows": 42894.0,
                          "Actual Loops": 1,
                          "Shared Hit Blocks": 3404,
                          "Shared Read Blocks": 34225,
                          "Shared Dirtied Blocks": 0,
                          "Shared Written Blocks": 0,
                          "Local Hit Blocks": 0,
                          "Local Read Blocks": 0,
                          "Local Dirtied Blocks": 0,
                          "Local Written Blocks": 0,
                          "Temp Read Blocks": 0,
                          "Temp Written Blocks": 0
                        },
                        {
                          "Worker Number": 1,
                          "Actual Startup Time": 0.351,
                          "Actual Total Time": 354.608,
                          "Actual Rows": 42534.0,
                          "Actual Loops": 1,
                          "Shared Hit Blocks": 3386,
                          "Shared Read Blocks": 34086,
                          "Shared Dirtied Blocks": 0,
                          "Shared Written Blocks": 0,
                          "Local Hit Blocks": 0,
                          "Local Read Blocks": 0,
                          "Local Dirtied Blocks": 0,
                          "Local Written Blocks": 0,
                          "Temp Read Blocks": 0,
                          "Temp Written Blocks": 0
                        }
                      ]
                    },
                    {
                      "Node Type": "Hash",
                      "Parent Relationship": "Inner",
                      "Parallel Aware": true,
                      "Async Capable": false,
                      "Startup Cost": 7669.67,
                      "Total Cost": 7669.67,
                      "Plan Rows": 198,
                      "Plan Width": 30,
                      "Actual Startup Time": 51.404,
                      "Actual Total Time": 51.404,
                      "Actual Rows": 161.67,
                      "Actual Loops": 3,
                      "Disabled": false,
                      "Output": [
                        "part.p_partkey",
                        "part.p_brand",
                        "part.p_container",
                        "part.p_size"
                      ],
                      "Hash Buckets": 1024,
                      "Original Hash Buckets": 1024,
                      "Hash Batches": 1,
                      "Original Hash Batches": 1,
                      "Peak Memory Usage": 104,
                      "Shared Hit Blocks": 0,
                      "Shared Read Blocks": 4128,
                      "Shared Dirtied Blocks": 0,
                      "Shared Written Blocks": 0,
                      "Local Hit Blocks": 0,
                      "Local Read Blocks": 0,
                      "Local Dirtied Blocks": 0,
                      "Local Written Blocks": 0,
                      "Temp Read Blocks": 0,
                      "Temp Written Blocks": 0,
                      "Workers": [
                        {
                          "Worker Number": 0,
                          "Actual Startup Time": 43.399,
                          "Actual Total Time": 43.399,
                          "Actual Rows": 70.0,
                          "Actual Loops": 1,
                          "Shared Hit Blocks": 0,
                          "Shared Read Blocks": 615,
                          "Shared Dirtied Blocks": 0,
                          "Shared Written Blocks": 0,
                          "Local Hit Blocks": 0,
                          "Local Read Blocks": 0,
                          "Local Dirtied Blocks": 0,
                          "Local Written Blocks": 0,
                          "Temp Read Blocks": 0,
                          "Temp Written Blocks": 0
                        },
                        {
                          "Worker Number": 1,
                          "Actual Startup Time": 43.465,
                          "Actual Total Time": 43.465,
                          "Actual Rows": 92.0,
                          "Actual Loops": 1,
                          "Shared Hit Blocks": 0,
                          "Shared Read Blocks": 730,
                          "Shared Dirtied Blocks": 0,
                          "Shared Written Blocks": 0,
                          "Local Hit Blocks": 0,
                          "Local Read Blocks": 0,
                          "Local Dirtied Blocks": 0,
                          "Local Written Blocks": 0,
                          "Temp Read Blocks": 0,
                          "Temp Written Blocks": 0
                        }
                      ],
                      "Plans": [
                        {
                          "Node Type": "Seq Scan",
                          "Parent Relationship": "Outer",
                          "Parallel Aware": true,
                          "Async Capable": false,
                          "Relation Name": "part",
                          "Schema": "public",
                          "Alias": "part",
                          "Startup Cost": 0.0,
                          "Total Cost": 7669.67,
                          "Plan Rows": 198,
                          "Plan Width": 30,
                          "Actual Startup Time": 2.453,
                          "Actual Total Time": 51.256,
                          "Actual Rows": 161.67,
                          "Actual Loops": 3,
                          "Disabled": false,
                          "Output": [
                            "part.p_partkey",
                            "part.p_brand",
                            "part.p_container",
                            "part.p_size"
                          ],
                          "Filter": "((part.p_size >= 1) AND (((part.p_brand = 'Brand#12'::bpchar) AND (part.p_container = ANY ('{\"SM CASE\",\"SM BOX\",\"SM PACK\",\"SM PKG\"}'::bpchar[])) AND (part.p_size <= 5)) OR ((part.p_brand = 'Brand#23'::bpchar) AND (part.p_container = ANY ('{\"MED BAG\",\"MED BOX\",\"MED PKG\",\"MED PACK\"}'::bpchar[])) AND (part.p_size <= 10)) OR ((part.p_brand = 'Brand#34'::bpchar) AND (part.p_container = ANY ('{\"LG CASE\",\"LG BOX\",\"LG PACK\",\"LG PKG\"}'::bpchar[])) AND (part.p_size <= 15))))",
                          "Rows Removed by Filter": 66505,
                          "Shared Hit Blocks": 0,
                          "Shared Read Blocks": 4128,
                          "Shared Dirtied Blocks": 0,
                          "Shared Written Blocks": 0,
                          "Local Hit Blocks": 0,
                          "Local Read Blocks": 0,
                          "Local Dirtied Blocks": 0,
                          "Local Written Blocks": 0,
                          "Temp Read Blocks": 0,
                          "Temp Written Blocks": 0,
                          "Workers": [
                            {
                              "Worker Number": 0,
                              "Actual Startup Time": 2.215,
                              "Actual Total Time": 43.317,
                              "Actual Rows": 70.0,
                              "Actual Loops": 1,
                              "Shared Hit Blocks": 0,
                              "Shared Read Blocks": 615,
                              "Shared Dirtied Blocks": 0,
                              "Shared Written Blocks": 0,
                              "Local Hit Blocks": 0,
                              "Local Read Blocks": 0,
                              "Local Dirtied Blocks": 0,
                              "Local Written Blocks": 0,
                              "Temp Read Blocks": 0,
                              "Temp Written Blocks": 0
                            },
                            {
                              "Worker Number": 1,
                              "Actual Startup Time": 4.714,
                              "Actual Total Time": 43.333,
                              "Actual Rows": 92.0,
                              "Actual Loops": 1,
                              "Shared Hit Blocks": 0,
                              "Shared Read Blocks": 730,
                              "Shared Dirtied Blocks": 0,
                              "Shared Written Blocks": 0,
                              "Local Hit Blocks": 0,
                              "Local Read Blocks": 0,
                              "Local Dirtied Blocks": 0,
                              "Local Written Blocks": 0,
                              "Temp Read Blocks": 0,
                              "Temp Written Blocks": 0
                            }
                          ]
                        }
                      ]
                    }
                  ]
                }
              ]
            }
          ]
        }
      ]
    },
    "Planning": {
      "Shared Hit Blocks": 2,
      "Shared Read Blocks": 9,
      "Shared Dirtied Blocks": 1,
      "Shared Written Blocks": 0,
      "Local Hit Blocks": 0,
      "Local Read Blocks": 0,
      "Local Dirtied Blocks": 0,
      "Local Written Blocks": 0,
      "Temp Read Blocks": 0,
      "Temp Written Blocks": 0
    },
    "Planning Time": 3.531,
    "Triggers": [],
    "Execution Time": 429.069
  }
]