[
  {
    "Plan": {
      "Node Type": "Limit",
      "Parallel Aware": false,
      "Async Capable": false,
      "Startup Cost": 34848.92,
      "Total Cost": 34848.93,
      "Plan Rows": 1,
      "Plan Width": 270,
      "Actual Startup Time": 1017.406,
      "Actual Total Time": 1017.47,
      "Actual Rows": 100.0,
      "Actual Loops": 1,
      "Disabled": false,
      "Output": [
        "supplier.s_acctbal",
        "supplier.s_name",
        "nation.n_name",
        "part.p_partkey",
        "part.p_mfgr",
        "supplier.s_address",
        "supplier.s_phone",
        "supplier.s_comment"
      ],
      "Shared Hit Blocks": 15589,
      "Shared Read Blocks": 23353,
      "Shared Dirtied Blocks": 0,
      "Shared Written Blocks": 0,
      "Local Hit Blocks": 0,
      "Local Read Blocks": 0,
      "Local Dirtied Blocks": 0,
      "Local Written Blocks": 0,
      "Temp Read Blocks": 7428,
      "Temp Written Blocks": 7441,
      "Plans": [
        {
          "Node Type": "Sort",
          "Parent Relationship": "Outer",
          "Parallel Aware": false,
          "Async Capable": false,
          "Startup Cost": 34848.92,
          "Total Cost": 34848.93,
          "Plan Rows": 1,
          "Plan Width": 270,
          "Actual Startup Time": 1017.405,
          "Actual Total Time": 1017.464,
          "Actual Rows": 100.0,
          "Actual Loops": 1,
          "Disabled": false,
          "Output": [
            "supplier.s_acctbal",
            "supplier.s_name",
            "nation.n_name",
            "part.p_partkey",
            "part.p_mfgr",
            "supplier.s_address",
            "supplier.s_phone",
            "supplier.s_comment"
          ],
          "Sort Key": [
            "supplier.s_acctbal DESC",
            "nation.n_name",
            "supplier.s_name",
            "part.p_partkey"
          ],
          "Sort Method": "top-N heapsort",
          "Sort Space Used": 70,
          "Sort Space Type": "Memory",
          "Shared Hit Blocks": 15589,
          "Shared Read Blocks": 23353,
          "Shared Dirtied Blocks": 0,
          "Shared Written Blocks": 0,
          "Local Hit Blocks": 0,
          "Local Read Blocks": 0,
          "Local Dirtied Blocks": 0,
          "Local Written Blocks": 0,
          "Temp Read Blocks": 7428,
          "Temp Written Blocks": 7441,
          "Plans": [
            {
              "Node Type": "Merge Join",
              "Parent Relationship": "Outer",
              "Parallel Aware": false,
              "Async Capable": false,
              "Join Type": "Inner",
              "Startup Cost": 25307.23,
              "Total Cost": 34848.91,
              "Plan Rows": 1,
              "Plan Width": 270,
              "Actual Startup Time": 877.604,
              "Actual Total Time": 1017.089,
              "Actual Rows": 460.0,
              "Actual Loops": 1,
              "Disabled": false,
              "Output": [
                "supplier.s_acctbal",
                "supplier.s_name",
                "nation.n_name",
                "part.p_partkey",
                "part.p_mfgr",
                "supplier.s_address",
                "supplier.s_phone",
                "supplier.s_comment"
              ],
              "Inner Unique": false,
              "Merge Cond": "(part.p_partkey = partsupp.ps_partkey)",
              "Join Filter": "(partsupp.ps_supplycost = (SubPlan 1))",
              "Rows Removed by Join Filter": 182,
              "Shared Hit Blocks": 15586,
              "Shared Read Blocks": 23353,
              "Shared Dirtied Blocks": 0,
              "Shared Written Blocks": 0,
              "Local Hit Blocks": 0,
              "Local Read Blocks": 0,
              "Local Dirtied Blocks": 0,
              "Local Written Blocks": 0,
              "Temp Read Blocks": 7428,
              "Temp Written Blocks": 7441,
              "Plans": [
                {
                  "Node Type": "Gather Merge",
                  "Parent Relationship": "Outer",
                  "Parallel Aware": false,
                  "Async Capable": false,
                  "Startup Cost": 1000.44,
                  "Total Cost": 9674.59,
                  "Plan Rows": 754,
                  "Plan Width": 30,
                  "Actual Startup Time": 354.128,
                  "Actual Total Time": 354.561,
                  "Actual Rows": 747.0,
                  "Actual Loops": 1,
                  "Disabled": false,
                  "Output": [
                    "part.p_partkey",
                    "part.p_mfgr"
                  ],
                  "Workers Planned": 2,
                  "Workers Launched": 2,
                  "Shared Hit Blocks": 599,
                  "Shared Read Blocks": 4642,
                  "Shared Dirtied Blocks": 0,
                  "Shared Written Blocks": 0,
                  "Local Hit Blocks": 0,
                  "Local Read Blocks": 0,
                  "Local Dirtied Blocks": 0,
                  "Local Written Blocks": 0,
                  "Temp Read Blocks": 0,
                  "Temp Written Blocks": 0,
                  "Plans": [
                    {
                      "Node Type": "Index Scan",
                      "Parent Relationship": "Outer",
                      "Parallel Aware": true,
                      "Async Capable": false,
                      "Scan Direction": "Forward",
                      "Index Name": "part_pkey",
                      "Relation Name": "part",
                      "Schema": "public",
                      "Alias": "part",
                      "Startup Cost": 0.42,
                      "Total Cost": 8587.54,
                      "Plan Rows": 314,
                      "Plan Width": 30,
                      "Actual Startup Time": 4.148,
                      "Actual Total Time": 280.28,
                      "Actual Rows": 249.0,
                      "Actual Loops": 3,
                      "Disabled": false,
                      "Output": [
                        "part.p_partkey",
                        "part.p_mfgr"
                      ],
                      "Filter": "(((part.p_type)::text ~~ '%BRASS'::text) AND (part.p_size = 15))",
                      "Rows Removed by Filter": 66418,
                      "Index Searches": 1,
                      "Shared Hit Blocks": 599,
                      "Shared Read Blocks": 4642,
                      "Shared Dirtied Blocks": 0,
                      "Shared Written Blocks": 0,
                      "Local Hit Blocks": 0,
                      "Local Read Blocks": 0,
                      "Local Dirtied Blocks": 0,
                      "Local Written Blocks": 0,
                      "Temp Read Blocks": 0,
                      "Temp Written Blocks": 0,
                      "Workers": [
                        {
                          "Worker Number": 0,
                          "Actual Startup Time": 4.089,
                          "Actual Total Time": 416.797,
                          "Actual Rows": 384.0,
                          "Actual Loops": 1,
                          "Shared Hit Blocks": 299,
                          "Shared Read Blocks": 2265,
                          "Shared Dirtied Blocks": 0,
                          "Shared Written Blocks": 0,
                          "Local Hit Blocks": 0,
                          "Local Read Blocks": 0,
                          "Local Dirtied Blocks": 0,
                          "Local Written Blocks": 0,
                          "Temp Read Blocks": 0,
                          "Temp Written Blocks": 0
                        },
                        {
                          "Worker Number": 1,
                          "Actual Startup Time": 3.97,
                          "Actual Total Time": 419.474,
                          "Actual Rows": 361.0,
                          "Actual Loops": 1,
                          "Shared Hit Blocks": 296,
                          "Shared Read Blocks": 2370,
                          "Shared Dirtied Blocks": 0,
                          "Shared Written Blocks": 0,
                          "Local Hit Blocks": 0,
                          "Local Read Blocks": 0,
                          "Local Dirtied Blocks": 0,
                          "Local Written Blocks": 0,
                          "Temp Read Blocks": 0,
                          "Temp Written Blocks": 0
                        }
                      ]
                    }
                  ]
                },
                {
                  "Node Type": "Sort",
                  "Parent Relationship": "Inner",
                  "Parallel Aware": false,
                  "Async Capable": false,
                  "Startup Cost": 24306.79,
                  "Total Cost": 24318.55,
                  "Plan Rows": 4706,
                  "Plan Width": 250,
                  "Actual Startup Time": 521.097,
                  "Actual Total Time": 538.883,
                  "Actual Rows": 158755.0,
                  "Actual Loops": 1,
                  "Disabled": false,
                  "Output": [
                    "supplier.s_acctbal",
                    "supplier.s_name",
                    "supplier.s_address",
                    "supplier.s_phone",
                    "supplier.s_comment",
                    "partsupp.ps_partkey",
                    "partsupp.ps_supplycost",
                    "nation.n_name"
                  ],
                  "Sort Key": [
                    "partsupp.ps_partkey"
                  ],
                  "Sort Method": "external sort",
                  "Sort Space Used": 29744,
                  "Sort Space Type": "Disk",
                  "Shared Hit Blocks": 450,
                  "Shared Read Blocks": 17785,
                  "Shared Dirtied Blocks": 0,
                  "Shared Written Blocks": 0,
                  "Local Hit Blocks": 0,
                  "Local Read Blocks": 0,
                  "Local Dirtied Blocks": 0,
                  "Local Written Blocks": 0,
                  "Temp Read Blocks": 7428,
                  "Temp Written Blocks": 7441,
                  "Plans": [
                    {
                      "Node Type": "Gather",
                      "Parent Relationship": "Outer",
                      "Parallel Aware": false,
                      "Async Capable": false,
                      "Startup Cost": 1386.13,
                      "Total Cost": 24019.72,
                      "Plan Rows": 4706,
                      "Plan Width": 250,
                      "Actual Startup Time": 16.626,
                      "Actual Total Time": 176.006,
                      "Actual Rows": 158960.0,
                      "Actual Loops": 1,
                      "Disabled": false,
                      "Output": [
                        "supplier.s_acctbal",
                        "supplier.s_name",
                        "supplier.s_address",
                        "supplier.s_phone",
                        "supplier.s_comment",
                        "partsupp.ps_partkey",
                        "partsupp.ps_supplycost",
                        "nation.n_name"
                      ],
                      "Workers Planned": 2,
                      "Workers Launched": 2,
                      "Single Copy": false,
                      "Shared Hit Blocks": 450,
                      "Shared Read Blocks": 17785,
                      "Shared Dirtied Blocks": 0,
                      "Shared Written Blocks": 0,
                      "Local Hit Blocks": 0,
                      "Local Read Blocks": 0,
                      "Local Dirtied Blocks": 0,
                      "Local Written Blocks": 0,
                      "Temp Read Blocks": 0,
                      "Temp Written Blocks": 0,
                      "Plans": [
                        {
                          "Node Type": "Hash Join",
                          "Parent Relationship": "Outer",
                          "Parallel Aware": false,
                          "Async Capable": false,
                          "Join Type": "Inner",
                          "Startup Cost": 386.13,
                          "Total Cost": 22549.12,
                          "Plan Rows": 1961,
                          "Plan Width": 250,
                          "Actual Startup Time": 10.762,
                          "Actual Total Time": 168.832,
                          "Actual Rows": 52986.67,
                          "Actual Loops": 3,
                          "Disabled": false,
                          "Output": [
                            "supplier.s_acctbal",
                            "supplier.s_name",
                            "supplier.s_address",
                            "supplier.s_phone",
                            "supplier.s_comment",
                            "partsupp.ps_partkey",
                            "partsupp.ps_supplycost",
                            "nation.n_name"
                          ],
                          "Inner Unique": false,
                          "Hash Cond": "(partsupp.ps_suppkey = supplier.s_suppkey)",
                          "Shared Hit Blocks": 450,
                          "Shared Read Blocks": 17785,
                          "Shared Dirtied Blocks": 0,
                          "Shared Written Blocks": 0,
                          "Local Hit Blocks": 0,
                          "Local Read Blocks": 0,
                          "Local Dirtied Blocks": 0,
                          "Local Written Blocks": 0,
                          "Temp Read Blocks": 0,
                          "Temp Written Blocks": 0,
                          "Workers": [
                            {
                              "Worker Number": 0,
                              "Actual Startup Time": 7.826,
                              "Actual Total Time": 168.626,
                              "Actual Rows": 54666.0,
                              "Actual Loops": 1,
                              "Shared Hit Blocks": 225,
                              "Shared Read Blocks": 6027,
                              "Shared Dirtied Blocks": 0,
                              "Shared Written Blocks": 0,
                              "Local Hit Blocks": 0,
                              "Local Read Blocks": 0,
                              "Local Dirtied Blocks": 0,
                              "Local Written Blocks": 0,
                              "Temp Read Blocks": 0,
                              "Temp Written Blocks": 0
                            },
                            {
                              "Worker Number": 1,
                              "Actual Startup Time": 8.095,
                              "Actual Total Time": 172.328,
                              "Actual Rows": 54460.0,
                              "Actual Loops": 1,
                              "Shared Hit Blocks": 225,
                              "Shared Read Blocks": 6047,
                              "Shared Dirtied Blocks": 0,
                              "Shared Written Blocks": 0,
                              "Local Hit Blocks": 0,
                              "Local Read Blocks": 0,
                              "Local Dirtied Blocks": 0,
                              "Local Written Blocks": 0,
                              "Temp Read Blocks": 0,
                              "Temp Written Blocks": 0
                            }
                          ],
                          "Plans": [
                            {
                              "Node Type": "Seq Scan",
                              "Parent Relationship": "Outer",
                              "Parallel Aware": true,
                              "Async Capable": false,
                              "Relation Name": "partsupp",
                              "Schema": "public",
                              "Alias": "partsupp",
                              "Startup Cost": 0.0,
                              "Total Cost": 20893.33,
                              "Plan Rows": 333333,
                              "Plan Width": 14,
                              "Actual Startup Time": 0.941,
                              "Actual Total Time": 123.04,
                              "Actual Rows": 266666.67,
                              "Actual Loops": 3,
                              "Disabled": false,
                              "Output": [
                                "partsupp.ps_partkey",
                                "partsupp.ps_suppkey",
                                "partsupp.ps_availqty",
                                "partsupp.ps_supplycost",
                                "partsupp.ps_comment"
                              ],
                              "Shared Hit Blocks": 0,
                              "Shared Read Blocks": 17560,
                              "Shared Dirtied Blocks": 0,
                              "Shared Written Blocks": 0,
                              "Local Hit Blocks": 0,
                              "Local Read Blocks": 0,
                              "Local Dirtied Blocks": 0,
                              "Local Written Blocks": 0,
                              "Temp Read Blocks": 0,
                              "Temp Written Blocks": 0,
                              "Workers": [
                                {
                                  "Worker Number": 0,
                                  "Actual Startup Time": 0.995,
                                  "Actual Total Time": 124.967,
                                  "Actual Rows": 274418.0,
                                  "Actual Loops": 1,
                                  "Shared Hit Blocks": 0,
                                  "Shared Read Blocks": 6027,
                                  "Shared Dirtied Blocks": 0,
                                  "Shared Written Blocks": 0,
                                  "Local Hit Blocks": 0,
                                  "Local Read Blocks": 0,
                                  "Local Dirtied Blocks": 0,
                                  "Local Written Blocks": 0,
                                  "Temp Read Blocks": 0,
                                  "Temp Written Blocks": 0
                                },
                                {
                                  "Worker Number": 1,
                                  "Actual Startup Time": 1.115,
                                  "Actual Total Time": 127.679,
                                  "Actual Rows": 275279.0,
                                  "Actual Loops": 1,
                                  "Shared Hit Blocks": 0,
                                  "Shared Read Blocks": 6047,
                                  "Shared Dirtied Blocks": 0,
                                  "Shared Written Blocks": 0,
                                  "Local Hit Blocks": 0,
                                  "Local Read Blocks": 0,
                                  "Local Dirtied Blocks": 0,
                                  "Local Written Blocks": 0,
                                  "Temp Read Blocks": 0,
                                  "Temp Written Blocks": 0
                                }
                              ]
                            },
                            {
                              "Node Type": "Hash",
                              "Parent Relationship": "Inner",
                              "Parallel Aware": false,
                              "Async Capable": false,
                              "Startup Cost": 385.4,
                              "Total Cost": 385.4,
                              "Plan Rows": 59,
                              "Plan Width": 244,
                              "Actual Startup Time": 9.769,
                              "Actual Total Time": 9.772,
                              "Actual Rows": 1987.0,
                              "Actual Loops": 3,
                              "Disabled": false,
                              "Output": [
                                "supplier.s_acctbal",
                                "supplier.s_name",
                                "supplier.s_address",
                                "supplier.s_phone",
                                "supplier.s_comment",
                                "supplier.s_suppkey",
                                "nation.n_name"
                              ],
                              "Hash Buckets": 2048,
                              "Original Hash Buckets": 1024,
                              "Hash Batches": 1,
                              "Original Hash Batches": 1,
                              "Peak Memory Usage": 409,
                              "Shared Hit Blocks": 450,
                              "Shared Read Blocks": 225,
                              "Shared Dirtied Blocks": 0,
                              "Shared Written Blocks": 0,
                              "Local Hit Blocks": 0,
                              "Local Read Blocks": 0,
                              "Local Dirtied Blocks": 0,
                              "Local Written Blocks": 0,
                              "Temp Read Blocks": 0,
                              "Temp Written Blocks": 0,
                              "Workers": [
                                {
                                  "Worker Number": 0,
                                  "Actual Startup Time": 6.824,
                                  "Actual Total Time": 6.827,
                                  "Actual Rows": 1987.0,
                                  "Actual Loops": 1,
                                  "Shared Hit Blocks": 225,
                                  "Shared Read Blocks": 0,
                                  "Shared Dirtied Blocks": 0,
                                  "Shared Written Blocks": 0,
                                  "Local Hit Blocks": 0,
                                  "Local Read Blocks": 0,
                                  "Local Dirtied Blocks": 0,
                                  "Local Written Blocks": 0,
                                  "Temp Read Blocks": 0,
                                  "Temp Written Blocks": 0
                                },
                                {
                                  "Worker Number": 1,
                                  "Actual Startup Time": 6.841,
                                  "Actual Total Time": 6.845,
                                  "Actual Rows": 1987.0,
                                  "Actual Loops": 1,
                                  "Shared Hit Blocks": 225,
                                  "Shared Read Blocks": 0,
                                  "Shared Dirtied Blocks": 0,
                                  "Shared Written Blocks": 0,
                                  "Local Hit Blocks": 0,
                                  "Local Read Blocks": 0,
                                  "Local Dirtied Blocks": 0,
                                  "Local Written Blocks": 0,
                                  "Temp Read Blocks": 0,
                                  "Temp Written Blocks": 0
                                }
                              ],
                              "Plans": [
                                {
                                  "Node Type": "Hash Join",
                                  "Parent Relationship": "Outer",
                                  "Parallel Aware": false,
                                  "Async Capable": false,
                                  "Join Type": "Inner",
                                  "Startup Cost": 24.31,
                                  "Total Cost": 385.4,
                                  "Plan Rows": 59,
                                  "Plan Width": 244,
                                  "Actual Startup Time": 3.902,
                                  "Actual Total Time": 9.323,
                                  "Actual Rows": 1987.0,
                                  "Actual Loops": 3,
                                  "Disabled": false,
                                  "Output": [
                                    "supplier.s_acctbal",
                                    "supplier.s_name",
                                    "supplier.s_address",
                                    "supplier.s_phone",
                                    "supplier.s_comment",
                                    "supplier.s_suppkey",
                                    "nation.n_name"
                                  ],
                                  "Inner Unique": false,
                                  "Hash Cond": "(supplier.s_nationkey = nation.n_nationkey)",
                                  "Shared Hit Blocks": 450,
                                  "Shared Read Blocks": 225,
                                  "Shared Dirtied Blocks": 0,
                                  "Shared Written Blocks": 0,
                                  "Local Hit Blocks": 0,
                                  "Local Read Blocks": 0,
                                  "Local Dirtied Blocks": 0,
                                  "Local Written Blocks": 0,
                                  "Temp Read Blocks": 0,
                                  "Temp Written Blocks": 0,
                                  "Workers": [
                                    {
                                      "Worker Number": 0,
                                      "Actual Startup Time": 3.559,
                                      "Actual Total Time": 6.511,
                                      "Actual Rows": 1987.0,
                                      "Actual Loops": 1,
                                      "Shared Hit Blocks": 225,
                                      "Shared Read Blocks": 0,
                                      "Shared Dirtied Blocks": 0,
                                      "Shared Written Blocks": 0,
                                      "Local Hit Blocks": 0,
                                      "Local Read Blocks": 0,
                                      "Local Dirtied Blocks": 0,
                                      "Local Written Blocks": 0,
                                      "Temp Read Blocks": 0,
                                      "Temp Written Blocks": 0
                                    },
                                    {
                                      "Worker Number": 1,
                                      "Actual Startup Time": 3.629,
                                      "Actual Total Time": 6.37,
                                      "Actual Rows": 1987.0,
                                      "Actual Loops": 1,
                                      "Shared Hit Blocks": 225,
                                      "Shared Read Blocks": 0,
                                      "Shared Dirtied Blocks": 0,
                                      "Shared Written Blocks": 0,
                                      "Local Hit Blocks": 0,
                                      "Local Read Blocks": 0,
                                      "Local Dirtied Blocks": 0,
                                      "Local Written Blocks": 0,
                                      "Temp Read Blocks": 0,
                                      "Temp Written Blocks": 0
                                    }
                                  ],
                                  "Plans": [
                                    {
                                      "Node Type": "Seq Scan",
                                      "Parent Relationship": "Outer",
                                      "Parallel Aware": false,
                                      "Async Capable": false,
                                      "Relation Name": "supplier",
                                      "Schema": "public",
                                      "Alias": "supplier",
                                      "Startup Cost": 0.0,
                                      "Total Cost": 323.0,
                                      "Plan Rows": 10000,
                                      "Plan Width": 144,
                                      "Actual Startup Time": 2.566,
                                      "Actual Total Time": 7.303,
                                      "Actual Rows": 10000.0,
                                      "Actual Loops": 3,
                                      "Disabled": false,
                                      "Output": [
                                        "supplier.s_suppkey",
                                        "supplier.s_name",
                                        "supplier.s_address",
                                        "supplier.s_nationkey",
                                        "supplier.s_phone",
                                        "supplier.s_acctbal",
                                        "supplier.s_comment"
                                      ],
                                      "Shared Hit Blocks": 446,
                                      "Shared Read Blocks": 223,
                                      "Shared Dirtied Blocks": 0,
                                      "Shared Written Blocks": 0,
                                      "Local Hit Blocks": 0,
                                      "Local Read Blocks": 0,
                                      "Local Dirtied Blocks": 0,
                                      "Local Written Blocks": 0,
                                      "Temp Read Blocks": 0,
                                      "Temp Written Blocks": 0,
                                      "Workers": [
                                        {
                                          "Worker Number": 0,
                                          "Actual Startup Time": 3.369,
                                          "Actual Total Time": 5.659,
                                          "Actual Rows": 10000.0,
                                          "Actual Loops": 1,
                                          "Shared Hit Blocks": 223,
                                          "Shared Read Blocks": 0,
                                          "Shared Dirtied Blocks": 0,
                                          "Shared Written Blocks": 0,
                                          "Local Hit Blocks": 0,
                                          "Local Read Blocks": 0,
                                          "Local Dirtied Blocks": 0,
                                          "Local Written Blocks": 0,
                                          "Temp Read Blocks": 0,
                                          "Temp Written Blocks": 0
                                        },
                                        {
                                          "Worker Number": 1,
                                          "Actual Startup Time": 3.384,
                                          "Actual Total Time": 5.501,
                                          "Actual Rows": 10000.0,
                                          "Actual Loops": 1,
                                          "Shared Hit Blocks": 223,
                                          "Shared Read Blocks": 0,
                                          "Shared Dirtied Blocks": 0,
                                          "Shared Written Blocks": 0,
                                          "Local Hit Blocks": 0,
                                          "Local Read Blocks": 0,
                                          "Local Dirtied Blocks": 0,
                                          "Local Written Blocks": 0,
                                          "Temp Read Blocks": 0,
                                          "Temp Written Blocks": 0
                                        }
                                      ]
                                    },
                                    {
                                      "Node Type": "Hash",
                                      "Parent Relationship": "Inner",
                                      "Parallel Aware": false,
                                      "Async Capable": false,
                                      "Startup Cost": 24.29,
                                      "Total Cost": 24.29,
                                      "Plan Rows": 1,
                                      "Plan Width": 108,
                                      "Actual Startup Time": 1.323,
                                      "Actual Total Time": 1.325,
                                      "Actual Rows": 5.0,
                                      "Actual Loops": 3,
                                      "Disabled": false,
                                      "Output": [
                                        "nation.n_name",
                                        "nation.n_nationkey"
                                      ],
                                      "Hash Buckets": 1024,
                                      "Original Hash Buckets": 1024,
                                      "Hash Batches": 1,
                                      "Original Hash Batches": 1,
                                      "Peak Memory Usage": 9,
                                      "Shared Hit Blocks": 4,
                                      "Shared Read Blocks": 2,
                                      "Shared Dirtied Blocks": 0,
                                      "Shared Written Blocks": 0,
                                      "Local Hit Blocks": 0,
                                      "Local Read Blocks": 0,
                                      "Local Dirtied Blocks": 0,
                                      "Local Written Blocks": 0,
                                      "Temp Read Blocks": 0,
                                      "Temp Written Blocks": 0,
                                      "Workers": [
                                        {
                                          "Worker Number": 0,
                                          "Actual Startup Time": 0.173,
                                          "Actual Total Time": 0.174,
                                          "Actual Rows": 5.0,
                                          "Actual Loops": 1,
                                          "Shared Hit Blocks": 2,
                                          "Shared Read Blocks": 0,
                                          "Shared Dirtied Blocks": 0,
                                          "Shared Written Blocks": 0,
                                          "Local Hit Blocks": 0,
                                          "Local Read Blocks": 0,
                                          "Local Dirtied Blocks": 0,
                                          "Local Written Blocks": 0,
                                          "Temp Read Blocks": 0,
                                          "Temp Written Blocks": 0
                                        },
                                        {
                                          "Worker Number": 1,
                                          "Actual Startup Time": 0.233,
                                          "Actual Total Time": 0.235,
                                          "Actual Rows": 5.0,
                                          "Actual Loops": 1,
                                          "Shared Hit Blocks": 2,
                                          "Shared Read Blocks": 0,
                                          "Shared Dirtied Blocks": 0,
                                          "Shared Written Blocks": 0,
                                          "Local Hit Blocks": 0,
                                          "Local Read Blocks": 0,
                                          "Local Dirtied Blocks": 0,
                                          "Local Written Blocks": 0,
                                          "Temp Read Blocks": 0,
                                          "Temp Written Blocks": 0
                                        }
                                      ],
                                      "Plans": [
                                        {
                                          "Node Type": "Hash Join",
                                          "Parent Relationship": "Outer",
                                          "Parallel Aware": false,
                                          "Async Capable": false,
                                          "Join Type": "Inner",
                                          "Startup Cost": 12.14,
                                          "Total Cost": 24.29,
                                          "Plan Rows": 1,
                                          "Plan Width": 108,
                                          "Actual Startup Time": 1.307,
                                          "Actual Total Time": 1.319,
                                          "Actual Rows": 5.0,
                                          "Actual Loops": 3,
                                          "Disabled": false,
                                          "Output": [
                                            "nation.n_name",
                                            "nation.n_nationkey"
                                          ],
                                          "Inner Unique": true,
                                          "Hash Cond": "(nation.n_regionkey = region.r_regionkey)",
                                          "Shared Hit Blocks": 4,
                                          "Shared Read Blocks": 2,
                                          "Shared Dirtied Blocks": 0,
                                          "Shared Written Blocks": 0,
                                          "Local Hit Blocks": 0,
                                          "Local Read Blocks": 0,
                                          "Local Dirtied Blocks": 0,
                                          "Local Written Blocks": 0,
                                          "Temp Read Blocks": 0,
                                          "Temp Written Blocks": 0,
                                          "Workers": [
                                            {
                                              "Worker Number": 0,
                                              "Actual Startup Time": 0.169,
                                              "Actual Total Time": 0.172,
                                              "Actual Rows": 5.0,
                                              "Actual Loops": 1,
                                              "Shared Hit Blocks": 2,
                                              "Shared Read Blocks": 0,
                                              "Shared Dirtied Blocks": 0,
                                              "Shared Written Blocks": 0,
                                              "Local Hit Blocks": 0,
                                              "Local Read Blocks": 0,
                                              "Local Dirtied Blocks": 0,
                                              "Local Written Blocks": 0,
                                              "Temp Read Blocks": 0,
                                              "Temp Written Blocks": 0
                                            },
                                            {
                                              "Worker Number": 1,
                                              "Actual Startup Time": 0.228,
                                              "Actual Total Time": 0.23,
                                              "Actual Rows": 5.0,
                                              "Actual Loops": 1,
                                              "Shared Hit Blocks": 2,
                                              "Shared Read Blocks": 0,
                                              "Shared Dirtied Blocks": 0,
                                              "Shared Written Blocks": 0,
                                              "Local Hit Blocks": 0,
                                              "Local Read Blocks": 0,
                                              "Local Dirtied Blocks": 0,
                                              "Local Written Blocks": 0,
                                              "Temp Read Blocks": 0,
                                              "Temp Written Blocks": 0
                                            }
                                          ],
                                          "Plans": [
                                            {
                                              "Node Type": "Seq Scan",
                                              "Parent Relationship": "Outer",
                                              "Parallel Aware": false,
                                              "Async Capable": false,
                                              "Relation Name": "nation",
                                              "Schema": "public",
                                              "Alias": "nation",
                                              "Startup Cost": 0.0,
                                              "Total Cost": 11.7,
                                              "Plan Rows": 170,
                                              "Plan Width": 112,
                                              "Actual Startup Time": 0.905,
                                              "Actual Total Time": 0.906,
                                              "Actual Rows": 25.0,
                                              "Actual Loops": 3,
                                              "Disabled": false,
                                              "Output": [
                                                "nation.n_nationkey",
                                                "nation.n_name",
                                                "nation.n_regionkey",
                                                "nation.n_comment"
                                              ],
                                              "Shared Hit Blocks": 2,
                                              "Shared Read Blocks": 1,
                                              "Shared Dirtied Blocks": 0,
                                              "Shared Written Blocks": 0,
                                              "Local Hit Blocks": 0,
                                              "Local Read Blocks": 0,
                                              "Local Dirtied Blocks": 0,
                                              "Local Written Blocks": 0,
                                              "Temp Read Blocks": 0,
                                              "Temp Written Blocks": 0,
                                              "Workers": [
                                                {
                                                  "Worker Number": 0,
                                                  "Actual Startup Time": 0.046,
                                                  "Actual Total Time": 0.047,
                                                  "Actual Rows": 25.0,
                                                  "Actual Loops": 1,
                                                  "Shared Hit Blocks": 1,
                                                  "Shared Read Blocks": 0,
                                                  "Shared Dirtied Blocks": 0,
                                                  "Shared Written Blocks": 0,
                                                  "Local Hit Blocks": 0,
                                                  "Local Read Blocks": 0,
                                                  "Local Dirtied Blocks": 0,
                                                  "Local Written Blocks": 0,
                                                  "Temp Read Blocks": 0,
                                                  "Temp Written Blocks": 0
                                                },
                                                {
                                                  "Worker Number": 1,
                                                  "Actual Startup Time": 0.069,
                                                  "Actual Total Time": 0.069,
                                                  "Actual Rows": 25.0,
                                                  "Actual Loops": 1,
                                                  "Shared Hit Blocks": 1,
                                                  "Shared Read Blocks": 0,
                                                  "Shared Dirtied Blocks": 0,
                                                  "Shared Written Blocks": 0,
                                                  "Local Hit Blocks": 0,
                                                  "Local Read Blocks": 0,
                                                  "Local Dirtied Blocks": 0,
                                                  "Local Written Blocks": 0,
                                                  "Temp Read Blocks": 0,
                                                  "Temp Written Blocks": 0
                                                }
                                              ]
                                            },
                                            {
                                              "Node Type": "Hash",
                                              "Parent Relationship": "Inner",
                                              "Parallel Aware": false,
                                              "Async Capable": false,
                                              "Startup Cost": 12.12,
                                              "Total Cost": 12.12,
                                              "Plan Rows": 1,
                                              "Plan Width": 4,
                                              "Actual Startup Time": 0.387,
                                              "Actual Total Time": 0.388,
                                              "Actual Rows": 1.0,
                                              "Actual Loops": 3,
                                              "Disabled": false,
                                              "Output": [
                                                "region.r_regionkey"
                                              ],
                                              "Hash Buckets": 1024,
                                              "Original Hash Buckets": 1024,
                                              "Hash Batches": 1,
                                              "Original Hash Batches": 1,
                                              "Peak Memory Usage": 9,
                                              "Shared Hit Blocks": 2,
                                              "Shared Read Blocks": 1,
                                              "Shared Dirtied Blocks": 0,
                                              "Shared Written Blocks": 0,
                                              "Local Hit Blocks": 0,
                                              "Local Read Blocks": 0,
                                              "Local Dirtied Blocks": 0,
                                              "Local Written Blocks": 0,
                                              "Temp Read Blocks": 0,
                                              "Temp Written Blocks": 0,
                                              "Workers": [
                                                {
                                                  "Worker Number": 0,
                                                  "Actual Startup Time": 0.117,
                                                  "Actual Total Time": 0.117,
                                                  "Actual Rows": 1.0,
                                                  "Actual Loops": 1,
                                                  "Shared Hit Blocks": 1,
                                                  "Shared Read Blocks": 0,
                                                  "Shared Dirtied Blocks": 0,
                                                  "Shared Written Blocks": 0,
                                                  "Local Hit Blocks": 0,
                                                  "Local Read Blocks": 0,
                                                  "Local Dirtied Blocks": 0,
                                                  "Local Written Blocks": 0,
                                                  "Temp Read Blocks": 0,
                                                  "Temp Written Blocks": 0
                                                },
                                                {
                                                  "Worker Number": 1,
                                                  "Actual Startup Time": 0.153,
                                                  "Actual Total Time": 0.153,
                                                  "Actual Rows": 1.0,
                                                  "Actual Loops": 1,
                                                  "Shared Hit Blocks": 1,
                                                  "Shared Read Blocks": 0,
                                                  "Shared Dirtied Blocks": 0,
                                                  "Shared Written Blocks": 0,
                                                  "Local Hit Blocks": 0,
                                                  "Local Read Blocks": 0,
                                                  "Local Dirtied Blocks": 0,
                                                  "Local Written Blocks": 0,
                                                  "Temp Read Blocks": 0,
                                                  "Temp Written Blocks": 0
                                                }
                                              ],
                                              "Plans": [
                                                {
                                                  "Node Type": "Seq Scan",
                                                  "Parent Relationship": "Outer",
                                                  "Parallel Aware": false,
                                                  "Async Capable": false,
                                                  "Relation Name": "region",
                                                  "Schema": "public",
                                                  "Alias": "region",
                                                  "Startup Cost": 0.0,
                                                  "Total Cost": 12.12,
                                                  "Plan Rows": 1,
                                                  "Plan Width": 4,
                                                  "Actual Startup Time": 0.243,
                                                  "Actual Total Time": 0.244,
                                                  "Actual Rows": 1.0,
                                                  "Actual Loops": 3,
                                                  "Disabled": false,
                                                  "Output": [
                                                    "region.r_regionkey"
                                                  ],
                                                  "Filter": "(region.r_name = 'EUROPE'::bpchar)",
                                                  "Rows Removed by Filter": 4,
                                                  "Shared Hit Blocks": 2,
                                                  "Shared Read Blocks": 1,
                                                  "Shared Dirtied Blocks": 0,
                                                  "Shared Written Blocks": 0,
                                                  "Local Hit Blocks": 0,
                                                  "Local Read Blocks": 0,
                                                  "Local Dirtied Blocks": 0,
                                                  "Local Written Blocks": 0,
                                                  "Temp Read Blocks": 0,
                                                  "Temp Written Blocks": 0,
                                                  "Workers": [
                                                    {
                                                      "Worker Number": 0,
                                                      "Actual Startup Time": 0.043,
                                                      "Actual Total Time": 0.043,
                                                      "Actual Rows": 1.0,
                                                      "Actual Loops": 1,
                                                      "Shared Hit Blocks": 1,
                                                      "Shared Read Blocks": 0,
                                                      "Shared Dirtied Blocks": 0,
                                                      "Shared Written Blocks": 0,
                                                      "Local Hit Blocks": 0,
                                                      "Local Read Blocks": 0,
                                                      "Local Dirtied Blocks": 0,
                                                      "Local Written Blocks": 0,
                                                      "Temp Read Blocks": 0,
                                                      "Temp Written Blocks": 0
                                                    },
                                                    {
                                                      "Worker Number": 1,
                                                      "Actual Startup Time": 0.06,
                                                      "Actual Total Time": 0.061,
                                                      "Actual Rows": 1.0,
                                                      "Actual Loops": 1,
                                                      "Shared Hit Blocks": 1,
                                                      "Shared Read Blocks": 0,
                                                      "Shared Dirtied Blocks": 0,
                                                      "Shared Written Blocks": 0,
                                                      "Local Hit Blocks": 0,
                                                      "Local Read Blocks": 0,
                                                      "Local Dirtied Blocks": 0,
                                                      "Local Written Blocks": 0,
                                                      "Temp Read Blocks": 0,
                                                      "Temp Written Blocks": 0
                                                    }
                                                  ]
                                                }
                                              ]
                                            }
                                          ]
                                        }
                                      ]
                                    }
                                  ]
                                }
                              ]
                            }
                          ]
                        }
                      ]
                    }
                  ]
                },
                {
                  "Node Type": "Aggregate",
                  "Strategy": "Plain",
                  "Partial Mode": "Simple",
                  "Parent Relationship": "SubPlan",
                  "Subplan Name": "SubPlan 1",
                  "Parallel Aware": false,
                  "Async Capable": false,
                  "Startup Cost": 49.51,
                  "Total Cost": 49.52,
                  "Plan Rows": 1,
                  "Plan Width": 32,
                  "Actual Startup Time": 0.18,
                  "Actual Total Time": 0.18,
                  "Actual Rows": 1.0,
                  "Actual Loops": 642,
                  "Disabled": false,
                  "Output": [
                    "min(partsupp_1.ps_supplycost)"
                  ],
                  "Shared Hit Blocks": 14537,
                  "Shared Read Blocks": 926,
                  "Shared Dirtied Blocks": 0,
                  "Shared Written Blocks": 0,
                  "Local Hit Blocks": 0,
                  "Local Read Blocks": 0,
                  "Local Dirtied Blocks": 0,
                  "Local Written Blocks": 0,
                  "Temp Read Blocks": 0,
                  "Temp Written Blocks": 0,
                  "Plans": [
                    {
                      "Node Type": "Nested Loop",
                      "Parent Relationship": "Outer",
                      "Parallel Aware": false,
                      "Async Capable": false,
                      "Join Type": "Inner",
                      "Startup Cost": 1.01,
                      "Total Cost": 49.51,
                      "Plan Rows": 1,
                      "Plan Width": 6,
                      "Actual Startup Time": 0.171,
                      "Actual Total Time": 0.179,
                      "Actual Rows": 1.67,
                      "Actual Loops": 642,
                      "Disabled": false,
                      "Output": [
                        "partsupp_1.ps_supplycost"
                      ],
                      "Inner Unique": true,
                      "Shared Hit Blocks": 14537,
                      "Shared Read Blocks": 926,
                      "Shared Dirtied Blocks": 0,
                      "Shared Written Blocks": 0,
                      "Local Hit Blocks": 0,
                      "Local Read Blocks": 0,
                      "Local Dirtied Blocks": 0,
                      "Local Written Blocks": 0,
                      "Temp Read Blocks": 0,
                      "Temp Written Blocks": 0,
                      "Plans": [
                        {
                          "Node Type": "Nested Loop",
                          "Parent Relationship": "Outer",
                          "Parallel Aware": false,
                          "Async Capable": false,
                          "Join Type": "Inner",
                          "Startup Cost": 0.85,
                          "Total Cost": 47.63,
                          "Plan Rows": 4,
                          "Plan Width": 10,
                          "Actual Startup Time": 0.162,
                          "Actual Total Time": 0.177,
                          "Actual Rows": 4.0,
                          "Actual Loops": 642,
                          "Disabled": false,
                          "Output": [
                            "partsupp_1.ps_supplycost",
                            "nation_1.n_regionkey"
                          ],
                          "Inner Unique": true,
                          "Shared Hit Blocks": 14528,
                          "Shared Read Blocks": 925,
                          "Shared Dirtied Blocks": 0,
                          "Shared Written Blocks": 0,
                          "Local Hit Blocks": 0,
                          "Local Read Blocks": 0,
                          "Local Dirtied Blocks": 0,
                          "Local Written Blocks": 0,
                          "Temp Read Blocks": 0,
                          "Temp Written Blocks": 0,
                          "Plans": [
                            {
                              "Node Type": "Nested Loop",
                              "Parent Relationship": "Outer",
                              "Parallel Aware": false,
                              "Async Capable": false,
                              "Join Type": "Inner",
                              "Startup Cost": 0.71,
                              "Total Cost": 46.96,
                              "Plan Rows": 4,
                              "Plan Width": 10,
                              "Actual Startup Time": 0.161,
                              "Actual Total Time": 0.174,
                              "Actual Rows": 4.0,
                              "Actual Loops": 642,
                              "Disabled": false,
                              "Output": [
                                "partsupp_1.ps_supplycost",
                                "supplier_1.s_nationkey"
                              ],
                              "Inner Unique": true,
                              "Shared Hit Blocks": 9393,
                              "Shared Read Blocks": 924,
                              "Shared Dirtied Blocks": 0,
                              "Shared Written Blocks": 0,
                              "Local Hit Blocks": 0,
                              "Local Read Blocks": 0,
                              "Local Dirtied Blocks": 0,
                              "Local Written Blocks": 0,
                              "Temp Read Blocks": 0,
                              "Temp Written Blocks": 0,
                              "Plans": [
                                {
                                  "Node Type": "Index Scan",
                                  "Parent Relationship": "Outer",
                                  "Parallel Aware": false,
                                  "Async Capable": false,
                                  "Scan Direction": "Forward",
                                  "Index Name": "partsupp_pkey",
                                  "Relation Name": "partsupp",
                                  "Schema": "public",
                                  "Alias": "partsupp_1",
                                  "Startup Cost": 0.42,
                                  "Total Cost": 13.75,
                                  "Plan Rows": 4,
                                  "Plan Width": 10,
                                  "Actual Startup Time": 0.156,
                                  "Actual Total Time": 0.158,
                                  "Actual Rows": 4.0,
                                  "Actual Loops": 642,
                                  "Disabled": false,
                                  "Output": [
                                    "partsupp_1.ps_partkey",
                                    "partsupp_1.ps_suppkey",
                                    "partsupp_1.ps_availqty",
                                    "partsupp_1.ps_supplycost",
                                    "partsupp_1.ps_comment"
                                  ],
                                  "Index Cond": "(partsupp_1.ps_partkey = part.p_partkey)",
                                  "Rows Removed by Index Recheck": 0,
                                  "Index Searches": 642,
                                  "Shared Hit Blocks": 1715,
                                  "Shared Read Blocks": 898,
                                  "Shared Dirtied Blocks": 0,
                                  "Shared Written Blocks": 0,
                                  "Local Hit Blocks": 0,
                                  "Local Read Blocks": 0,
                                  "Local Dirtied Blocks": 0,
                                  "Local Written Blocks": 0,
                                  "Temp Read Blocks": 0,
                                  "Temp Written Blocks": 0
                                },
                                {
                                  "Node Type": "Index Scan",
                                  "Parent Relationship": "Inner",
                                  "Parallel Aware": false,
                                  "Async Capable": false,
                                  "Scan Direction": "Forward",
                                  "Index Name": "supplier_pkey",
                                  "Relation Name": "supplier",
                                  "Schema": "public",
                                  "Alias": "supplier_1",
                                  "Startup Cost": 0.29,
                                  "Total Cost": 8.3,
                                  "Plan Rows": 1,
                                  "Plan Width": 8,
                                  "Actual Startup Time": 0.004,
                                  "Actual Total Time": 0.004,
                                  "Actual Rows": 1.0,
                                  "Actual Loops": 2568,
                                  "Disabled": false,
                                  "Output": [
                                    "supplier_1.s_suppkey",
                                    "supplier_1.s_name",
                                    "supplier_1.s_address",
                                    "supplier_1.s_nationkey",
                                    "supplier_1.s_phone",
                                    "supplier_1.s_acctbal",
                                    "supplier_1.s_comment"
                                  ],
                                  "Index Cond": "(supplier_1.s_suppkey = partsupp_1.ps_suppkey)",
                                  "Rows Removed by Index Recheck": 0,
                                  "Index Searches": 2568,
                                  "Shared Hit Blocks": 7678,
                                  "Shared Read Blocks": 26,
                                  "Shared Dirtied Blocks": 0,
                                  "Shared Written Blocks": 0,
                                  "Local Hit Blocks": 0,
                                  "Local Read Blocks": 0,
                                  "Local Dirtied Blocks": 0,
                                  "Local Written Blocks": 0,
                                  "Temp Read Blocks": 0,
                                  "Temp Written Blocks": 0
                                }
                              ]
                            },
                            {
                              "Node Type": "Index Scan",
                              "Parent Relationship": "Inner",
                              "Parallel Aware": false,
                              "Async Capable": false,
                              "Scan Direction": "Forward",
                              "Index Name": "nation_pkey",
                              "Relation Name": "nation",
                              "Schema": "public",
                              "Alias": "nation_1",
                              "Startup Cost": 0.14,
                              "Total Cost": 0.17,
                              "Plan Rows": 1,
                              "Plan Width": 8,
                              "Actual Startup Time": 0.001,
                              "Actual Total Time": 0.001,
                              "Actual Rows": 1.0,
                              "Actual Loops": 2568,
                              "Disabled": false,
                              "Output": [
                                "nation_1.n_nationkey",
                                "nation_1.n_name",
                                "nation_1.n_regionkey",
                                "nation_1.n_comment"
                              ],
                              "Index Cond": "(nation_1.n_nationkey = supplier_1.s_nationkey)",
                              "Rows Removed by Index Recheck": 0,
                              "Index Searches": 2568,
                              "Shared Hit Blocks": 5135,
                              "Shared Read Blocks": 1,
                              "Shared Dirtied Blocks": 0,
                              "Shared Written Blocks": 0,
                              "Local Hit Blocks": 0,
                              "Local Read Blocks": 0,
                              "Local Dirtied Blocks": 0,
                              "Local Written Blocks": 0,
                              "Temp Read Blocks": 0,
                              "Temp Written Blocks": 0
                            }
                          ]
                        },
                        {
                          "Node Type": "Memoize",
                          "Parent Relationship": "Inner",
                          "Parallel Aware": false,
                          "Async Capable": false,
                          "Startup Cost": 0.15,
                          "Total Cost": 0.46,
                          "Plan Rows": 1,
                          "Plan Width": 4,
                          "Actual Startup Time": 0.0,
                          "Actual Total Time": 0.0,
                          "Actual Rows": 0.42,
                          "Actual Loops": 2568,
                          "Disabled": false,
                          "Output": [
                            "region_1.r_regionkey"
                          ],
                          "Cache Key": "nation_1.n_regionkey",
                          "Cache Mode": "logical",
                          "Cache Hits": 2563,
                          "Cache Misses": 5,
                          "Cache Evictions": 0,
                          "Cache Overflows": 0,
                          "Peak Memory Usage": 1,
                          "Shared Hit Blocks": 9,
                          "Shared Read Blocks": 1,
                          "Shared Dirtied Blocks": 0,
                          "Shared Written Blocks": 0,
                          "Local Hit Blocks": 0,
                          "Local Read Blocks": 0,
                          "Local Dirtied Blocks": 0,
                          "Local Written Blocks": 0,
                          "Temp Read Blocks": 0,
                          "Temp Written Blocks": 0,
                          "Plans": [
                            {
                              "Node Type": "Index Scan",
                              "Parent Relationship": "Outer",
                              "Parallel Aware": false,
                              "Async Capable": false,
                              "Scan Direction": "Forward",
                              "Index Name": "region_pkey",
                              "Relation Name": "region",
                              "Schema": "public",
                              "Alias": "region_1",
                              "Startup Cost": 0.14,
                              "Total Cost": 0.45,
                              "Plan Rows": 1,
                              "Plan Width": 4,
                              "Actual Startup Time": 0.055,
                              "Actual Total Time": 0.055,
                              "Actual Rows": 0.2,
                              "Actual Loops": 5,
                              "Disabled": false,
                              "Output": [
                                "region_1.r_regionkey"
                              ],
                              "Index Cond": "(region_1.r_regionkey = nation_1.n_regionkey)",
                              "Rows Removed by Index Recheck": 0,
                              "Filter": "(region_1.r_name = 'EUROPE'::bpchar)",
                              "Rows Removed by Filter": 1,
                              "Index Searches": 5,
                              "Shared Hit Blocks": 9,
                              "Shared Read Blocks": 1,
                              "Shared Dirtied Blocks": 0,
                              "Shared Written Blocks": 0,
                              "Local Hit Blocks": 0,
                              "Local Read Blocks": 0,
                              "Local Dirtied Blocks": 0,
                              "Local Written Blocks": 0,
                              "Temp Read Blocks": 0,
                              "Temp Written Blocks": 0
                            }
                          ]
                        }
                      ]
                    }
                  ]
                }
              ]
            }
          ]
        }
      ]
    },
    "Planning": {
      "Shared Hit Blocks": 225,
      "Shared Read Blocks": 28,
      "Shared Dirtied Blocks": 1,
      "Shared Written Blocks": 0,
      "Local Hit Blocks": 0,
      "Local Read Blocks": 0,
      "Local Dirtied Blocks": 0,
      "Local Written Blocks": 0,
      "Temp Read Blocks": 0,
      "Temp Written Blocks": 0
    },
    "Planning Time": 15.994,
    "Triggers": [],
    "Execution Time": 1044.37
  }
]