[
  {
    "Plan": {
      "Node Type": "Sort",
      "Parallel Aware": false,
      "Async Capable": false,
      "Startup Cost": 291443.19,
      "Total Cost": 291443.19,
      "Plan Rows": 1,
      "Plan Width": 51,
      "Actual Startup Time": 3482.755,
      "Actual Total Time": 3482.856,
      "Actual Rows": 186.0,
      "Actual Loops": 1,
      "Disabled": false,
      "Output": [
        "supplier.s_name",
        "supplier.s_address"
      ],
      "Sort Key": [
        "supplier.s_name"
      ],
      "Sort Method": "quicksort",
      "Sort Space Used": 37,
      "Sort Space Type": "Memory",
      "Shared Hit Blocks": 30984,
      "Shared Read Blocks": 109340,
      "Shared Dirtied Blocks": 0,
      "Shared Written Blocks": 0,
      "Local Hit Blocks": 0,
      "Local Read Blocks": 0,
      "Local Dirtied Blocks": 0,
      "Local Written Blocks": 0,
      "Temp Read Blocks": 4349,
      "Temp Written Blocks": 11967,
      "Plans": [
        {
          "Node Type": "Hash Join",
          "Parent Relationship": "Outer",
          "Parallel Aware": false,
          "Async Capable": false,
          "Join Type": "Right Semi",
          "Startup Cost": 270789.27,
          "Total Cost": 291443.18,
          "Plan Rows": 1,
          "Plan Width": 51,
          "Actual Startup Time": 1548.371,
          "Actual Total Time": 3482.001,
          "Actual Rows": 186.0,
          "Actual Loops": 1,
          "Disabled": false,
          "Output": [
            "supplier.s_name",
            "supplier.s_address"
          ],
          "Inner Unique": false,
          "Hash Cond": "(lineitem.l_suppkey = supplier.s_suppkey)",
          "Shared Hit Blocks": 30984,
          "Shared Read Blocks": 109340,
          "Shared Dirtied Blocks": 0,
          "Shared Written Blocks": 0,
          "Local Hit Blocks": 0,
          "Local Read Blocks": 0,
          "Local Dirtied Blocks": 0,
          "Local Written Blocks": 0,
          "Temp Read Blocks": 4349,
          "Temp Written Blocks": 11967,
          "Plans": [
            {
              "Node Type": "Nested Loop",
              "Parent Relationship": "Outer",
              "Parallel Aware": false,
              "Async Capable": false,
              "Join Type": "Inner",
              "Startup Cost": 270426.49,
              "Total Cost": 291080.38,
              "Plan Rows": 1,
              "Plan Width": 8,
              "Actual Startup Time": 1182.994,
              "Actual Total Time": 3471.524,
              "Actual Rows": 5833.0,
              "Actual Loops": 1,
              "Disabled": false,
              "Output": [
                "partsupp.ps_suppkey",
                "lineitem.l_suppkey"
              ],
              "Inner Unique": true,
              "Shared Hit Blocks": 30984,
              "Shared Read Blocks": 109116,
              "Shared Dirtied Blocks": 0,
              "Shared Written Blocks": 0,
              "Local Hit Blocks": 0,
              "Local Read Blocks": 0,
              "Local Dirtied Blocks": 0,
              "Local Written Blocks": 0,
              "Temp Read Blocks": 4349,
              "Temp Written Blocks": 11967,
              "Plans": [
                {
                  "Node Type": "Hash Join",
                  "Parent Relationship": "Outer",
                  "Parallel Aware": false,
                  "Async Capable": false,
                  "Join Type": "Inner",
                  "Startup Cost": 270426.07,
                  "Total Cost": 288019.07,
                  "Plan Rows": 4919,
                  "Plan Width": 44,
                  "Actual Startup Time": 1129.519,
                  "Actual Total Time": 1706.821,
                  "Actual Rows": 5843.0,
                  "Actual Loops": 1,
                  "Disabled": false,
                  "Output": [
                    "lineitem.l_partkey",
                    "lineitem.l_suppkey",
                    "((0.5 * sum(lineitem.l_quantity)))",
                    "part.p_partkey"
                  ],
                  "Inner Unique": true,
                  "Hash Cond": "(lineitem.l_partkey = part.p_partkey)",
                  "Shared Hit Blocks": 11041,
                  "Shared Read Blocks": 105687,
                  "Shared Dirtied Blocks": 0,
                  "Shared Written Blocks": 0,
                  "Local Hit Blocks": 0,
                  "Local Read Blocks": 0,
                  "Local Dirtied Blocks": 0,
                  "Local Written Blocks": 0,
                  "Temp Read Blocks": 4349,
                  "Temp Written Blocks": 11967,
                  "Plans": [
                    {
                      "Node Type": "Aggregate",
                      "Strategy": "Hashed",
                      "Partial Mode": "Simple",
                      "Parent Relationship": "Outer",
                      "Parallel Aware": false,
                      "Async Capable": false,
                      "Startup Cost": 264029.15,
                      "Total Cost": 280343.59,
                      "Plan Rows": 487063,
                      "Plan Width": 40,
                      "Actual Startup Time": 1119.74,
                      "Actual Total Time": 1620.386,
                      "Actual Rows": 543210.0,
                      "Actual Loops": 1,
                      "Disabled": false,
                      "Output": [
                        "lineitem.l_partkey",
                        "lineitem.l_suppkey",
                        "(0.5 * sum(lineitem.l_quantity))"
                      ],
                      "Group Key": [
                        "lineitem.l_partkey",
                        "lineitem.l_suppkey"
                      ],
                      "Planned Partitions": 32,
                      "HashAgg Batches": 33,
                      "Peak Memory Usage": 8209,
                      "Disk Usage": 62568,
                      "Shared Hit Blocks": 10759,
                      "Shared Read Blocks": 101841,
                      "Shared Dirtied Blocks": 0,
                      "Shared Written Blocks": 0,
                      "Local Hit Blocks": 0,
                      "Local Read Blocks": 0,
                      "Local Dirtied Blocks": 0,
                      "Local Written Blocks": 0,
                      "Temp Read Blocks": 4349,
                      "Temp Written Blocks": 11967,
                      "Plans": [
                        {
                          "Node Type": "Seq Scan",
                          "Parent Relationship": "Outer",
                          "Parallel Aware": false,
                          "Async Capable": false,
                          "Relation Name": "lineitem",
                          "Schema": "public",
                          "Alias": "lineitem",
                          "Startup Cost": 0.0,
                          "Total Cost": 202627.24,
                          "Plan Rows": 922470,
                          "Plan Width": 13,
                          "Actual Startup Time": 0.044,
                          "Actual Total Time": 594.299,
                          "Actual Rows": 909455.0,
                          "Actual Loops": 1,
                          "Disabled": false,
                          "Output": [
                            "lineitem.l_orderkey",
                            "lineitem.l_partkey",
                            "lineitem.l_suppkey",
                            "lineitem.l_linenumber",
                            "lineitem.l_quantity",
                            "lineitem.l_extendedprice",
                            "lineitem.l_discount",
                            "lineitem.l_tax",
                            "lineitem.l_returnflag",
                            "lineitem.l_linestatus",
                            "lineitem.l_shipdate",
                            "lineitem.l_commitdate",
                            "lineitem.l_receiptdate",
                            "lineitem.l_shipinstruct",
                            "lineitem.l_shipmode",
                            "lineitem.l_comment"
                          ],
                          "Filter": "((lineitem.l_shipdate >= '1994-01-01'::date) AND (lineitem.l_shipdate < '1995-01-01 00:00:00'::timestamp without time zone))",
                          "Rows Removed by Filter": 5091760,
                          "Shared Hit Blocks": 10759,
                          "Shared Read Blocks": 101841,
                          "Shared Dirtied Blocks": 0,
                          "Shared Written Blocks": 0,
                          "Local Hit Blocks": 0,
                          "Local Read Blocks": 0,
                          "Local Dirtied Blocks": 0,
                          "Local Written Blocks": 0,
                          "Temp Read Blocks": 0,
                          "Temp Written Blocks": 0
                        }
                      ]
                    },
                    {
                      "Node Type": "Hash",
                      "Parent Relationship": "Inner",
                      "Parallel Aware": false,
                      "Async Capable": false,
                      "Startup Cost": 6371.67,
                      "Total Cost": 6371.67,
                      "Plan Rows": 2020,
                      "Plan Width": 4,
                      "Actual Startup Time": 9.651,
                      "Actual Total Time": 9.739,
                      "Actual Rows": 2127.0,
                      "Actual Loops": 1,
                      "Disabled": false,
                      "Output": [
                        "part.p_partkey"
                      ],
                      "Hash Buckets": 4096,
                      "Original Hash Buckets": 2048,
                      "Hash Batches": 1,
                      "Original Hash Batches": 1,
                      "Peak Memory Usage": 107,
                      "Shared Hit Blocks": 282,
                      "Shared Read Blocks": 3846,
                      "Shared Dirtied Blocks": 0,
                      "Shared Written Blocks": 0,
                      "Local Hit Blocks": 0,
                      "Local Read Blocks": 0,
                      "Local Dirtied Blocks": 0,
                      "Local Written Blocks": 0,
                      "Temp Read Blocks": 0,
                      "Temp Written Blocks": 0,
                      "Plans": [
                        {
                          "Node Type": "Gather",
                          "Parent Relationship": "Outer",
                          "Parallel Aware": false,
                          "Async Capable": false,
                          "Startup Cost": 1000.0,
                          "Total Cost": 6371.67,
                          "Plan Rows": 2020,
                          "Plan Width": 4,
                          "Actual Startup Time": 0.162,
                          "Actual Total Time": 8.993,
                          "Actual Rows": 2127.0,
                          "Actual Loops": 1,
                          "Disabled": false,
                          "Output": [
                            "part.p_partkey"
                          ],
                          "Workers Planned": 2,
                          "Workers Launched": 2,
                          "Single Copy": false,
                          "Shared Hit Blocks": 282,
                          "Shared Read Blocks": 3846,
                          "Shared Dirtied Blocks": 0,
                          "Shared Written Blocks": 0,
                          "Local Hit Blocks": 0,
                          "Local Read Blocks": 0,
                          "Local Dirtied Blocks": 0,
                          "Local Written Blocks": 0,
                          "Temp Read Blocks": 0,
                          "Temp Written Blocks": 0,
                          "Plans": [
                            {
                              "Node Type": "Seq Scan",
                              "Parent Relationship": "Outer",
                              "Parallel Aware": true,
                              "Async Capable": false,
                              "Relation Name": "part",
                              "Schema": "public",
                              "Alias": "part",
                              "Startup Cost": 0.0,
                              "Total Cost": 5169.67,
                              "Plan Rows": 842,
                              "Plan Width": 4,
                              "Actual Startup Time": 0.126,
                              "Actual Total Time": 6.834,
                              "Actual Rows": 709.0,
                              "Actual Loops": 3,
                              "Disabled": false,
                              "Output": [
                                "part.p_partkey"
                              ],
                              "Filter": "((part.p_name)::text ~~ 'forest%'::text)",
                              "Rows Removed by Filter": 65958,
                              "Shared Hit Blocks": 282,
                              "Shared Read Blocks": 3846,
                              "Shared Dirtied Blocks": 0,
                              "Shared Written Blocks": 0,
                              "Local Hit Blocks": 0,
                              "Local Read Blocks": 0,
                              "Local Dirtied Blocks": 0,
                              "Local Written Blocks": 0,
                              "Temp Read Blocks": 0,
                              "Temp Written Blocks": 0,
                              "Workers": [
                                {
                                  "Worker Number": 0,
                                  "Actual Startup Time": 0.207,
                                  "Actual Total Time": 6.01,
                                  "Actual Rows": 563.0,
                                  "Actual Loops": 1,
                                  "Shared Hit Blocks": 82,
                                  "Shared Read Blocks": 1037,
                                  "Shared Dirtied Blocks": 0,
                                  "Shared Written Blocks": 0,
                                  "Local Hit Blocks": 0,
                                  "Local Read Blocks": 0,
                                  "Local Dirtied Blocks": 0,
                                  "Local Written Blocks": 0,
                                  "Temp Read Blocks": 0,
                                  "Temp Written Blocks": 0
                                },
                                {
                                  "Worker Number": 1,
                                  "Actual Startup Time": 0.116,
                                  "Actual Total Time": 5.86,
                                  "Actual Rows": 633.0,
                                  "Actual Loops": 1,
                                  "Shared Hit Blocks": 97,
                                  "Shared Read Blocks": 1026,
                                  "Shared Dirtied Blocks": 0,
                                  "Shared Written Blocks": 0,
                                  "Local Hit Blocks": 0,
                                  "Local Read Blocks": 0,
                                  "Local Dirtied Blocks": 0,
                                  "Local Written Blocks": 0,
                                  "Temp Read Blocks": 0,
                                  "Temp Written Blocks": 0
                                }
                              ]
                            }
                          ]
                        }
                      ]
                    }
                  ]
                },
                {
                  "Node Type": "Index Scan",
                  "Parent Relationship": "Inner",
                  "Parallel Aware": false,
                  "Async Capable": false,
                  "Scan Direction": "Forward",
                  "Index Name": "partsupp_pkey",
                  "Relation Name": "partsupp",
                  "Schema": "public",
                  "Alias": "partsupp",
                  "Startup Cost": 0.42,
                  "Total Cost": 0.61,
                  "Plan Rows": 1,
                  "Plan Width": 12,
                  "Actual Startup Time": 0.301,
                  "Actual Total Time": 0.301,
                  "Actual Rows": 1.0,
                  "Actual Loops": 5843,
                  "Disabled": false,
                  "Output": [
                    "partsupp.ps_partkey",
                    "partsupp.ps_suppkey",
                    "partsupp.ps_availqty",
                    "partsupp.ps_supplycost",
                    "partsupp.ps_comment"
                  ],
                  "Index Cond": "((partsupp.ps_partkey = lineitem.l_partkey) AND (partsupp.ps_suppkey = lineitem.l_suppkey))",
                  "Rows Removed by Index Recheck": 0,
                  "Filter": "((partsupp.ps_availqty)::numeric > ((0.5 * sum(lineitem.l_quantity))))",
                  "Rows Removed by Filter": 0,
                  "Index Searches": 5843,
                  "Shared Hit Blocks": 19943,
                  "Shared Read Blocks": 3429,
                  "Shared Dirtied Blocks": 0,
                  "Shared Written Blocks": 0,
                  "Local Hit Blocks": 0,
                  "Local Read Blocks": 0,
                  "Local Dirtied Blocks": 0,
                  "Local Written Blocks": 0,
                  "Temp Read Blocks": 0,
                  "Temp Written Blocks": 0
                }
              ]
            },
            {
              "Node Type": "Hash",
              "Parent Relationship": "Inner",
              "Parallel Aware": false,
              "Async Capable": false,
              "Startup Cost": 362.04,
              "Total Cost": 362.04,
              "Plan Rows": 59,
              "Plan Width": 55,
              "Actual Startup Time": 7.518,
              "Actual Total Time": 7.518,
              "Actual Rows": 412.0,
              "Actual Loops": 1,
              "Disabled": false,
              "Output": [
                "supplier.s_name",
                "supplier.s_address",
                "supplier.s_suppkey"
              ],
              "Hash Buckets": 1024,
              "Original Hash Buckets": 1024,
              "Hash Batches": 1,
              "Original Hash Batches": 1,
              "Peak Memory Usage": 45,
              "Shared Hit Blocks": 0,
              "Shared Read Blocks": 224,
              "Shared Dirtied Blocks": 0,
              "Shared Written Blocks": 0,
              "Local Hit Blocks": 0,
              "Local Read Blocks": 0,
              "Local Dirtied Blocks": 0,
              "Local Written Blocks": 0,
              "Temp Read Blocks": 0,
              "Temp Written Blocks": 0,
              "Plans": [
                {
                  "Node Type": "Hash Join",
                  "Parent Relationship": "Outer",
                  "Parallel Aware": false,
                  "Async Capable": false,
                  "Join Type": "Inner",
                  "Startup Cost": 12.14,
                  "Total Cost": 362.04,
                  "Plan Rows": 59,
                  "Plan Width": 55,
                  "Actual Startup Time": 4.555,
                  "Actual Total Time": 7.459,
                  "Actual Rows": 412.0,
                  "Actual Loops": 1,
                  "Disabled": false,
                  "Output": [
                    "supplier.s_name",
                    "supplier.s_address",
                    "supplier.s_suppkey"
                  ],
                  "Inner Unique": true,
                  "Hash Cond": "(supplier.s_nationkey = nation.n_nationkey)",
                  "Shared Hit Blocks": 0,
                  "Shared Read Blocks": 224,
                  "Shared Dirtied Blocks": 0,
                  "Shared Written Blocks": 0,
                  "Local Hit Blocks": 0,
                  "Local Read Blocks": 0,
                  "Local Dirtied Blocks": 0,
                  "Local Written Blocks": 0,
                  "Temp Read Blocks": 0,
                  "Temp Written Blocks": 0,
                  "Plans": [
                    {
                      "Node Type": "Seq Scan",
                      "Parent Relationship": "Outer",
                      "Parallel Aware": false,
                      "Async Capable": false,
                      "Relation Name": "supplier",
                      "Schema": "public",
                      "Alias": "supplier",
                      "Startup Cost": 0.0,
                      "Total Cost": 323.0,
                      "Plan Rows": 10000,
                      "Plan Width": 59,
                      "Actual Startup Time": 3.918,
                      "Actual Total Time": 6.375,
                      "Actual Rows": 10000.0,
                      "Actual Loops": 1,
                      "Disabled": false,
                      "Output": [
                        "supplier.s_suppkey",
                        "supplier.s_name",
                        "supplier.s_address",
                        "supplier.s_nationkey",
                        "supplier.s_phone",
                        "supplier.s_acctbal",
                        "supplier.s_comment"
                      ],
                      "Shared Hit Blocks": 0,
                      "Shared Read Blocks": 223,
                      "Shared Dirtied Blocks": 0,
                      "Shared Written Blocks": 0,
                      "Local Hit Blocks": 0,
                      "Local Read Blocks": 0,
                      "Local Dirtied Blocks": 0,
                      "Local Written Blocks": 0,
                      "Temp Read Blocks": 0,
                      "Temp Written Blocks": 0
                    },
                    {
                      "Node Type": "Hash",
                      "Parent Relationship": "Inner",
                      "Parallel Aware": false,
                      "Async Capable": false,
                      "Startup Cost": 12.12,
                      "Total Cost": 12.12,
                      "Plan Rows": 1,
                      "Plan Width": 4,
                      "Actual Startup Time": 0.63,
                      "Actual Total Time": 0.63,
                      "Actual Rows": 1.0,
                      "Actual Loops": 1,
                      "Disabled": false,
                      "Output": [
                        "nation.n_nationkey"
                      ],
                      "Hash Buckets": 1024,
                      "Original Hash Buckets": 1024,
                      "Hash Batches": 1,
                      "Original Hash Batches": 1,
                      "Peak Memory Usage": 9,
                      "Shared Hit Blocks": 0,
                      "Shared Read Blocks": 1,
                      "Shared Dirtied Blocks": 0,
                      "Shared Written Blocks": 0,
                      "Local Hit Blocks": 0,
                      "Local Read Blocks": 0,
                      "Local Dirtied Blocks": 0,
                      "Local Written Blocks": 0,
                      "Temp Read Blocks": 0,
                      "Temp Written Blocks": 0,
                      "Plans": [
                        {
                          "Node Type": "Seq Scan",
                          "Parent Relationship": "Outer",
                          "Parallel Aware": false,
                          "Async Capable": false,
                          "Relation Name": "nation",
                          "Schema": "public",
                          "Alias": "nation",
                          "Startup Cost": 0.0,
                          "Total Cost": 12.12,
                          "Plan Rows": 1,
                          "Plan Width": 4,
                          "Actual Startup Time": 0.626,
                          "Actual Total Time": 0.627,
                          "Actual Rows": 1.0,
                          "Actual Loops": 1,
                          "Disabled": false,
                          "Output": [
                            "nation.n_nationkey"
                          ],
                          "Filter": "(nation.n_name = 'CANADA'::bpchar)",
                          "Rows Removed by Filter": 24,
                          "Shared Hit Blocks": 0,
                          "Shared Read Blocks": 1,
                          "Shared Dirtied Blocks": 0,
                          "Shared Written Blocks": 0,
                          "Local Hit Blocks": 0,
                          "Local Read Blocks": 0,
                          "Local Dirtied Blocks": 0,
                          "Local Written Blocks": 0,
                          "Temp Read Blocks": 0,
                          "Temp Written Blocks": 0
                        }
                      ]
                    }
                  ]
                }
              ]
            }
          ]
        }
      ]
    },
    "Planning": {
      "Shared Hit Blocks": 10,
      "Shared Read Blocks": 6,
      "Shared Dirtied Blocks": 0,
      "Shared Written Blocks": 0,
      "Local Hit Blocks": 0,
      "Local Read Blocks": 0,
      "Local Dirtied Blocks": 0,
      "Local Written Blocks": 0,
      "Temp Read Blocks": 0,
      "Temp Written Blocks": 0
    },
    "Planning Time": 2.748,
    "Triggers": [],
    "Execution Time": 3507.676
  }
]