[
  {
    "Plan": {
      "Node Type": "Limit",
      "Parallel Aware": false,
      "Async Capable": false,
      "Startup Cost": 151529.41,
      "Total Cost": 151529.42,
      "Plan Rows": 1,
      "Plan Width": 34,
      "Actual Startup Time": 2711.617,
      "Actual Total Time": 2711.689,
      "Actual Rows": 100.0,
      "Actual Loops": 1,
      "Disabled": false,
      "Output": [
        "supplier.s_name",
        "(count(*))"
      ],
      "Shared Hit Blocks": 681886,
      "Shared Read Blocks": 149543,
      "Shared Dirtied Blocks": 0,
      "Shared Written Blocks": 0,
      "Local Hit Blocks": 0,
      "Local Read Blocks": 0,
      "Local Dirtied Blocks": 0,
      "Local Written Blocks": 0,
      "Temp Read Blocks": 0,
      "Temp Written Blocks": 0,
      "Plans": [
        {
          "Node Type": "Sort",
          "Parent Relationship": "Outer",
          "Parallel Aware": false,
          "Async Capable": false,
          "Startup Cost": 151529.41,
          "Total Cost": 151529.42,
          "Plan Rows": 1,
          "Plan Width": 34,
          "Actual Startup Time": 2711.616,
          "Actual Total Time": 2711.683,
          "Actual Rows": 100.0,
          "Actual Loops": 1,
          "Disabled": false,
          "Output": [
            "supplier.s_name",
            "(count(*))"
          ],
          "Sort Key": [
            "(count(*)) DESC",
            "supplier.s_name"
          ],
          "Sort Method": "top-N heapsort",
          "Sort Space Used": 36,
          "Sort Space Type": "Memory",
          "Shared Hit Blocks": 681886,
          "Shared Read Blocks": 149543,
          "Shared Dirtied Blocks": 0,
          "Shared Written Blocks": 0,
          "Local Hit Blocks": 0,
          "Local Read Blocks": 0,
          "Local Dirtied Blocks": 0,
          "Local Written Blocks": 0,
          "Temp Read Blocks": 0,
          "Temp Written Blocks": 0,
          "Plans": [
            {
              "Node Type": "Aggregate",
              "Strategy": "Sorted",
              "Partial Mode": "Simple",
              "Parent Relationship": "Outer",
              "Parallel Aware": false,
              "Async Capable": false,
              "Startup Cost": 151529.38,
              "Total Cost": 151529.4,
              "Plan Rows": 1,
              "Plan Width": 34,
              "Actual Startup Time": 2711.165,
              "Actual Total Time": 2711.588,
              "Actual Rows": 411.0,
              "Actual Loops": 1,
              "Disabled": false,
              "Output": [
                "supplier.s_name",
                "count(*)"
              ],
              "Group Key": [
                "supplier.s_name"
              ],
              "Shared Hit Blocks": 681886,
              "Shared Read Blocks": 149543,
              "Shared Dirtied Blocks": 0,
              "Shared Written Blocks": 0,
              "Local Hit Blocks": 0,
              "Local Read Blocks": 0,
              "Local Dirtied Blocks": 0,
              "Local Written Blocks": 0,
              "Temp Read Blocks": 0,
              "Temp Written Blocks": 0,
              "Plans": [
                {
                  "Node Type": "Sort",
                  "Parent Relationship": "Outer",
                  "Parallel Aware": false,
                  "Async Capable": false,
                  "Startup Cost": 151529.38,
                  "Total Cost": 151529.39,
                  "Plan Rows": 1,
                  "Plan Width": 26,
                  "Actual Startup Time": 2711.159,
                  "Actual Total Time": 2711.329,
                  "Actual Rows": 4141.0,
                  "Actual Loops": 1,
                  "Disabled": false,
                  "Output": [
                    "supplier.s_name"
                  ],
                  "Sort Key": [
                    "supplier.s_name"
                  ],
                  "Sort Method": "quicksort",
                  "Sort Space Used": 193,
                  "Sort Space Type": "Memory",
                  "Shared Hit Blocks": 681886,
                  "Shared Read Blocks": 149543,
                  "Shared Dirtied Blocks": 0,
                  "Shared Written Blocks": 0,
                  "Local Hit Blocks": 0,
                  "Local Read Blocks": 0,
                  "Local Dirtied Blocks": 0,
                  "Local Written Blocks": 0,
                  "Temp Read Blocks": 0,
                  "Temp Written Blocks": 0,
                  "Plans": [
                    {
                      "Node Type": "Nested Loop",
                      "Parent Relationship": "Outer",
                      "Parallel Aware": false,
                      "Async Capable": false,
                      "Join Type": "Inner",
                      "Startup Cost": 1364.07,
                      "Total Cost": 151529.37,
                      "Plan Rows": 1,
                      "Plan Width": 26,
                      "Actual Startup Time": 3.818,
                      "Actual Total Time": 2702.204,
                      "Actual Rows": 4141.0,
                      "Actual Loops": 1,
                      "Disabled": false,
                      "Output": [
                        "supplier.s_name"
                      ],
                      "Inner Unique": true,
                      "Shared Hit Blocks": 681886,
                      "Shared Read Blocks": 149543,
                      "Shared Dirtied Blocks": 0,
                      "Shared Written Blocks": 0,
                      "Local Hit Blocks": 0,
                      "Local Read Blocks": 0,
                      "Local Dirtied Blocks": 0,
                      "Local Written Blocks": 0,
                      "Temp Read Blocks": 0,
                      "Temp Written Blocks": 0,
                      "Plans": [
                        {
                          "Node Type": "Nested Loop",
                          "Parent Relationship": "Outer",
                          "Parallel Aware": false,
                          "Async Capable": false,
                          "Join Type": "Semi",
                          "Startup Cost": 1363.65,
                          "Total Cost": 151528.86,
                          "Plan Rows": 1,
                          "Plan Width": 34,
                          "Actual Startup Time": 3.591,
                          "Actual Total Time": 543.338,
                          "Actual Rows": 8357.0,
                          "Actual Loops": 1,
                          "Disabled": false,
                          "Output": [
                            "supplier.s_name",
                            "l1.l_orderkey",
                            "l2.l_orderkey"
                          ],
                          "Inner Unique": false,
                          "Shared Hit Blocks": 659184,
                          "Shared Read Blocks": 138817,
                          "Shared Dirtied Blocks": 0,
                          "Shared Written Blocks": 0,
                          "Local Hit Blocks": 0,
                          "Local Read Blocks": 0,
                          "Local Dirtied Blocks": 0,
                          "Local Written Blocks": 0,
                          "Temp Read Blocks": 0,
                          "Temp Written Blocks": 0,
                          "Plans": [
                            {
                              "Node Type": "Gather",
                              "Parent Relationship": "Outer",
                              "Parallel Aware": false,
                              "Async Capable": false,
                              "Startup Cost": 1363.21,
                              "Total Cost": 151527.84,
                              "Plan Rows": 1,
                              "Plan Width": 34,
                              "Actual Startup Time": 3.588,
                              "Actual Total Time": 222.329,
                              "Actual Rows": 13859.0,
                              "Actual Loops": 1,
                              "Disabled": false,
                              "Output": [
                                "supplier.s_name",
                                "l1.l_suppkey",
                                "l1.l_orderkey"
                              ],
                              "Workers Planned": 2,
                              "Workers Launched": 2,
                              "Single Copy": false,
                              "Shared Hit Blocks": 616356,
                              "Shared Read Blocks": 126157,
                              "Shared Dirtied Blocks": 0,
                              "Shared Written Blocks": 0,
                              "Local Hit Blocks": 0,
                              "Local Read Blocks": 0,
                              "Local Dirtied Blocks": 0,
                              "Local Written Blocks": 0,
                              "Temp Read Blocks": 0,
                              "Temp Written Blocks": 0,
                              "Plans": [
                                {
                                  "Node Type": "Nested Loop",
                                  "Parent Relationship": "Outer",
                                  "Parallel Aware": false,
                                  "Async Capable": false,
                                  "Join Type": "Anti",
                                  "Startup Cost": 363.21,
                                  "Total Cost": 150527.74,
                                  "Plan Rows": 1,
                                  "Plan Width": 34,
                                  "Actual Startup Time": 2.269,
                                  "Actual Total Time": 1512.222,
                                  "Actual Rows": 4619.67,
                                  "Actual Loops": 3,
                                  "Disabled": false,
                                  "Output": [
                                    "supplier.s_name",
                                    "l1.l_suppkey",
                                    "l1.l_orderkey"
                                  ],
                                  "Inner Unique": false,
                                  "Shared Hit Blocks": 616356,
                                  "Shared Read Blocks": 126157,
                                  "Shared Dirtied Blocks": 0,
                                  "Shared Written Blocks": 0,
                                  "Local Hit Blocks": 0,
                                  "Local Read Blocks": 0,
                                  "Local Dirtied Blocks": 0,
                                  "Local Written Blocks": 0,
                                  "Temp Read Blocks": 0,
                                  "Temp Written Blocks": 0,
                                  "Workers": [
                                    {
                                      "Worker Number": 0,
                                      "Actual Startup Time": 1.809,
                                      "Actual Total Time": 1886.267,
                                      "Actual Rows": 3603.0,
                                      "Actual Loops": 1,
                                      "Shared Hit Blocks": 162664,
                                      "Shared Read Blocks": 32958,
                                      "Shared Dirtied Blocks": 0,
                                      "Shared Written Blocks": 0,
                                      "Local Hit Blocks": 0,
                                      "Local Read Blocks": 0,
                                      "Local Dirtied Blocks": 0,
                                      "Local Written Blocks": 0,
                                      "Temp Read Blocks": 0,
                                      "Temp Written Blocks": 0
                                    },
                                    {
                                      "Worker Number": 1,
                                      "Actual Startup Time": 1.835,
                                      "Actual Total Time": 2431.599,
                                      "Actual Rows": 10020.0,
                                      "Actual Loops": 1,
                                      "Shared Hit Blocks": 441307,
                                      "Shared Read Blocks": 91811,
                                      "Shared Dirtied Blocks": 0,
                                      "Shared Written Blocks": 0,
                                      "Local Hit Blocks": 0,
                                      "Local Read Blocks": 0,
                                      "Local Dirtied Blocks": 0,
                                      "Local Written Blocks": 0,
                                      "Temp Read Blocks": 0,
                                      "Temp Written Blocks": 0
                                    }
                                  ],
                                  "Plans": [
                                    {
                                      "Node Type": "Hash Join",
                                      "Parent Relationship": "Outer",
                                      "Parallel Aware": false,
                                      "Async Capable": false,
                                      "Join Type": "Inner",
                                      "Startup Cost": 362.78,
                                      "Total Cost": 147397.33,
                                      "Plan Rows": 4900,
                                      "Plan Width": 34,
                                      "Actual Startup Time": 1.927,
                                      "Actual Total Time": 550.473,
                                      "Actual Rows": 52246.33,
                                      "Actual Loops": 3,
                                      "Disabled": false,
                                      "Output": [
                                        "supplier.s_name",
                                        "l1.l_suppkey",
                                        "l1.l_orderkey"
                                      ],
                                      "Inner Unique": false,
                                      "Hash Cond": "(l1.l_suppkey = supplier.s_suppkey)",
                                      "Shared Hit Blocks": 3597,
                                      "Shared Read Blocks": 109675,
                                      "Shared Dirtied Blocks": 0,
                                      "Shared Written Blocks": 0,
                                      "Local Hit Blocks": 0,
                                      "Local Read Blocks": 0,
                                      "Local Dirtied Blocks": 0,
                                      "Local Written Blocks": 0,
                                      "Temp Read Blocks": 0,
                                      "Temp Written Blocks": 0,
                                      "Workers": [
                                        {
                                          "Worker Number": 0,
                                          "Actual Startup Time": 1.517,
                                          "Actual Total Time": 559.644,
                                          "Actual Rows": 41295.0,
                                          "Actual Loops": 1,
                                          "Shared Hit Blocks": 1229,
                                          "Shared Read Blocks": 28627,
                                          "Shared Dirtied Blocks": 0,
                                          "Shared Written Blocks": 0,
                                          "Local Hit Blocks": 0,
                                          "Local Read Blocks": 0,
                                          "Local Dirtied Blocks": 0,
                                          "Local Written Blocks": 0,
                                          "Temp Read Blocks": 0,
                                          "Temp Written Blocks": 0
                                        },
                                        {
                                          "Worker Number": 1,
                                          "Actual Startup Time": 1.467,
                                          "Actual Total Time": 940.841,
                                          "Actual Rows": 112577.0,
                                          "Actual Loops": 1,
                                          "Shared Hit Blocks": 1184,
                                          "Shared Read Blocks": 79960,
                                          "Shared Dirtied Blocks": 0,
                                          "Shared Written Blocks": 0,
                                          "Local Hit Blocks": 0,
                                          "Local Read Blocks": 0,
                                          "Local Dirtied Blocks": 0,
                                          "Local Written Blocks": 0,
                                          "Temp Read Blocks": 0,
                                          "Temp Written Blocks": 0
                                        }
                                      ],
                                      "Plans": [
                                        {
                                          "Node Type": "Seq Scan",
                                          "Parent Relationship": "Outer",
                                          "Parallel Aware": true,
                                          "Async Capable": false,
                                          "Relation Name": "lineitem",
                                          "Schema": "public",
                                          "Alias": "l1",
                                          "Startup Cost": 0.0,
                                          "Total Cost": 143859.46,
                                          "Plan Rows": 833585,
                                          "Plan Width": 8,
                                          "Actual Startup Time": 0.026,
                                          "Actual Total Time": 416.01,
                                          "Actual Rows": 1264432.0,
                                          "Actual Loops": 3,
                                          "Disabled": false,
                                          "Output": [
                                            "l1.l_orderkey",
                                            "l1.l_partkey",
                                            "l1.l_suppkey",
                                            "l1.l_linenumber",
                                            "l1.l_quantity",
                                            "l1.l_extendedprice",
                                            "l1.l_discount",
                                            "l1.l_tax",
                                            "l1.l_returnflag",
                                            "l1.l_linestatus",
                                            "l1.l_shipdate",
                                            "l1.l_commitdate",
                                            "l1.l_receiptdate",
                                            "l1.l_shipinstruct",
                                            "l1.l_shipmode",
                                            "l1.l_comment"
                                          ],
                                          "Filter": "(l1.l_receiptdate > l1.l_commitdate)",
                                          "Rows Removed by Filter": 735973,
                                          "Shared Hit Blocks": 2925,
                                          "Shared Read Blocks": 109675,
                                          "Shared Dirtied Blocks": 0,
                                          "Shared Written Blocks": 0,
                                          "Local Hit Blocks": 0,
                                          "Local Read Blocks": 0,
                                          "Local Dirtied Blocks": 0,
                                          "Local Written Blocks": 0,
                                          "Temp Read Blocks": 0,
                                          "Temp Written Blocks": 0,
                                          "Workers": [
                                            {
                                              "Worker Number": 0,
                                              "Actual Startup Time": 0.051,
                                              "Actual Total Time": 411.89,
                                              "Actual Rows": 997751.0,
                                              "Actual Loops": 1,
                                              "Shared Hit Blocks": 1005,
                                              "Shared Read Blocks": 28627,
                                              "Shared Dirtied Blocks": 0,
                                              "Shared Written Blocks": 0,
                                              "Local Hit Blocks": 0,
                                              "Local Read Blocks": 0,
                                              "Local Dirtied Blocks": 0,
                                              "Local Written Blocks": 0,
                                              "Temp Read Blocks": 0,
                                              "Temp Written Blocks": 0
                                            },
                                            {
                                              "Worker Number": 1,
                                              "Actual Startup Time": 0.016,
                                              "Actual Total Time": 705.111,
                                              "Actual Rows": 2726578.0,
                                              "Actual Loops": 1,
                                              "Shared Hit Blocks": 960,
                                              "Shared Read Blocks": 79960,
                                              "Shared Dirtied Blocks": 0,
                                              "Shared Written Blocks": 0,
                                              "Local Hit Blocks": 0,
                                              "Local Read Blocks": 0,
                                              "Local Dirtied Blocks": 0,
                                              "Local Written Blocks": 0,
                                              "Temp Read Blocks": 0,
                                              "Temp Written Blocks": 0
                                            }
                                          ]
                                        },
                                        {
                                          "Node Type": "Hash",
                                          "Parent Relationship": "Inner",
                                          "Parallel Aware": false,
                                          "Async Capable": false,
                                          "Startup Cost": 362.04,
                                          "Total Cost": 362.04,
                                          "Plan Rows": 59,
                                          "Plan Width": 30,
                                          "Actual Startup Time": 1.893,
                                          "Actual Total Time": 1.895,
                                          "Actual Rows": 411.0,
                                          "Actual Loops": 3,
                                          "Disabled": false,
                                          "Output": [
                                            "supplier.s_name",
                                            "supplier.s_suppkey"
                                          ],
                                          "Hash Buckets": 1024,
                                          "Original Hash Buckets": 1024,
                                          "Hash Batches": 1,
                                          "Original Hash Batches": 1,
                                          "Peak Memory Usage": 34,
                                          "Shared Hit Blocks": 672,
                                          "Shared Read Blocks": 0,
                                          "Shared Dirtied Blocks": 0,
                                          "Shared Written Blocks": 0,
                                          "Local Hit Blocks": 0,
                                          "Local Read Blocks": 0,
                                          "Local Dirtied Blocks": 0,
                                          "Local Written Blocks": 0,
                                          "Temp Read Blocks": 0,
                                          "Temp Written Blocks": 0,
                                          "Workers": [
                                            {
                                              "Worker Number": 0,
                                              "Actual Startup Time": 1.46,
                                              "Actual Total Time": 1.46,
                                              "Actual Rows": 411.0,
                                              "Actual Loops": 1,
                                              "Shared Hit Blocks": 224,
                                              "Shared Read Blocks": 0,
                                              "Shared Dirtied Blocks": 0,
                                              "Shared Written Blocks": 0,
                                              "Local Hit Blocks": 0,
                                              "Local Read Blocks": 0,
                                              "Local Dirtied Blocks": 0,
                                              "Local Written Blocks": 0,
                                              "Temp Read Blocks": 0,
                                              "Temp Written Blocks": 0
                                            },
                                            {
                                              "Worker Number": 1,
                                              "Actual Startup Time": 1.442,
                                              "Actual Total Time": 1.448,
                                              "Actual Rows": 411.0,
                                              "Actual Loops": 1,
                                              "Shared Hit Blocks": 224,
                                              "Shared Read Blocks": 0,
                                              "Shared Dirtied Blocks": 0,
                                              "Shared Written Blocks": 0,
                                              "Local Hit Blocks": 0,
                                              "Local Read Blocks": 0,
                                              "Local Dirtied Blocks": 0,
                                              "Local Written Blocks": 0,
                                              "Temp Read Blocks": 0,
                                              "Temp Written Blocks": 0
                                            }
                                          ],
                                          "Plans": [
                                            {
                                              "Node Type": "Hash Join",
                                              "Parent Relationship": "Outer",
                                              "Parallel Aware": false,
                                              "Async Capable": false,
                                              "Join Type": "Inner",
                                              "Startup Cost": 12.14,
                                              "Total Cost": 362.04,
                                              "Plan Rows": 59,
                                              "Plan Width": 30,
                                              "Actual Startup Time": 0.147,
                                              "Actual Total Time": 1.847,
                                              "Actual Rows": 411.0,
                                              "Actual Loops": 3,
                                              "Disabled": false,
                                              "Output": [
                                                "supplier.s_name",
                                                "supplier.s_suppkey"
                                              ],
                                              "Inner Unique": true,
                                              "Hash Cond": "(supplier.s_nationkey = nation.n_nationkey)",
                                              "Shared Hit Blocks": 672,
                                              "Shared Read Blocks": 0,
                                              "Shared Dirtied Blocks": 0,
                                              "Shared Written Blocks": 0,
                                              "Local Hit Blocks": 0,
                                              "Local Read Blocks": 0,
                                              "Local Dirtied Blocks": 0,
                                              "Local Written Blocks": 0,
                                              "Temp Read Blocks": 0,
                                              "Temp Written Blocks": 0,
                                              "Workers": [
                                                {
                                                  "Worker Number": 0,
                                                  "Actual Startup Time": 0.169,
                                                  "Actual Total Time": 1.396,
                                                  "Actual Rows": 411.0,
                                                  "Actual Loops": 1,
                                                  "Shared Hit Blocks": 224,
                                                  "Shared Read Blocks": 0,
                                                  "Shared Dirtied Blocks": 0,
                                                  "Shared Written Blocks": 0,
                                                  "Local Hit Blocks": 0,
                                                  "Local Read Blocks": 0,
                                                  "Local Dirtied Blocks": 0,
                                                  "Local Written Blocks": 0,
                                                  "Temp Read Blocks": 0,
                                                  "Temp Written Blocks": 0
                                                },
                                                {
                                                  "Worker Number": 1,
                                                  "Actual Startup Time": 0.179,
                                                  "Actual Total Time": 1.416,
                                                  "Actual Rows": 411.0,
                                                  "Actual Loops": 1,
                                                  "Shared Hit Blocks": 224,
                                                  "Shared Read Blocks": 0,
                                                  "Shared Dirtied Blocks": 0,
                                                  "Shared Written Blocks": 0,
                                                  "Local Hit Blocks": 0,
                                                  "Local Read Blocks": 0,
                                                  "Local Dirtied Blocks": 0,
                                                  "Local Written Blocks": 0,
                                                  "Temp Read Blocks": 0,
                                                  "Temp Written Blocks": 0
                                                }
                                              ],
                                              "Plans": [
                                                {
                                                  "Node Type": "Seq Scan",
                                                  "Parent Relationship": "Outer",
                                                  "Parallel Aware": false,
                                                  "Async Capable": false,
                                                  "Relation Name": "supplier",
                                                  "Schema": "public",
                                                  "Alias": "supplier",
                                                  "Startup Cost": 0.0,
                                                  "Total Cost": 323.0,
                                                  "Plan Rows": 10000,
                                                  "Plan Width": 34,
                                                  "Actual Startup Time": 0.057,
                                                  "Actual Total Time": 1.166,
                                                  "Actual Rows": 10000.0,
                                                  "Actual Loops": 3,
                                                  "Disabled": false,
                                                  "Output": [
                                                    "supplier.s_suppkey",
                                                    "supplier.s_name",
                                                    "supplier.s_address",
                                                    "supplier.s_nationkey",
                                                    "supplier.s_phone",
                                                    "supplier.s_acctbal",
                                                    "supplier.s_comment"
                                                  ],
                                                  "Shared Hit Blocks": 669,
                                                  "Shared Read Blocks": 0,
                                                  "Shared Dirtied Blocks": 0,
                                                  "Shared Written Blocks": 0,
                                                  "Local Hit Blocks": 0,
                                                  "Local Read Blocks": 0,
                                                  "Local Dirtied Blocks": 0,
                                                  "Local Written Blocks": 0,
                                                  "Temp Read Blocks": 0,
                                                  "Temp Written Blocks": 0,
                                                  "Workers": [
                                                    {
                                                      "Worker Number": 0,
                                                      "Actual Startup Time": 0.097,
                                                      "Actual Total Time": 0.784,
                                                      "Actual Rows": 10000.0,
                                                      "Actual Loops": 1,
                                                      "Shared Hit Blocks": 223,
                                                      "Shared Read Blocks": 0,
                                                      "Shared Dirtied Blocks": 0,
                                                      "Shared Written Blocks": 0,
                                                      "Local Hit Blocks": 0,
                                                      "Local Read Blocks": 0,
                                                      "Local Dirtied Blocks": 0,
                                                      "Local Written Blocks": 0,
                                                      "Temp Read Blocks": 0,
                                                      "Temp Written Blocks": 0
                                                    },
                                                    {
                                                      "Worker Number": 1,
                                                      "Actual Startup Time": 0.061,
                                                      "Actual Total Time": 0.765,
                                                      "Actual Rows": 10000.0,
                                                      "Actual Loops": 1,
                                                      "Shared Hit Blocks": 223,
                                                      "Shared Read Blocks": 0,
                                                      "Shared Dirtied Blocks": 0,
                                                      "Shared Written Blocks": 0,
                                                      "Local Hit Blocks": 0,
                                                      "Local Read Blocks": 0,
                                                      "Local Dirtied Blocks": 0,
                                                      "Local Written Blocks": 0,
                                                      "Temp Read Blocks": 0,
                                                      "Temp Written Blocks": 0
                                                    }
                                                  ]
                                                },
                                                {
                                                  "Node Type": "Hash",
                                                  "Parent Relationship": "Inner",
                                                  "Parallel Aware": false,
                                                  "Async Capable": false,
                                                  "Startup Cost": 12.12,
                                                  "Total Cost": 12.12,
                                                  "Plan Rows": 1,
                                                  "Plan Width": 4,
                                                  "Actual Startup Time": 0.072,
                                                  "Actual Total Time": 0.072,
                                                  "Actual Rows": 1.0,
                                                  "Actual Loops": 3,
                                                  "Disabled": false,
                                                  "Output": [
                                                    "nation.n_nationkey"
                                                  ],
                                                  "Hash Buckets": 1024,
                                                  "Original Hash Buckets": 1024,
                                                  "Hash Batches": 1,
                                                  "Original Hash Batches": 1,
                                                  "Peak Memory Usage": 9,
                                                  "Shared Hit Blocks": 3,
                                                  "Shared Read Blocks": 0,
                                                  "Shared Dirtied Blocks": 0,
                                                  "Shared Written Blocks": 0,
                                                  "Local Hit Blocks": 0,
                                                  "Local Read Blocks": 0,
                                                  "Local Dirtied Blocks": 0,
                                                  "Local Written Blocks": 0,
                                                  "Temp Read Blocks": 0,
                                                  "Temp Written Blocks": 0,
                                                  "Workers": [
                                                    {
                                                      "Worker Number": 0,
                                                      "Actual Startup Time": 0.056,
                                                      "Actual Total Time": 0.057,
                                                      "Actual Rows": 1.0,
                                                      "Actual Loops": 1,
                                                      "Shared Hit Blocks": 1,
                                                      "Shared Read Blocks": 0,
                                                      "Shared Dirtied Blocks": 0,
                                                      "Shared Written Blocks": 0,
                                                      "Local Hit Blocks": 0,
                                                      "Local Read Blocks": 0,
                                                      "Local Dirtied Blocks": 0,
                                                      "Local Written Blocks": 0,
                                                      "Temp Read Blocks": 0,
                                                      "Temp Written Blocks": 0
                                                    },
                                                    {
                                                      "Worker Number": 1,
                                                      "Actual Startup Time": 0.102,
                                                      "Actual Total Time": 0.103,
                                                      "Actual Rows": 1.0,
                                                      "Actual Loops": 1,
                                                      "Shared Hit Blocks": 1,
                                                      "Shared Read Blocks": 0,
                                                      "Shared Dirtied Blocks": 0,
                                                      "Shared Written Blocks": 0,
                                                      "Local Hit Blocks": 0,
                                                      "Local Read Blocks": 0,
                                                      "Local Dirtied Blocks": 0,
                                                      "Local Written Blocks": 0,
                                                      "Temp Read Blocks": 0,
                                                      "Temp Written Blocks": 0
                                                    }
                                                  ],
                                                  "Plans": [
                                                    {
                                                      "Node Type": "Seq Scan",
                                                      "Parent Relationship": "Outer",
                                                      "Parallel Aware": false,
                                                      "Async Capable": false,
                                                      "Relation Name": "nation",
                                                      "Schema": "public",
                                                      "Alias": "nation",
                                                      "Startup Cost": 0.0,
                                                      "Total Cost": 12.12,
                                                      "Plan Rows": 1,
                                                      "Plan Width": 4,
                                                      "Actual Startup Time": 0.06,
                                                      "Actual Total Time": 0.06,
                                                      "Actual Rows": 1.0,
                                                      "Actual Loops": 3,
                                                      "Disabled": false,
                                                      "Output": [
                                                        "nation.n_nationkey"
                                                      ],
                                                      "Filter": "(nation.n_name = 'SAUDI ARABIA'::bpchar)",
                                                      "Rows Removed by Filter": 24,
                                                      "Shared Hit Blocks": 3,
                                                      "Shared Read Blocks": 0,
                                                      "Shared Dirtied Blocks": 0,
                                                      "Shared Written Blocks": 0,
                                                      "Local Hit Blocks": 0,
                                                      "Local Read Blocks": 0,
                                                      "Local Dirtied Blocks": 0,
                                                      "Local Written Blocks": 0,
                                                      "Temp Read Blocks": 0,
                                                      "Temp Written Blocks": 0,
                                                      "Workers": [
                                                        {
                                                          "Worker Number": 0,
                                                          "Actual Startup Time": 0.043,
                                                          "Actual Total Time": 0.044,
                                                          "Actual Rows": 1.0,
                                                          "Actual Loops": 1,
                                                          "Shared Hit Blocks": 1,
                                                          "Shared Read Blocks": 0,
                                                          "Shared Dirtied Blocks": 0,
                                                          "Shared Written Blocks": 0,
                                                          "Local Hit Blocks": 0,
                                                          "Local Read Blocks": 0,
                                                          "Local Dirtied Blocks": 0,
                                                          "Local Written Blocks": 0,
                                                          "Temp Read Blocks": 0,
                                                          "Temp Written Blocks": 0
                                                        },
                                                        {
                                                          "Worker Number": 1,
                                                          "Actual Startup Time": 0.083,
                                                          "Actual Total Time": 0.083,
                                                          "Actual Rows": 1.0,
                                                          "Actual Loops": 1,
                                                          "Shared Hit Blocks": 1,
                                                          "Shared Read Blocks": 0,
                                                          "Shared Dirtied Blocks": 0,
                                                          "Shared Written Blocks": 0,
                                                          "Local Hit Blocks": 0,
                                                          "Local Read Blocks": 0,
                                                          "Local Dirtied Blocks": 0,
                                                          "Local Written Blocks": 0,
                                                          "Temp Read Blocks": 0,
                                                          "Temp Written Blocks": 0
                                                        }
                                                      ]
                                                    }
                                                  ]
                                                }
                                              ]
                                            }
                                          ]
                                        }
                                      ]
                                    },
                                    {
                                      "Node Type": "Index Scan",
                                      "Parent Relationship": "Inner",
                                      "Parallel Aware": false,
                                      "Async Capable": false,
                                      "Scan Direction": "Forward",
                                      "Index Name": "lineitem_pkey",
                                      "Relation Name": "lineitem",
                                      "Schema": "public",
                                      "Alias": "l3",
                                      "Startup Cost": 0.43,
                                      "Total Cost": 1.05,
                                      "Plan Rows": 5,
                                      "Plan Width": 8,
                                      "Actual Startup Time": 0.018,
                                      "Actual Total Time": 0.018,
                                      "Actual Rows": 0.91,
                                      "Actual Loops": 156739,
                                      "Disabled": false,
                                      "Output": [
                                        "l3.l_orderkey",
                                        "l3.l_partkey",
                                        "l3.l_suppkey",
                                        "l3.l_linenumber",
                                        "l3.l_quantity",
                                        "l3.l_extendedprice",
                                        "l3.l_discount",
                                        "l3.l_tax",
                                        "l3.l_returnflag",
                                        "l3.l_linestatus",
                                        "l3.l_shipdate",
                                        "l3.l_commitdate",
                                        "l3.l_receiptdate",
                                        "l3.l_shipinstruct",
                                        "l3.l_shipmode",
                                        "l3.l_comment"
                                      ],
                                      "Index Cond": "(l3.l_orderkey = l1.l_orderkey)",
                                      "Rows Removed by Index Recheck": 0,
                                      "Filter": "((l3.l_receiptdate > l3.l_commitdate) AND (l3.l_suppkey <> l1.l_suppkey))",
                                      "Rows Removed by Filter": 1,
                                      "Index Searches": 156739,
                                      "Shared Hit Blocks": 612759,
                                      "Shared Read Blocks": 16482,
                                      "Shared Dirtied Blocks": 0,
                                      "Shared Written Blocks": 0,
                                      "Local Hit Blocks": 0,
                                      "Local Read Blocks": 0,
                                      "Local Dirtied Blocks": 0,
                                      "Local Written Blocks": 0,
                                      "Temp Read Blocks": 0,
                                      "Temp Written Blocks": 0,
                                      "Workers": [
                                        {
                                          "Worker Number": 0,
                                          "Actual Startup Time": 0.032,
                                          "Actual Total Time": 0.032,
                                          "Actual Rows": 0.91,
                                          "Actual Loops": 41295,
                                          "Shared Hit Blocks": 161435,
                                          "Shared Read Blocks": 4331,
                                          "Shared Dirtied Blocks": 0,
                                          "Shared Written Blocks": 0,
                                          "Local Hit Blocks": 0,
                                          "Local Read Blocks": 0,
                                          "Local Dirtied Blocks": 0,
                                          "Local Written Blocks": 0,
                                          "Temp Read Blocks": 0,
                                          "Temp Written Blocks": 0
                                        },
                                        {
                                          "Worker Number": 1,
                                          "Actual Startup Time": 0.013,
                                          "Actual Total Time": 0.013,
                                          "Actual Rows": 0.91,
                                          "Actual Loops": 112577,
                                          "Shared Hit Blocks": 440123,
                                          "Shared Read Blocks": 11851,
                                          "Shared Dirtied Blocks": 0,
                                          "Shared Written Blocks": 0,
                                          "Local Hit Blocks": 0,
                                          "Local Read Blocks": 0,
                                          "Local Dirtied Blocks": 0,
                                          "Local Written Blocks": 0,
                                          "Temp Read Blocks": 0,
                                          "Temp Written Blocks": 0
                                        }
                                      ]
                                    }
                                  ]
                                }
                              ]
                            },
                            {
                              "Node Type": "Index Scan",
                              "Parent Relationship": "Inner",
                              "Parallel Aware": false,
                              "Async Capable": false,
                              "Scan Direction": "Forward",
                              "Index Name": "lineitem_pkey",
                              "Relation Name": "lineitem",
                              "Schema": "public",
                              "Alias": "l2",
                              "Startup Cost": 0.43,
                              "Total Cost": 1.01,
                              "Plan Rows": 16,
                              "Plan Width": 8,
                              "Actual Startup Time": 0.022,
                              "Actual Total Time": 0.022,
                              "Actual Rows": 0.6,
                              "Actual Loops": 13859,
                              "Disabled": false,
                              "Output": [
                                "l2.l_orderkey",
                                "l2.l_partkey",
                                "l2.l_suppkey",
                                "l2.l_linenumber",
                                "l2.l_quantity",
                                "l2.l_extendedprice",
                                "l2.l_discount",
                                "l2.l_tax",
                                "l2.l_returnflag",
                                "l2.l_linestatus",
                                "l2.l_shipdate",
                                "l2.l_commitdate",
                                "l2.l_receiptdate",
                                "l2.l_shipinstruct",
                                "l2.l_shipmode",
                                "l2.l_comment"
                              ],
                              "Index Cond": "(l2.l_orderkey = l1.l_orderkey)",
                              "Rows Removed by Index Recheck": 0,
                              "Filter": "(l2.l_suppkey <> l1.l_suppkey)",
                              "Rows Removed by Filter": 1,
                              "Index Searches": 13859,
                              "Shared Hit Blocks": 42828,
                              "Shared Read Blocks": 12660,
                              "Shared Dirtied Blocks": 0,
                              "Shared Written Blocks": 0,
                              "Local Hit Blocks": 0,
                              "Local Read Blocks": 0,
                              "Local Dirtied Blocks": 0,
                              "Local Written Blocks": 0,
                              "Temp Read Blocks": 0,
                              "Temp Written Blocks": 0
                            }
                          ]
                        },
                        {
                          "Node Type": "Index Scan",
                          "Parent Relationship": "Inner",
                          "Parallel Aware": false,
                          "Async Capable": false,
                          "Scan Direction": "Forward",
                          "Index Name": "orders_pkey",
                          "Relation Name": "orders",
                          "Schema": "public",
                          "Alias": "orders",
                          "Startup Cost": 0.43,
                          "Total Cost": 0.51,
                          "Plan Rows": 1,
                          "Plan Width": 4,
                          "Actual Startup Time": 0.257,
                          "Actual Total Time": 0.257,
                          "Actual Rows": 0.5,
                          "Actual Loops": 8357,
                          "Disabled": false,
                          "Output": [
                            "orders.o_orderkey",
                            "orders.o_custkey",
                            "orders.o_orderstatus",
                            "orders.o_totalprice",
                            "orders.o_orderdate",
                            "orders.o_orderpriority",
                            "orders.o_clerk",
                            "orders.o_shippriority",
                            "orders.o_comment"
                          ],
                          "Index Cond": "(orders.o_orderkey = l1.l_orderkey)",
                          "Rows Removed by Index Recheck": 0,
                          "Filter": "(orders.o_orderstatus = 'F'::bpchar)",
                          "Rows Removed by Filter": 1,
                          "Index Searches": 8357,
                          "Shared Hit Blocks": 22702,
                          "Shared Read Blocks": 10726,
                          "Shared Dirtied Blocks": 0,
                          "Shared Written Blocks": 0,
                          "Local Hit Blocks": 0,
                          "Local Read Blocks": 0,
                          "Local Dirtied Blocks": 0,
                          "Local Written Blocks": 0,
                          "Temp Read Blocks": 0,
                          "Temp Written Blocks": 0
                        }
                      ]
                    }
                  ]
                }
              ]
            }
          ]
        }
      ]
    },
    "Planning": {
      "Shared Hit Blocks": 57,
      "Shared Read Blocks": 16,
      "Shared Dirtied Blocks": 1,
      "Shared Written Blocks": 0,
      "Local Hit Blocks": 0,
      "Local Read Blocks": 0,
      "Local Dirtied Blocks": 0,
      "Local Written Blocks": 0,
      "Temp Read Blocks": 0,
      "Temp Written Blocks": 0
    },
    "Planning Time": 5.274,
    "Triggers": [],
    "Execution Time": 2711.931
  }
]