[
  {
    "Plan": {
      "Node Type": "Aggregate",
      "Strategy": "Sorted",
      "Partial Mode": "Simple",
      "Parallel Aware": false,
      "Async Capable": false,
      "Startup Cost": 50605.33,
      "Total Cost": 50708.03,
      "Plan Rows": 726,
      "Plan Width": 72,
      "Actual Startup Time": 403.73,
      "Actual Total Time": 405.753,
      "Actual Rows": 7.0,
      "Actual Loops": 1,
      "Disabled": false,
      "Output": [
        "(SUBSTRING(customer.c_phone FROM 1 FOR 2))",
        "count(*)",
        "sum(customer.c_acctbal)"
      ],
      "Group Key": [
        "(SUBSTRING(customer.c_phone FROM 1 FOR 2))"
      ],
      "Shared Hit Blocks": 4886,
      "Shared Read Blocks": 28472,
      "Shared Dirtied Blocks": 0,
      "Shared Written Blocks": 0,
      "Local Hit Blocks": 0,
      "Local Read Blocks": 0,
      "Local Dirtied Blocks": 0,
      "Local Written Blocks": 0,
      "Temp Read Blocks": 0,
      "Temp Written Blocks": 0,
      "Plans": [
        {
          "Node Type": "Aggregate",
          "Strategy": "Plain",
          "Partial Mode": "Finalize",
          "Parent Relationship": "InitPlan",
          "Subplan Name": "InitPlan 1",
          "Parallel Aware": false,
          "Async Capable": false,
          "Startup Cost": 6245.82,
          "Total Cost": 6245.84,
          "Plan Rows": 1,
          "Plan Width": 32,
          "Actual Startup Time": 79.319,
          "Actual Total Time": 79.344,
          "Actual Rows": 1.0,
          "Actual Loops": 1,
          "Disabled": false,
          "Output": [
            "avg(customer_1.c_acctbal)"
          ],
          "Shared Hit Blocks": 6,
          "Shared Read Blocks": 3600,
          "Shared Dirtied Blocks": 0,
          "Shared Written Blocks": 0,
          "Local Hit Blocks": 0,
          "Local Read Blocks": 0,
          "Local Dirtied Blocks": 0,
          "Local Written Blocks": 0,
          "Temp Read Blocks": 0,
          "Temp Written Blocks": 0,
          "Plans": [
            {
              "Node Type": "Gather",
              "Parent Relationship": "Outer",
              "Parallel Aware": false,
              "Async Capable": false,
              "Startup Cost": 6245.6,
              "Total Cost": 6245.81,
              "Plan Rows": 2,
              "Plan Width": 32,
              "Actual Startup Time": 78.979,
              "Actual Total Time": 79.336,
              "Actual Rows": 3.0,
              "Actual Loops": 1,
              "Disabled": false,
              "Output": [
                "(PARTIAL avg(customer_1.c_acctbal))"
              ],
              "Workers Planned": 2,
              "Workers Launched": 2,
              "Single Copy": false,
              "Shared Hit Blocks": 6,
              "Shared Read Blocks": 3600,
              "Shared Dirtied Blocks": 0,
              "Shared Written Blocks": 0,
              "Local Hit Blocks": 0,
              "Local Read Blocks": 0,
              "Local Dirtied Blocks": 0,
              "Local Written Blocks": 0,
              "Temp Read Blocks": 0,
              "Temp Written Blocks": 0,
              "Plans": [
                {
                  "Node Type": "Aggregate",
                  "Strategy": "Plain",
                  "Partial Mode": "Partial",
                  "Parent Relationship": "Outer",
                  "Parallel Aware": false,
                  "Async Capable": false,
                  "Startup Cost": 5245.6,
                  "Total Cost": 5245.61,
                  "Plan Rows": 1,
                  "Plan Width": 32,
                  "Actual Startup Time": 65.519,
                  "Actual Total Time": 65.519,
                  "Actual Rows": 1.0,
                  "Actual Loops": 3,
                  "Disabled": false,
                  "Output": [
                    "PARTIAL avg(customer_1.c_acctbal)"
                  ],
                  "Shared Hit Blocks": 6,
                  "Shared Read Blocks": 3600,
                  "Shared Dirtied Blocks": 0,
                  "Shared Written Blocks": 0,
                  "Local Hit Blocks": 0,
                  "Local Read Blocks": 0,
                  "Local Dirtied Blocks": 0,
                  "Local Written Blocks": 0,
                  "Temp Read Blocks": 0,
                  "Temp Written Blocks": 0,
                  "Workers": [
                    {
                      "Worker Number": 0,
                      "Actual Startup Time": 58.784,
                      "Actual Total Time": 58.785,
                      "Actual Rows": 1.0,
                      "Actual Loops": 1,
                      "Shared Hit Blocks": 3,
                      "Shared Read Blocks": 889,
                      "Shared Dirtied Blocks": 0,
                      "Shared Written Blocks": 0,
                      "Local Hit Blocks": 0,
                      "Local Read Blocks": 0,
                      "Local Dirtied Blocks": 0,
                      "Local Written Blocks": 0,
                      "Temp Read Blocks": 0,
                      "Temp Written Blocks": 0
                    },
                    {
                      "Worker Number": 1,
                      "Actual Startup Time": 58.908,
                      "Actual Total Time": 58.908,
                      "Actual Rows": 1.0,
                      "Actual Loops": 1,
                      "Shared Hit Blocks": 3,
                      "Shared Read Blocks": 931,
                      "Shared Dirtied Blocks": 0,
                      "Shared Written Blocks": 0,
                      "Local Hit Blocks": 0,
                      "Local Read Blocks": 0,
                      "Local Dirtied Blocks": 0,
                      "Local Written Blocks": 0,
                      "Temp Read Blocks": 0,
                      "Temp Written Blocks": 0
                    }
                  ],
                  "Plans": [
                    {
                      "Node Type": "Seq Scan",
                      "Parent Relationship": "Outer",
                      "Parallel Aware": true,
                      "Async Capable": false,
                      "Relation Name": "customer",
                      "Schema": "public",
                      "Alias": "customer_1",
                      "Startup Cost": 0.0,
                      "Total Cost": 5240.62,
                      "Plan Rows": 1990,
                      "Plan Width": 6,
                      "Actual Startup Time": 0.186,
                      "Actual Total Time": 64.32,
                      "Actual Rows": 12706.67,
                      "Actual Loops": 3,
                      "Disabled": false,
                      "Output": [
                        "customer_1.c_custkey",
                        "customer_1.c_name",
                        "customer_1.c_address",
                        "customer_1.c_nationkey",
                        "customer_1.c_phone",
                        "customer_1.c_acctbal",
                        "customer_1.c_mktsegment",
                        "customer_1.c_comment"
                      ],
                      "Filter": "((customer_1.c_acctbal > 0.00) AND (SUBSTRING(customer_1.c_phone FROM 1 FOR 2) = ANY ('{13,31,23,29,30,18,17}'::text[])))",
                      "Rows Removed by Filter": 37293,
                      "Shared Hit Blocks": 6,
                      "Shared Read Blocks": 3600,
                      "Shared Dirtied Blocks": 0,
                      "Shared Written Blocks": 0,
                      "Local Hit Blocks": 0,
                      "Local Read Blocks": 0,
                      "Local Dirtied Blocks": 0,
                      "Local Written Blocks": 0,
                      "Temp Read Blocks": 0,
                      "Temp Written Blocks": 0,
                      "Workers": [
                        {
                          "Worker Number": 0,
                          "Actual Startup Time": 0.2,
                          "Actual Total Time": 58.035,
                          "Actual Rows": 9320.0,
                          "Actual Loops": 1,
                          "Shared Hit Blocks": 3,
                          "Shared Read Blocks": 889,
                          "Shared Dirtied Blocks": 0,
                          "Shared Written Blocks": 0,
                          "Local Hit Blocks": 0,
                          "Local Read Blocks": 0,
                          "Local Dirtied Blocks": 0,
                          "Local Written Blocks": 0,
                          "Temp Read Blocks": 0,
                          "Temp Written Blocks": 0
                        },
                        {
                          "Worker Number": 1,
                          "Actual Startup Time": 0.072,
                          "Actual Total Time": 58.107,
                          "Actual Rows": 10019.0,
                          "Actual Loops": 1,
                          "Shared Hit Blocks": 3,
                          "Shared Read Blocks": 931,
                          "Shared Dirtied Blocks": 0,
                          "Shared Written Blocks": 0,
                          "Local Hit Blocks": 0,
                          "Local Read Blocks": 0,
                          "Local Dirtied Blocks": 0,
                          "Local Written Blocks": 0,
                          "Temp Read Blocks": 0,
                          "Temp Written Blocks": 0
                        }
                      ]
                    }
                  ]
                }
              ]
            }
          ]
        },
        {
          "Node Type": "Gather Merge",
          "Parent Relationship": "Outer",
          "Parallel Aware": false,
          "Async Capable": false,
          "Startup Cost": 44359.49,
          "Total Cost": 44444.05,
          "Plan Rows": 726,
          "Plan Width": 38,
          "Actual Startup Time": 403.555,
          "Actual Total Time": 405.191,
          "Actual Rows": 6384.0,
          "Actual Loops": 1,
          "Disabled": false,
          "Output": [
            "(SUBSTRING(customer.c_phone FROM 1 FOR 2))",
            "customer.c_acctbal"
          ],
          "Workers Planned": 2,
          "Workers Launched": 2,
          "Shared Hit Blocks": 4886,
          "Shared Read Blocks": 28472,
          "Shared Dirtied Blocks": 0,
          "Shared Written Blocks": 0,
          "Local Hit Blocks": 0,
          "Local Read Blocks": 0,
          "Local Dirtied Blocks": 0,
          "Local Written Blocks": 0,
          "Temp Read Blocks": 0,
          "Temp Written Blocks": 0,
          "Plans": [
            {
              "Node Type": "Sort",
              "Parent Relationship": "Outer",
              "Parallel Aware": false,
              "Async Capable": false,
              "Startup Cost": 43359.47,
              "Total Cost": 43360.23,
              "Plan Rows": 302,
              "Plan Width": 38,
              "Actual Startup Time": 317.461,
              "Actual Total Time": 317.515,
              "Actual Rows": 2128.0,
              "Actual Loops": 3,
              "Disabled": false,
              "Output": [
                "(SUBSTRING(customer.c_phone FROM 1 FOR 2))",
                "customer.c_acctbal"
              ],
              "Sort Key": [
                "(SUBSTRING(customer.c_phone FROM 1 FOR 2))"
              ],
              "Sort Method": "quicksort",
              "Sort Space Used": 25,
              "Sort Space Type": "Memory",
              "Shared Hit Blocks": 4880,
              "Shared Read Blocks": 24872,
              "Shared Dirtied Blocks": 0,
              "Shared Written Blocks": 0,
              "Local Hit Blocks": 0,
              "Local Read Blocks": 0,
              "Local Dirtied Blocks": 0,
              "Local Written Blocks": 0,
              "Temp Read Blocks": 0,
              "Temp Written Blocks": 0,
              "Workers": [
                {
                  "Worker Number": 0,
                  "Actual Startup Time": 316.568,
                  "Actual Total Time": 316.726,
                  "Actual Rows": 6384.0,
                  "Actual Loops": 1,
                  "Sort Method": "quicksort",
                  "Sort Space Used": 392,
                  "Sort Space Type": "Memory",
                  "Shared Hit Blocks": 1495,
                  "Shared Read Blocks": 8169,
                  "Shared Dirtied Blocks": 0,
                  "Shared Written Blocks": 0,
                  "Local Hit Blocks": 0,
                  "Local Read Blocks": 0,
                  "Local Dirtied Blocks": 0,
                  "Local Written Blocks": 0,
                  "Temp Read Blocks": 0,
                  "Temp Written Blocks": 0
                },
                {
                  "Worker Number": 1,
                  "Actual Startup Time": 314.14,
                  "Actual Total Time": 314.143,
                  "Actual Rows": 0.0,
                  "Actual Loops": 1,
                  "Sort Method": "quicksort",
                  "Sort Space Used": 25,
                  "Sort Space Type": "Memory",
                  "Shared Hit Blocks": 1358,
                  "Shared Read Blocks": 8331,
                  "Shared Dirtied Blocks": 0,
                  "Shared Written Blocks": 0,
                  "Local Hit Blocks": 0,
                  "Local Read Blocks": 0,
                  "Local Dirtied Blocks": 0,
                  "Local Written Blocks": 0,
                  "Temp Read Blocks": 0,
                  "Temp Written Blocks": 0
                }
              ],
              "Plans": [
                {
                  "Node Type": "Hash Join",
                  "Parent Relationship": "Outer",
                  "Parallel Aware": true,
                  "Async Capable": false,
                  "Join Type": "Right Anti",
                  "Startup Cost": 5249.74,
                  "Total Cost": 43347.03,
                  "Plan Rows": 302,
                  "Plan Width": 38,
                  "Actual Startup Time": 316.527,
                  "Actual Total Time": 317.049,
                  "Actual Rows": 2128.0,
                  "Actual Loops": 3,
                  "Disabled": false,
                  "Output": [
                    "SUBSTRING(customer.c_phone FROM 1 FOR 2)",
                    "customer.c_acctbal"
                  ],
                  "Inner Unique": true,
                  "Hash Cond": "(orders.o_custkey = customer.c_custkey)",
                  "Shared Hit Blocks": 4866,
                  "Shared Read Blocks": 24870,
                  "Shared Dirtied Blocks": 0,
                  "Shared Written Blocks": 0,
                  "Local Hit Blocks": 0,
                  "Local Read Blocks": 0,
                  "Local Dirtied Blocks": 0,
                  "Local Written Blocks": 0,
                  "Temp Read Blocks": 0,
                  "Temp Written Blocks": 0,
                  "Workers": [
                    {
                      "Worker Number": 0,
                      "Actual Startup Time": 314.008,
                      "Actual Total Time": 315.57,
                      "Actual Rows": 6384.0,
                      "Actual Loops": 1,
                      "Shared Hit Blocks": 1487,
                      "Shared Read Blocks": 8169,
                      "Shared Dirtied Blocks": 0,
                      "Shared Written Blocks": 0,
                      "Local Hit Blocks": 0,
                      "Local Read Blocks": 0,
                      "Local Dirtied Blocks": 0,
                      "Local Written Blocks": 0,
                      "Temp Read Blocks": 0,
                      "Temp Written Blocks": 0
                    },
                    {
                      "Worker Number": 1,
                      "Actual Startup Time": 313.904,
                      "Actual Total Time": 313.907,
                      "Actual Rows": 0.0,
                      "Actual Loops": 1,
                      "Shared Hit Blocks": 1352,
                      "Shared Read Blocks": 8329,
                      "Shared Dirtied Blocks": 0,
                      "Shared Written Blocks": 0,
                      "Local Hit Blocks": 0,
                      "Local Read Blocks": 0,
                      "Local Dirtied Blocks": 0,
                      "Local Written Blocks": 0,
                      "Temp Read Blocks": 0,
                      "Temp Written Blocks": 0
                    }
                  ],
                  "Plans": [
                    {
                      "Node Type": "Seq Scan",
                      "Parent Relationship": "Outer",
                      "Parallel Aware": true,
                      "Async Capable": false,
                      "Relation Name": "orders",
                      "Schema": "public",
                      "Alias": "orders",
                      "Startup Cost": 0.0,
                      "Total Cost": 32386.0,
                      "Plan Rows": 625000,
                      "Plan Width": 4,
                      "Actual Startup Time": 18.353,
                      "Actual Total Time": 227.851,
                      "Actual Rows": 500000.0,
                      "Actual Loops": 3,
                      "Disabled": false,
                      "Output": [
                        "orders.o_orderkey",
                        "orders.o_custkey",
                        "orders.o_orderstatus",
                        "orders.o_totalprice",
                        "orders.o_orderdate",
                        "orders.o_orderpriority",
                        "orders.o_clerk",
                        "orders.o_shippriority",
                        "orders.o_comment"
                      ],
                      "Shared Hit Blocks": 1266,
                      "Shared Read Blocks": 24870,
                      "Shared Dirtied Blocks": 0,
                      "Shared Written Blocks": 0,
                      "Local Hit Blocks": 0,
                      "Local Read Blocks": 0,
                      "Local Dirtied Blocks": 0,
                      "Local Written Blocks": 0,
                      "Temp Read Blocks": 0,
                      "Temp Written Blocks": 0,
                      "Workers": [
                        {
                          "Worker Number": 0,
                          "Actual Startup Time": 18.508,
                          "Actual Total Time": 229.058,
                          "Actual Rows": 493227.0,
                          "Actual Loops": 1,
                          "Shared Hit Blocks": 432,
                          "Shared Read Blocks": 8169,
                          "Shared Dirtied Blocks": 0,
                          "Shared Written Blocks": 0,
                          "Local Hit Blocks": 0,
                          "Local Read Blocks": 0,
                          "Local Dirtied Blocks": 0,
                          "Local Written Blocks": 0,
                          "Temp Read Blocks": 0,
                          "Temp Written Blocks": 0
                        },
                        {
                          "Worker Number": 1,
                          "Actual Startup Time": 18.407,
                          "Actual Total Time": 227.345,
                          "Actual Rows": 502073.0,
                          "Actual Loops": 1,
                          "Shared Hit Blocks": 415,
                          "Shared Read Blocks": 8329,
                          "Shared Dirtied Blocks": 0,
                          "Shared Written Blocks": 0,
                          "Local Hit Blocks": 0,
                          "Local Read Blocks": 0,
                          "Local Dirtied Blocks": 0,
                          "Local Written Blocks": 0,
                          "Temp Read Blocks": 0,
                          "Temp Written Blocks": 0
                        }
                      ]
                    },
                    {
                      "Node Type": "Hash",
                      "Parent Relationship": "Inner",
                      "Parallel Aware": true,
                      "Async Capable": false,
                      "Startup Cost": 5240.62,
                      "Total Cost": 5240.62,
                      "Plan Rows": 729,
                      "Plan Width": 26,
                      "Actual Startup Time": 16.87,
                      "Actual Total Time": 16.87,
                      "Actual Rows": 6333.33,
                      "Actual Loops": 3,
                      "Disabled": false,
                      "Output": [
                        "customer.c_phone",
                        "customer.c_acctbal",
                        "customer.c_custkey"
                      ],
                      "Hash Buckets": 32768,
                      "Original Hash Buckets": 2048,
                      "Hash Batches": 1,
                      "Original Hash Batches": 1,
                      "Peak Memory Usage": 1712,
                      "Shared Hit Blocks": 3600,
                      "Shared Read Blocks": 0,
                      "Shared Dirtied Blocks": 0,
                      "Shared Written Blocks": 0,
                      "Local Hit Blocks": 0,
                      "Local Read Blocks": 0,
                      "Local Dirtied Blocks": 0,
                      "Local Written Blocks": 0,
                      "Temp Read Blocks": 0,
                      "Temp Written Blocks": 0,
                      "Workers": [
                        {
                          "Worker Number": 0,
                          "Actual Startup Time": 14.305,
                          "Actual Total Time": 14.305,
                          "Actual Rows": 5459.0,
                          "Actual Loops": 1,
                          "Shared Hit Blocks": 1055,
                          "Shared Read Blocks": 0,
                          "Shared Dirtied Blocks": 0,
                          "Shared Written Blocks": 0,
                          "Local Hit Blocks": 0,
                          "Local Read Blocks": 0,
                          "Local Dirtied Blocks": 0,
                          "Local Written Blocks": 0,
                          "Temp Read Blocks": 0,
                          "Temp Written Blocks": 0
                        },
                        {
                          "Worker Number": 1,
                          "Actual Startup Time": 14.309,
                          "Actual Total Time": 14.309,
                          "Actual Rows": 4975.0,
                          "Actual Loops": 1,
                          "Shared Hit Blocks": 937,
                          "Shared Read Blocks": 0,
                          "Shared Dirtied Blocks": 0,
                          "Shared Written Blocks": 0,
                          "Local Hit Blocks": 0,
                          "Local Read Blocks": 0,
                          "Local Dirtied Blocks": 0,
                          "Local Written Blocks": 0,
                          "Temp Read Blocks": 0,
                          "Temp Written Blocks": 0
                        }
                      ],
                      "Plans": [
                        {
                          "Node Type": "Seq Scan",
                          "Parent Relationship": "Outer",
                          "Parallel Aware": true,
                          "Async Capable": false,
                          "Relation Name": "customer",
                          "Schema": "public",
                          "Alias": "customer",
                          "Startup Cost": 0.0,
                          "Total Cost": 5240.62,
                          "Plan Rows": 729,
                          "Plan Width": 26,
                          "Actual Startup Time": 0.011,
                          "Actual Total Time": 14.098,
                          "Actual Rows": 6333.33,
                          "Actual Loops": 3,
                          "Disabled": false,
                          "Output": [
                            "customer.c_phone",
                            "customer.c_acctbal",
                            "customer.c_custkey"
                          ],
                          "Filter": "((customer.c_acctbal > (InitPlan 1).col1) AND (SUBSTRING(customer.c_phone FROM 1 FOR 2) = ANY ('{13,31,23,29,30,18,17}'::text[])))",
                          "Rows Removed by Filter": 43667,
                          "Shared Hit Blocks": 3600,
                          "Shared Read Blocks": 0,
                          "Shared Dirtied Blocks": 0,
                          "Shared Written Blocks": 0,
                          "Local Hit Blocks": 0,
                          "Local Read Blocks": 0,
                          "Local Dirtied Blocks": 0,
                          "Local Written Blocks": 0,
                          "Temp Read Blocks": 0,
                          "Temp Written Blocks": 0,
                          "Workers": [
                            {
                              "Worker Number": 0,
                              "Actual Startup Time": 0.013,
                              "Actual Total Time": 12.411,
                              "Actual Rows": 5459.0,
                              "Actual Loops": 1,
                              "Shared Hit Blocks": 1055,
                              "Shared Read Blocks": 0,
                              "Shared Dirtied Blocks": 0,
                              "Shared Written Blocks": 0,
                              "Local Hit Blocks": 0,
                              "Local Read Blocks": 0,
                              "Local Dirtied Blocks": 0,
                              "Local Written Blocks": 0,
                              "Temp Read Blocks": 0,
                              "Temp Written Blocks": 0
                            },
                            {
                              "Worker Number": 1,
                              "Actual Startup Time": 0.013,
                              "Actual Total Time": 11.443,
                              "Actual Rows": 4975.0,
                              "Actual Loops": 1,
                              "Shared Hit Blocks": 937,
                              "Shared Read Blocks": 0,
                              "Shared Dirtied Blocks": 0,
                              "Shared Written Blocks": 0,
                              "Local Hit Blocks": 0,
                              "Local Read Blocks": 0,
                              "Local Dirtied Blocks": 0,
                              "Local Written Blocks": 0,
                              "Temp Read Blocks": 0,
                              "Temp Written Blocks": 0
                            }
                          ]
                        }
                      ]
                    }
                  ]
                }
              ]
            }
          ]
        }
      ]
    },
    "Planning": {
      "Shared Hit Blocks": 2,
      "Shared Read Blocks": 10,
      "Shared Dirtied Blocks": 0,
      "Shared Written Blocks": 0,
      "Local Hit Blocks": 0,
      "Local Read Blocks": 0,
      "Local Dirtied Blocks": 0,
      "Local Written Blocks": 0,
      "Temp Read Blocks": 0,
      "Temp Written Blocks": 0
    },
    "Planning Time": 1.999,
    "Triggers": [],
    "Execution Time": 405.817
  }
]