[
  {
    "Plan": {
      "Node Type": "Limit",
      "Parallel Aware": false,
      "Async Capable": false,
      "Startup Cost": 200033.62,
      "Total Cost": 200033.64,
      "Plan Rows": 10,
      "Plan Width": 44,
      "Actual Startup Time": 4169.74,
      "Actual Total Time": 4174.049,
      "Actual Rows": 10.0,
      "Actual Loops": 1,
      "Disabled": false,
      "Output": [
        "lineitem.l_orderkey",
        "(sum((lineitem.l_extendedprice * ('1'::numeric - lineitem.l_discount))))",
        "orders.o_orderdate",
        "orders.o_shippriority"
      ],
      "Shared Hit Blocks": 494714,
      "Shared Read Blocks": 131911,
      "Shared Dirtied Blocks": 0,
      "Shared Written Blocks": 0,
      "Local Hit Blocks": 0,
      "Local Read Blocks": 0,
      "Local Dirtied Blocks": 0,
      "Local Written Blocks": 0,
      "Temp Read Blocks": 0,
      "Temp Written Blocks": 0,
      "Plans": [
        {
          "Node Type": "Sort",
          "Parent Relationship": "Outer",
          "Parallel Aware": false,
          "Async Capable": false,
          "Startup Cost": 200033.62,
          "Total Cost": 200817.11,
          "Plan Rows": 313396,
          "Plan Width": 44,
          "Actual Startup Time": 4169.738,
          "Actual Total Time": 4174.047,
          "Actual Rows": 10.0,
          "Actual Loops": 1,
          "Disabled": false,
          "Output": [
            "lineitem.l_orderkey",
            "(sum((lineitem.l_extendedprice * ('1'::numeric - lineitem.l_discount))))",
            "orders.o_orderdate",
            "orders.o_shippriority"
          ],
          "Sort Key": [
            "(sum((lineitem.l_extendedprice * ('1'::numeric - lineitem.l_discount)))) DESC",
            "orders.o_orderdate"
          ],
          "Sort Method": "top-N heapsort",
          "Sort Space Used": 26,
          "Sort Space Type": "Memory",
          "Shared Hit Blocks": 494714,
          "Shared Read Blocks": 131911,
          "Shared Dirtied Blocks": 0,
          "Shared Written Blocks": 0,
          "Local Hit Blocks": 0,
          "Local Read Blocks": 0,
          "Local Dirtied Blocks": 0,
          "Local Written Blocks": 0,
          "Temp Read Blocks": 0,
          "Temp Written Blocks": 0,
          "Plans": [
            {
              "Node Type": "Aggregate",
              "Strategy": "Sorted",
              "Partial Mode": "Simple",
              "Parent Relationship": "Outer",
              "Parallel Aware": false,
              "Async Capable": false,
              "Startup Cost": 148142.72,
              "Total Cost": 193261.24,
              "Plan Rows": 313396,
              "Plan Width": 44,
              "Actual Startup Time": 4159.402,
              "Actual Total Time": 4173.035,
              "Actual Rows": 11620.0,
              "Actual Loops": 1,
              "Disabled": false,
              "Output": [
                "lineitem.l_orderkey",
                "sum((lineitem.l_extendedprice * ('1'::numeric - lineitem.l_discount)))",
                "orders.o_orderdate",
                "orders.o_shippriority"
              ],
              "Group Key": [
                "lineitem.l_orderkey",
                "orders.o_orderdate",
                "orders.o_shippriority"
              ],
              "Shared Hit Blocks": 494714,
              "Shared Read Blocks": 131911,
              "Shared Dirtied Blocks": 0,
              "Shared Written Blocks": 0,
              "Local Hit Blocks": 0,
              "Local Read Blocks": 0,
              "Local Dirtied Blocks": 0,
              "Local Written Blocks": 0,
              "Temp Read Blocks": 0,
              "Temp Written Blocks": 0,
              "Plans": [
                {
                  "Node Type": "Gather Merge",
                  "Parent Relationship": "Outer",
                  "Parallel Aware": false,
                  "Async Capable": false,
                  "Startup Cost": 148142.72,
                  "Total Cost": 184642.85,
                  "Plan Rows": 313396,
                  "Plan Width": 24,
                  "Actual Startup Time": 4159.365,
                  "Actual Total Time": 4166.038,
                  "Actual Rows": 30519.0,
                  "Actual Loops": 1,
                  "Disabled": false,
                  "Output": [
                    "lineitem.l_orderkey",
                    "orders.o_orderdate",
                    "orders.o_shippriority",
                    "lineitem.l_extendedprice",
                    "lineitem.l_discount"
                  ],
                  "Workers Planned": 2,
                  "Workers Launched": 2,
                  "Shared Hit Blocks": 494714,
                  "Shared Read Blocks": 131911,
                  "Shared Dirtied Blocks": 0,
                  "Shared Written Blocks": 0,
                  "Local Hit Blocks": 0,
                  "Local Read Blocks": 0,
                  "Local Dirtied Blocks": 0,
                  "Local Written Blocks": 0,
                  "Temp Read Blocks": 0,
                  "Temp Written Blocks": 0,
                  "Plans": [
                    {
                      "Node Type": "Sort",
                      "Parent Relationship": "Outer",
                      "Parallel Aware": false,
                      "Async Capable": false,
                      "Startup Cost": 147142.7,
                      "Total Cost": 147469.15,
                      "Plan Rows": 130582,
                      "Plan Width": 24,
                      "Actual Startup Time": 4146.897,
                      "Actual Total Time": 4147.207,
                      "Actual Rows": 10173.0,
                      "Actual Loops": 3,
                      "Disabled": false,
                      "Output": [
                        "lineitem.l_orderkey",
                        "orders.o_orderdate",
                        "orders.o_shippriority",
                        "lineitem.l_extendedprice",
                        "lineitem.l_discount"
                      ],
                      "Sort Key": [
                        "lineitem.l_orderkey",
                        "orders.o_orderdate",
                        "orders.o_shippriority"
                      ],
                      "Sort Method": "quicksort",
                      "Sort Space Used": 830,
                      "Sort Space Type": "Memory",
                      "Shared Hit Blocks": 494714,
                      "Shared Read Blocks": 131911,
                      "Shared Dirtied Blocks": 0,
                      "Shared Written Blocks": 0,
                      "Local Hit Blocks": 0,
                      "Local Read Blocks": 0,
                      "Local Dirtied Blocks": 0,
                      "Local Written Blocks": 0,
                      "Temp Read Blocks": 0,
                      "Temp Written Blocks": 0,
                      "Workers": [
                        {
                          "Worker Number": 0,
                          "Actual Startup Time": 4140.445,
                          "Actual Total Time": 4140.76,
                          "Actual Rows": 10154.0,
                          "Actual Loops": 1,
                          "Sort Method": "quicksort",
                          "Sort Space Used": 841,
                          "Sort Space Type": "Memory",
                          "Shared Hit Blocks": 165450,
                          "Shared Read Blocks": 43897,
                          "Shared Dirtied Blocks": 0,
                          "Shared Written Blocks": 0,
                          "Local Hit Blocks": 0,
                          "Local Read Blocks": 0,
                          "Local Dirtied Blocks": 0,
                          "Local Written Blocks": 0,
                          "Temp Read Blocks": 0,
                          "Temp Written Blocks": 0
                        },
                        {
                          "Worker Number": 1,
                          "Actual Startup Time": 4150.988,
                          "Actual Total Time": 4151.367,
                          "Actual Rows": 10451.0,
                          "Actual Loops": 1,
                          "Sort Method": "quicksort",
                          "Sort Space Used": 855,
                          "Sort Space Type": "Memory",
                          "Shared Hit Blocks": 165034,
                          "Shared Read Blocks": 43861,
                          "Shared Dirtied Blocks": 0,
                          "Shared Written Blocks": 0,
                          "Local Hit Blocks": 0,
                          "Local Read Blocks": 0,
                          "Local Dirtied Blocks": 0,
                          "Local Written Blocks": 0,
                          "Temp Read Blocks": 0,
                          "Temp Written Blocks": 0
                        }
                      ],
                      "Plans": [
                        {
                          "Node Type": "Nested Loop",
                          "Parent Relationship": "Outer",
                          "Parallel Aware": false,
                          "Async Capable": false,
                          "Join Type": "Inner",
                          "Startup Cost": 4537.91,
                          "Total Cost": 133365.76,
                          "Plan Rows": 130582,
                          "Plan Width": 24,
                          "Actual Startup Time": 54.864,
                          "Actual Total Time": 4138.987,
                          "Actual Rows": 10173.0,
                          "Actual Loops": 3,
                          "Disabled": false,
                          "Output": [
                            "lineitem.l_orderkey",
                            "orders.o_orderdate",
                            "orders.o_shippriority",
                            "lineitem.l_extendedprice",
                            "lineitem.l_discount"
                          ],
                          "Inner Unique": false,
                          "Shared Hit Blocks": 494684,
                          "Shared Read Blocks": 131911,
                          "Shared Dirtied Blocks": 0,
                          "Shared Written Blocks": 0,
                          "Local Hit Blocks": 0,
                          "Local Read Blocks": 0,
                          "Local Dirtied Blocks": 0,
                          "Local Written Blocks": 0,
                          "Temp Read Blocks": 0,
                          "Temp Written Blocks": 0,
                          "Workers": [
                            {
                              "Worker Number": 0,
                              "Actual Startup Time": 50.447,
                              "Actual Total Time": 4136.061,
                              "Actual Rows": 10154.0,
                              "Actual Loops": 1,
                              "Shared Hit Blocks": 165435,
                              "Shared Read Blocks": 43897,
                              "Shared Dirtied Blocks": 0,
                              "Shared Written Blocks": 0,
                              "Local Hit Blocks": 0,
                              "Local Read Blocks": 0,
                              "Local Dirtied Blocks": 0,
                              "Local Written Blocks": 0,
                              "Temp Read Blocks": 0,
                              "Temp Written Blocks": 0
                            },
                            {
                              "Worker Number": 1,
                              "Actual Startup Time": 53.387,
                              "Actual Total Time": 4135.891,
                              "Actual Rows": 10451.0,
                              "Actual Loops": 1,
                              "Shared Hit Blocks": 165019,
                              "Shared Read Blocks": 43861,
                              "Shared Dirtied Blocks": 0,
                              "Shared Written Blocks": 0,
                              "Local Hit Blocks": 0,
                              "Local Read Blocks": 0,
                              "Local Dirtied Blocks": 0,
                              "Local Written Blocks": 0,
                              "Temp Read Blocks": 0,
                              "Temp Written Blocks": 0
                            }
                          ],
                          "Plans": [
                            {
                              "Node Type": "Hash Join",
                              "Parent Relationship": "Outer",
                              "Parallel Aware": true,
                              "Async Capable": false,
                              "Join Type": "Inner",
                              "Startup Cost": 4537.48,
                              "Total Cost": 39281.72,
                              "Plan Rows": 60616,
                              "Plan Width": 12,
                              "Actual Startup Time": 51.656,
                              "Actual Total Time": 242.704,
                              "Actual Rows": 49042.0,
                              "Actual Loops": 3,
                              "Disabled": false,
                              "Output": [
                                "orders.o_orderdate",
                                "orders.o_shippriority",
                                "orders.o_orderkey"
                              ],
                              "Inner Unique": true,
                              "Hash Cond": "(orders.o_custkey = customer.c_custkey)",
                              "Shared Hit Blocks": 0,
                              "Shared Read Blocks": 29736,
                              "Shared Dirtied Blocks": 0,
                              "Shared Written Blocks": 0,
                              "Local Hit Blocks": 0,
                              "Local Read Blocks": 0,
                              "Local Dirtied Blocks": 0,
                              "Local Written Blocks": 0,
                              "Temp Read Blocks": 0,
                              "Temp Written Blocks": 0,
                              "Workers": [
                                {
                                  "Worker Number": 0,
                                  "Actual Startup Time": 47.16,
                                  "Actual Total Time": 239.93,
                                  "Actual Rows": 49251.0,
                                  "Actual Loops": 1,
                                  "Shared Hit Blocks": 0,
                                  "Shared Read Blocks": 9525,
                                  "Shared Dirtied Blocks": 0,
                                  "Shared Written Blocks": 0,
                                  "Local Hit Blocks": 0,
                                  "Local Read Blocks": 0,
                                  "Local Dirtied Blocks": 0,
                                  "Local Written Blocks": 0,
                                  "Temp Read Blocks": 0,
                                  "Temp Written Blocks": 0
                                },
                                {
                                  "Worker Number": 1,
                                  "Actual Startup Time": 49.95,
                                  "Actual Total Time": 240.834,
                                  "Actual Rows": 49061.0,
                                  "Actual Loops": 1,
                                  "Shared Hit Blocks": 0,
                                  "Shared Read Blocks": 9866,
                                  "Shared Dirtied Blocks": 0,
                                  "Shared Written Blocks": 0,
                                  "Local Hit Blocks": 0,
                                  "Local Read Blocks": 0,
                                  "Local Dirtied Blocks": 0,
                                  "Local Written Blocks": 0,
                                  "Temp Read Blocks": 0,
                                  "Temp Written Blocks": 0
                                }
                              ],
                              "Plans": [
                                {
                                  "Node Type": "Seq Scan",
                                  "Parent Relationship": "Outer",
                                  "Parallel Aware": true,
                                  "Async Capable": false,
                                  "Relation Name": "orders",
                                  "Schema": "public",
                                  "Alias": "orders",
                                  "Startup Cost": 0.0,
                                  "Total Cost": 33948.5,
                                  "Plan Rows": 303131,
                                  "Plan Width": 16,
                                  "Actual Startup Time": 1.919,
                                  "Actual Total Time": 80.428,
                                  "Actual Rows": 242435.0,
                                  "Actual Loops": 3,
                                  "Disabled": false,
                                  "Output": [
                                    "orders.o_orderkey",
                                    "orders.o_custkey",
                                    "orders.o_orderstatus",
                                    "orders.o_totalprice",
                                    "orders.o_orderdate",
                                    "orders.o_orderpriority",
                                    "orders.o_clerk",
                                    "orders.o_shippriority",
                                    "orders.o_comment"
                                  ],
                                  "Filter": "(orders.o_orderdate < '1995-03-15'::date)",
                                  "Rows Removed by Filter": 257565,
                                  "Shared Hit Blocks": 0,
                                  "Shared Read Blocks": 26136,
                                  "Shared Dirtied Blocks": 0,
                                  "Shared Written Blocks": 0,
                                  "Local Hit Blocks": 0,
                                  "Local Read Blocks": 0,
                                  "Local Dirtied Blocks": 0,
                                  "Local Written Blocks": 0,
                                  "Temp Read Blocks": 0,
                                  "Temp Written Blocks": 0,
                                  "Workers": [
                                    {
                                      "Worker Number": 0,
                                      "Actual Startup Time": 2.002,
                                      "Actual Total Time": 81.785,
                                      "Actual Rows": 244588.0,
                                      "Actual Loops": 1,
                                      "Shared Hit Blocks": 0,
                                      "Shared Read Blocks": 8807,
                                      "Shared Dirtied Blocks": 0,
                                      "Shared Written Blocks": 0,
                                      "Local Hit Blocks": 0,
                                      "Local Read Blocks": 0,
                                      "Local Dirtied Blocks": 0,
                                      "Local Written Blocks": 0,
                                      "Temp Read Blocks": 0,
                                      "Temp Written Blocks": 0
                                    },
                                    {
                                      "Worker Number": 1,
                                      "Actual Startup Time": 1.985,
                                      "Actual Total Time": 81.129,
                                      "Actual Rows": 242295.0,
                                      "Actual Loops": 1,
                                      "Shared Hit Blocks": 0,
                                      "Shared Read Blocks": 8702,
                                      "Shared Dirtied Blocks": 0,
                                      "Shared Written Blocks": 0,
                                      "Local Hit Blocks": 0,
                                      "Local Read Blocks": 0,
                                      "Local Dirtied Blocks": 0,
                                      "Local Written Blocks": 0,
                                      "Temp Read Blocks": 0,
                                      "Temp Written Blocks": 0
                                    }
                                  ]
                                },
                                {
                                  "Node Type": "Hash",
                                  "Parent Relationship": "Inner",
                                  "Parallel Aware": true,
                                  "Async Capable": false,
                                  "Startup Cost": 4381.25,
                                  "Total Cost": 4381.25,
                                  "Plan Rows": 12498,
                                  "Plan Width": 4,
                                  "Actual Startup Time": 49.595,
                                  "Actual Total Time": 49.597,
                                  "Actual Rows": 10047.33,
                                  "Actual Loops": 3,
                                  "Disabled": false,
                                  "Output": [
                                    "customer.c_custkey"
                                  ],
                                  "Hash Buckets": 32768,
                                  "Original Hash Buckets": 32768,
                                  "Hash Batches": 1,
                                  "Original Hash Batches": 1,
                                  "Peak Memory Usage": 1472,
                                  "Shared Hit Blocks": 0,
                                  "Shared Read Blocks": 3600,
                                  "Shared Dirtied Blocks": 0,
                                  "Shared Written Blocks": 0,
                                  "Local Hit Blocks": 0,
                                  "Local Read Blocks": 0,
                                  "Local Dirtied Blocks": 0,
                                  "Local Written Blocks": 0,
                                  "Temp Read Blocks": 0,
                                  "Temp Written Blocks": 0,
                                  "Workers": [
                                    {
                                      "Worker Number": 0,
                                      "Actual Startup Time": 45.13,
                                      "Actual Total Time": 45.134,
                                      "Actual Rows": 5929.0,
                                      "Actual Loops": 1,
                                      "Shared Hit Blocks": 0,
                                      "Shared Read Blocks": 718,
                                      "Shared Dirtied Blocks": 0,
                                      "Shared Written Blocks": 0,
                                      "Local Hit Blocks": 0,
                                      "Local Read Blocks": 0,
                                      "Local Dirtied Blocks": 0,
                                      "Local Written Blocks": 0,
                                      "Temp Read Blocks": 0,
                                      "Temp Written Blocks": 0
                                    },
                                    {
                                      "Worker Number": 1,
                                      "Actual Startup Time": 47.934,
                                      "Actual Total Time": 47.935,
                                      "Actual Rows": 9764.0,
                                      "Actual Loops": 1,
                                      "Shared Hit Blocks": 0,
                                      "Shared Read Blocks": 1164,
                                      "Shared Dirtied Blocks": 0,
                                      "Shared Written Blocks": 0,
                                      "Local Hit Blocks": 0,
                                      "Local Read Blocks": 0,
                                      "Local Dirtied Blocks": 0,
                                      "Local Written Blocks": 0,
                                      "Temp Read Blocks": 0,
                                      "Temp Written Blocks": 0
                                    }
                                  ],
                                  "Plans": [
                                    {
                                      "Node Type": "Seq Scan",
                                      "Parent Relationship": "Outer",
                                      "Parallel Aware": true,
                                      "Async Capable": false,
                                      "Relation Name": "customer",
                                      "Schema": "public",
                                      "Alias": "customer",
                                      "Startup Cost": 0.0,
                                      "Total Cost": 4381.25,
                                      "Plan Rows": 12498,
                                      "Plan Width": 4,
                                      "Actual Startup Time": 1.04,
                                      "Actual Total Time": 47.373,
                                      "Actual Rows": 10047.33,
                                      "Actual Loops": 3,
                                      "Disabled": false,
                                      "Output": [
                                        "customer.c_custkey"
                                      ],
                                      "Filter": "(customer.c_mktsegment = 'BUILDING'::bpchar)",
                                      "Rows Removed by Filter": 39953,
                                      "Shared Hit Blocks": 0,
                                      "Shared Read Blocks": 3600,
                                      "Shared Dirtied Blocks": 0,
                                      "Shared Written Blocks": 0,
                                      "Local Hit Blocks": 0,
                                      "Local Read Blocks": 0,
                                      "Local Dirtied Blocks": 0,
                                      "Local Written Blocks": 0,
                                      "Temp Read Blocks": 0,
                                      "Temp Written Blocks": 0,
                                      "Workers": [
                                        {
                                          "Worker Number": 0,
                                          "Actual Startup Time": 2.036,
                                          "Actual Total Time": 43.983,
                                          "Actual Rows": 5929.0,
                                          "Actual Loops": 1,
                                          "Shared Hit Blocks": 0,
                                          "Shared Read Blocks": 718,
                                          "Shared Dirtied Blocks": 0,
                                          "Shared Written Blocks": 0,
                                          "Local Hit Blocks": 0,
                                          "Local Read Blocks": 0,
                                          "Local Dirtied Blocks": 0,
                                          "Local Written Blocks": 0,
                                          "Temp Read Blocks": 0,
                                          "Temp Written Blocks": 0
                                        },
                                        {
                                          "Worker Number": 1,
                                          "Actual Startup Time": 0.745,
                                          "Actual Total Time": 46.078,
                                          "Actual Rows": 9764.0,
                                          "Actual Loops": 1,
                                          "Shared Hit Blocks": 0,
                                          "Shared Read Blocks": 1164,
                                          "Shared Dirtied Blocks": 0,
                                          "Shared Written Blocks": 0,
                                          "Local Hit Blocks": 0,
                                          "Local Read Blocks": 0,
                                          "Local Dirtied Blocks": 0,
                                          "Local Written Blocks": 0,
                                          "Temp Read Blocks": 0,
                                          "Temp Written Blocks": 0
                                        }
                                      ]
                                    }
                                  ]
                                }
                              ]
                            },
                            {
                              "Node Type": "Index Scan",
                              "Parent Relationship": "Inner",
                              "Parallel Aware": false,
                              "Async Capable": false,
                              "Scan Direction": "Forward",
                              "Index Name": "lineitem_pkey",
                              "Relation Name": "lineitem",
                              "Schema": "public",
                              "Alias": "lineitem",
                              "Startup Cost": 0.43,
                              "Total Cost": 1.46,
                              "Plan Rows": 9,
                              "Plan Width": 16,
                              "Actual Startup Time": 0.079,
                              "Actual Total Time": 0.079,
                              "Actual Rows": 0.21,
                              "Actual Loops": 147126,
                              "Disabled": false,
                              "Output": [
                                "lineitem.l_orderkey",
                                "lineitem.l_partkey",
                                "lineitem.l_suppkey",
                                "lineitem.l_linenumber",
                                "lineitem.l_quantity",
                                "lineitem.l_extendedprice",
                                "lineitem.l_discount",
                                "lineitem.l_tax",
                                "lineitem.l_returnflag",
                                "lineitem.l_linestatus",
                                "lineitem.l_shipdate",
                                "lineitem.l_commitdate",
                                "lineitem.l_receiptdate",
                                "lineitem.l_shipinstruct",
                                "lineitem.l_shipmode",
                                "lineitem.l_comment"
                              ],
                              "Index Cond": "(lineitem.l_orderkey = orders.o_orderkey)",
                              "Rows Removed by Index Recheck": 0,
                              "Filter": "(lineitem.l_shipdate > '1995-03-15'::date)",
                              "Rows Removed by Filter": 4,
                              "Index Searches": 147126,
                              "Shared Hit Blocks": 494684,
                              "Shared Read Blocks": 102175,
                              "Shared Dirtied Blocks": 0,
                              "Shared Written Blocks": 0,
                              "Local Hit Blocks": 0,
                              "Local Read Blocks": 0,
                              "Local Dirtied Blocks": 0,
                              "Local Written Blocks": 0,
                              "Temp Read Blocks": 0,
                              "Temp Written Blocks": 0,
                              "Workers": [
                                {
                                  "Worker Number": 0,
                                  "Actual Startup Time": 0.078,
                                  "Actual Total Time": 0.079,
                                  "Actual Rows": 0.21,
                                  "Actual Loops": 49251,
                                  "Shared Hit Blocks": 165435,
                                  "Shared Read Blocks": 34372,
                                  "Shared Dirtied Blocks": 0,
                                  "Shared Written Blocks": 0,
                                  "Local Hit Blocks": 0,
                                  "Local Read Blocks": 0,
                                  "Local Dirtied Blocks": 0,
                                  "Local Written Blocks": 0,
                                  "Temp Read Blocks": 0,
                                  "Temp Written Blocks": 0
                                },
                                {
                                  "Worker Number": 1,
                                  "Actual Startup Time": 0.079,
                                  "Actual Total Time": 0.079,
                                  "Actual Rows": 0.21,
                                  "Actual Loops": 49061,
                                  "Shared Hit Blocks": 165019,
                                  "Shared Read Blocks": 33995,
                                  "Shared Dirtied Blocks": 0,
                                  "Shared Written Blocks": 0,
                                  "Local Hit Blocks": 0,
                                  "Local Read Blocks": 0,
                                  "Local Dirtied Blocks": 0,
                                  "Local Written Blocks": 0,
                                  "Temp Read Blocks": 0,
                                  "Temp Written Blocks": 0
                                }
                              ]
                            }
                          ]
                        }
                      ]
                    }
                  ]
                }
              ]
            }
          ]
        }
      ]
    },
    "Planning": {
      "Shared Hit Blocks": 78,
      "Shared Read Blocks": 19,
      "Shared Dirtied Blocks": 2,
      "Shared Written Blocks": 0,
      "Local Hit Blocks": 0,
      "Local Read Blocks": 0,
      "Local Dirtied Blocks": 0,
      "Local Written Blocks": 0,
      "Temp Read Blocks": 0,
      "Temp Written Blocks": 0
    },
    "Planning Time": 6.851,
    "Triggers": [],
    "Execution Time": 4174.296
  }
]