[
  {
    "Plan": {
      "Node Type": "Aggregate",
      "Strategy": "Sorted",
      "Partial Mode": "Finalize",
      "Parallel Aware": false,
      "Async Capable": false,
      "Startup Cost": 83887.9,
      "Total Cost": 83933.82,
      "Plan Rows": 5,
      "Plan Width": 24,
      "Actual Startup Time": 3677.563,
      "Actual Total Time": 3682.425,
      "Actual Rows": 5.0,
      "Actual Loops": 1,
      "Disabled": false,
      "Output": [
        "orders.o_orderpriority",
        "count(*)"
      ],
      "Group Key": [
        "orders.o_orderpriority"
      ],
      "Shared Hit Blocks": 167713,
      "Shared Read Blocks": 87754,
      "Shared Dirtied Blocks": 0,
      "Shared Written Blocks": 0,
      "Local Hit Blocks": 0,
      "Local Read Blocks": 0,
      "Local Dirtied Blocks": 0,
      "Local Written Blocks": 0,
      "Temp Read Blocks": 0,
      "Temp Written Blocks": 0,
      "Plans": [
        {
          "Node Type": "Gather Merge",
          "Parent Relationship": "Outer",
          "Parallel Aware": false,
          "Async Capable": false,
          "Startup Cost": 83887.9,
          "Total Cost": 83933.71,
          "Plan Rows": 12,
          "Plan Width": 24,
          "Actual Startup Time": 3677.228,
          "Actual Total Time": 3682.405,
          "Actual Rows": 15.0,
          "Actual Loops": 1,
          "Disabled": false,
          "Output": [
            "orders.o_orderpriority",
            "(PARTIAL count(*))"
          ],
          "Workers Planned": 2,
          "Workers Launched": 2,
          "Shared Hit Blocks": 167713,
          "Shared Read Blocks": 87754,
          "Shared Dirtied Blocks": 0,
          "Shared Written Blocks": 0,
          "Local Hit Blocks": 0,
          "Local Read Blocks": 0,
          "Local Dirtied Blocks": 0,
          "Local Written Blocks": 0,
          "Temp Read Blocks": 0,
          "Temp Written Blocks": 0,
          "Plans": [
            {
              "Node Type": "Aggregate",
              "Strategy": "Sorted",
              "Partial Mode": "Partial",
              "Parent Relationship": "Outer",
              "Parallel Aware": false,
              "Async Capable": false,
              "Startup Cost": 82887.88,
              "Total Cost": 82932.3,
              "Plan Rows": 5,
              "Plan Width": 24,
              "Actual Startup Time": 3657.547,
              "Actual Total Time": 3659.979,
              "Actual Rows": 5.0,
              "Actual Loops": 3,
              "Disabled": false,
              "Output": [
                "orders.o_orderpriority",
                "PARTIAL count(*)"
              ],
              "Group Key": [
                "orders.o_orderpriority"
              ],
              "Shared Hit Blocks": 167713,
              "Shared Read Blocks": 87754,
              "Shared Dirtied Blocks": 0,
              "Shared Written Blocks": 0,
              "Local Hit Blocks": 0,
              "Local Read Blocks": 0,
              "Local Dirtied Blocks": 0,
              "Local Written Blocks": 0,
              "Temp Read Blocks": 0,
              "Temp Written Blocks": 0,
              "Workers": [
                {
                  "Worker Number": 0,
                  "Actual Startup Time": 3644.615,
                  "Actual Total Time": 3646.01,
                  "Actual Rows": 5.0,
                  "Actual Loops": 1,
                  "Shared Hit Blocks": 55154,
                  "Shared Read Blocks": 29118,
                  "Shared Dirtied Blocks": 0,
                  "Shared Written Blocks": 0,
                  "Local Hit Blocks": 0,
                  "Local Read Blocks": 0,
                  "Local Dirtied Blocks": 0,
                  "Local Written Blocks": 0,
                  "Temp Read Blocks": 0,
                  "Temp Written Blocks": 0
                },
                {
                  "Worker Number": 1,
                  "Actual Startup Time": 3653.762,
                  "Actual Total Time": 3654.681,
                  "Actual Rows": 5.0,
                  "Actual Loops": 1,
                  "Shared Hit Blocks": 55858,
                  "Shared Read Blocks": 28921,
                  "Shared Dirtied Blocks": 0,
                  "Shared Written Blocks": 0,
                  "Local Hit Blocks": 0,
                  "Local Read Blocks": 0,
                  "Local Dirtied Blocks": 0,
                  "Local Written Blocks": 0,
                  "Temp Read Blocks": 0,
                  "Temp Written Blocks": 0
                }
              ],
              "Plans": [
                {
                  "Node Type": "Sort",
                  "Parent Relationship": "Outer",
                  "Parallel Aware": false,
                  "Async Capable": false,
                  "Startup Cost": 82887.88,
                  "Total Cost": 82902.67,
                  "Plan Rows": 5916,
                  "Plan Width": 16,
                  "Actual Startup Time": 3657.292,
                  "Actual Total Time": 3657.96,
                  "Actual Rows": 17507.67,
                  "Actual Loops": 3,
                  "Disabled": false,
                  "Output": [
                    "orders.o_orderpriority"
                  ],
                  "Sort Key": [
                    "orders.o_orderpriority"
                  ],
                  "Sort Method": "quicksort",
                  "Sort Space Used": 769,
                  "Sort Space Type": "Memory",
                  "Shared Hit Blocks": 167713,
                  "Shared Read Blocks": 87754,
                  "Shared Dirtied Blocks": 0,
                  "Shared Written Blocks": 0,
                  "Local Hit Blocks": 0,
                  "Local Read Blocks": 0,
                  "Local Dirtied Blocks": 0,
                  "Local Written Blocks": 0,
                  "Temp Read Blocks": 0,
                  "Temp Written Blocks": 0,
                  "Workers": [
                    {
                      "Worker Number": 0,
                      "Actual Startup Time": 3644.374,
                      "Actual Total Time": 3644.981,
                      "Actual Rows": 17228.0,
                      "Actual Loops": 1,
                      "Sort Method": "quicksort",
                      "Sort Space Used": 769,
                      "Sort Space Type": "Memory",
                      "Shared Hit Blocks": 55154,
                      "Shared Read Blocks": 29118,
                      "Shared Dirtied Blocks": 0,
                      "Shared Written Blocks": 0,
                      "Local Hit Blocks": 0,
                      "Local Read Blocks": 0,
                      "Local Dirtied Blocks": 0,
                      "Local Written Blocks": 0,
                      "Temp Read Blocks": 0,
                      "Temp Written Blocks": 0
                    },
                    {
                      "Worker Number": 1,
                      "Actual Startup Time": 3653.478,
                      "Actual Total Time": 3653.891,
                      "Actual Rows": 17539.0,
                      "Actual Loops": 1,
                      "Sort Method": "quicksort",
                      "Sort Space Used": 769,
                      "Sort Space Type": "Memory",
                      "Shared Hit Blocks": 55858,
                      "Shared Read Blocks": 28921,
                      "Shared Dirtied Blocks": 0,
                      "Shared Written Blocks": 0,
                      "Local Hit Blocks": 0,
                      "Local Read Blocks": 0,
                      "Local Dirtied Blocks": 0,
                      "Local Written Blocks": 0,
                      "Temp Read Blocks": 0,
                      "Temp Written Blocks": 0
                    }
                  ],
                  "Plans": [
                    {
                      "Node Type": "Nested Loop",
                      "Parent Relationship": "Outer",
                      "Parallel Aware": false,
                      "Async Capable": false,
                      "Join Type": "Semi",
                      "Startup Cost": 0.43,
                      "Total Cost": 82517.23,
                      "Plan Rows": 5916,
                      "Plan Width": 16,
                      "Actual Startup Time": 0.848,
                      "Actual Total Time": 3644.375,
                      "Actual Rows": 17507.67,
                      "Actual Loops": 3,
                      "Disabled": false,
                      "Output": [
                        "orders.o_orderpriority"
                      ],
                      "Inner Unique": false,
                      "Shared Hit Blocks": 167700,
                      "Shared Read Blocks": 87753,
                      "Shared Dirtied Blocks": 0,
                      "Shared Written Blocks": 0,
                      "Local Hit Blocks": 0,
                      "Local Read Blocks": 0,
                      "Local Dirtied Blocks": 0,
                      "Local Written Blocks": 0,
                      "Temp Read Blocks": 0,
                      "Temp Written Blocks": 0,
                      "Workers": [
                        {
                          "Worker Number": 0,
                          "Actual Startup Time": 1.017,
                          "Actual Total Time": 3629.951,
                          "Actual Rows": 17228.0,
                          "Actual Loops": 1,
                          "Shared Hit Blocks": 55147,
                          "Shared Read Blocks": 29118,
                          "Shared Dirtied Blocks": 0,
                          "Shared Written Blocks": 0,
                          "Local Hit Blocks": 0,
                          "Local Read Blocks": 0,
                          "Local Dirtied Blocks": 0,
                          "Local Written Blocks": 0,
                          "Temp Read Blocks": 0,
                          "Temp Written Blocks": 0
                        },
                        {
                          "Worker Number": 1,
                          "Actual Startup Time": 1.087,
                          "Actual Total Time": 3641.212,
                          "Actual Rows": 17539.0,
                          "Actual Loops": 1,
                          "Shared Hit Blocks": 55852,
                          "Shared Read Blocks": 28920,
                          "Shared Dirtied Blocks": 0,
                          "Shared Written Blocks": 0,
                          "Local Hit Blocks": 0,
                          "Local Read Blocks": 0,
                          "Local Dirtied Blocks": 0,
                          "Local Written Blocks": 0,
                          "Temp Read Blocks": 0,
                          "Temp Written Blocks": 0
                        }
                      ],
                      "Plans": [
                        {
                          "Node Type": "Seq Scan",
                          "Parent Relationship": "Outer",
                          "Parallel Aware": true,
                          "Async Capable": false,
                          "Relation Name": "orders",
                          "Schema": "public",
                          "Alias": "orders",
                          "Startup Cost": 0.0,
                          "Total Cost": 35511.0,
                          "Plan Rows": 24298,
                          "Plan Width": 20,
                          "Actual Startup Time": 0.385,
                          "Actual Total Time": 102.643,
                          "Actual Rows": 19072.67,
                          "Actual Loops": 3,
                          "Disabled": false,
                          "Output": [
                            "orders.o_orderkey",
                            "orders.o_custkey",
                            "orders.o_orderstatus",
                            "orders.o_totalprice",
                            "orders.o_orderdate",
                            "orders.o_orderpriority",
                            "orders.o_clerk",
                            "orders.o_shippriority",
                            "orders.o_comment"
                          ],
                          "Filter": "((orders.o_orderdate >= '1993-07-01'::date) AND (orders.o_orderdate < '1993-10-01 00:00:00'::timestamp without time zone))",
                          "Rows Removed by Filter": 480927,
                          "Shared Hit Blocks": 0,
                          "Shared Read Blocks": 26136,
                          "Shared Dirtied Blocks": 0,
                          "Shared Written Blocks": 0,
                          "Local Hit Blocks": 0,
                          "Local Read Blocks": 0,
                          "Local Dirtied Blocks": 0,
                          "Local Written Blocks": 0,
                          "Temp Read Blocks": 0,
                          "Temp Written Blocks": 0,
                          "Workers": [
                            {
                              "Worker Number": 0,
                              "Actual Startup Time": 0.46,
                              "Actual Total Time": 110.042,
                              "Actual Rows": 18852.0,
                              "Actual Loops": 1,
                              "Shared Hit Blocks": 0,
                              "Shared Read Blocks": 8720,
                              "Shared Dirtied Blocks": 0,
                              "Shared Written Blocks": 0,
                              "Local Hit Blocks": 0,
                              "Local Read Blocks": 0,
                              "Local Dirtied Blocks": 0,
                              "Local Written Blocks": 0,
                              "Temp Read Blocks": 0,
                              "Temp Written Blocks": 0
                            },
                            {
                              "Worker Number": 1,
                              "Actual Startup Time": 0.459,
                              "Actual Total Time": 88.252,
                              "Actual Rows": 19009.0,
                              "Actual Loops": 1,
                              "Shared Hit Blocks": 0,
                              "Shared Read Blocks": 8581,
                              "Shared Dirtied Blocks": 0,
                              "Shared Written Blocks": 0,
                              "Local Hit Blocks": 0,
                              "Local Read Blocks": 0,
                              "Local Dirtied Blocks": 0,
                              "Local Written Blocks": 0,
                              "Temp Read Blocks": 0,
                              "Temp Written Blocks": 0
                            }
                          ]
                        },
                        {
                          "Node Type": "Index Scan",
                          "Parent Relationship": "Inner",
                          "Parallel Aware": false,
                          "Async Capable": false,
                          "Scan Direction": "Forward",
                          "Index Name": "lineitem_pkey",
                          "Relation Name": "lineitem",
                          "Schema": "public",
                          "Alias": "lineitem",
                          "Startup Cost": 0.43,
                          "Total Cost": 7.05,
                          "Plan Rows": 5,
                          "Plan Width": 4,
                          "Actual Startup Time": 0.185,
                          "Actual Total Time": 0.185,
                          "Actual Rows": 0.92,
                          "Actual Loops": 57218,
                          "Disabled": false,
                          "Output": [
                            "lineitem.l_orderkey",
                            "lineitem.l_partkey",
                            "lineitem.l_suppkey",
                            "lineitem.l_linenumber",
                            "lineitem.l_quantity",
                            "lineitem.l_extendedprice",
                            "lineitem.l_discount",
                            "lineitem.l_tax",
                            "lineitem.l_returnflag",
                            "lineitem.l_linestatus",
                            "lineitem.l_shipdate",
                            "lineitem.l_commitdate",
                            "lineitem.l_receiptdate",
                            "lineitem.l_shipinstruct",
                            "lineitem.l_shipmode",
                            "lineitem.l_comment"
                          ],
                          "Index Cond": "(lineitem.l_orderkey = orders.o_orderkey)",
                          "Rows Removed by Index Recheck": 0,
                          "Filter": "(lineitem.l_commitdate < lineitem.l_receiptdate)",
                          "Rows Removed by Filter": 1,
                          "Index Searches": 57218,
                          "Shared Hit Blocks": 167700,
                          "Shared Read Blocks": 61617,
                          "Shared Dirtied Blocks": 0,
                          "Shared Written Blocks": 0,
                          "Local Hit Blocks": 0,
                          "Local Read Blocks": 0,
                          "Local Dirtied Blocks": 0,
                          "Local Written Blocks": 0,
                          "Temp Read Blocks": 0,
                          "Temp Written Blocks": 0,
                          "Workers": [
                            {
                              "Worker Number": 0,
                              "Actual Startup Time": 0.186,
                              "Actual Total Time": 0.186,
                              "Actual Rows": 0.91,
                              "Actual Loops": 18852,
                              "Shared Hit Blocks": 55147,
                              "Shared Read Blocks": 20398,
                              "Shared Dirtied Blocks": 0,
                              "Shared Written Blocks": 0,
                              "Local Hit Blocks": 0,
                              "Local Read Blocks": 0,
                              "Local Dirtied Blocks": 0,
                              "Local Written Blocks": 0,
                              "Temp Read Blocks": 0,
                              "Temp Written Blocks": 0
                            },
                            {
                              "Worker Number": 1,
                              "Actual Startup Time": 0.186,
                              "Actual Total Time": 0.186,
                              "Actual Rows": 0.92,
                              "Actual Loops": 19009,
                              "Shared Hit Blocks": 55852,
                              "Shared Read Blocks": 20339,
                              "Shared Dirtied Blocks": 0,
                              "Shared Written Blocks": 0,
                              "Local Hit Blocks": 0,
                              "Local Read Blocks": 0,
                              "Local Dirtied Blocks": 0,
                              "Local Written Blocks": 0,
                              "Temp Read Blocks": 0,
                              "Temp Written Blocks": 0
                            }
                          ]
                        }
                      ]
                    }
                  ]
                }
              ]
            }
          ]
        }
      ]
    },
    "Planning": {
      "Shared Hit Blocks": 13,
      "Shared Read Blocks": 18,
      "Shared Dirtied Blocks": 2,
      "Shared Written Blocks": 0,
      "Local Hit Blocks": 0,
      "Local Read Blocks": 0,
      "Local Dirtied Blocks": 0,
      "Local Written Blocks": 0,
      "Temp Read Blocks": 0,
      "Temp Written Blocks": 0
    },
    "Planning Time": 3.676,
    "Triggers": [],
    "Execution Time": 3686.672
  }
]