[
  {
    "Plan": {
      "Node Type": "Sort",
      "Parallel Aware": false,
      "Async Capable": false,
      "Startup Cost": 43635.73,
      "Total Cost": 43636.15,
      "Plan Rows": 170,
      "Plan Width": 136,
      "Actual Startup Time": 3614.658,
      "Actual Total Time": 3617.339,
      "Actual Rows": 5.0,
      "Actual Loops": 1,
      "Disabled": false,
      "Output": [
        "nation.n_name",
        "(sum((lineitem.l_extendedprice * ('1'::numeric - lineitem.l_discount))))"
      ],
      "Sort Key": [
        "(sum((lineitem.l_extendedprice * ('1'::numeric - lineitem.l_discount)))) DESC"
      ],
      "Sort Method": "quicksort",
      "Sort Space Used": 25,
      "Sort Space Type": "Memory",
      "Shared Hit Blocks": 131664,
      "Shared Read Blocks": 85326,
      "Shared Dirtied Blocks": 0,
      "Shared Written Blocks": 0,
      "Local Hit Blocks": 0,
      "Local Read Blocks": 0,
      "Local Dirtied Blocks": 0,
      "Local Written Blocks": 0,
      "Temp Read Blocks": 0,
      "Temp Written Blocks": 0,
      "Plans": [
        {
          "Node Type": "Aggregate",
          "Strategy": "Sorted",
          "Partial Mode": "Simple",
          "Parent Relationship": "Outer",
          "Parallel Aware": false,
          "Async Capable": false,
          "Startup Cost": 43600.24,
          "Total Cost": 43629.43,
          "Plan Rows": 170,
          "Plan Width": 136,
          "Actual Startup Time": 3613.048,
          "Actual Total Time": 3617.313,
          "Actual Rows": 5.0,
          "Actual Loops": 1,
          "Disabled": false,
          "Output": [
            "nation.n_name",
            "sum((lineitem.l_extendedprice * ('1'::numeric - lineitem.l_discount)))"
          ],
          "Group Key": [
            "nation.n_name"
          ],
          "Shared Hit Blocks": 131664,
          "Shared Read Blocks": 85326,
          "Shared Dirtied Blocks": 0,
          "Shared Written Blocks": 0,
          "Local Hit Blocks": 0,
          "Local Read Blocks": 0,
          "Local Dirtied Blocks": 0,
          "Local Written Blocks": 0,
          "Temp Read Blocks": 0,
          "Temp Written Blocks": 0,
          "Plans": [
            {
              "Node Type": "Gather Merge",
              "Parent Relationship": "Outer",
              "Parallel Aware": false,
              "Async Capable": false,
              "Startup Cost": 43600.24,
              "Total Cost": 43625.16,
              "Plan Rows": 214,
              "Plan Width": 116,
              "Actual Startup Time": 3612.463,
              "Actual Total Time": 3616.078,
              "Actual Rows": 7243.0,
              "Actual Loops": 1,
              "Disabled": false,
              "Output": [
                "nation.n_name",
                "lineitem.l_extendedprice",
                "lineitem.l_discount"
              ],
              "Workers Planned": 2,
              "Workers Launched": 2,
              "Shared Hit Blocks": 131664,
              "Shared Read Blocks": 85326,
              "Shared Dirtied Blocks": 0,
              "Shared Written Blocks": 0,
              "Local Hit Blocks": 0,
              "Local Read Blocks": 0,
              "Local Dirtied Blocks": 0,
              "Local Written Blocks": 0,
              "Temp Read Blocks": 0,
              "Temp Written Blocks": 0,
              "Plans": [
                {
                  "Node Type": "Sort",
                  "Parent Relationship": "Outer",
                  "Parallel Aware": false,
                  "Async Capable": false,
                  "Startup Cost": 42600.22,
                  "Total Cost": 42600.44,
                  "Plan Rows": 89,
                  "Plan Width": 116,
                  "Actual Startup Time": 3574.834,
                  "Actual Total Time": 3574.954,
                  "Actual Rows": 2414.33,
                  "Actual Loops": 3,
                  "Disabled": false,
                  "Output": [
                    "nation.n_name",
                    "lineitem.l_extendedprice",
                    "lineitem.l_discount"
                  ],
                  "Sort Key": [
                    "nation.n_name"
                  ],
                  "Sort Method": "quicksort",
                  "Sort Space Used": 227,
                  "Sort Space Type": "Memory",
                  "Shared Hit Blocks": 131664,
                  "Shared Read Blocks": 85326,
                  "Shared Dirtied Blocks": 0,
                  "Shared Written Blocks": 0,
                  "Local Hit Blocks": 0,
                  "Local Read Blocks": 0,
                  "Local Dirtied Blocks": 0,
                  "Local Written Blocks": 0,
                  "Temp Read Blocks": 0,
                  "Temp Written Blocks": 0,
                  "Workers": [
                    {
                      "Worker Number": 0,
                      "Actual Startup Time": 3551.47,
                      "Actual Total Time": 3551.605,
                      "Actual Rows": 2416.0,
                      "Actual Loops": 1,
                      "Sort Method": "quicksort",
                      "Sort Space Used": 229,
                      "Sort Space Type": "Memory",
                      "Shared Hit Blocks": 44121,
                      "Shared Read Blocks": 27732,
                      "Shared Dirtied Blocks": 0,
                      "Shared Written Blocks": 0,
                      "Local Hit Blocks": 0,
                      "Local Read Blocks": 0,
                      "Local Dirtied Blocks": 0,
                      "Local Written Blocks": 0,
                      "Temp Read Blocks": 0,
                      "Temp Written Blocks": 0
                    },
                    {
                      "Worker Number": 1,
                      "Actual Startup Time": 3566.189,
                      "Actual Total Time": 3566.294,
                      "Actual Rows": 2432.0,
                      "Actual Loops": 1,
                      "Sort Method": "quicksort",
                      "Sort Space Used": 230,
                      "Sort Space Type": "Memory",
                      "Shared Hit Blocks": 43771,
                      "Shared Read Blocks": 27748,
                      "Shared Dirtied Blocks": 0,
                      "Shared Written Blocks": 0,
                      "Local Hit Blocks": 0,
                      "Local Read Blocks": 0,
                      "Local Dirtied Blocks": 0,
                      "Local Written Blocks": 0,
                      "Temp Read Blocks": 0,
                      "Temp Written Blocks": 0
                    }
                  ],
                  "Plans": [
                    {
                      "Node Type": "Hash Join",
                      "Parent Relationship": "Outer",
                      "Parallel Aware": false,
                      "Async Capable": false,
                      "Join Type": "Inner",
                      "Startup Cost": 4965.39,
                      "Total Cost": 42597.34,
                      "Plan Rows": 89,
                      "Plan Width": 116,
                      "Actual Startup Time": 157.027,
                      "Actual Total Time": 3567.542,
                      "Actual Rows": 2414.33,
                      "Actual Loops": 3,
                      "Disabled": false,
                      "Output": [
                        "nation.n_name",
                        "lineitem.l_extendedprice",
                        "lineitem.l_discount"
                      ],
                      "Inner Unique": true,
                      "Hash Cond": "((lineitem.l_suppkey = supplier.s_suppkey) AND (customer.c_nationkey = supplier.s_nationkey))",
                      "Shared Hit Blocks": 131652,
                      "Shared Read Blocks": 85324,
                      "Shared Dirtied Blocks": 0,
                      "Shared Written Blocks": 0,
                      "Local Hit Blocks": 0,
                      "Local Read Blocks": 0,
                      "Local Dirtied Blocks": 0,
                      "Local Written Blocks": 0,
                      "Temp Read Blocks": 0,
                      "Temp Written Blocks": 0,
                      "Workers": [
                        {
                          "Worker Number": 0,
                          "Actual Startup Time": 140.821,
                          "Actual Total Time": 3546.945,
                          "Actual Rows": 2416.0,
                          "Actual Loops": 1,
                          "Shared Hit Blocks": 44114,
                          "Shared Read Blocks": 27732,
                          "Shared Dirtied Blocks": 0,
                          "Shared Written Blocks": 0,
                          "Local Hit Blocks": 0,
                          "Local Read Blocks": 0,
                          "Local Dirtied Blocks": 0,
                          "Local Written Blocks": 0,
                          "Temp Read Blocks": 0,
                          "Temp Written Blocks": 0
                        },
                        {
                          "Worker Number": 1,
                          "Actual Startup Time": 140.842,
                          "Actual Total Time": 3561.946,
                          "Actual Rows": 2432.0,
                          "Actual Loops": 1,
                          "Shared Hit Blocks": 43766,
                          "Shared Read Blocks": 27746,
                          "Shared Dirtied Blocks": 0,
                          "Shared Written Blocks": 0,
                          "Local Hit Blocks": 0,
                          "Local Read Blocks": 0,
                          "Local Dirtied Blocks": 0,
                          "Local Written Blocks": 0,
                          "Temp Read Blocks": 0,
                          "Temp Written Blocks": 0
                        }
                      ],
                      "Plans": [
                        {
                          "Node Type": "Nested Loop",
                          "Parent Relationship": "Outer",
                          "Parallel Aware": false,
                          "Async Capable": false,
                          "Join Type": "Inner",
                          "Startup Cost": 4492.39,
                          "Total Cost": 42112.61,
                          "Plan Rows": 2234,
                          "Plan Width": 128,
                          "Actual Startup Time": 147.076,
                          "Actual Total Time": 3512.441,
                          "Actual Rows": 61360.67,
                          "Actual Loops": 3,
                          "Disabled": false,
                          "Output": [
                            "customer.c_nationkey",
                            "lineitem.l_extendedprice",
                            "lineitem.l_discount",
                            "lineitem.l_suppkey",
                            "nation.n_name",
                            "nation.n_nationkey"
                          ],
                          "Inner Unique": false,
                          "Shared Hit Blocks": 131206,
                          "Shared Read Blocks": 85101,
                          "Shared Dirtied Blocks": 0,
                          "Shared Written Blocks": 0,
                          "Local Hit Blocks": 0,
                          "Local Read Blocks": 0,
                          "Local Dirtied Blocks": 0,
                          "Local Written Blocks": 0,
                          "Temp Read Blocks": 0,
                          "Temp Written Blocks": 0,
                          "Workers": [
                            {
                              "Worker Number": 0,
                              "Actual Startup Time": 136.127,
                              "Actual Total Time": 3487.792,
                              "Actual Rows": 61301.0,
                              "Actual Loops": 1,
                              "Shared Hit Blocks": 43891,
                              "Shared Read Blocks": 27732,
                              "Shared Dirtied Blocks": 0,
                              "Shared Written Blocks": 0,
                              "Local Hit Blocks": 0,
                              "Local Read Blocks": 0,
                              "Local Dirtied Blocks": 0,
                              "Local Written Blocks": 0,
                              "Temp Read Blocks": 0,
                              "Temp Written Blocks": 0
                            },
                            {
                              "Worker Number": 1,
                              "Actual Startup Time": 136.297,
                              "Actual Total Time": 3515.35,
                              "Actual Rows": 60854.0,
                              "Actual Loops": 1,
                              "Shared Hit Blocks": 43543,
                              "Shared Read Blocks": 27746,
                              "Shared Dirtied Blocks": 0,
                              "Shared Written Blocks": 0,
                              "Local Hit Blocks": 0,
                              "Local Read Blocks": 0,
                              "Local Dirtied Blocks": 0,
                              "Local Written Blocks": 0,
                              "Temp Read Blocks": 0,
                              "Temp Written Blocks": 0
                            }
                          ],
                          "Plans": [
                            {
                              "Node Type": "Hash Join",
                              "Parent Relationship": "Outer",
                              "Parallel Aware": true,
                              "Async Capable": false,
                              "Join Type": "Inner",
                              "Startup Cost": 4491.96,
                              "Total Cost": 40361.26,
                              "Plan Rows": 558,
                              "Plan Width": 116,
                              "Actual Startup Time": 146.031,
                              "Actual Total Time": 319.247,
                              "Actual Rows": 15336.0,
                              "Actual Loops": 3,
                              "Disabled": false,
                              "Output": [
                                "customer.c_nationkey",
                                "orders.o_orderkey",
                                "nation.n_name",
                                "nation.n_nationkey"
                              ],
                              "Inner Unique": false,
                              "Hash Cond": "(orders.o_custkey = customer.c_custkey)",
                              "Shared Hit Blocks": 4,
                              "Shared Read Blocks": 29738,
                              "Shared Dirtied Blocks": 0,
                              "Shared Written Blocks": 0,
                              "Local Hit Blocks": 0,
                              "Local Read Blocks": 0,
                              "Local Dirtied Blocks": 0,
                              "Local Written Blocks": 0,
                              "Temp Read Blocks": 0,
                              "Temp Written Blocks": 0,
                              "Workers": [
                                {
                                  "Worker Number": 0,
                                  "Actual Startup Time": 134.977,
                                  "Actual Total Time": 300.273,
                                  "Actual Rows": 15373.0,
                                  "Actual Loops": 1,
                                  "Shared Hit Blocks": 2,
                                  "Shared Read Blocks": 9293,
                                  "Shared Dirtied Blocks": 0,
                                  "Shared Written Blocks": 0,
                                  "Local Hit Blocks": 0,
                                  "Local Read Blocks": 0,
                                  "Local Dirtied Blocks": 0,
                                  "Local Written Blocks": 0,
                                  "Temp Read Blocks": 0,
                                  "Temp Written Blocks": 0
                                },
                                {
                                  "Worker Number": 1,
                                  "Actual Startup Time": 135.319,
                                  "Actual Total Time": 319.517,
                                  "Actual Rows": 15268.0,
                                  "Actual Loops": 1,
                                  "Shared Hit Blocks": 2,
                                  "Shared Read Blocks": 9365,
                                  "Shared Dirtied Blocks": 0,
                                  "Shared Written Blocks": 0,
                                  "Local Hit Blocks": 0,
                                  "Local Read Blocks": 0,
                                  "Local Dirtied Blocks": 0,
                                  "Local Written Blocks": 0,
                                  "Temp Read Blocks": 0,
                                  "Temp Written Blocks": 0
                                }
                              ],
                              "Plans": [
                                {
                                  "Node Type": "Seq Scan",
                                  "Parent Relationship": "Outer",
                                  "Parallel Aware": true,
                                  "Async Capable": false,
                                  "Relation Name": "orders",
                                  "Schema": "public",
                                  "Alias": "orders",
                                  "Startup Cost": 0.0,
                                  "Total Cost": 35511.0,
                                  "Plan Rows": 94925,
                                  "Plan Width": 8,
                                  "Actual Startup Time": 0.383,
                                  "Actual Total Time": 110.287,
                                  "Actual Rows": 75865.67,
                                  "Actual Loops": 3,
                                  "Disabled": false,
                                  "Output": [
                                    "orders.o_orderkey",
                                    "orders.o_custkey",
                                    "orders.o_orderstatus",
                                    "orders.o_totalprice",
                                    "orders.o_orderdate",
                                    "orders.o_orderpriority",
                                    "orders.o_clerk",
                                    "orders.o_shippriority",
                                    "orders.o_comment"
                                  ],
                                  "Filter": "((orders.o_orderdate >= '1994-01-01'::date) AND (orders.o_orderdate < '1995-01-01 00:00:00'::timestamp without time zone))",
                                  "Rows Removed by Filter": 424134,
                                  "Shared Hit Blocks": 0,
                                  "Shared Read Blocks": 26136,
                                  "Shared Dirtied Blocks": 0,
                                  "Shared Written Blocks": 0,
                                  "Local Hit Blocks": 0,
                                  "Local Read Blocks": 0,
                                  "Local Dirtied Blocks": 0,
                                  "Local Written Blocks": 0,
                                  "Temp Read Blocks": 0,
                                  "Temp Written Blocks": 0,
                                  "Workers": [
                                    {
                                      "Worker Number": 0,
                                      "Actual Startup Time": 0.377,
                                      "Actual Total Time": 98.515,
                                      "Actual Rows": 75406.0,
                                      "Actual Loops": 1,
                                      "Shared Hit Blocks": 0,
                                      "Shared Read Blocks": 8659,
                                      "Shared Dirtied Blocks": 0,
                                      "Shared Written Blocks": 0,
                                      "Local Hit Blocks": 0,
                                      "Local Read Blocks": 0,
                                      "Local Dirtied Blocks": 0,
                                      "Local Written Blocks": 0,
                                      "Temp Read Blocks": 0,
                                      "Temp Written Blocks": 0
                                    },
                                    {
                                      "Worker Number": 1,
                                      "Actual Startup Time": 0.529,
                                      "Actual Total Time": 130.267,
                                      "Actual Rows": 75687.0,
                                      "Actual Loops": 1,
                                      "Shared Hit Blocks": 0,
                                      "Shared Read Blocks": 8697,
                                      "Shared Dirtied Blocks": 0,
                                      "Shared Written Blocks": 0,
                                      "Local Hit Blocks": 0,
                                      "Local Read Blocks": 0,
                                      "Local Dirtied Blocks": 0,
                                      "Local Written Blocks": 0,
                                      "Temp Read Blocks": 0,
                                      "Temp Written Blocks": 0
                                    }
                                  ]
                                },
                                {
                                  "Node Type": "Hash",
                                  "Parent Relationship": "Inner",
                                  "Parallel Aware": true,
                                  "Async Capable": false,
                                  "Startup Cost": 4487.36,
                                  "Total Cost": 4487.36,
                                  "Plan Rows": 368,
                                  "Plan Width": 116,
                                  "Actual Startup Time": 145.308,
                                  "Actual Total Time": 145.319,
                                  "Actual Rows": 10061.0,
                                  "Actual Loops": 3,
                                  "Disabled": false,
                                  "Output": [
                                    "customer.c_custkey",
                                    "customer.c_nationkey",
                                    "nation.n_name",
                                    "nation.n_nationkey"
                                  ],
                                  "Hash Buckets": 32768,
                                  "Original Hash Buckets": 1024,
                                  "Hash Batches": 1,
                                  "Original Hash Batches": 1,
                                  "Peak Memory Usage": 2680,
                                  "Shared Hit Blocks": 4,
                                  "Shared Read Blocks": 3602,
                                  "Shared Dirtied Blocks": 0,
                                  "Shared Written Blocks": 0,
                                  "Local Hit Blocks": 0,
                                  "Local Read Blocks": 0,
                                  "Local Dirtied Blocks": 0,
                                  "Local Written Blocks": 0,
                                  "Temp Read Blocks": 0,
                                  "Temp Written Blocks": 0,
                                  "Workers": [
                                    {
                                      "Worker Number": 0,
                                      "Actual Startup Time": 134.584,
                                      "Actual Total Time": 134.601,
                                      "Actual Rows": 5377.0,
                                      "Actual Loops": 1,
                                      "Shared Hit Blocks": 2,
                                      "Shared Read Blocks": 634,
                                      "Shared Dirtied Blocks": 0,
                                      "Shared Written Blocks": 0,
                                      "Local Hit Blocks": 0,
                                      "Local Read Blocks": 0,
                                      "Local Dirtied Blocks": 0,
                                      "Local Written Blocks": 0,
                                      "Temp Read Blocks": 0,
                                      "Temp Written Blocks": 0
                                    },
                                    {
                                      "Worker Number": 1,
                                      "Actual Startup Time": 134.74,
                                      "Actual Total Time": 134.75,
                                      "Actual Rows": 5560.0,
                                      "Actual Loops": 1,
                                      "Shared Hit Blocks": 2,
                                      "Shared Read Blocks": 668,
                                      "Shared Dirtied Blocks": 0,
                                      "Shared Written Blocks": 0,
                                      "Local Hit Blocks": 0,
                                      "Local Read Blocks": 0,
                                      "Local Dirtied Blocks": 0,
                                      "Local Written Blocks": 0,
                                      "Temp Read Blocks": 0,
                                      "Temp Written Blocks": 0
                                    }
                                  ],
                                  "Plans": [
                                    {
                                      "Node Type": "Hash Join",
                                      "Parent Relationship": "Outer",
                                      "Parallel Aware": false,
                                      "Async Capable": false,
                                      "Join Type": "Inner",
                                      "Startup Cost": 24.31,
                                      "Total Cost": 4487.36,
                                      "Plan Rows": 368,
                                      "Plan Width": 116,
                                      "Actual Startup Time": 9.261,
                                      "Actual Total Time": 140.011,
                                      "Actual Rows": 10061.0,
                                      "Actual Loops": 3,
                                      "Disabled": false,
                                      "Output": [
                                        "customer.c_custkey",
                                        "customer.c_nationkey",
                                        "nation.n_name",
                                        "nation.n_nationkey"
                                      ],
                                      "Inner Unique": false,
                                      "Hash Cond": "(customer.c_nationkey = nation.n_nationkey)",
                                      "Shared Hit Blocks": 4,
                                      "Shared Read Blocks": 3602,
                                      "Shared Dirtied Blocks": 0,
                                      "Shared Written Blocks": 0,
                                      "Local Hit Blocks": 0,
                                      "Local Read Blocks": 0,
                                      "Local Dirtied Blocks": 0,
                                      "Local Written Blocks": 0,
                                      "Temp Read Blocks": 0,
                                      "Temp Written Blocks": 0,
                                      "Workers": [
                                        {
                                          "Worker Number": 0,
                                          "Actual Startup Time": 13.87,
                                          "Actual Total Time": 130.166,
                                          "Actual Rows": 5377.0,
                                          "Actual Loops": 1,
                                          "Shared Hit Blocks": 2,
                                          "Shared Read Blocks": 634,
                                          "Shared Dirtied Blocks": 0,
                                          "Shared Written Blocks": 0,
                                          "Local Hit Blocks": 0,
                                          "Local Read Blocks": 0,
                                          "Local Dirtied Blocks": 0,
                                          "Local Written Blocks": 0,
                                          "Temp Read Blocks": 0,
                                          "Temp Written Blocks": 0
                                        },
                                        {
                                          "Worker Number": 1,
                                          "Actual Startup Time": 7.082,
                                          "Actual Total Time": 130.963,
                                          "Actual Rows": 5560.0,
                                          "Actual Loops": 1,
                                          "Shared Hit Blocks": 2,
                                          "Shared Read Blocks": 668,
                                          "Shared Dirtied Blocks": 0,
                                          "Shared Written Blocks": 0,
                                          "Local Hit Blocks": 0,
                                          "Local Read Blocks": 0,
                                          "Local Dirtied Blocks": 0,
                                          "Local Written Blocks": 0,
                                          "Temp Read Blocks": 0,
                                          "Temp Written Blocks": 0
                                        }
                                      ],
                                      "Plans": [
                                        {
                                          "Node Type": "Seq Scan",
                                          "Parent Relationship": "Outer",
                                          "Parallel Aware": true,
                                          "Async Capable": false,
                                          "Relation Name": "customer",
                                          "Schema": "public",
                                          "Alias": "customer",
                                          "Startup Cost": 0.0,
                                          "Total Cost": 4225.0,
                                          "Plan Rows": 62500,
                                          "Plan Width": 8,
                                          "Actual Startup Time": 7.958,
                                          "Actual Total Time": 131.007,
                                          "Actual Rows": 50000.0,
                                          "Actual Loops": 3,
                                          "Disabled": false,
                                          "Output": [
                                            "customer.c_custkey",
                                            "customer.c_name",
                                            "customer.c_address",
                                            "customer.c_nationkey",
                                            "customer.c_phone",
                                            "customer.c_acctbal",
                                            "customer.c_mktsegment",
                                            "customer.c_comment"
                                          ],
                                          "Shared Hit Blocks": 0,
                                          "Shared Read Blocks": 3600,
                                          "Shared Dirtied Blocks": 0,
                                          "Shared Written Blocks": 0,
                                          "Local Hit Blocks": 0,
                                          "Local Read Blocks": 0,
                                          "Local Dirtied Blocks": 0,
                                          "Local Written Blocks": 0,
                                          "Temp Read Blocks": 0,
                                          "Temp Written Blocks": 0,
                                          "Workers": [
                                            {
                                              "Worker Number": 0,
                                              "Actual Startup Time": 13.576,
                                              "Actual Total Time": 126.097,
                                              "Actual Rows": 26469.0,
                                              "Actual Loops": 1,
                                              "Shared Hit Blocks": 0,
                                              "Shared Read Blocks": 634,
                                              "Shared Dirtied Blocks": 0,
                                              "Shared Written Blocks": 0,
                                              "Local Hit Blocks": 0,
                                              "Local Read Blocks": 0,
                                              "Local Dirtied Blocks": 0,
                                              "Local Written Blocks": 0,
                                              "Temp Read Blocks": 0,
                                              "Temp Written Blocks": 0
                                            },
                                            {
                                              "Worker Number": 1,
                                              "Actual Startup Time": 6.808,
                                              "Actual Total Time": 126.456,
                                              "Actual Rows": 27601.0,
                                              "Actual Loops": 1,
                                              "Shared Hit Blocks": 0,
                                              "Shared Read Blocks": 668,
                                              "Shared Dirtied Blocks": 0,
                                              "Shared Written Blocks": 0,
                                              "Local Hit Blocks": 0,
                                              "Local Read Blocks": 0,
                                              "Local Dirtied Blocks": 0,
                                              "Local Written Blocks": 0,
                                              "Temp Read Blocks": 0,
                                              "Temp Written Blocks": 0
                                            }
                                          ]
                                        },
                                        {
                                          "Node Type": "Hash",
                                          "Parent Relationship": "Inner",
                                          "Parallel Aware": false,
                                          "Async Capable": false,
                                          "Startup Cost": 24.29,
                                          "Total Cost": 24.29,
                                          "Plan Rows": 1,
                                          "Plan Width": 108,
                                          "Actual Startup Time": 0.535,
                                          "Actual Total Time": 0.541,
                                          "Actual Rows": 5.0,
                                          "Actual Loops": 3,
                                          "Disabled": false,
                                          "Output": [
                                            "nation.n_name",
                                            "nation.n_nationkey"
                                          ],
                                          "Hash Buckets": 1024,
                                          "Original Hash Buckets": 1024,
                                          "Hash Batches": 1,
                                          "Original Hash Batches": 1,
                                          "Peak Memory Usage": 9,
                                          "Shared Hit Blocks": 4,
                                          "Shared Read Blocks": 2,
                                          "Shared Dirtied Blocks": 0,
                                          "Shared Written Blocks": 0,
                                          "Local Hit Blocks": 0,
                                          "Local Read Blocks": 0,
                                          "Local Dirtied Blocks": 0,
                                          "Local Written Blocks": 0,
                                          "Temp Read Blocks": 0,
                                          "Temp Written Blocks": 0,
                                          "Workers": [
                                            {
                                              "Worker Number": 0,
                                              "Actual Startup Time": 0.276,
                                              "Actual Total Time": 0.281,
                                              "Actual Rows": 5.0,
                                              "Actual Loops": 1,
                                              "Shared Hit Blocks": 2,
                                              "Shared Read Blocks": 0,
                                              "Shared Dirtied Blocks": 0,
                                              "Shared Written Blocks": 0,
                                              "Local Hit Blocks": 0,
                                              "Local Read Blocks": 0,
                                              "Local Dirtied Blocks": 0,
                                              "Local Written Blocks": 0,
                                              "Temp Read Blocks": 0,
                                              "Temp Written Blocks": 0
                                            },
                                            {
                                              "Worker Number": 1,
                                              "Actual Startup Time": 0.243,
                                              "Actual Total Time": 0.249,
                                              "Actual Rows": 5.0,
                                              "Actual Loops": 1,
                                              "Shared Hit Blocks": 2,
                                              "Shared Read Blocks": 0,
                                              "Shared Dirtied Blocks": 0,
                                              "Shared Written Blocks": 0,
                                              "Local Hit Blocks": 0,
                                              "Local Read Blocks": 0,
                                              "Local Dirtied Blocks": 0,
                                              "Local Written Blocks": 0,
                                              "Temp Read Blocks": 0,
                                              "Temp Written Blocks": 0
                                            }
                                          ],
                                          "Plans": [
                                            {
                                              "Node Type": "Hash Join",
                                              "Parent Relationship": "Outer",
                                              "Parallel Aware": false,
                                              "Async Capable": false,
                                              "Join Type": "Inner",
                                              "Startup Cost": 12.14,
                                              "Total Cost": 24.29,
                                              "Plan Rows": 1,
                                              "Plan Width": 108,
                                              "Actual Startup Time": 0.506,
                                              "Actual Total Time": 0.529,
                                              "Actual Rows": 5.0,
                                              "Actual Loops": 3,
                                              "Disabled": false,
                                              "Output": [
                                                "nation.n_name",
                                                "nation.n_nationkey"
                                              ],
                                              "Inner Unique": true,
                                              "Hash Cond": "(nation.n_regionkey = region.r_regionkey)",
                                              "Shared Hit Blocks": 4,
                                              "Shared Read Blocks": 2,
                                              "Shared Dirtied Blocks": 0,
                                              "Shared Written Blocks": 0,
                                              "Local Hit Blocks": 0,
                                              "Local Read Blocks": 0,
                                              "Local Dirtied Blocks": 0,
                                              "Local Written Blocks": 0,
                                              "Temp Read Blocks": 0,
                                              "Temp Written Blocks": 0,
                                              "Workers": [
                                                {
                                                  "Worker Number": 0,
                                                  "Actual Startup Time": 0.272,
                                                  "Actual Total Time": 0.277,
                                                  "Actual Rows": 5.0,
                                                  "Actual Loops": 1,
                                                  "Shared Hit Blocks": 2,
                                                  "Shared Read Blocks": 0,
                                                  "Shared Dirtied Blocks": 0,
                                                  "Shared Written Blocks": 0,
                                                  "Local Hit Blocks": 0,
                                                  "Local Read Blocks": 0,
                                                  "Local Dirtied Blocks": 0,
                                                  "Local Written Blocks": 0,
                                                  "Temp Read Blocks": 0,
                                                  "Temp Written Blocks": 0
                                                },
                                                {
                                                  "Worker Number": 1,
                                                  "Actual Startup Time": 0.236,
                                                  "Actual Total Time": 0.241,
                                                  "Actual Rows": 5.0,
                                                  "Actual Loops": 1,
                                                  "Shared Hit Blocks": 2,
                                                  "Shared Read Blocks": 0,
                                                  "Shared Dirtied Blocks": 0,
                                                  "Shared Written Blocks": 0,
                                                  "Local Hit Blocks": 0,
                                                  "Local Read Blocks": 0,
                                                  "Local Dirtied Blocks": 0,
                                                  "Local Written Blocks": 0,
                                                  "Temp Read Blocks": 0,
                                                  "Temp Written Blocks": 0
                                                }
                                              ],
                                              "Plans": [
                                                {
                                                  "Node Type": "Seq Scan",
                                                  "Parent Relationship": "Outer",
                                                  "Parallel Aware": false,
                                                  "Async Capable": false,
                                                  "Relation Name": "nation",
                                                  "Schema": "public",
                                                  "Alias": "nation",
                                                  "Startup Cost": 0.0,
                                                  "Total Cost": 11.7,
                                                  "Plan Rows": 170,
                                                  "Plan Width": 112,
                                                  "Actual Startup Time": 0.288,
                                                  "Actual Total Time": 0.29,
                                                  "Actual Rows": 25.0,
                                                  "Actual Loops": 3,
                                                  "Disabled": false,
                                                  "Output": [
                                                    "nation.n_nationkey",
                                                    "nation.n_name",
                                                    "nation.n_regionkey",
                                                    "nation.n_comment"
                                                  ],
                                                  "Shared Hit Blocks": 2,
                                                  "Shared Read Blocks": 1,
                                                  "Shared Dirtied Blocks": 0,
                                                  "Shared Written Blocks": 0,
                                                  "Local Hit Blocks": 0,
                                                  "Local Read Blocks": 0,
                                                  "Local Dirtied Blocks": 0,
                                                  "Local Written Blocks": 0,
                                                  "Temp Read Blocks": 0,
                                                  "Temp Written Blocks": 0,
                                                  "Workers": [
                                                    {
                                                      "Worker Number": 0,
                                                      "Actual Startup Time": 0.183,
                                                      "Actual Total Time": 0.184,
                                                      "Actual Rows": 25.0,
                                                      "Actual Loops": 1,
                                                      "Shared Hit Blocks": 1,
                                                      "Shared Read Blocks": 0,
                                                      "Shared Dirtied Blocks": 0,
                                                      "Shared Written Blocks": 0,
                                                      "Local Hit Blocks": 0,
                                                      "Local Read Blocks": 0,
                                                      "Local Dirtied Blocks": 0,
                                                      "Local Written Blocks": 0,
                                                      "Temp Read Blocks": 0,
                                                      "Temp Written Blocks": 0
                                                    },
                                                    {
                                                      "Worker Number": 1,
                                                      "Actual Startup Time": 0.111,
                                                      "Actual Total Time": 0.115,
                                                      "Actual Rows": 25.0,
                                                      "Actual Loops": 1,
                                                      "Shared Hit Blocks": 1,
                                                      "Shared Read Blocks": 0,
                                                      "Shared Dirtied Blocks": 0,
                                                      "Shared Written Blocks": 0,
                                                      "Local Hit Blocks": 0,
                                                      "Local Read Blocks": 0,
                                                      "Local Dirtied Blocks": 0,
                                                      "Local Written Blocks": 0,
                                                      "Temp Read Blocks": 0,
                                                      "Temp Written Blocks": 0
                                                    }
                                                  ]
                                                },
                                                {
                                                  "Node Type": "Hash",
                                                  "Parent Relationship": "Inner",
                                                  "Parallel Aware": false,
                                                  "Async Capable": false,
                                                  "Startup Cost": 12.12,
                                                  "Total Cost": 12.12,
                                                  "Plan Rows": 1,
                                                  "Plan Width": 4,
                                                  "Actual Startup Time": 0.165,
                                                  "Actual Total Time": 0.166,
                                                  "Actual Rows": 1.0,
                                                  "Actual Loops": 3,
                                                  "Disabled": false,
                                                  "Output": [
                                                    "region.r_regionkey"
                                                  ],
                                                  "Hash Buckets": 1024,
                                                  "Original Hash Buckets": 1024,
                                                  "Hash Batches": 1,
                                                  "Original Hash Batches": 1,
                                                  "Peak Memory Usage": 9,
                                                  "Shared Hit Blocks": 2,
                                                  "Shared Read Blocks": 1,
                                                  "Shared Dirtied Blocks": 0,
                                                  "Shared Written Blocks": 0,
                                                  "Local Hit Blocks": 0,
                                                  "Local Read Blocks": 0,
                                                  "Local Dirtied Blocks": 0,
                                                  "Local Written Blocks": 0,
                                                  "Temp Read Blocks": 0,
                                                  "Temp Written Blocks": 0,
                                                  "Workers": [
                                                    {
                                                      "Worker Number": 0,
                                                      "Actual Startup Time": 0.072,
                                                      "Actual Total Time": 0.073,
                                                      "Actual Rows": 1.0,
                                                      "Actual Loops": 1,
                                                      "Shared Hit Blocks": 1,
                                                      "Shared Read Blocks": 0,
                                                      "Shared Dirtied Blocks": 0,
                                                      "Shared Written Blocks": 0,
                                                      "Local Hit Blocks": 0,
                                                      "Local Read Blocks": 0,
                                                      "Local Dirtied Blocks": 0,
                                                      "Local Written Blocks": 0,
                                                      "Temp Read Blocks": 0,
                                                      "Temp Written Blocks": 0
                                                    },
                                                    {
                                                      "Worker Number": 1,
                                                      "Actual Startup Time": 0.093,
                                                      "Actual Total Time": 0.093,
                                                      "Actual Rows": 1.0,
                                                      "Actual Loops": 1,
                                                      "Shared Hit Blocks": 1,
                                                      "Shared Read Blocks": 0,
                                                      "Shared Dirtied Blocks": 0,
                                                      "Shared Written Blocks": 0,
                                                      "Local Hit Blocks": 0,
                                                      "Local Read Blocks": 0,
                                                      "Local Dirtied Blocks": 0,
                                                      "Local Written Blocks": 0,
                                                      "Temp Read Blocks": 0,
                                                      "Temp Written Blocks": 0
                                                    }
                                                  ],
                                                  "Plans": [
                                                    {
                                                      "Node Type": "Seq Scan",
                                                      "Parent Relationship": "Outer",
                                                      "Parallel Aware": false,
                                                      "Async Capable": false,
                                                      "Relation Name": "region",
                                                      "Schema": "public",
                                                      "Alias": "region",
                                                      "Startup Cost": 0.0,
                                                      "Total Cost": 12.12,
                                                      "Plan Rows": 1,
                                                      "Plan Width": 4,
                                                      "Actual Startup Time": 0.158,
                                                      "Actual Total Time": 0.158,
                                                      "Actual Rows": 1.0,
                                                      "Actual Loops": 3,
                                                      "Disabled": false,
                                                      "Output": [
                                                        "region.r_regionkey"
                                                      ],
                                                      "Filter": "(region.r_name = 'ASIA'::bpchar)",
                                                      "Rows Removed by Filter": 4,
                                                      "Shared Hit Blocks": 2,
                                                      "Shared Read Blocks": 1,
                                                      "Shared Dirtied Blocks": 0,
                                                      "Shared Written Blocks": 0,
                                                      "Local Hit Blocks": 0,
                                                      "Local Read Blocks": 0,
                                                      "Local Dirtied Blocks": 0,
                                                      "Local Written Blocks": 0,
                                                      "Temp Read Blocks": 0,
                                                      "Temp Written Blocks": 0,
                                                      "Workers": [
                                                        {
                                                          "Worker Number": 0,
                                                          "Actual Startup Time": 0.067,
                                                          "Actual Total Time": 0.068,
                                                          "Actual Rows": 1.0,
                                                          "Actual Loops": 1,
                                                          "Shared Hit Blocks": 1,
                                                          "Shared Read Blocks": 0,
                                                          "Shared Dirtied Blocks": 0,
                                                          "Shared Written Blocks": 0,
                                                          "Local Hit Blocks": 0,
                                                          "Local Read Blocks": 0,
                                                          "Local Dirtied Blocks": 0,
                                                          "Local Written Blocks": 0,
                                                          "Temp Read Blocks": 0,
                                                          "Temp Written Blocks": 0
                                                        },
                                                        {
                                                          "Worker Number": 1,
                                                          "Actual Startup Time": 0.086,
                                                          "Actual Total Time": 0.086,
                                                          "Actual Rows": 1.0,
                                                          "Actual Loops": 1,
                                                          "Shared Hit Blocks": 1,
                                                          "Shared Read Blocks": 0,
                                                          "Shared Dirtied Blocks": 0,
                                                          "Shared Written Blocks": 0,
                                                          "Local Hit Blocks": 0,
                                                          "Local Read Blocks": 0,
                                                          "Local Dirtied Blocks": 0,
                                                          "Local Written Blocks": 0,
                                                          "Temp Read Blocks": 0,
                                                          "Temp Written Blocks": 0
                                                        }
                                                      ]
                                                    }
                                                  ]
                                                }
                                              ]
                                            }
                                          ]
                                        }
                                      ]
                                    }
                                  ]
                                }
                              ]
                            },
                            {
                              "Node Type": "Index Scan",
                              "Parent Relationship": "Inner",
                              "Parallel Aware": false,
                              "Async Capable": false,
                              "Scan Direction": "Forward",
                              "Index Name": "lineitem_pkey",
                              "Relation Name": "lineitem",
                              "Schema": "public",
                              "Alias": "lineitem",
                              "Startup Cost": 0.43,
                              "Total Cost": 2.98,
                              "Plan Rows": 16,
                              "Plan Width": 20,
                              "Actual Startup Time": 0.199,
                              "Actual Total Time": 0.206,
                              "Actual Rows": 4.0,
                              "Actual Loops": 46008,
                              "Disabled": false,
                              "Output": [
                                "lineitem.l_orderkey",
                                "lineitem.l_partkey",
                                "lineitem.l_suppkey",
                                "lineitem.l_linenumber",
                                "lineitem.l_quantity",
                                "lineitem.l_extendedprice",
                                "lineitem.l_discount",
                                "lineitem.l_tax",
                                "lineitem.l_returnflag",
                                "lineitem.l_linestatus",
                                "lineitem.l_shipdate",
                                "lineitem.l_commitdate",
                                "lineitem.l_receiptdate",
                                "lineitem.l_shipinstruct",
                                "lineitem.l_shipmode",
                                "lineitem.l_comment"
                              ],
                              "Index Cond": "(lineitem.l_orderkey = orders.o_orderkey)",
                              "Rows Removed by Index Recheck": 0,
                              "Index Searches": 46008,
                              "Shared Hit Blocks": 131202,
                              "Shared Read Blocks": 55363,
                              "Shared Dirtied Blocks": 0,
                              "Shared Written Blocks": 0,
                              "Local Hit Blocks": 0,
                              "Local Read Blocks": 0,
                              "Local Dirtied Blocks": 0,
                              "Local Written Blocks": 0,
                              "Temp Read Blocks": 0,
                              "Temp Written Blocks": 0,
                              "Workers": [
                                {
                                  "Worker Number": 0,
                                  "Actual Startup Time": 0.198,
                                  "Actual Total Time": 0.206,
                                  "Actual Rows": 3.99,
                                  "Actual Loops": 15373,
                                  "Shared Hit Blocks": 43889,
                                  "Shared Read Blocks": 18439,
                                  "Shared Dirtied Blocks": 0,
                                  "Shared Written Blocks": 0,
                                  "Local Hit Blocks": 0,
                                  "Local Read Blocks": 0,
                                  "Local Dirtied Blocks": 0,
                                  "Local Written Blocks": 0,
                                  "Temp Read Blocks": 0,
                                  "Temp Written Blocks": 0
                                },
                                {
                                  "Worker Number": 1,
                                  "Actual Startup Time": 0.201,
                                  "Actual Total Time": 0.207,
                                  "Actual Rows": 3.99,
                                  "Actual Loops": 15268,
                                  "Shared Hit Blocks": 43541,
                                  "Shared Read Blocks": 18381,
                                  "Shared Dirtied Blocks": 0,
                                  "Shared Written Blocks": 0,
                                  "Local Hit Blocks": 0,
                                  "Local Read Blocks": 0,
                                  "Local Dirtied Blocks": 0,
                                  "Local Written Blocks": 0,
                                  "Temp Read Blocks": 0,
                                  "Temp Written Blocks": 0
                                }
                              ]
                            }
                          ]
                        },
                        {
                          "Node Type": "Hash",
                          "Parent Relationship": "Inner",
                          "Parallel Aware": false,
                          "Async Capable": false,
                          "Startup Cost": 323.0,
                          "Total Cost": 323.0,
                          "Plan Rows": 10000,
                          "Plan Width": 8,
                          "Actual Startup Time": 8.932,
                          "Actual Total Time": 8.932,
                          "Actual Rows": 10000.0,
                          "Actual Loops": 3,
                          "Disabled": false,
                          "Output": [
                            "supplier.s_suppkey",
                            "supplier.s_nationkey"
                          ],
                          "Hash Buckets": 16384,
                          "Original Hash Buckets": 16384,
                          "Hash Batches": 1,
                          "Original Hash Batches": 1,
                          "Peak Memory Usage": 519,
                          "Shared Hit Blocks": 446,
                          "Shared Read Blocks": 223,
                          "Shared Dirtied Blocks": 0,
                          "Shared Written Blocks": 0,
                          "Local Hit Blocks": 0,
                          "Local Read Blocks": 0,
                          "Local Dirtied Blocks": 0,
                          "Local Written Blocks": 0,
                          "Temp Read Blocks": 0,
                          "Temp Written Blocks": 0,
                          "Workers": [
                            {
                              "Worker Number": 0,
                              "Actual Startup Time": 4.593,
                              "Actual Total Time": 4.593,
                              "Actual Rows": 10000.0,
                              "Actual Loops": 1,
                              "Shared Hit Blocks": 223,
                              "Shared Read Blocks": 0,
                              "Shared Dirtied Blocks": 0,
                              "Shared Written Blocks": 0,
                              "Local Hit Blocks": 0,
                              "Local Read Blocks": 0,
                              "Local Dirtied Blocks": 0,
                              "Local Written Blocks": 0,
                              "Temp Read Blocks": 0,
                              "Temp Written Blocks": 0
                            },
                            {
                              "Worker Number": 1,
                              "Actual Startup Time": 4.438,
                              "Actual Total Time": 4.438,
                              "Actual Rows": 10000.0,
                              "Actual Loops": 1,
                              "Shared Hit Blocks": 223,
                              "Shared Read Blocks": 0,
                              "Shared Dirtied Blocks": 0,
                              "Shared Written Blocks": 0,
                              "Local Hit Blocks": 0,
                              "Local Read Blocks": 0,
                              "Local Dirtied Blocks": 0,
                              "Local Written Blocks": 0,
                              "Temp Read Blocks": 0,
                              "Temp Written Blocks": 0
                            }
                          ],
                          "Plans": [
                            {
                              "Node Type": "Seq Scan",
                              "Parent Relationship": "Outer",
                              "Parallel Aware": false,
                              "Async Capable": false,
                              "Relation Name": "supplier",
                              "Schema": "public",
                              "Alias": "supplier",
                              "Startup Cost": 0.0,
                              "Total Cost": 323.0,
                              "Plan Rows": 10000,
                              "Plan Width": 8,
                              "Actual Startup Time": 0.152,
                              "Actual Total Time": 3.573,
                              "Actual Rows": 10000.0,
                              "Actual Loops": 3,
                              "Disabled": false,
                              "Output": [
                                "supplier.s_suppkey",
                                "supplier.s_nationkey"
                              ],
                              "Shared Hit Blocks": 446,
                              "Shared Read Blocks": 223,
                              "Shared Dirtied Blocks": 0,
                              "Shared Written Blocks": 0,
                              "Local Hit Blocks": 0,
                              "Local Read Blocks": 0,
                              "Local Dirtied Blocks": 0,
                              "Local Written Blocks": 0,
                              "Temp Read Blocks": 0,
                              "Temp Written Blocks": 0,
                              "Workers": [
                                {
                                  "Worker Number": 0,
                                  "Actual Startup Time": 0.032,
                                  "Actual Total Time": 1.516,
                                  "Actual Rows": 10000.0,
                                  "Actual Loops": 1,
                                  "Shared Hit Blocks": 223,
                                  "Shared Read Blocks": 0,
                                  "Shared Dirtied Blocks": 0,
                                  "Shared Written Blocks": 0,
                                  "Local Hit Blocks": 0,
                                  "Local Read Blocks": 0,
                                  "Local Dirtied Blocks": 0,
                                  "Local Written Blocks": 0,
                                  "Temp Read Blocks": 0,
                                  "Temp Written Blocks": 0
                                },
                                {
                                  "Worker Number": 1,
                                  "Actual Startup Time": 0.079,
                                  "Actual Total Time": 1.272,
                                  "Actual Rows": 10000.0,
                                  "Actual Loops": 1,
                                  "Shared Hit Blocks": 223,
                                  "Shared Read Blocks": 0,
                                  "Shared Dirtied Blocks": 0,
                                  "Shared Written Blocks": 0,
                                  "Local Hit Blocks": 0,
                                  "Local Read Blocks": 0,
                                  "Local Dirtied Blocks": 0,
                                  "Local Written Blocks": 0,
                                  "Temp Read Blocks": 0,
                                  "Temp Written Blocks": 0
                                }
                              ]
                            }
                          ]
                        }
                      ]
                    }
                  ]
                }
              ]
            }
          ]
        }
      ]
    },
    "Planning": {
      "Shared Hit Blocks": 12,
      "Shared Read Blocks": 24,
      "Shared Dirtied Blocks": 2,
      "Shared Written Blocks": 0,
      "Local Hit Blocks": 0,
      "Local Read Blocks": 0,
      "Local Dirtied Blocks": 0,
      "Local Written Blocks": 0,
      "Temp Read Blocks": 0,
      "Temp Written Blocks": 0
    },
    "Planning Time": 12.486,
    "Triggers": [],
    "Execution Time": 3617.65
  }
]