[
  {
    "Plan": {
      "Node Type": "Aggregate",
      "Strategy": "Plain",
      "Partial Mode": "Finalize",
      "Parallel Aware": false,
      "Async Capable": false,
      "Startup Cost": 170112.02,
      "Total Cost": 170112.03,
      "Plan Rows": 1,
      "Plan Width": 32,
      "Actual Startup Time": 1418.222,
      "Actual Total Time": 1420.093,
      "Actual Rows": 1.0,
      "Actual Loops": 1,
      "Disabled": false,
      "Output": [
        "sum((l_extendedprice * l_discount))"
      ],
      "Shared Hit Blocks": 9251,
      "Shared Read Blocks": 103349,
      "Shared Dirtied Blocks": 0,
      "Shared Written Blocks": 0,
      "Local Hit Blocks": 0,
      "Local Read Blocks": 0,
      "Local Dirtied Blocks": 0,
      "Local Written Blocks": 0,
      "Temp Read Blocks": 0,
      "Temp Written Blocks": 0,
      "Plans": [
        {
          "Node Type": "Gather",
          "Parent Relationship": "Outer",
          "Parallel Aware": false,
          "Async Capable": false,
          "Startup Cost": 170111.8,
          "Total Cost": 170112.01,
          "Plan Rows": 2,
          "Plan Width": 32,
          "Actual Startup Time": 1418.083,
          "Actual Total Time": 1420.085,
          "Actual Rows": 3.0,
          "Actual Loops": 1,
          "Disabled": false,
          "Output": [
            "(PARTIAL sum((l_extendedprice * l_discount)))"
          ],
          "Workers Planned": 2,
          "Workers Launched": 2,
          "Single Copy": false,
          "Shared Hit Blocks": 9251,
          "Shared Read Blocks": 103349,
          "Shared Dirtied Blocks": 0,
          "Shared Written Blocks": 0,
          "Local Hit Blocks": 0,
          "Local Read Blocks": 0,
          "Local Dirtied Blocks": 0,
          "Local Written Blocks": 0,
          "Temp Read Blocks": 0,
          "Temp Written Blocks": 0,
          "Plans": [
            {
              "Node Type": "Aggregate",
              "Strategy": "Plain",
              "Partial Mode": "Partial",
              "Parent Relationship": "Outer",
              "Parallel Aware": false,
              "Async Capable": false,
              "Startup Cost": 169111.8,
              "Total Cost": 169111.81,
              "Plan Rows": 1,
              "Plan Width": 32,
              "Actual Startup Time": 1400.336,
              "Actual Total Time": 1400.338,
              "Actual Rows": 1.0,
              "Actual Loops": 3,
              "Disabled": false,
              "Output": [
                "PARTIAL sum((l_extendedprice * l_discount))"
              ],
              "Shared Hit Blocks": 9251,
              "Shared Read Blocks": 103349,
              "Shared Dirtied Blocks": 0,
              "Shared Written Blocks": 0,
              "Local Hit Blocks": 0,
              "Local Read Blocks": 0,
              "Local Dirtied Blocks": 0,
              "Local Written Blocks": 0,
              "Temp Read Blocks": 0,
              "Temp Written Blocks": 0,
              "Workers": [
                {
                  "Worker Number": 0,
                  "Actual Startup Time": 1391.493,
                  "Actual Total Time": 1391.494,
                  "Actual Rows": 1.0,
                  "Actual Loops": 1,
                  "Shared Hit Blocks": 2849,
                  "Shared Read Blocks": 34089,
                  "Shared Dirtied Blocks": 0,
                  "Shared Written Blocks": 0,
                  "Local Hit Blocks": 0,
                  "Local Read Blocks": 0,
                  "Local Dirtied Blocks": 0,
                  "Local Written Blocks": 0,
                  "Temp Read Blocks": 0,
                  "Temp Written Blocks": 0
                },
                {
                  "Worker Number": 1,
                  "Actual Startup Time": 1391.543,
                  "Actual Total Time": 1391.544,
                  "Actual Rows": 1.0,
                  "Actual Loops": 1,
                  "Shared Hit Blocks": 2811,
                  "Shared Read Blocks": 33831,
                  "Shared Dirtied Blocks": 0,
                  "Shared Written Blocks": 0,
                  "Local Hit Blocks": 0,
                  "Local Read Blocks": 0,
                  "Local Dirtied Blocks": 0,
                  "Local Written Blocks": 0,
                  "Temp Read Blocks": 0,
                  "Temp Written Blocks": 0
                }
              ],
              "Plans": [
                {
                  "Node Type": "Seq Scan",
                  "Parent Relationship": "Outer",
                  "Parallel Aware": true,
                  "Async Capable": false,
                  "Relation Name": "lineitem",
                  "Schema": "public",
                  "Alias": "lineitem",
                  "Startup Cost": 0.0,
                  "Total Cost": 168867.02,
                  "Plan Rows": 48954,
                  "Plan Width": 12,
                  "Actual Startup Time": 1.018,
                  "Actual Total Time": 1391.489,
                  "Actual Rows": 38053.33,
                  "Actual Loops": 3,
                  "Disabled": false,
                  "Output": [
                    "l_orderkey",
                    "l_partkey",
                    "l_suppkey",
                    "l_linenumber",
                    "l_quantity",
                    "l_extendedprice",
                    "l_discount",
                    "l_tax",
                    "l_returnflag",
                    "l_linestatus",
                    "l_shipdate",
                    "l_commitdate",
                    "l_receiptdate",
                    "l_shipinstruct",
                    "l_shipmode",
                    "l_comment"
                  ],
                  "Filter": "((lineitem.l_shipdate >= '1994-01-01'::date) AND (lineitem.l_shipdate < '1995-01-01 00:00:00'::timestamp without time zone) AND (lineitem.l_discount >= 0.05) AND (lineitem.l_discount <= 0.07) AND (lineitem.l_quantity < '24'::numeric))",
                  "Rows Removed by Filter": 1962352,
                  "Shared Hit Blocks": 9251,
                  "Shared Read Blocks": 103349,
                  "Shared Dirtied Blocks": 0,
                  "Shared Written Blocks": 0,
                  "Local Hit Blocks": 0,
                  "Local Read Blocks": 0,
                  "Local Dirtied Blocks": 0,
                  "Local Written Blocks": 0,
                  "Temp Read Blocks": 0,
                  "Temp Written Blocks": 0,
                  "Workers": [
                    {
                      "Worker Number": 0,
                      "Actual Startup Time": 1.125,
                      "Actual Total Time": 1382.016,
                      "Actual Rows": 37351.0,
                      "Actual Loops": 1,
                      "Shared Hit Blocks": 2849,
                      "Shared Read Blocks": 34089,
                      "Shared Dirtied Blocks": 0,
                      "Shared Written Blocks": 0,
                      "Local Hit Blocks": 0,
                      "Local Read Blocks": 0,
                      "Local Dirtied Blocks": 0,
                      "Local Written Blocks": 0,
                      "Temp Read Blocks": 0,
                      "Temp Written Blocks": 0
                    },
                    {
                      "Worker Number": 1,
                      "Actual Startup Time": 1.914,
                      "Actual Total Time": 1382.646,
                      "Actual Rows": 36760.0,
                      "Actual Loops": 1,
                      "Shared Hit Blocks": 2811,
                      "Shared Read Blocks": 33831,
                      "Shared Dirtied Blocks": 0,
                      "Shared Written Blocks": 0,
                      "Local Hit Blocks": 0,
                      "Local Read Blocks": 0,
                      "Local Dirtied Blocks": 0,
                      "Local Written Blocks": 0,
                      "Temp Read Blocks": 0,
                      "Temp Written Blocks": 0
                    }
                  ]
                }
              ]
            }
          ]
        }
      ]
    },
    "Planning": {
      "Shared Hit Blocks": 0,
      "Shared Read Blocks": 0,
      "Shared Dirtied Blocks": 0,
      "Shared Written Blocks": 0,
      "Local Hit Blocks": 0,
      "Local Read Blocks": 0,
      "Local Dirtied Blocks": 0,
      "Local Written Blocks": 0,
      "Temp Read Blocks": 0,
      "Temp Written Blocks": 0
    },
    "Planning Time": 0.11,
    "Triggers": [],
    "Execution Time": 1420.13
  }
]