[
  {
    "Plan": {
      "Node Type": "Aggregate",
      "Strategy": "Sorted",
      "Partial Mode": "Simple",
      "Parallel Aware": false,
      "Async Capable": false,
      "Startup Cost": 49302.26,
      "Total Cost": 49321.18,
      "Plan Rows": 127,
      "Plan Width": 244,
      "Actual Startup Time": 4159.007,
      "Actual Total Time": 4162.643,
      "Actual Rows": 4.0,
      "Actual Loops": 1,
      "Disabled": false,
      "Output": [
        "n1.n_name",
        "n2.n_name",
        "((EXTRACT(year FROM lineitem.l_shipdate))::integer)",
        "sum((lineitem.l_extendedprice * ('1'::numeric - lineitem.l_discount)))"
      ],
      "Group Key": [
        "n1.n_name",
        "n2.n_name",
        "((EXTRACT(year FROM lineitem.l_shipdate))::integer)"
      ],
      "Shared Hit Blocks": 398347,
      "Shared Read Blocks": 124241,
      "Shared Dirtied Blocks": 0,
      "Shared Written Blocks": 0,
      "Local Hit Blocks": 0,
      "Local Read Blocks": 0,
      "Local Dirtied Blocks": 0,
      "Local Written Blocks": 0,
      "Temp Read Blocks": 0,
      "Temp Written Blocks": 0,
      "Plans": [
        {
          "Node Type": "Gather Merge",
          "Parent Relationship": "Outer",
          "Parallel Aware": false,
          "Async Capable": false,
          "Startup Cost": 49302.26,
          "Total Cost": 49317.05,
          "Plan Rows": 127,
          "Plan Width": 224,
          "Actual Startup Time": 4158.317,
          "Actual Total Time": 4161.328,
          "Actual Rows": 5924.0,
          "Actual Loops": 1,
          "Disabled": false,
          "Output": [
            "n1.n_name",
            "n2.n_name",
            "((EXTRACT(year FROM lineitem.l_shipdate))::integer)",
            "lineitem.l_extendedprice",
            "lineitem.l_discount"
          ],
          "Workers Planned": 2,
          "Workers Launched": 2,
          "Shared Hit Blocks": 398347,
          "Shared Read Blocks": 124241,
          "Shared Dirtied Blocks": 0,
          "Shared Written Blocks": 0,
          "Local Hit Blocks": 0,
          "Local Read Blocks": 0,
          "Local Dirtied Blocks": 0,
          "Local Written Blocks": 0,
          "Temp Read Blocks": 0,
          "Temp Written Blocks": 0,
          "Plans": [
            {
              "Node Type": "Sort",
              "Parent Relationship": "Outer",
              "Parallel Aware": false,
              "Async Capable": false,
              "Startup Cost": 48302.23,
              "Total Cost": 48302.37,
              "Plan Rows": 53,
              "Plan Width": 224,
              "Actual Startup Time": 4146.768,
              "Actual Total Time": 4146.825,
              "Actual Rows": 1974.67,
              "Actual Loops": 3,
              "Disabled": false,
              "Output": [
                "n1.n_name",
                "n2.n_name",
                "((EXTRACT(year FROM lineitem.l_shipdate))::integer)",
                "lineitem.l_extendedprice",
                "lineitem.l_discount"
              ],
              "Sort Key": [
                "n1.n_name",
                "n2.n_name",
                "((EXTRACT(year FROM lineitem.l_shipdate))::integer)"
              ],
              "Sort Method": "quicksort",
              "Sort Space Used": 217,
              "Sort Space Type": "Memory",
              "Shared Hit Blocks": 398347,
              "Shared Read Blocks": 124241,
              "Shared Dirtied Blocks": 0,
              "Shared Written Blocks": 0,
              "Local Hit Blocks": 0,
              "Local Read Blocks": 0,
              "Local Dirtied Blocks": 0,
              "Local Written Blocks": 0,
              "Temp Read Blocks": 0,
              "Temp Written Blocks": 0,
              "Workers": [
                {
                  "Worker Number": 0,
                  "Actual Startup Time": 4149.174,
                  "Actual Total Time": 4149.223,
                  "Actual Rows": 1948.0,
                  "Actual Loops": 1,
                  "Sort Method": "quicksort",
                  "Sort Space Used": 216,
                  "Sort Space Type": "Memory",
                  "Shared Hit Blocks": 132310,
                  "Shared Read Blocks": 41012,
                  "Shared Dirtied Blocks": 0,
                  "Shared Written Blocks": 0,
                  "Local Hit Blocks": 0,
                  "Local Read Blocks": 0,
                  "Local Dirtied Blocks": 0,
                  "Local Written Blocks": 0,
                  "Temp Read Blocks": 0,
                  "Temp Written Blocks": 0
                },
                {
                  "Worker Number": 1,
                  "Actual Startup Time": 4147.332,
                  "Actual Total Time": 4147.401,
                  "Actual Rows": 2013.0,
                  "Actual Loops": 1,
                  "Sort Method": "quicksort",
                  "Sort Space Used": 221,
                  "Sort Space Type": "Memory",
                  "Shared Hit Blocks": 134554,
                  "Shared Read Blocks": 41475,
                  "Shared Dirtied Blocks": 0,
                  "Shared Written Blocks": 0,
                  "Local Hit Blocks": 0,
                  "Local Read Blocks": 0,
                  "Local Dirtied Blocks": 0,
                  "Local Written Blocks": 0,
                  "Temp Read Blocks": 0,
                  "Temp Written Blocks": 0
                }
              ],
              "Plans": [
                {
                  "Node Type": "Hash Join",
                  "Parent Relationship": "Outer",
                  "Parallel Aware": false,
                  "Async Capable": false,
                  "Join Type": "Inner",
                  "Startup Cost": 4779.31,
                  "Total Cost": 48300.72,
                  "Plan Rows": 53,
                  "Plan Width": 224,
                  "Actual Startup Time": 44.012,
                  "Actual Total Time": 4137.041,
                  "Actual Rows": 1974.67,
                  "Actual Loops": 3,
                  "Disabled": false,
                  "Output": [
                    "n1.n_name",
                    "n2.n_name",
                    "(EXTRACT(year FROM lineitem.l_shipdate))::integer",
                    "lineitem.l_extendedprice",
                    "lineitem.l_discount"
                  ],
                  "Inner Unique": false,
                  "Hash Cond": "(lineitem.l_suppkey = supplier.s_suppkey)",
                  "Join Filter": "(((n1.n_name = 'FRANCE'::bpchar) AND (n2.n_name = 'GERMANY'::bpchar)) OR ((n1.n_name = 'GERMANY'::bpchar) AND (n2.n_name = 'FRANCE'::bpchar)))",
                  "Rows Removed by Join Filter": 1933,
                  "Shared Hit Blocks": 398320,
                  "Shared Read Blocks": 124240,
                  "Shared Dirtied Blocks": 0,
                  "Shared Written Blocks": 0,
                  "Local Hit Blocks": 0,
                  "Local Read Blocks": 0,
                  "Local Dirtied Blocks": 0,
                  "Local Written Blocks": 0,
                  "Temp Read Blocks": 0,
                  "Temp Written Blocks": 0,
                  "Workers": [
                    {
                      "Worker Number": 0,
                      "Actual Startup Time": 40.328,
                      "Actual Total Time": 4127.705,
                      "Actual Rows": 1948.0,
                      "Actual Loops": 1,
                      "Shared Hit Blocks": 132297,
                      "Shared Read Blocks": 41011,
                      "Shared Dirtied Blocks": 0,
                      "Shared Written Blocks": 0,
                      "Local Hit Blocks": 0,
                      "Local Read Blocks": 0,
                      "Local Dirtied Blocks": 0,
                      "Local Written Blocks": 0,
                      "Temp Read Blocks": 0,
                      "Temp Written Blocks": 0
                    },
                    {
                      "Worker Number": 1,
                      "Actual Startup Time": 43.402,
                      "Actual Total Time": 4143.001,
                      "Actual Rows": 2013.0,
                      "Actual Loops": 1,
                      "Shared Hit Blocks": 134540,
                      "Shared Read Blocks": 41475,
                      "Shared Dirtied Blocks": 0,
                      "Shared Written Blocks": 0,
                      "Local Hit Blocks": 0,
                      "Local Read Blocks": 0,
                      "Local Dirtied Blocks": 0,
                      "Local Written Blocks": 0,
                      "Temp Read Blocks": 0,
                      "Temp Written Blocks": 0
                    }
                  ],
                  "Plans": [
                    {
                      "Node Type": "Nested Loop",
                      "Parent Relationship": "Outer",
                      "Parallel Aware": false,
                      "Async Capable": false,
                      "Join Type": "Inner",
                      "Startup Cost": 4415.35,
                      "Total Cost": 47900.94,
                      "Plan Rows": 8922,
                      "Plan Width": 124,
                      "Actual Startup Time": 38.666,
                      "Actual Total Time": 4103.486,
                      "Actual Rows": 49456.67,
                      "Actual Loops": 3,
                      "Disabled": false,
                      "Output": [
                        "lineitem.l_shipdate",
                        "lineitem.l_extendedprice",
                        "lineitem.l_discount",
                        "lineitem.l_suppkey",
                        "n2.n_name"
                      ],
                      "Inner Unique": false,
                      "Shared Hit Blocks": 397872,
                      "Shared Read Blocks": 124016,
                      "Shared Dirtied Blocks": 0,
                      "Shared Written Blocks": 0,
                      "Local Hit Blocks": 0,
                      "Local Read Blocks": 0,
                      "Local Dirtied Blocks": 0,
                      "Local Written Blocks": 0,
                      "Temp Read Blocks": 0,
                      "Temp Written Blocks": 0,
                      "Workers": [
                        {
                          "Worker Number": 0,
                          "Actual Startup Time": 37.606,
                          "Actual Total Time": 4094.503,
                          "Actual Rows": 48907.0,
                          "Actual Loops": 1,
                          "Shared Hit Blocks": 132073,
                          "Shared Read Blocks": 41011,
                          "Shared Dirtied Blocks": 0,
                          "Shared Written Blocks": 0,
                          "Local Hit Blocks": 0,
                          "Local Read Blocks": 0,
                          "Local Dirtied Blocks": 0,
                          "Local Written Blocks": 0,
                          "Temp Read Blocks": 0,
                          "Temp Written Blocks": 0
                        },
                        {
                          "Worker Number": 1,
                          "Actual Startup Time": 36.884,
                          "Actual Total Time": 4112.154,
                          "Actual Rows": 50454.0,
                          "Actual Loops": 1,
                          "Shared Hit Blocks": 134316,
                          "Shared Read Blocks": 41475,
                          "Shared Dirtied Blocks": 0,
                          "Shared Written Blocks": 0,
                          "Local Hit Blocks": 0,
                          "Local Read Blocks": 0,
                          "Local Dirtied Blocks": 0,
                          "Local Written Blocks": 0,
                          "Temp Read Blocks": 0,
                          "Temp Written Blocks": 0
                        }
                      ],
                      "Plans": [
                        {
                          "Node Type": "Hash Join",
                          "Parent Relationship": "Outer",
                          "Parallel Aware": true,
                          "Async Capable": false,
                          "Join Type": "Inner",
                          "Startup Cost": 4414.92,
                          "Total Cost": 39175.29,
                          "Plan Rows": 7353,
                          "Plan Width": 108,
                          "Actual Startup Time": 37.195,
                          "Actual Total Time": 299.853,
                          "Actual Rows": 40441.33,
                          "Actual Loops": 3,
                          "Disabled": false,
                          "Output": [
                            "orders.o_orderkey",
                            "n2.n_name"
                          ],
                          "Inner Unique": false,
                          "Hash Cond": "(orders.o_custkey = customer.c_custkey)",
                          "Shared Hit Blocks": 3,
                          "Shared Read Blocks": 29736,
                          "Shared Dirtied Blocks": 0,
                          "Shared Written Blocks": 0,
                          "Local Hit Blocks": 0,
                          "Local Read Blocks": 0,
                          "Local Dirtied Blocks": 0,
                          "Local Written Blocks": 0,
                          "Temp Read Blocks": 0,
                          "Temp Written Blocks": 0,
                          "Workers": [
                            {
                              "Worker Number": 0,
                              "Actual Startup Time": 35.811,
                              "Actual Total Time": 303.22,
                              "Actual Rows": 40296.0,
                              "Actual Loops": 1,
                              "Shared Hit Blocks": 1,
                              "Shared Read Blocks": 9649,
                              "Shared Dirtied Blocks": 0,
                              "Shared Written Blocks": 0,
                              "Local Hit Blocks": 0,
                              "Local Read Blocks": 0,
                              "Local Dirtied Blocks": 0,
                              "Local Written Blocks": 0,
                              "Temp Read Blocks": 0,
                              "Temp Written Blocks": 0
                            },
                            {
                              "Worker Number": 1,
                              "Actual Startup Time": 35.509,
                              "Actual Total Time": 290.804,
                              "Actual Rows": 40946.0,
                              "Actual Loops": 1,
                              "Shared Hit Blocks": 1,
                              "Shared Read Blocks": 9652,
                              "Shared Dirtied Blocks": 0,
                              "Shared Written Blocks": 0,
                              "Local Hit Blocks": 0,
                              "Local Read Blocks": 0,
                              "Local Dirtied Blocks": 0,
                              "Local Written Blocks": 0,
                              "Temp Read Blocks": 0,
                              "Temp Written Blocks": 0
                            }
                          ],
                          "Plans": [
                            {
                              "Node Type": "Seq Scan",
                              "Parent Relationship": "Outer",
                              "Parallel Aware": true,
                              "Async Capable": false,
                              "Relation Name": "orders",
                              "Schema": "public",
                              "Alias": "orders",
                              "Startup Cost": 0.0,
                              "Total Cost": 32386.0,
                              "Plan Rows": 625000,
                              "Plan Width": 8,
                              "Actual Startup Time": 0.165,
                              "Actual Total Time": 61.806,
                              "Actual Rows": 500000.0,
                              "Actual Loops": 3,
                              "Disabled": false,
                              "Output": [
                                "orders.o_orderkey",
                                "orders.o_custkey",
                                "orders.o_orderstatus",
                                "orders.o_totalprice",
                                "orders.o_orderdate",
                                "orders.o_orderpriority",
                                "orders.o_clerk",
                                "orders.o_shippriority",
                                "orders.o_comment"
                              ],
                              "Shared Hit Blocks": 0,
                              "Shared Read Blocks": 26136,
                              "Shared Dirtied Blocks": 0,
                              "Shared Written Blocks": 0,
                              "Local Hit Blocks": 0,
                              "Local Read Blocks": 0,
                              "Local Dirtied Blocks": 0,
                              "Local Written Blocks": 0,
                              "Temp Read Blocks": 0,
                              "Temp Written Blocks": 0,
                              "Workers": [
                                {
                                  "Worker Number": 0,
                                  "Actual Startup Time": 0.352,
                                  "Actual Total Time": 60.829,
                                  "Actual Rows": 498555.0,
                                  "Actual Loops": 1,
                                  "Shared Hit Blocks": 0,
                                  "Shared Read Blocks": 8682,
                                  "Shared Dirtied Blocks": 0,
                                  "Shared Written Blocks": 0,
                                  "Local Hit Blocks": 0,
                                  "Local Read Blocks": 0,
                                  "Local Dirtied Blocks": 0,
                                  "Local Written Blocks": 0,
                                  "Temp Read Blocks": 0,
                                  "Temp Written Blocks": 0
                                },
                                {
                                  "Worker Number": 1,
                                  "Actual Startup Time": 0.104,
                                  "Actual Total Time": 66.727,
                                  "Actual Rows": 506253.0,
                                  "Actual Loops": 1,
                                  "Shared Hit Blocks": 0,
                                  "Shared Read Blocks": 8818,
                                  "Shared Dirtied Blocks": 0,
                                  "Shared Written Blocks": 0,
                                  "Local Hit Blocks": 0,
                                  "Local Read Blocks": 0,
                                  "Local Dirtied Blocks": 0,
                                  "Local Written Blocks": 0,
                                  "Temp Read Blocks": 0,
                                  "Temp Written Blocks": 0
                                }
                              ]
                            },
                            {
                              "Node Type": "Hash",
                              "Parent Relationship": "Inner",
                              "Parallel Aware": true,
                              "Async Capable": false,
                              "Startup Cost": 4405.73,
                              "Total Cost": 4405.73,
                              "Plan Rows": 735,
                              "Plan Width": 108,
                              "Actual Startup Time": 36.929,
                              "Actual Total Time": 36.933,
                              "Actual Rows": 4002.67,
                              "Actual Loops": 3,
                              "Disabled": false,
                              "Output": [
                                "customer.c_custkey",
                                "n2.n_name"
                              ],
                              "Hash Buckets": 16384,
                              "Original Hash Buckets": 2048,
                              "Hash Batches": 1,
                              "Original Hash Batches": 1,
                              "Peak Memory Usage": 1040,
                              "Shared Hit Blocks": 3,
                              "Shared Read Blocks": 3600,
                              "Shared Dirtied Blocks": 0,
                              "Shared Written Blocks": 0,
                              "Local Hit Blocks": 0,
                              "Local Read Blocks": 0,
                              "Local Dirtied Blocks": 0,
                              "Local Written Blocks": 0,
                              "Temp Read Blocks": 0,
                              "Temp Written Blocks": 0,
                              "Workers": [
                                {
                                  "Worker Number": 0,
                                  "Actual Startup Time": 35.438,
                                  "Actual Total Time": 35.439,
                                  "Actual Rows": 3266.0,
                                  "Actual Loops": 1,
                                  "Shared Hit Blocks": 1,
                                  "Shared Read Blocks": 967,
                                  "Shared Dirtied Blocks": 0,
                                  "Shared Written Blocks": 0,
                                  "Local Hit Blocks": 0,
                                  "Local Read Blocks": 0,
                                  "Local Dirtied Blocks": 0,
                                  "Local Written Blocks": 0,
                                  "Temp Read Blocks": 0,
                                  "Temp Written Blocks": 0
                                },
                                {
                                  "Worker Number": 1,
                                  "Actual Startup Time": 35.355,
                                  "Actual Total Time": 35.361,
                                  "Actual Rows": 2791.0,
                                  "Actual Loops": 1,
                                  "Shared Hit Blocks": 1,
                                  "Shared Read Blocks": 834,
                                  "Shared Dirtied Blocks": 0,
                                  "Shared Written Blocks": 0,
                                  "Local Hit Blocks": 0,
                                  "Local Read Blocks": 0,
                                  "Local Dirtied Blocks": 0,
                                  "Local Written Blocks": 0,
                                  "Temp Read Blocks": 0,
                                  "Temp Written Blocks": 0
                                }
                              ],
                              "Plans": [
                                {
                                  "Node Type": "Hash Join",
                                  "Parent Relationship": "Outer",
                                  "Parallel Aware": false,
                                  "Async Capable": false,
                                  "Join Type": "Inner",
                                  "Startup Cost": 12.58,
                                  "Total Cost": 4405.73,
                                  "Plan Rows": 735,
                                  "Plan Width": 108,
                                  "Actual Startup Time": 0.89,
                                  "Actual Total Time": 30.404,
                                  "Actual Rows": 4002.67,
                                  "Actual Loops": 3,
                                  "Disabled": false,
                                  "Output": [
                                    "customer.c_custkey",
                                    "n2.n_name"
                                  ],
                                  "Inner Unique": true,
                                  "Hash Cond": "(customer.c_nationkey = n2.n_nationkey)",
                                  "Shared Hit Blocks": 3,
                                  "Shared Read Blocks": 3600,
                                  "Shared Dirtied Blocks": 0,
                                  "Shared Written Blocks": 0,
                                  "Local Hit Blocks": 0,
                                  "Local Read Blocks": 0,
                                  "Local Dirtied Blocks": 0,
                                  "Local Written Blocks": 0,
                                  "Temp Read Blocks": 0,
                                  "Temp Written Blocks": 0,
                                  "Workers": [
                                    {
                                      "Worker Number": 0,
                                      "Actual Startup Time": 0.45,
                                      "Actual Total Time": 28.842,
                                      "Actual Rows": 3266.0,
                                      "Actual Loops": 1,
                                      "Shared Hit Blocks": 1,
                                      "Shared Read Blocks": 967,
                                      "Shared Dirtied Blocks": 0,
                                      "Shared Written Blocks": 0,
                                      "Local Hit Blocks": 0,
                                      "Local Read Blocks": 0,
                                      "Local Dirtied Blocks": 0,
                                      "Local Written Blocks": 0,
                                      "Temp Read Blocks": 0,
                                      "Temp Written Blocks": 0
                                    },
                                    {
                                      "Worker Number": 1,
                                      "Actual Startup Time": 0.517,
                                      "Actual Total Time": 25.743,
                                      "Actual Rows": 2791.0,
                                      "Actual Loops": 1,
                                      "Shared Hit Blocks": 1,
                                      "Shared Read Blocks": 834,
                                      "Shared Dirtied Blocks": 0,
                                      "Shared Written Blocks": 0,
                                      "Local Hit Blocks": 0,
                                      "Local Read Blocks": 0,
                                      "Local Dirtied Blocks": 0,
                                      "Local Written Blocks": 0,
                                      "Temp Read Blocks": 0,
                                      "Temp Written Blocks": 0
                                    }
                                  ],
                                  "Plans": [
                                    {
                                      "Node Type": "Seq Scan",
                                      "Parent Relationship": "Outer",
                                      "Parallel Aware": true,
                                      "Async Capable": false,
                                      "Relation Name": "customer",
                                      "Schema": "public",
                                      "Alias": "customer",
                                      "Startup Cost": 0.0,
                                      "Total Cost": 4225.0,
                                      "Plan Rows": 62500,
                                      "Plan Width": 8,
                                      "Actual Startup Time": 0.85,
                                      "Actual Total Time": 26.185,
                                      "Actual Rows": 50000.0,
                                      "Actual Loops": 3,
                                      "Disabled": false,
                                      "Output": [
                                        "customer.c_custkey",
                                        "customer.c_name",
                                        "customer.c_address",
                                        "customer.c_nationkey",
                                        "customer.c_phone",
                                        "customer.c_acctbal",
                                        "customer.c_mktsegment",
                                        "customer.c_comment"
                                      ],
                                      "Shared Hit Blocks": 0,
                                      "Shared Read Blocks": 3600,
                                      "Shared Dirtied Blocks": 0,
                                      "Shared Written Blocks": 0,
                                      "Local Hit Blocks": 0,
                                      "Local Read Blocks": 0,
                                      "Local Dirtied Blocks": 0,
                                      "Local Written Blocks": 0,
                                      "Temp Read Blocks": 0,
                                      "Temp Written Blocks": 0,
                                      "Workers": [
                                        {
                                          "Worker Number": 0,
                                          "Actual Startup Time": 0.39,
                                          "Actual Total Time": 24.961,
                                          "Actual Rows": 40352.0,
                                          "Actual Loops": 1,
                                          "Shared Hit Blocks": 0,
                                          "Shared Read Blocks": 967,
                                          "Shared Dirtied Blocks": 0,
                                          "Shared Written Blocks": 0,
                                          "Local Hit Blocks": 0,
                                          "Local Read Blocks": 0,
                                          "Local Dirtied Blocks": 0,
                                          "Local Written Blocks": 0,
                                          "Temp Read Blocks": 0,
                                          "Temp Written Blocks": 0
                                        },
                                        {
                                          "Worker Number": 1,
                                          "Actual Startup Time": 0.493,
                                          "Actual Total Time": 22.708,
                                          "Actual Rows": 34528.0,
                                          "Actual Loops": 1,
                                          "Shared Hit Blocks": 0,
                                          "Shared Read Blocks": 834,
                                          "Shared Dirtied Blocks": 0,
                                          "Shared Written Blocks": 0,
                                          "Local Hit Blocks": 0,
                                          "Local Read Blocks": 0,
                                          "Local Dirtied Blocks": 0,
                                          "Local Written Blocks": 0,
                                          "Temp Read Blocks": 0,
                                          "Temp Written Blocks": 0
                                        }
                                      ]
                                    },
                                    {
                                      "Node Type": "Hash",
                                      "Parent Relationship": "Inner",
                                      "Parallel Aware": false,
                                      "Async Capable": false,
                                      "Startup Cost": 12.55,
                                      "Total Cost": 12.55,
                                      "Plan Rows": 2,
                                      "Plan Width": 108,
                                      "Actual Startup Time": 0.027,
                                      "Actual Total Time": 0.029,
                                      "Actual Rows": 2.0,
                                      "Actual Loops": 3,
                                      "Disabled": false,
                                      "Output": [
                                        "n2.n_name",
                                        "n2.n_nationkey"
                                      ],
                                      "Hash Buckets": 1024,
                                      "Original Hash Buckets": 1024,
                                      "Hash Batches": 1,
                                      "Original Hash Batches": 1,
                                      "Peak Memory Usage": 9,
                                      "Shared Hit Blocks": 3,
                                      "Shared Read Blocks": 0,
                                      "Shared Dirtied Blocks": 0,
                                      "Shared Written Blocks": 0,
                                      "Local Hit Blocks": 0,
                                      "Local Read Blocks": 0,
                                      "Local Dirtied Blocks": 0,
                                      "Local Written Blocks": 0,
                                      "Temp Read Blocks": 0,
                                      "Temp Written Blocks": 0,
                                      "Workers": [
                                        {
                                          "Worker Number": 0,
                                          "Actual Startup Time": 0.044,
                                          "Actual Total Time": 0.044,
                                          "Actual Rows": 2.0,
                                          "Actual Loops": 1,
                                          "Shared Hit Blocks": 1,
                                          "Shared Read Blocks": 0,
                                          "Shared Dirtied Blocks": 0,
                                          "Shared Written Blocks": 0,
                                          "Local Hit Blocks": 0,
                                          "Local Read Blocks": 0,
                                          "Local Dirtied Blocks": 0,
                                          "Local Written Blocks": 0,
                                          "Temp Read Blocks": 0,
                                          "Temp Written Blocks": 0
                                        },
                                        {
                                          "Worker Number": 1,
                                          "Actual Startup Time": 0.015,
                                          "Actual Total Time": 0.019,
                                          "Actual Rows": 2.0,
                                          "Actual Loops": 1,
                                          "Shared Hit Blocks": 1,
                                          "Shared Read Blocks": 0,
                                          "Shared Dirtied Blocks": 0,
                                          "Shared Written Blocks": 0,
                                          "Local Hit Blocks": 0,
                                          "Local Read Blocks": 0,
                                          "Local Dirtied Blocks": 0,
                                          "Local Written Blocks": 0,
                                          "Temp Read Blocks": 0,
                                          "Temp Written Blocks": 0
                                        }
                                      ],
                                      "Plans": [
                                        {
                                          "Node Type": "Seq Scan",
                                          "Parent Relationship": "Outer",
                                          "Parallel Aware": false,
                                          "Async Capable": false,
                                          "Relation Name": "nation",
                                          "Schema": "public",
                                          "Alias": "n2",
                                          "Startup Cost": 0.0,
                                          "Total Cost": 12.55,
                                          "Plan Rows": 2,
                                          "Plan Width": 108,
                                          "Actual Startup Time": 0.009,
                                          "Actual Total Time": 0.011,
                                          "Actual Rows": 2.0,
                                          "Actual Loops": 3,
                                          "Disabled": false,
                                          "Output": [
                                            "n2.n_name",
                                            "n2.n_nationkey"
                                          ],
                                          "Filter": "((n2.n_name = 'GERMANY'::bpchar) OR (n2.n_name = 'FRANCE'::bpchar))",
                                          "Rows Removed by Filter": 23,
                                          "Shared Hit Blocks": 3,
                                          "Shared Read Blocks": 0,
                                          "Shared Dirtied Blocks": 0,
                                          "Shared Written Blocks": 0,
                                          "Local Hit Blocks": 0,
                                          "Local Read Blocks": 0,
                                          "Local Dirtied Blocks": 0,
                                          "Local Written Blocks": 0,
                                          "Temp Read Blocks": 0,
                                          "Temp Written Blocks": 0,
                                          "Workers": [
                                            {
                                              "Worker Number": 0,
                                              "Actual Startup Time": 0.008,
                                              "Actual Total Time": 0.01,
                                              "Actual Rows": 2.0,
                                              "Actual Loops": 1,
                                              "Shared Hit Blocks": 1,
                                              "Shared Read Blocks": 0,
                                              "Shared Dirtied Blocks": 0,
                                              "Shared Written Blocks": 0,
                                              "Local Hit Blocks": 0,
                                              "Local Read Blocks": 0,
                                              "Local Dirtied Blocks": 0,
                                              "Local Written Blocks": 0,
                                              "Temp Read Blocks": 0,
                                              "Temp Written Blocks": 0
                                            },
                                            {
                                              "Worker Number": 1,
                                              "Actual Startup Time": 0.005,
                                              "Actual Total Time": 0.006,
                                              "Actual Rows": 2.0,
                                              "Actual Loops": 1,
                                              "Shared Hit Blocks": 1,
                                              "Shared Read Blocks": 0,
                                              "Shared Dirtied Blocks": 0,
                                              "Shared Written Blocks": 0,
                                              "Local Hit Blocks": 0,
                                              "Local Read Blocks": 0,
                                              "Local Dirtied Blocks": 0,
                                              "Local Written Blocks": 0,
                                              "Temp Read Blocks": 0,
                                              "Temp Written Blocks": 0
                                            }
                                          ]
                                        }
                                      ]
                                    }
                                  ]
                                }
                              ]
                            }
                          ]
                        },
                        {
                          "Node Type": "Index Scan",
                          "Parent Relationship": "Inner",
                          "Parallel Aware": false,
                          "Async Capable": false,
                          "Scan Direction": "Forward",
                          "Index Name": "lineitem_pkey",
                          "Relation Name": "lineitem",
                          "Schema": "public",
                          "Alias": "lineitem",
                          "Startup Cost": 0.43,
                          "Total Cost": 1.14,
                          "Plan Rows": 5,
                          "Plan Width": 24,
                          "Actual Startup Time": 0.091,
                          "Actual Total Time": 0.093,
                          "Actual Rows": 1.22,
                          "Actual Loops": 121324,
                          "Disabled": false,
                          "Output": [
                            "lineitem.l_orderkey",
                            "lineitem.l_partkey",
                            "lineitem.l_suppkey",
                            "lineitem.l_linenumber",
                            "lineitem.l_quantity",
                            "lineitem.l_extendedprice",
                            "lineitem.l_discount",
                            "lineitem.l_tax",
                            "lineitem.l_returnflag",
                            "lineitem.l_linestatus",
                            "lineitem.l_shipdate",
                            "lineitem.l_commitdate",
                            "lineitem.l_receiptdate",
                            "lineitem.l_shipinstruct",
                            "lineitem.l_shipmode",
                            "lineitem.l_comment"
                          ],
                          "Index Cond": "(lineitem.l_orderkey = orders.o_orderkey)",
                          "Rows Removed by Index Recheck": 0,
                          "Filter": "((lineitem.l_shipdate >= '1995-01-01'::date) AND (lineitem.l_shipdate <= '1996-12-31'::date))",
                          "Rows Removed by Filter": 3,
                          "Index Searches": 121324,
                          "Shared Hit Blocks": 397869,
                          "Shared Read Blocks": 94280,
                          "Shared Dirtied Blocks": 0,
                          "Shared Written Blocks": 0,
                          "Local Hit Blocks": 0,
                          "Local Read Blocks": 0,
                          "Local Dirtied Blocks": 0,
                          "Local Written Blocks": 0,
                          "Temp Read Blocks": 0,
                          "Temp Written Blocks": 0,
                          "Workers": [
                            {
                              "Worker Number": 0,
                              "Actual Startup Time": 0.091,
                              "Actual Total Time": 0.093,
                              "Actual Rows": 1.21,
                              "Actual Loops": 40296,
                              "Shared Hit Blocks": 132072,
                              "Shared Read Blocks": 31362,
                              "Shared Dirtied Blocks": 0,
                              "Shared Written Blocks": 0,
                              "Local Hit Blocks": 0,
                              "Local Read Blocks": 0,
                              "Local Dirtied Blocks": 0,
                              "Local Written Blocks": 0,
                              "Temp Read Blocks": 0,
                              "Temp Written Blocks": 0
                            },
                            {
                              "Worker Number": 1,
                              "Actual Startup Time": 0.09,
                              "Actual Total Time": 0.092,
                              "Actual Rows": 1.23,
                              "Actual Loops": 40946,
                              "Shared Hit Blocks": 134315,
                              "Shared Read Blocks": 31823,
                              "Shared Dirtied Blocks": 0,
                              "Shared Written Blocks": 0,
                              "Local Hit Blocks": 0,
                              "Local Read Blocks": 0,
                              "Local Dirtied Blocks": 0,
                              "Local Written Blocks": 0,
                              "Temp Read Blocks": 0,
                              "Temp Written Blocks": 0
                            }
                          ]
                        }
                      ]
                    },
                    {
                      "Node Type": "Hash",
                      "Parent Relationship": "Inner",
                      "Parallel Aware": false,
                      "Async Capable": false,
                      "Startup Cost": 362.48,
                      "Total Cost": 362.48,
                      "Plan Rows": 118,
                      "Plan Width": 108,
                      "Actual Startup Time": 3.129,
                      "Actual Total Time": 3.129,
                      "Actual Rows": 798.0,
                      "Actual Loops": 3,
                      "Disabled": false,
                      "Output": [
                        "supplier.s_suppkey",
                        "n1.n_name"
                      ],
                      "Hash Buckets": 1024,
                      "Original Hash Buckets": 1024,
                      "Hash Batches": 1,
                      "Original Hash Batches": 1,
                      "Peak Memory Usage": 57,
                      "Shared Hit Blocks": 448,
                      "Shared Read Blocks": 224,
                      "Shared Dirtied Blocks": 0,
                      "Shared Written Blocks": 0,
                      "Local Hit Blocks": 0,
                      "Local Read Blocks": 0,
                      "Local Dirtied Blocks": 0,
                      "Local Written Blocks": 0,
                      "Temp Read Blocks": 0,
                      "Temp Written Blocks": 0,
                      "Workers": [
                        {
                          "Worker Number": 0,
                          "Actual Startup Time": 1.74,
                          "Actual Total Time": 1.741,
                          "Actual Rows": 798.0,
                          "Actual Loops": 1,
                          "Shared Hit Blocks": 224,
                          "Shared Read Blocks": 0,
                          "Shared Dirtied Blocks": 0,
                          "Shared Written Blocks": 0,
                          "Local Hit Blocks": 0,
                          "Local Read Blocks": 0,
                          "Local Dirtied Blocks": 0,
                          "Local Written Blocks": 0,
                          "Temp Read Blocks": 0,
                          "Temp Written Blocks": 0
                        },
                        {
                          "Worker Number": 1,
                          "Actual Startup Time": 1.737,
                          "Actual Total Time": 1.738,
                          "Actual Rows": 798.0,
                          "Actual Loops": 1,
                          "Shared Hit Blocks": 224,
                          "Shared Read Blocks": 0,
                          "Shared Dirtied Blocks": 0,
                          "Shared Written Blocks": 0,
                          "Local Hit Blocks": 0,
                          "Local Read Blocks": 0,
                          "Local Dirtied Blocks": 0,
                          "Local Written Blocks": 0,
                          "Temp Read Blocks": 0,
                          "Temp Written Blocks": 0
                        }
                      ],
                      "Plans": [
                        {
                          "Node Type": "Hash Join",
                          "Parent Relationship": "Outer",
                          "Parallel Aware": false,
                          "Async Capable": false,
                          "Join Type": "Inner",
                          "Startup Cost": 12.58,
                          "Total Cost": 362.48,
                          "Plan Rows": 118,
                          "Plan Width": 108,
                          "Actual Startup Time": 0.471,
                          "Actual Total Time": 3.03,
                          "Actual Rows": 798.0,
                          "Actual Loops": 3,
                          "Disabled": false,
                          "Output": [
                            "supplier.s_suppkey",
                            "n1.n_name"
                          ],
                          "Inner Unique": true,
                          "Hash Cond": "(supplier.s_nationkey = n1.n_nationkey)",
                          "Shared Hit Blocks": 448,
                          "Shared Read Blocks": 224,
                          "Shared Dirtied Blocks": 0,
                          "Shared Written Blocks": 0,
                          "Local Hit Blocks": 0,
                          "Local Read Blocks": 0,
                          "Local Dirtied Blocks": 0,
                          "Local Written Blocks": 0,
                          "Temp Read Blocks": 0,
                          "Temp Written Blocks": 0,
                          "Workers": [
                            {
                              "Worker Number": 0,
                              "Actual Startup Time": 0.094,
                              "Actual Total Time": 1.661,
                              "Actual Rows": 798.0,
                              "Actual Loops": 1,
                              "Shared Hit Blocks": 224,
                              "Shared Read Blocks": 0,
                              "Shared Dirtied Blocks": 0,
                              "Shared Written Blocks": 0,
                              "Local Hit Blocks": 0,
                              "Local Read Blocks": 0,
                              "Local Dirtied Blocks": 0,
                              "Local Written Blocks": 0,
                              "Temp Read Blocks": 0,
                              "Temp Written Blocks": 0
                            },
                            {
                              "Worker Number": 1,
                              "Actual Startup Time": 0.111,
                              "Actual Total Time": 1.623,
                              "Actual Rows": 798.0,
                              "Actual Loops": 1,
                              "Shared Hit Blocks": 224,
                              "Shared Read Blocks": 0,
                              "Shared Dirtied Blocks": 0,
                              "Shared Written Blocks": 0,
                              "Local Hit Blocks": 0,
                              "Local Read Blocks": 0,
                              "Local Dirtied Blocks": 0,
                              "Local Written Blocks": 0,
                              "Temp Read Blocks": 0,
                              "Temp Written Blocks": 0
                            }
                          ],
                          "Plans": [
                            {
                              "Node Type": "Seq Scan",
                              "Parent Relationship": "Outer",
                              "Parallel Aware": false,
                              "Async Capable": false,
                              "Relation Name": "supplier",
                              "Schema": "public",
                              "Alias": "supplier",
                              "Startup Cost": 0.0,
                              "Total Cost": 323.0,
                              "Plan Rows": 10000,
                              "Plan Width": 8,
                              "Actual Startup Time": 0.134,
                              "Actual Total Time": 2.055,
                              "Actual Rows": 10000.0,
                              "Actual Loops": 3,
                              "Disabled": false,
                              "Output": [
                                "supplier.s_suppkey",
                                "supplier.s_name",
                                "supplier.s_address",
                                "supplier.s_nationkey",
                                "supplier.s_phone",
                                "supplier.s_acctbal",
                                "supplier.s_comment"
                              ],
                              "Shared Hit Blocks": 446,
                              "Shared Read Blocks": 223,
                              "Shared Dirtied Blocks": 0,
                              "Shared Written Blocks": 0,
                              "Local Hit Blocks": 0,
                              "Local Read Blocks": 0,
                              "Local Dirtied Blocks": 0,
                              "Local Written Blocks": 0,
                              "Temp Read Blocks": 0,
                              "Temp Written Blocks": 0,
                              "Workers": [
                                {
                                  "Worker Number": 0,
                                  "Actual Startup Time": 0.052,
                                  "Actual Total Time": 0.934,
                                  "Actual Rows": 10000.0,
                                  "Actual Loops": 1,
                                  "Shared Hit Blocks": 223,
                                  "Shared Read Blocks": 0,
                                  "Shared Dirtied Blocks": 0,
                                  "Shared Written Blocks": 0,
                                  "Local Hit Blocks": 0,
                                  "Local Read Blocks": 0,
                                  "Local Dirtied Blocks": 0,
                                  "Local Written Blocks": 0,
                                  "Temp Read Blocks": 0,
                                  "Temp Written Blocks": 0
                                },
                                {
                                  "Worker Number": 1,
                                  "Actual Startup Time": 0.054,
                                  "Actual Total Time": 0.993,
                                  "Actual Rows": 10000.0,
                                  "Actual Loops": 1,
                                  "Shared Hit Blocks": 223,
                                  "Shared Read Blocks": 0,
                                  "Shared Dirtied Blocks": 0,
                                  "Shared Written Blocks": 0,
                                  "Local Hit Blocks": 0,
                                  "Local Read Blocks": 0,
                                  "Local Dirtied Blocks": 0,
                                  "Local Written Blocks": 0,
                                  "Temp Read Blocks": 0,
                                  "Temp Written Blocks": 0
                                }
                              ]
                            },
                            {
                              "Node Type": "Hash",
                              "Parent Relationship": "Inner",
                              "Parallel Aware": false,
                              "Async Capable": false,
                              "Startup Cost": 12.55,
                              "Total Cost": 12.55,
                              "Plan Rows": 2,
                              "Plan Width": 108,
                              "Actual Startup Time": 0.329,
                              "Actual Total Time": 0.33,
                              "Actual Rows": 2.0,
                              "Actual Loops": 3,
                              "Disabled": false,
                              "Output": [
                                "n1.n_name",
                                "n1.n_nationkey"
                              ],
                              "Hash Buckets": 1024,
                              "Original Hash Buckets": 1024,
                              "Hash Batches": 1,
                              "Original Hash Batches": 1,
                              "Peak Memory Usage": 9,
                              "Shared Hit Blocks": 2,
                              "Shared Read Blocks": 1,
                              "Shared Dirtied Blocks": 0,
                              "Shared Written Blocks": 0,
                              "Local Hit Blocks": 0,
                              "Local Read Blocks": 0,
                              "Local Dirtied Blocks": 0,
                              "Local Written Blocks": 0,
                              "Temp Read Blocks": 0,
                              "Temp Written Blocks": 0,
                              "Workers": [
                                {
                                  "Worker Number": 0,
                                  "Actual Startup Time": 0.036,
                                  "Actual Total Time": 0.036,
                                  "Actual Rows": 2.0,
                                  "Actual Loops": 1,
                                  "Shared Hit Blocks": 1,
                                  "Shared Read Blocks": 0,
                                  "Shared Dirtied Blocks": 0,
                                  "Shared Written Blocks": 0,
                                  "Local Hit Blocks": 0,
                                  "Local Read Blocks": 0,
                                  "Local Dirtied Blocks": 0,
                                  "Local Written Blocks": 0,
                                  "Temp Read Blocks": 0,
                                  "Temp Written Blocks": 0
                                },
                                {
                                  "Worker Number": 1,
                                  "Actual Startup Time": 0.049,
                                  "Actual Total Time": 0.05,
                                  "Actual Rows": 2.0,
                                  "Actual Loops": 1,
                                  "Shared Hit Blocks": 1,
                                  "Shared Read Blocks": 0,
                                  "Shared Dirtied Blocks": 0,
                                  "Shared Written Blocks": 0,
                                  "Local Hit Blocks": 0,
                                  "Local Read Blocks": 0,
                                  "Local Dirtied Blocks": 0,
                                  "Local Written Blocks": 0,
                                  "Temp Read Blocks": 0,
                                  "Temp Written Blocks": 0
                                }
                              ],
                              "Plans": [
                                {
                                  "Node Type": "Seq Scan",
                                  "Parent Relationship": "Outer",
                                  "Parallel Aware": false,
                                  "Async Capable": false,
                                  "Relation Name": "nation",
                                  "Schema": "public",
                                  "Alias": "n1",
                                  "Startup Cost": 0.0,
                                  "Total Cost": 12.55,
                                  "Plan Rows": 2,
                                  "Plan Width": 108,
                                  "Actual Startup Time": 0.321,
                                  "Actual Total Time": 0.323,
                                  "Actual Rows": 2.0,
                                  "Actual Loops": 3,
                                  "Disabled": false,
                                  "Output": [
                                    "n1.n_name",
                                    "n1.n_nationkey"
                                  ],
                                  "Filter": "((n1.n_name = 'FRANCE'::bpchar) OR (n1.n_name = 'GERMANY'::bpchar))",
                                  "Rows Removed by Filter": 23,
                                  "Shared Hit Blocks": 2,
                                  "Shared Read Blocks": 1,
                                  "Shared Dirtied Blocks": 0,
                                  "Shared Written Blocks": 0,
                                  "Local Hit Blocks": 0,
                                  "Local Read Blocks": 0,
                                  "Local Dirtied Blocks": 0,
                                  "Local Written Blocks": 0,
                                  "Temp Read Blocks": 0,
                                  "Temp Written Blocks": 0,
                                  "Workers": [
                                    {
                                      "Worker Number": 0,
                                      "Actual Startup Time": 0.028,
                                      "Actual Total Time": 0.03,
                                      "Actual Rows": 2.0,
                                      "Actual Loops": 1,
                                      "Shared Hit Blocks": 1,
                                      "Shared Read Blocks": 0,
                                      "Shared Dirtied Blocks": 0,
                                      "Shared Written Blocks": 0,
                                      "Local Hit Blocks": 0,
                                      "Local Read Blocks": 0,
                                      "Local Dirtied Blocks": 0,
                                      "Local Written Blocks": 0,
                                      "Temp Read Blocks": 0,
                                      "Temp Written Blocks": 0
                                    },
                                    {
                                      "Worker Number": 1,
                                      "Actual Startup Time": 0.043,
                                      "Actual Total Time": 0.045,
                                      "Actual Rows": 2.0,
                                      "Actual Loops": 1,
                                      "Shared Hit Blocks": 1,
                                      "Shared Read Blocks": 0,
                                      "Shared Dirtied Blocks": 0,
                                      "Shared Written Blocks": 0,
                                      "Local Hit Blocks": 0,
                                      "Local Read Blocks": 0,
                                      "Local Dirtied Blocks": 0,
                                      "Local Written Blocks": 0,
                                      "Temp Read Blocks": 0,
                                      "Temp Written Blocks": 0
                                    }
                                  ]
                                }
                              ]
                            }
                          ]
                        }
                      ]
                    }
                  ]
                }
              ]
            }
          ]
        }
      ]
    },
    "Planning": {
      "Shared Hit Blocks": 9,
      "Shared Read Blocks": 24,
      "Shared Dirtied Blocks": 0,
      "Shared Written Blocks": 0,
      "Local Hit Blocks": 0,
      "Local Read Blocks": 0,
      "Local Dirtied Blocks": 0,
      "Local Written Blocks": 0,
      "Temp Read Blocks": 0,
      "Temp Written Blocks": 0
    },
    "Planning Time": 6.41,
    "Triggers": [],
    "Execution Time": 4162.806
  }
]