[
  {
    "Plan": {
      "Node Type": "Aggregate",
      "Strategy": "Sorted",
      "Partial Mode": "Simple",
      "Parallel Aware": false,
      "Async Capable": false,
      "Startup Cost": 45954.58,
      "Total Cost": 45965.86,
      "Plan Rows": 71,
      "Plan Width": 36,
      "Actual Startup Time": 5471.192,
      "Actual Total Time": 5471.787,
      "Actual Rows": 2.0,
      "Actual Loops": 1,
      "Disabled": false,
      "Output": [
        "((EXTRACT(year FROM orders.o_orderdate))::integer)",
        "(sum(CASE WHEN (n2.n_name = 'BRAZIL'::bpchar) THEN (lineitem.l_extendedprice * ('1'::numeric - lineitem.l_discount)) ELSE '0'::numeric END) / sum((lineitem.l_extendedprice * ('1'::numeric - lineitem.l_discount))))"
      ],
      "Group Key": [
        "((EXTRACT(year FROM orders.o_orderdate))::integer)"
      ],
      "Shared Hit Blocks": 1750521,
      "Shared Read Blocks": 117432,
      "Shared Dirtied Blocks": 0,
      "Shared Written Blocks": 0,
      "Local Hit Blocks": 0,
      "Local Read Blocks": 0,
      "Local Dirtied Blocks": 0,
      "Local Written Blocks": 0,
      "Temp Read Blocks": 0,
      "Temp Written Blocks": 0,
      "Plans": [
        {
          "Node Type": "Gather Merge",
          "Parent Relationship": "Outer",
          "Parallel Aware": false,
          "Async Capable": false,
          "Startup Cost": 45954.58,
          "Total Cost": 45962.85,
          "Plan Rows": 71,
          "Plan Width": 120,
          "Actual Startup Time": 5470.862,
          "Actual Total Time": 5471.274,
          "Actual Rows": 2603.0,
          "Actual Loops": 1,
          "Disabled": false,
          "Output": [
            "((EXTRACT(year FROM orders.o_orderdate))::integer)",
            "n2.n_name",
            "lineitem.l_extendedprice",
            "lineitem.l_discount"
          ],
          "Workers Planned": 2,
          "Workers Launched": 2,
          "Shared Hit Blocks": 1750521,
          "Shared Read Blocks": 117432,
          "Shared Dirtied Blocks": 0,
          "Shared Written Blocks": 0,
          "Local Hit Blocks": 0,
          "Local Read Blocks": 0,
          "Local Dirtied Blocks": 0,
          "Local Written Blocks": 0,
          "Temp Read Blocks": 0,
          "Temp Written Blocks": 0,
          "Plans": [
            {
              "Node Type": "Sort",
              "Parent Relationship": "Outer",
              "Parallel Aware": false,
              "Async Capable": false,
              "Startup Cost": 44954.55,
              "Total Cost": 44954.63,
              "Plan Rows": 30,
              "Plan Width": 120,
              "Actual Startup Time": 5448.707,
              "Actual Total Time": 5448.756,
              "Actual Rows": 867.67,
              "Actual Loops": 3,
              "Disabled": false,
              "Output": [
                "((EXTRACT(year FROM orders.o_orderdate))::integer)",
                "n2.n_name",
                "lineitem.l_extendedprice",
                "lineitem.l_discount"
              ],
              "Sort Key": [
                "((EXTRACT(year FROM orders.o_orderdate))::integer)"
              ],
              "Sort Method": "quicksort",
              "Sort Space Used": 80,
              "Sort Space Type": "Memory",
              "Shared Hit Blocks": 1750521,
              "Shared Read Blocks": 117432,
              "Shared Dirtied Blocks": 0,
              "Shared Written Blocks": 0,
              "Local Hit Blocks": 0,
              "Local Read Blocks": 0,
              "Local Dirtied Blocks": 0,
              "Local Written Blocks": 0,
              "Temp Read Blocks": 0,
              "Temp Written Blocks": 0,
              "Workers": [
                {
                  "Worker Number": 0,
                  "Actual Startup Time": 5430.466,
                  "Actual Total Time": 5430.533,
                  "Actual Rows": 846.0,
                  "Actual Loops": 1,
                  "Sort Method": "quicksort",
                  "Sort Space Used": 77,
                  "Sort Space Type": "Memory",
                  "Shared Hit Blocks": 580615,
                  "Shared Read Blocks": 38481,
                  "Shared Dirtied Blocks": 0,
                  "Shared Written Blocks": 0,
                  "Local Hit Blocks": 0,
                  "Local Read Blocks": 0,
                  "Local Dirtied Blocks": 0,
                  "Local Written Blocks": 0,
                  "Temp Read Blocks": 0,
                  "Temp Written Blocks": 0
                },
                {
                  "Worker Number": 1,
                  "Actual Startup Time": 5445.061,
                  "Actual Total Time": 5445.09,
                  "Actual Rows": 867.0,
                  "Actual Loops": 1,
                  "Sort Method": "quicksort",
                  "Sort Space Used": 79,
                  "Sort Space Type": "Memory",
                  "Shared Hit Blocks": 580786,
                  "Shared Read Blocks": 38316,
                  "Shared Dirtied Blocks": 0,
                  "Shared Written Blocks": 0,
                  "Local Hit Blocks": 0,
                  "Local Read Blocks": 0,
                  "Local Dirtied Blocks": 0,
                  "Local Written Blocks": 0,
                  "Temp Read Blocks": 0,
                  "Temp Written Blocks": 0
                }
              ],
              "Plans": [
                {
                  "Node Type": "Nested Loop",
                  "Parent Relationship": "Outer",
                  "Parallel Aware": false,
                  "Async Capable": false,
                  "Join Type": "Inner",
                  "Startup Cost": 4493.25,
                  "Total Cost": 44953.82,
                  "Plan Rows": 30,
                  "Plan Width": 120,
                  "Actual Startup Time": 116.972,
                  "Actual Total Time": 5446.705,
                  "Actual Rows": 867.67,
                  "Actual Loops": 3,
                  "Disabled": false,
                  "Output": [
                    "(EXTRACT(year FROM orders.o_orderdate))::integer",
                    "n2.n_name",
                    "lineitem.l_extendedprice",
                    "lineitem.l_discount"
                  ],
                  "Inner Unique": true,
                  "Shared Hit Blocks": 1750507,
                  "Shared Read Blocks": 117432,
                  "Shared Dirtied Blocks": 0,
                  "Shared Written Blocks": 0,
                  "Local Hit Blocks": 0,
                  "Local Read Blocks": 0,
                  "Local Dirtied Blocks": 0,
                  "Local Written Blocks": 0,
                  "Temp Read Blocks": 0,
                  "Temp Written Blocks": 0,
                  "Workers": [
                    {
                      "Worker Number": 0,
                      "Actual Startup Time": 120.213,
                      "Actual Total Time": 5428.626,
                      "Actual Rows": 846.0,
                      "Actual Loops": 1,
                      "Shared Hit Blocks": 580608,
                      "Shared Read Blocks": 38481,
                      "Shared Dirtied Blocks": 0,
                      "Shared Written Blocks": 0,
                      "Local Hit Blocks": 0,
                      "Local Read Blocks": 0,
                      "Local Dirtied Blocks": 0,
                      "Local Written Blocks": 0,
                      "Temp Read Blocks": 0,
                      "Temp Written Blocks": 0
                    },
                    {
                      "Worker Number": 1,
                      "Actual Startup Time": 142.58,
                      "Actual Total Time": 5443.321,
                      "Actual Rows": 867.0,
                      "Actual Loops": 1,
                      "Shared Hit Blocks": 580779,
                      "Shared Read Blocks": 38316,
                      "Shared Dirtied Blocks": 0,
                      "Shared Written Blocks": 0,
                      "Local Hit Blocks": 0,
                      "Local Read Blocks": 0,
                      "Local Dirtied Blocks": 0,
                      "Local Written Blocks": 0,
                      "Temp Read Blocks": 0,
                      "Temp Written Blocks": 0
                    }
                  ],
                  "Plans": [
                    {
                      "Node Type": "Nested Loop",
                      "Parent Relationship": "Outer",
                      "Parallel Aware": false,
                      "Async Capable": false,
                      "Join Type": "Inner",
                      "Startup Cost": 4493.1,
                      "Total Cost": 44948.71,
                      "Plan Rows": 30,
                      "Plan Width": 20,
                      "Actual Startup Time": 113.403,
                      "Actual Total Time": 5438.57,
                      "Actual Rows": 867.67,
                      "Actual Loops": 3,
                      "Disabled": false,
                      "Output": [
                        "lineitem.l_extendedprice",
                        "lineitem.l_discount",
                        "supplier.s_nationkey",
                        "orders.o_orderdate"
                      ],
                      "Inner Unique": true,
                      "Shared Hit Blocks": 1750357,
                      "Shared Read Blocks": 117430,
                      "Shared Dirtied Blocks": 0,
                      "Shared Written Blocks": 0,
                      "Local Hit Blocks": 0,
                      "Local Read Blocks": 0,
                      "Local Dirtied Blocks": 0,
                      "Local Written Blocks": 0,
                      "Temp Read Blocks": 0,
                      "Temp Written Blocks": 0,
                      "Workers": [
                        {
                          "Worker Number": 0,
                          "Actual Startup Time": 109.82,
                          "Actual Total Time": 5414.13,
                          "Actual Rows": 846.0,
                          "Actual Loops": 1,
                          "Shared Hit Blocks": 580558,
                          "Shared Read Blocks": 38480,
                          "Shared Dirtied Blocks": 0,
                          "Shared Written Blocks": 0,
                          "Local Hit Blocks": 0,
                          "Local Read Blocks": 0,
                          "Local Dirtied Blocks": 0,
                          "Local Written Blocks": 0,
                          "Temp Read Blocks": 0,
                          "Temp Written Blocks": 0
                        },
                        {
                          "Worker Number": 1,
                          "Actual Startup Time": 142.564,
                          "Actual Total Time": 5439.244,
                          "Actual Rows": 867.0,
                          "Actual Loops": 1,
                          "Shared Hit Blocks": 580728,
                          "Shared Read Blocks": 38316,
                          "Shared Dirtied Blocks": 0,
                          "Shared Written Blocks": 0,
                          "Local Hit Blocks": 0,
                          "Local Read Blocks": 0,
                          "Local Dirtied Blocks": 0,
                          "Local Written Blocks": 0,
                          "Temp Read Blocks": 0,
                          "Temp Written Blocks": 0
                        }
                      ],
                      "Plans": [
                        {
                          "Node Type": "Nested Loop",
                          "Parent Relationship": "Outer",
                          "Parallel Aware": false,
                          "Async Capable": false,
                          "Join Type": "Inner",
                          "Startup Cost": 4492.81,
                          "Total Cost": 44939.63,
                          "Plan Rows": 30,
                          "Plan Width": 20,
                          "Actual Startup Time": 113.159,
                          "Actual Total Time": 5415.392,
                          "Actual Rows": 867.67,
                          "Actual Loops": 3,
                          "Disabled": false,
                          "Output": [
                            "lineitem.l_extendedprice",
                            "lineitem.l_discount",
                            "lineitem.l_suppkey",
                            "orders.o_orderdate"
                          ],
                          "Inner Unique": true,
                          "Shared Hit Blocks": 1743446,
                          "Shared Read Blocks": 116530,
                          "Shared Dirtied Blocks": 0,
                          "Shared Written Blocks": 0,
                          "Local Hit Blocks": 0,
                          "Local Read Blocks": 0,
                          "Local Dirtied Blocks": 0,
                          "Local Written Blocks": 0,
                          "Temp Read Blocks": 0,
                          "Temp Written Blocks": 0,
                          "Workers": [
                            {
                              "Worker Number": 0,
                              "Actual Startup Time": 109.441,
                              "Actual Total Time": 5389.86,
                              "Actual Rows": 846.0,
                              "Actual Loops": 1,
                              "Shared Hit Blocks": 578310,
                              "Shared Read Blocks": 38189,
                              "Shared Dirtied Blocks": 0,
                              "Shared Written Blocks": 0,
                              "Local Hit Blocks": 0,
                              "Local Read Blocks": 0,
                              "Local Dirtied Blocks": 0,
                              "Local Written Blocks": 0,
                              "Temp Read Blocks": 0,
                              "Temp Written Blocks": 0
                            },
                            {
                              "Worker Number": 1,
                              "Actual Startup Time": 142.461,
                              "Actual Total Time": 5423.093,
                              "Actual Rows": 867.0,
                              "Actual Loops": 1,
                              "Shared Hit Blocks": 578436,
                              "Shared Read Blocks": 38006,
                              "Shared Dirtied Blocks": 0,
                              "Shared Written Blocks": 0,
                              "Local Hit Blocks": 0,
                              "Local Read Blocks": 0,
                              "Local Dirtied Blocks": 0,
                              "Local Written Blocks": 0,
                              "Temp Read Blocks": 0,
                              "Temp Written Blocks": 0
                            }
                          ],
                          "Plans": [
                            {
                              "Node Type": "Nested Loop",
                              "Parent Relationship": "Outer",
                              "Parallel Aware": false,
                              "Async Capable": false,
                              "Join Type": "Inner",
                              "Startup Cost": 4492.39,
                              "Total Cost": 42959.78,
                              "Plan Rows": 4468,
                              "Plan Width": 24,
                              "Actual Startup Time": 67.379,
                              "Actual Total Time": 4457.701,
                              "Actual Rows": 121697.0,
                              "Actual Loops": 3,
                              "Disabled": false,
                              "Output": [
                                "lineitem.l_extendedprice",
                                "lineitem.l_discount",
                                "lineitem.l_partkey",
                                "lineitem.l_suppkey",
                                "orders.o_orderdate"
                              ],
                              "Inner Unique": false,
                              "Shared Hit Blocks": 287725,
                              "Shared Read Blocks": 111885,
                              "Shared Dirtied Blocks": 0,
                              "Shared Written Blocks": 0,
                              "Local Hit Blocks": 0,
                              "Local Read Blocks": 0,
                              "Local Dirtied Blocks": 0,
                              "Local Written Blocks": 0,
                              "Temp Read Blocks": 0,
                              "Temp Written Blocks": 0,
                              "Workers": [
                                {
                                  "Worker Number": 0,
                                  "Actual Startup Time": 60.98,
                                  "Actual Total Time": 4388.345,
                                  "Actual Rows": 121084.0,
                                  "Actual Loops": 1,
                                  "Shared Hit Blocks": 95486,
                                  "Shared Read Blocks": 36676,
                                  "Shared Dirtied Blocks": 0,
                                  "Shared Written Blocks": 0,
                                  "Local Hit Blocks": 0,
                                  "Local Read Blocks": 0,
                                  "Local Dirtied Blocks": 0,
                                  "Local Written Blocks": 0,
                                  "Temp Read Blocks": 0,
                                  "Temp Written Blocks": 0
                                },
                                {
                                  "Worker Number": 1,
                                  "Actual Startup Time": 60.526,
                                  "Actual Total Time": 4466.877,
                                  "Actual Rows": 121185.0,
                                  "Actual Loops": 1,
                                  "Shared Hit Blocks": 95244,
                                  "Shared Read Blocks": 36457,
                                  "Shared Dirtied Blocks": 0,
                                  "Shared Written Blocks": 0,
                                  "Local Hit Blocks": 0,
                                  "Local Read Blocks": 0,
                                  "Local Dirtied Blocks": 0,
                                  "Local Written Blocks": 0,
                                  "Temp Read Blocks": 0,
                                  "Temp Written Blocks": 0
                                }
                              ],
                              "Plans": [
                                {
                                  "Node Type": "Hash Join",
                                  "Parent Relationship": "Outer",
                                  "Parallel Aware": true,
                                  "Async Capable": false,
                                  "Join Type": "Inner",
                                  "Startup Cost": 4491.96,
                                  "Total Cost": 40719.55,
                                  "Plan Rows": 1117,
                                  "Plan Width": 8,
                                  "Actual Startup Time": 66.254,
                                  "Actual Total Time": 278.314,
                                  "Actual Rows": 30393.0,
                                  "Actual Loops": 3,
                                  "Disabled": false,
                                  "Output": [
                                    "orders.o_orderdate",
                                    "orders.o_orderkey"
                                  ],
                                  "Inner Unique": false,
                                  "Hash Cond": "(orders.o_custkey = customer.c_custkey)",
                                  "Shared Hit Blocks": 4,
                                  "Shared Read Blocks": 29738,
                                  "Shared Dirtied Blocks": 0,
                                  "Shared Written Blocks": 0,
                                  "Local Hit Blocks": 0,
                                  "Local Read Blocks": 0,
                                  "Local Dirtied Blocks": 0,
                                  "Local Written Blocks": 0,
                                  "Temp Read Blocks": 0,
                                  "Temp Written Blocks": 0,
                                  "Workers": [
                                    {
                                      "Worker Number": 0,
                                      "Actual Startup Time": 59.207,
                                      "Actual Total Time": 260.016,
                                      "Actual Rows": 30295.0,
                                      "Actual Loops": 1,
                                      "Shared Hit Blocks": 2,
                                      "Shared Read Blocks": 9323,
                                      "Shared Dirtied Blocks": 0,
                                      "Shared Written Blocks": 0,
                                      "Local Hit Blocks": 0,
                                      "Local Read Blocks": 0,
                                      "Local Dirtied Blocks": 0,
                                      "Local Written Blocks": 0,
                                      "Temp Read Blocks": 0,
                                      "Temp Written Blocks": 0
                                    },
                                    {
                                      "Worker Number": 1,
                                      "Actual Startup Time": 59.178,
                                      "Actual Total Time": 254.594,
                                      "Actual Rows": 30183.0,
                                      "Actual Loops": 1,
                                      "Shared Hit Blocks": 2,
                                      "Shared Read Blocks": 9207,
                                      "Shared Dirtied Blocks": 0,
                                      "Shared Written Blocks": 0,
                                      "Local Hit Blocks": 0,
                                      "Local Read Blocks": 0,
                                      "Local Dirtied Blocks": 0,
                                      "Local Written Blocks": 0,
                                      "Temp Read Blocks": 0,
                                      "Temp Written Blocks": 0
                                    }
                                  ],
                                  "Plans": [
                                    {
                                      "Node Type": "Seq Scan",
                                      "Parent Relationship": "Outer",
                                      "Parallel Aware": true,
                                      "Async Capable": false,
                                      "Relation Name": "orders",
                                      "Schema": "public",
                                      "Alias": "orders",
                                      "Startup Cost": 0.0,
                                      "Total Cost": 35511.0,
                                      "Plan Rows": 189848,
                                      "Plan Width": 12,
                                      "Actual Startup Time": 0.703,
                                      "Actual Total Time": 105.115,
                                      "Actual Rows": 152421.0,
                                      "Actual Loops": 3,
                                      "Disabled": false,
                                      "Output": [
                                        "orders.o_orderkey",
                                        "orders.o_custkey",
                                        "orders.o_orderstatus",
                                        "orders.o_totalprice",
                                        "orders.o_orderdate",
                                        "orders.o_orderpriority",
                                        "orders.o_clerk",
                                        "orders.o_shippriority",
                                        "orders.o_comment"
                                      ],
                                      "Filter": "((orders.o_orderdate >= '1995-01-01'::date) AND (orders.o_orderdate <= '1996-12-31'::date))",
                                      "Rows Removed by Filter": 347579,
                                      "Shared Hit Blocks": 0,
                                      "Shared Read Blocks": 26136,
                                      "Shared Dirtied Blocks": 0,
                                      "Shared Written Blocks": 0,
                                      "Local Hit Blocks": 0,
                                      "Local Read Blocks": 0,
                                      "Local Dirtied Blocks": 0,
                                      "Local Written Blocks": 0,
                                      "Temp Read Blocks": 0,
                                      "Temp Written Blocks": 0,
                                      "Workers": [
                                        {
                                          "Worker Number": 0,
                                          "Actual Startup Time": 0.7,
                                          "Actual Total Time": 107.451,
                                          "Actual Rows": 152397.0,
                                          "Actual Loops": 1,
                                          "Shared Hit Blocks": 0,
                                          "Shared Read Blocks": 8715,
                                          "Shared Dirtied Blocks": 0,
                                          "Shared Written Blocks": 0,
                                          "Local Hit Blocks": 0,
                                          "Local Read Blocks": 0,
                                          "Local Dirtied Blocks": 0,
                                          "Local Written Blocks": 0,
                                          "Temp Read Blocks": 0,
                                          "Temp Written Blocks": 0
                                        },
                                        {
                                          "Worker Number": 1,
                                          "Actual Startup Time": 0.709,
                                          "Actual Total Time": 99.687,
                                          "Actual Rows": 151917.0,
                                          "Actual Loops": 1,
                                          "Shared Hit Blocks": 0,
                                          "Shared Read Blocks": 8666,
                                          "Shared Dirtied Blocks": 0,
                                          "Shared Written Blocks": 0,
                                          "Local Hit Blocks": 0,
                                          "Local Read Blocks": 0,
                                          "Local Dirtied Blocks": 0,
                                          "Local Written Blocks": 0,
                                          "Temp Read Blocks": 0,
                                          "Temp Written Blocks": 0
                                        }
                                      ]
                                    },
                                    {
                                      "Node Type": "Hash",
                                      "Parent Relationship": "Inner",
                                      "Parallel Aware": true,
                                      "Async Capable": false,
                                      "Startup Cost": 4487.36,
                                      "Total Cost": 4487.36,
                                      "Plan Rows": 368,
                                      "Plan Width": 4,
                                      "Actual Startup Time": 65.496,
                                      "Actual Total Time": 65.508,
                                      "Actual Rows": 9984.0,
                                      "Actual Loops": 3,
                                      "Disabled": false,
                                      "Output": [
                                        "customer.c_custkey"
                                      ],
                                      "Hash Buckets": 32768,
                                      "Original Hash Buckets": 1024,
                                      "Hash Batches": 1,
                                      "Original Hash Batches": 1,
                                      "Peak Memory Usage": 1720,
                                      "Shared Hit Blocks": 4,
                                      "Shared Read Blocks": 3602,
                                      "Shared Dirtied Blocks": 0,
                                      "Shared Written Blocks": 0,
                                      "Local Hit Blocks": 0,
                                      "Local Read Blocks": 0,
                                      "Local Dirtied Blocks": 0,
                                      "Local Written Blocks": 0,
                                      "Temp Read Blocks": 0,
                                      "Temp Written Blocks": 0,
                                      "Workers": [
                                        {
                                          "Worker Number": 0,
                                          "Actual Startup Time": 58.431,
                                          "Actual Total Time": 58.46,
                                          "Actual Rows": 4891.0,
                                          "Actual Loops": 1,
                                          "Shared Hit Blocks": 2,
                                          "Shared Read Blocks": 608,
                                          "Shared Dirtied Blocks": 0,
                                          "Shared Written Blocks": 0,
                                          "Local Hit Blocks": 0,
                                          "Local Read Blocks": 0,
                                          "Local Dirtied Blocks": 0,
                                          "Local Written Blocks": 0,
                                          "Temp Read Blocks": 0,
                                          "Temp Written Blocks": 0
                                        },
                                        {
                                          "Worker Number": 1,
                                          "Actual Startup Time": 58.41,
                                          "Actual Total Time": 58.412,
                                          "Actual Rows": 4519.0,
                                          "Actual Loops": 1,
                                          "Shared Hit Blocks": 2,
                                          "Shared Read Blocks": 541,
                                          "Shared Dirtied Blocks": 0,
                                          "Shared Written Blocks": 0,
                                          "Local Hit Blocks": 0,
                                          "Local Read Blocks": 0,
                                          "Local Dirtied Blocks": 0,
                                          "Local Written Blocks": 0,
                                          "Temp Read Blocks": 0,
                                          "Temp Written Blocks": 0
                                        }
                                      ],
                                      "Plans": [
                                        {
                                          "Node Type": "Hash Join",
                                          "Parent Relationship": "Outer",
                                          "Parallel Aware": false,
                                          "Async Capable": false,
                                          "Join Type": "Inner",
                                          "Startup Cost": 24.31,
                                          "Total Cost": 4487.36,
                                          "Plan Rows": 368,
                                          "Plan Width": 4,
                                          "Actual Startup Time": 1.093,
                                          "Actual Total Time": 27.07,
                                          "Actual Rows": 9984.0,
                                          "Actual Loops": 3,
                                          "Disabled": false,
                                          "Output": [
                                            "customer.c_custkey"
                                          ],
                                          "Inner Unique": false,
                                          "Hash Cond": "(customer.c_nationkey = n1.n_nationkey)",
                                          "Shared Hit Blocks": 4,
                                          "Shared Read Blocks": 3602,
                                          "Shared Dirtied Blocks": 0,
                                          "Shared Written Blocks": 0,
                                          "Local Hit Blocks": 0,
                                          "Local Read Blocks": 0,
                                          "Local Dirtied Blocks": 0,
                                          "Local Written Blocks": 0,
                                          "Temp Read Blocks": 0,
                                          "Temp Written Blocks": 0,
                                          "Workers": [
                                            {
                                              "Worker Number": 0,
                                              "Actual Startup Time": 1.318,
                                              "Actual Total Time": 21.51,
                                              "Actual Rows": 4891.0,
                                              "Actual Loops": 1,
                                              "Shared Hit Blocks": 2,
                                              "Shared Read Blocks": 608,
                                              "Shared Dirtied Blocks": 0,
                                              "Shared Written Blocks": 0,
                                              "Local Hit Blocks": 0,
                                              "Local Read Blocks": 0,
                                              "Local Dirtied Blocks": 0,
                                              "Local Written Blocks": 0,
                                              "Temp Read Blocks": 0,
                                              "Temp Written Blocks": 0
                                            },
                                            {
                                              "Worker Number": 1,
                                              "Actual Startup Time": 0.913,
                                              "Actual Total Time": 20.024,
                                              "Actual Rows": 4519.0,
                                              "Actual Loops": 1,
                                              "Shared Hit Blocks": 2,
                                              "Shared Read Blocks": 541,
                                              "Shared Dirtied Blocks": 0,
                                              "Shared Written Blocks": 0,
                                              "Local Hit Blocks": 0,
                                              "Local Read Blocks": 0,
                                              "Local Dirtied Blocks": 0,
                                              "Local Written Blocks": 0,
                                              "Temp Read Blocks": 0,
                                              "Temp Written Blocks": 0
                                            }
                                          ],
                                          "Plans": [
                                            {
                                              "Node Type": "Seq Scan",
                                              "Parent Relationship": "Outer",
                                              "Parallel Aware": true,
                                              "Async Capable": false,
                                              "Relation Name": "customer",
                                              "Schema": "public",
                                              "Alias": "customer",
                                              "Startup Cost": 0.0,
                                              "Total Cost": 4225.0,
                                              "Plan Rows": 62500,
                                              "Plan Width": 8,
                                              "Actual Startup Time": 0.622,
                                              "Actual Total Time": 18.22,
                                              "Actual Rows": 50000.0,
                                              "Actual Loops": 3,
                                              "Disabled": false,
                                              "Output": [
                                                "customer.c_custkey",
                                                "customer.c_name",
                                                "customer.c_address",
                                                "customer.c_nationkey",
                                                "customer.c_phone",
                                                "customer.c_acctbal",
                                                "customer.c_mktsegment",
                                                "customer.c_comment"
                                              ],
                                              "Shared Hit Blocks": 0,
                                              "Shared Read Blocks": 3600,
                                              "Shared Dirtied Blocks": 0,
                                              "Shared Written Blocks": 0,
                                              "Local Hit Blocks": 0,
                                              "Local Read Blocks": 0,
                                              "Local Dirtied Blocks": 0,
                                              "Local Written Blocks": 0,
                                              "Temp Read Blocks": 0,
                                              "Temp Written Blocks": 0,
                                              "Workers": [
                                                {
                                                  "Worker Number": 0,
                                                  "Actual Startup Time": 0.802,
                                                  "Actual Total Time": 14.432,
                                                  "Actual Rows": 25126.0,
                                                  "Actual Loops": 1,
                                                  "Shared Hit Blocks": 0,
                                                  "Shared Read Blocks": 608,
                                                  "Shared Dirtied Blocks": 0,
                                                  "Shared Written Blocks": 0,
                                                  "Local Hit Blocks": 0,
                                                  "Local Read Blocks": 0,
                                                  "Local Dirtied Blocks": 0,
                                                  "Local Written Blocks": 0,
                                                  "Temp Read Blocks": 0,
                                                  "Temp Written Blocks": 0
                                                },
                                                {
                                                  "Worker Number": 1,
                                                  "Actual Startup Time": 0.767,
                                                  "Actual Total Time": 15.688,
                                                  "Actual Rows": 22570.0,
                                                  "Actual Loops": 1,
                                                  "Shared Hit Blocks": 0,
                                                  "Shared Read Blocks": 541,
                                                  "Shared Dirtied Blocks": 0,
                                                  "Shared Written Blocks": 0,
                                                  "Local Hit Blocks": 0,
                                                  "Local Read Blocks": 0,
                                                  "Local Dirtied Blocks": 0,
                                                  "Local Written Blocks": 0,
                                                  "Temp Read Blocks": 0,
                                                  "Temp Written Blocks": 0
                                                }
                                              ]
                                            },
                                            {
                                              "Node Type": "Hash",
                                              "Parent Relationship": "Inner",
                                              "Parallel Aware": false,
                                              "Async Capable": false,
                                              "Startup Cost": 24.29,
                                              "Total Cost": 24.29,
                                              "Plan Rows": 1,
                                              "Plan Width": 4,
                                              "Actual Startup Time": 0.462,
                                              "Actual Total Time": 0.471,
                                              "Actual Rows": 5.0,
                                              "Actual Loops": 3,
                                              "Disabled": false,
                                              "Output": [
                                                "n1.n_nationkey"
                                              ],
                                              "Hash Buckets": 1024,
                                              "Original Hash Buckets": 1024,
                                              "Hash Batches": 1,
                                              "Original Hash Batches": 1,
                                              "Peak Memory Usage": 9,
                                              "Shared Hit Blocks": 4,
                                              "Shared Read Blocks": 2,
                                              "Shared Dirtied Blocks": 0,
                                              "Shared Written Blocks": 0,
                                              "Local Hit Blocks": 0,
                                              "Local Read Blocks": 0,
                                              "Local Dirtied Blocks": 0,
                                              "Local Written Blocks": 0,
                                              "Temp Read Blocks": 0,
                                              "Temp Written Blocks": 0,
                                              "Workers": [
                                                {
                                                  "Worker Number": 0,
                                                  "Actual Startup Time": 0.507,
                                                  "Actual Total Time": 0.533,
                                                  "Actual Rows": 5.0,
                                                  "Actual Loops": 1,
                                                  "Shared Hit Blocks": 2,
                                                  "Shared Read Blocks": 0,
                                                  "Shared Dirtied Blocks": 0,
                                                  "Shared Written Blocks": 0,
                                                  "Local Hit Blocks": 0,
                                                  "Local Read Blocks": 0,
                                                  "Local Dirtied Blocks": 0,
                                                  "Local Written Blocks": 0,
                                                  "Temp Read Blocks": 0,
                                                  "Temp Written Blocks": 0
                                                },
                                                {
                                                  "Worker Number": 1,
                                                  "Actual Startup Time": 0.137,
                                                  "Actual Total Time": 0.138,
                                                  "Actual Rows": 5.0,
                                                  "Actual Loops": 1,
                                                  "Shared Hit Blocks": 2,
                                                  "Shared Read Blocks": 0,
                                                  "Shared Dirtied Blocks": 0,
                                                  "Shared Written Blocks": 0,
                                                  "Local Hit Blocks": 0,
                                                  "Local Read Blocks": 0,
                                                  "Local Dirtied Blocks": 0,
                                                  "Local Written Blocks": 0,
                                                  "Temp Read Blocks": 0,
                                                  "Temp Written Blocks": 0
                                                }
                                              ],
                                              "Plans": [
                                                {
                                                  "Node Type": "Hash Join",
                                                  "Parent Relationship": "Outer",
                                                  "Parallel Aware": false,
                                                  "Async Capable": false,
                                                  "Join Type": "Inner",
                                                  "Startup Cost": 12.14,
                                                  "Total Cost": 24.29,
                                                  "Plan Rows": 1,
                                                  "Plan Width": 4,
                                                  "Actual Startup Time": 0.447,
                                                  "Actual Total Time": 0.45,
                                                  "Actual Rows": 5.0,
                                                  "Actual Loops": 3,
                                                  "Disabled": false,
                                                  "Output": [
                                                    "n1.n_nationkey"
                                                  ],
                                                  "Inner Unique": true,
                                                  "Hash Cond": "(n1.n_regionkey = region.r_regionkey)",
                                                  "Shared Hit Blocks": 4,
                                                  "Shared Read Blocks": 2,
                                                  "Shared Dirtied Blocks": 0,
                                                  "Shared Written Blocks": 0,
                                                  "Local Hit Blocks": 0,
                                                  "Local Read Blocks": 0,
                                                  "Local Dirtied Blocks": 0,
                                                  "Local Written Blocks": 0,
                                                  "Temp Read Blocks": 0,
                                                  "Temp Written Blocks": 0,
                                                  "Workers": [
                                                    {
                                                      "Worker Number": 0,
                                                      "Actual Startup Time": 0.472,
                                                      "Actual Total Time": 0.474,
                                                      "Actual Rows": 5.0,
                                                      "Actual Loops": 1,
                                                      "Shared Hit Blocks": 2,
                                                      "Shared Read Blocks": 0,
                                                      "Shared Dirtied Blocks": 0,
                                                      "Shared Written Blocks": 0,
                                                      "Local Hit Blocks": 0,
                                                      "Local Read Blocks": 0,
                                                      "Local Dirtied Blocks": 0,
                                                      "Local Written Blocks": 0,
                                                      "Temp Read Blocks": 0,
                                                      "Temp Written Blocks": 0
                                                    },
                                                    {
                                                      "Worker Number": 1,
                                                      "Actual Startup Time": 0.132,
                                                      "Actual Total Time": 0.135,
                                                      "Actual Rows": 5.0,
                                                      "Actual Loops": 1,
                                                      "Shared Hit Blocks": 2,
                                                      "Shared Read Blocks": 0,
                                                      "Shared Dirtied Blocks": 0,
                                                      "Shared Written Blocks": 0,
                                                      "Local Hit Blocks": 0,
                                                      "Local Read Blocks": 0,
                                                      "Local Dirtied Blocks": 0,
                                                      "Local Written Blocks": 0,
                                                      "Temp Read Blocks": 0,
                                                      "Temp Written Blocks": 0
                                                    }
                                                  ],
                                                  "Plans": [
                                                    {
                                                      "Node Type": "Seq Scan",
                                                      "Parent Relationship": "Outer",
                                                      "Parallel Aware": false,
                                                      "Async Capable": false,
                                                      "Relation Name": "nation",
                                                      "Schema": "public",
                                                      "Alias": "n1",
                                                      "Startup Cost": 0.0,
                                                      "Total Cost": 11.7,
                                                      "Plan Rows": 170,
                                                      "Plan Width": 8,
                                                      "Actual Startup Time": 0.1,
                                                      "Actual Total Time": 0.101,
                                                      "Actual Rows": 25.0,
                                                      "Actual Loops": 3,
                                                      "Disabled": false,
                                                      "Output": [
                                                        "n1.n_nationkey",
                                                        "n1.n_name",
                                                        "n1.n_regionkey",
                                                        "n1.n_comment"
                                                      ],
                                                      "Shared Hit Blocks": 2,
                                                      "Shared Read Blocks": 1,
                                                      "Shared Dirtied Blocks": 0,
                                                      "Shared Written Blocks": 0,
                                                      "Local Hit Blocks": 0,
                                                      "Local Read Blocks": 0,
                                                      "Local Dirtied Blocks": 0,
                                                      "Local Written Blocks": 0,
                                                      "Temp Read Blocks": 0,
                                                      "Temp Written Blocks": 0,
                                                      "Workers": [
                                                        {
                                                          "Worker Number": 0,
                                                          "Actual Startup Time": 0.04,
                                                          "Actual Total Time": 0.041,
                                                          "Actual Rows": 25.0,
                                                          "Actual Loops": 1,
                                                          "Shared Hit Blocks": 1,
                                                          "Shared Read Blocks": 0,
                                                          "Shared Dirtied Blocks": 0,
                                                          "Shared Written Blocks": 0,
                                                          "Local Hit Blocks": 0,
                                                          "Local Read Blocks": 0,
                                                          "Local Dirtied Blocks": 0,
                                                          "Local Written Blocks": 0,
                                                          "Temp Read Blocks": 0,
                                                          "Temp Written Blocks": 0
                                                        },
                                                        {
                                                          "Worker Number": 1,
                                                          "Actual Startup Time": 0.083,
                                                          "Actual Total Time": 0.084,
                                                          "Actual Rows": 25.0,
                                                          "Actual Loops": 1,
                                                          "Shared Hit Blocks": 1,
                                                          "Shared Read Blocks": 0,
                                                          "Shared Dirtied Blocks": 0,
                                                          "Shared Written Blocks": 0,
                                                          "Local Hit Blocks": 0,
                                                          "Local Read Blocks": 0,
                                                          "Local Dirtied Blocks": 0,
                                                          "Local Written Blocks": 0,
                                                          "Temp Read Blocks": 0,
                                                          "Temp Written Blocks": 0
                                                        }
                                                      ]
                                                    },
                                                    {
                                                      "Node Type": "Hash",
                                                      "Parent Relationship": "Inner",
                                                      "Parallel Aware": false,
                                                      "Async Capable": false,
                                                      "Startup Cost": 12.12,
                                                      "Total Cost": 12.12,
                                                      "Plan Rows": 1,
                                                      "Plan Width": 4,
                                                      "Actual Startup Time": 0.322,
                                                      "Actual Total Time": 0.322,
                                                      "Actual Rows": 1.0,
                                                      "Actual Loops": 3,
                                                      "Disabled": false,
                                                      "Output": [
                                                        "region.r_regionkey"
                                                      ],
                                                      "Hash Buckets": 1024,
                                                      "Original Hash Buckets": 1024,
                                                      "Hash Batches": 1,
                                                      "Original Hash Batches": 1,
                                                      "Peak Memory Usage": 9,
                                                      "Shared Hit Blocks": 2,
                                                      "Shared Read Blocks": 1,
                                                      "Shared Dirtied Blocks": 0,
                                                      "Shared Written Blocks": 0,
                                                      "Local Hit Blocks": 0,
                                                      "Local Read Blocks": 0,
                                                      "Local Dirtied Blocks": 0,
                                                      "Local Written Blocks": 0,
                                                      "Temp Read Blocks": 0,
                                                      "Temp Written Blocks": 0,
                                                      "Workers": [
                                                        {
                                                          "Worker Number": 0,
                                                          "Actual Startup Time": 0.404,
                                                          "Actual Total Time": 0.405,
                                                          "Actual Rows": 1.0,
                                                          "Actual Loops": 1,
                                                          "Shared Hit Blocks": 1,
                                                          "Shared Read Blocks": 0,
                                                          "Shared Dirtied Blocks": 0,
                                                          "Shared Written Blocks": 0,
                                                          "Local Hit Blocks": 0,
                                                          "Local Read Blocks": 0,
                                                          "Local Dirtied Blocks": 0,
                                                          "Local Written Blocks": 0,
                                                          "Temp Read Blocks": 0,
                                                          "Temp Written Blocks": 0
                                                        },
                                                        {
                                                          "Worker Number": 1,
                                                          "Actual Startup Time": 0.041,
                                                          "Actual Total Time": 0.042,
                                                          "Actual Rows": 1.0,
                                                          "Actual Loops": 1,
                                                          "Shared Hit Blocks": 1,
                                                          "Shared Read Blocks": 0,
                                                          "Shared Dirtied Blocks": 0,
                                                          "Shared Written Blocks": 0,
                                                          "Local Hit Blocks": 0,
                                                          "Local Read Blocks": 0,
                                                          "Local Dirtied Blocks": 0,
                                                          "Local Written Blocks": 0,
                                                          "Temp Read Blocks": 0,
                                                          "Temp Written Blocks": 0
                                                        }
                                                      ],
                                                      "Plans": [
                                                        {
                                                          "Node Type": "Seq Scan",
                                                          "Parent Relationship": "Outer",
                                                          "Parallel Aware": false,
                                                          "Async Capable": false,
                                                          "Relation Name": "region",
                                                          "Schema": "public",
                                                          "Alias": "region",
                                                          "Startup Cost": 0.0,
                                                          "Total Cost": 12.12,
                                                          "Plan Rows": 1,
                                                          "Plan Width": 4,
                                                          "Actual Startup Time": 0.205,
                                                          "Actual Total Time": 0.206,
                                                          "Actual Rows": 1.0,
                                                          "Actual Loops": 3,
                                                          "Disabled": false,
                                                          "Output": [
                                                            "region.r_regionkey"
                                                          ],
                                                          "Filter": "(region.r_name = 'AMERICA'::bpchar)",
                                                          "Rows Removed by Filter": 4,
                                                          "Shared Hit Blocks": 2,
                                                          "Shared Read Blocks": 1,
                                                          "Shared Dirtied Blocks": 0,
                                                          "Shared Written Blocks": 0,
                                                          "Local Hit Blocks": 0,
                                                          "Local Read Blocks": 0,
                                                          "Local Dirtied Blocks": 0,
                                                          "Local Written Blocks": 0,
                                                          "Temp Read Blocks": 0,
                                                          "Temp Written Blocks": 0,
                                                          "Workers": [
                                                            {
                                                              "Worker Number": 0,
                                                              "Actual Startup Time": 0.069,
                                                              "Actual Total Time": 0.071,
                                                              "Actual Rows": 1.0,
                                                              "Actual Loops": 1,
                                                              "Shared Hit Blocks": 1,
                                                              "Shared Read Blocks": 0,
                                                              "Shared Dirtied Blocks": 0,
                                                              "Shared Written Blocks": 0,
                                                              "Local Hit Blocks": 0,
                                                              "Local Read Blocks": 0,
                                                              "Local Dirtied Blocks": 0,
                                                              "Local Written Blocks": 0,
                                                              "Temp Read Blocks": 0,
                                                              "Temp Written Blocks": 0
                                                            },
                                                            {
                                                              "Worker Number": 1,
                                                              "Actual Startup Time": 0.034,
                                                              "Actual Total Time": 0.034,
                                                              "Actual Rows": 1.0,
                                                              "Actual Loops": 1,
                                                              "Shared Hit Blocks": 1,
                                                              "Shared Read Blocks": 0,
                                                              "Shared Dirtied Blocks": 0,
                                                              "Shared Written Blocks": 0,
                                                              "Local Hit Blocks": 0,
                                                              "Local Read Blocks": 0,
                                                              "Local Dirtied Blocks": 0,
                                                              "Local Written Blocks": 0,
                                                              "Temp Read Blocks": 0,
                                                              "Temp Written Blocks": 0
                                                            }
                                                          ]
                                                        }
                                                      ]
                                                    }
                                                  ]
                                                }
                                              ]
                                            }
                                          ]
                                        }
                                      ]
                                    }
                                  ]
                                },
                                {
                                  "Node Type": "Index Scan",
                                  "Parent Relationship": "Inner",
                                  "Parallel Aware": false,
                                  "Async Capable": false,
                                  "Scan Direction": "Forward",
                                  "Index Name": "lineitem_pkey",
                                  "Relation Name": "lineitem",
                                  "Schema": "public",
                                  "Alias": "lineitem",
                                  "Startup Cost": 0.43,
                                  "Total Cost": 1.85,
                                  "Plan Rows": 16,
                                  "Plan Width": 24,
                                  "Actual Startup Time": 0.129,
                                  "Actual Total Time": 0.136,
                                  "Actual Rows": 4.0,
                                  "Actual Loops": 91179,
                                  "Disabled": false,
                                  "Output": [
                                    "lineitem.l_orderkey",
                                    "lineitem.l_partkey",
                                    "lineitem.l_suppkey",
                                    "lineitem.l_linenumber",
                                    "lineitem.l_quantity",
                                    "lineitem.l_extendedprice",
                                    "lineitem.l_discount",
                                    "lineitem.l_tax",
                                    "lineitem.l_returnflag",
                                    "lineitem.l_linestatus",
                                    "lineitem.l_shipdate",
                                    "lineitem.l_commitdate",
                                    "lineitem.l_receiptdate",
                                    "lineitem.l_shipinstruct",
                                    "lineitem.l_shipmode",
                                    "lineitem.l_comment"
                                  ],
                                  "Index Cond": "(lineitem.l_orderkey = orders.o_orderkey)",
                                  "Rows Removed by Index Recheck": 0,
                                  "Index Searches": 91179,
                                  "Shared Hit Blocks": 287721,
                                  "Shared Read Blocks": 82147,
                                  "Shared Dirtied Blocks": 0,
                                  "Shared Written Blocks": 0,
                                  "Local Hit Blocks": 0,
                                  "Local Read Blocks": 0,
                                  "Local Dirtied Blocks": 0,
                                  "Local Written Blocks": 0,
                                  "Temp Read Blocks": 0,
                                  "Temp Written Blocks": 0,
                                  "Workers": [
                                    {
                                      "Worker Number": 0,
                                      "Actual Startup Time": 0.129,
                                      "Actual Total Time": 0.135,
                                      "Actual Rows": 4.0,
                                      "Actual Loops": 30295,
                                      "Shared Hit Blocks": 95484,
                                      "Shared Read Blocks": 27353,
                                      "Shared Dirtied Blocks": 0,
                                      "Shared Written Blocks": 0,
                                      "Local Hit Blocks": 0,
                                      "Local Read Blocks": 0,
                                      "Local Dirtied Blocks": 0,
                                      "Local Written Blocks": 0,
                                      "Temp Read Blocks": 0,
                                      "Temp Written Blocks": 0
                                    },
                                    {
                                      "Worker Number": 1,
                                      "Actual Startup Time": 0.129,
                                      "Actual Total Time": 0.138,
                                      "Actual Rows": 4.02,
                                      "Actual Loops": 30183,
                                      "Shared Hit Blocks": 95242,
                                      "Shared Read Blocks": 27250,
                                      "Shared Dirtied Blocks": 0,
                                      "Shared Written Blocks": 0,
                                      "Local Hit Blocks": 0,
                                      "Local Read Blocks": 0,
                                      "Local Dirtied Blocks": 0,
                                      "Local Written Blocks": 0,
                                      "Temp Read Blocks": 0,
                                      "Temp Written Blocks": 0
                                    }
                                  ]
                                }
                              ]
                            },
                            {
                              "Node Type": "Index Scan",
                              "Parent Relationship": "Inner",
                              "Parallel Aware": false,
                              "Async Capable": false,
                              "Scan Direction": "Forward",
                              "Index Name": "part_pkey",
                              "Relation Name": "part",
                              "Schema": "public",
                              "Alias": "part",
                              "Startup Cost": 0.42,
                              "Total Cost": 0.44,
                              "Plan Rows": 1,
                              "Plan Width": 4,
                              "Actual Startup Time": 0.007,
                              "Actual Total Time": 0.007,
                              "Actual Rows": 0.01,
                              "Actual Loops": 365091,
                              "Disabled": false,
                              "Output": [
                                "part.p_partkey",
                                "part.p_name",
                                "part.p_mfgr",
                                "part.p_brand",
                                "part.p_type",
                                "part.p_size",
                                "part.p_container",
                                "part.p_retailprice",
                                "part.p_comment"
                              ],
                              "Index Cond": "(part.p_partkey = lineitem.l_partkey)",
                              "Rows Removed by Index Recheck": 0,
                              "Filter": "((part.p_type)::text = 'ECONOMY ANODIZED STEEL'::text)",
                              "Rows Removed by Filter": 1,
                              "Index Searches": 365091,
                              "Shared Hit Blocks": 1455721,
                              "Shared Read Blocks": 4645,
                              "Shared Dirtied Blocks": 0,
                              "Shared Written Blocks": 0,
                              "Local Hit Blocks": 0,
                              "Local Read Blocks": 0,
                              "Local Dirtied Blocks": 0,
                              "Local Written Blocks": 0,
                              "Temp Read Blocks": 0,
                              "Temp Written Blocks": 0,
                              "Workers": [
                                {
                                  "Worker Number": 0,
                                  "Actual Startup Time": 0.008,
                                  "Actual Total Time": 0.008,
                                  "Actual Rows": 0.01,
                                  "Actual Loops": 121084,
                                  "Shared Hit Blocks": 482824,
                                  "Shared Read Blocks": 1513,
                                  "Shared Dirtied Blocks": 0,
                                  "Shared Written Blocks": 0,
                                  "Local Hit Blocks": 0,
                                  "Local Read Blocks": 0,
                                  "Local Dirtied Blocks": 0,
                                  "Local Written Blocks": 0,
                                  "Temp Read Blocks": 0,
                                  "Temp Written Blocks": 0
                                },
                                {
                                  "Worker Number": 1,
                                  "Actual Startup Time": 0.008,
                                  "Actual Total Time": 0.008,
                                  "Actual Rows": 0.01,
                                  "Actual Loops": 121185,
                                  "Shared Hit Blocks": 483192,
                                  "Shared Read Blocks": 1549,
                                  "Shared Dirtied Blocks": 0,
                                  "Shared Written Blocks": 0,
                                  "Local Hit Blocks": 0,
                                  "Local Read Blocks": 0,
                                  "Local Dirtied Blocks": 0,
                                  "Local Written Blocks": 0,
                                  "Temp Read Blocks": 0,
                                  "Temp Written Blocks": 0
                                }
                              ]
                            }
                          ]
                        },
                        {
                          "Node Type": "Index Scan",
                          "Parent Relationship": "Inner",
                          "Parallel Aware": false,
                          "Async Capable": false,
                          "Scan Direction": "Forward",
                          "Index Name": "supplier_pkey",
                          "Relation Name": "supplier",
                          "Schema": "public",
                          "Alias": "supplier",
                          "Startup Cost": 0.29,
                          "Total Cost": 0.3,
                          "Plan Rows": 1,
                          "Plan Width": 8,
                          "Actual Startup Time": 0.025,
                          "Actual Total Time": 0.025,
                          "Actual Rows": 1.0,
                          "Actual Loops": 2603,
                          "Disabled": false,
                          "Output": [
                            "supplier.s_suppkey",
                            "supplier.s_name",
                            "supplier.s_address",
                            "supplier.s_nationkey",
                            "supplier.s_phone",
                            "supplier.s_acctbal",
                            "supplier.s_comment"
                          ],
                          "Index Cond": "(supplier.s_suppkey = lineitem.l_suppkey)",
                          "Rows Removed by Index Recheck": 0,
                          "Index Searches": 2603,
                          "Shared Hit Blocks": 6911,
                          "Shared Read Blocks": 900,
                          "Shared Dirtied Blocks": 0,
                          "Shared Written Blocks": 0,
                          "Local Hit Blocks": 0,
                          "Local Read Blocks": 0,
                          "Local Dirtied Blocks": 0,
                          "Local Written Blocks": 0,
                          "Temp Read Blocks": 0,
                          "Temp Written Blocks": 0,
                          "Workers": [
                            {
                              "Worker Number": 0,
                              "Actual Startup Time": 0.027,
                              "Actual Total Time": 0.027,
                              "Actual Rows": 1.0,
                              "Actual Loops": 846,
                              "Shared Hit Blocks": 2248,
                              "Shared Read Blocks": 291,
                              "Shared Dirtied Blocks": 0,
                              "Shared Written Blocks": 0,
                              "Local Hit Blocks": 0,
                              "Local Read Blocks": 0,
                              "Local Dirtied Blocks": 0,
                              "Local Written Blocks": 0,
                              "Temp Read Blocks": 0,
                              "Temp Written Blocks": 0
                            },
                            {
                              "Worker Number": 1,
                              "Actual Startup Time": 0.017,
                              "Actual Total Time": 0.017,
                              "Actual Rows": 1.0,
                              "Actual Loops": 867,
                              "Shared Hit Blocks": 2292,
                              "Shared Read Blocks": 310,
                              "Shared Dirtied Blocks": 0,
                              "Shared Written Blocks": 0,
                              "Local Hit Blocks": 0,
                              "Local Read Blocks": 0,
                              "Local Dirtied Blocks": 0,
                              "Local Written Blocks": 0,
                              "Temp Read Blocks": 0,
                              "Temp Written Blocks": 0
                            }
                          ]
                        }
                      ]
                    },
                    {
                      "Node Type": "Memoize",
                      "Parent Relationship": "Inner",
                      "Parallel Aware": false,
                      "Async Capable": false,
                      "Startup Cost": 0.15,
                      "Total Cost": 0.18,
                      "Plan Rows": 1,
                      "Plan Width": 108,
                      "Actual Startup Time": 0.006,
                      "Actual Total Time": 0.006,
                      "Actual Rows": 1.0,
                      "Actual Loops": 2603,
                      "Disabled": false,
                      "Output": [
                        "n2.n_name",
                        "n2.n_nationkey"
                      ],
                      "Cache Key": "supplier.s_nationkey",
                      "Cache Mode": "logical",
                      "Cache Hits": 865,
                      "Cache Misses": 25,
                      "Cache Evictions": 0,
                      "Cache Overflows": 0,
                      "Peak Memory Usage": 4,
                      "Shared Hit Blocks": 150,
                      "Shared Read Blocks": 2,
                      "Shared Dirtied Blocks": 0,
                      "Shared Written Blocks": 0,
                      "Local Hit Blocks": 0,
                      "Local Read Blocks": 0,
                      "Local Dirtied Blocks": 0,
                      "Local Written Blocks": 0,
                      "Temp Read Blocks": 0,
                      "Temp Written Blocks": 0,
                      "Workers": [
                        {
                          "Worker Number": 0,
                          "Actual Startup Time": 0.014,
                          "Actual Total Time": 0.014,
                          "Actual Rows": 1.0,
                          "Actual Loops": 846,
                          "Cache Hits": 821,
                          "Cache Misses": 25,
                          "Cache Evictions": 0,
                          "Cache Overflows": 0,
                          "Peak Memory Usage": 4,
                          "Shared Hit Blocks": 50,
                          "Shared Read Blocks": 1,
                          "Shared Dirtied Blocks": 0,
                          "Shared Written Blocks": 0,
                          "Local Hit Blocks": 0,
                          "Local Read Blocks": 0,
                          "Local Dirtied Blocks": 0,
                          "Local Written Blocks": 0,
                          "Temp Read Blocks": 0,
                          "Temp Written Blocks": 0
                        },
                        {
                          "Worker Number": 1,
                          "Actual Startup Time": 0.002,
                          "Actual Total Time": 0.002,
                          "Actual Rows": 1.0,
                          "Actual Loops": 867,
                          "Cache Hits": 842,
                          "Cache Misses": 25,
                          "Cache Evictions": 0,
                          "Cache Overflows": 0,
                          "Peak Memory Usage": 4,
                          "Shared Hit Blocks": 51,
                          "Shared Read Blocks": 0,
                          "Shared Dirtied Blocks": 0,
                          "Shared Written Blocks": 0,
                          "Local Hit Blocks": 0,
                          "Local Read Blocks": 0,
                          "Local Dirtied Blocks": 0,
                          "Local Written Blocks": 0,
                          "Temp Read Blocks": 0,
                          "Temp Written Blocks": 0
                        }
                      ],
                      "Plans": [
                        {
                          "Node Type": "Index Scan",
                          "Parent Relationship": "Outer",
                          "Parallel Aware": false,
                          "Async Capable": false,
                          "Scan Direction": "Forward",
                          "Index Name": "nation_pkey",
                          "Relation Name": "nation",
                          "Schema": "public",
                          "Alias": "n2",
                          "Startup Cost": 0.14,
                          "Total Cost": 0.17,
                          "Plan Rows": 1,
                          "Plan Width": 108,
                          "Actual Startup Time": 0.145,
                          "Actual Total Time": 0.145,
                          "Actual Rows": 1.0,
                          "Actual Loops": 75,
                          "Disabled": false,
                          "Output": [
                            "n2.n_name",
                            "n2.n_nationkey"
                          ],
                          "Index Cond": "(n2.n_nationkey = supplier.s_nationkey)",
                          "Rows Removed by Index Recheck": 0,
                          "Index Searches": 75,
                          "Shared Hit Blocks": 150,
                          "Shared Read Blocks": 2,
                          "Shared Dirtied Blocks": 0,
                          "Shared Written Blocks": 0,
                          "Local Hit Blocks": 0,
                          "Local Read Blocks": 0,
                          "Local Dirtied Blocks": 0,
                          "Local Written Blocks": 0,
                          "Temp Read Blocks": 0,
                          "Temp Written Blocks": 0,
                          "Workers": [
                            {
                              "Worker Number": 0,
                              "Actual Startup Time": 0.418,
                              "Actual Total Time": 0.418,
                              "Actual Rows": 1.0,
                              "Actual Loops": 25,
                              "Shared Hit Blocks": 50,
                              "Shared Read Blocks": 1,
                              "Shared Dirtied Blocks": 0,
                              "Shared Written Blocks": 0,
                              "Local Hit Blocks": 0,
                              "Local Read Blocks": 0,
                              "Local Dirtied Blocks": 0,
                              "Local Written Blocks": 0,
                              "Temp Read Blocks": 0,
                              "Temp Written Blocks": 0
                            },
                            {
                              "Worker Number": 1,
                              "Actual Startup Time": 0.004,
                              "Actual Total Time": 0.004,
                              "Actual Rows": 1.0,
                              "Actual Loops": 25,
                              "Shared Hit Blocks": 51,
                              "Shared Read Blocks": 0,
                              "Shared Dirtied Blocks": 0,
                              "Shared Written Blocks": 0,
                              "Local Hit Blocks": 0,
                              "Local Read Blocks": 0,
                              "Local Dirtied Blocks": 0,
                              "Local Written Blocks": 0,
                              "Temp Read Blocks": 0,
                              "Temp Written Blocks": 0
                            }
                          ]
                        }
                      ]
                    }
                  ]
                }
              ]
            }
          ]
        }
      ]
    },
    "Planning": {
      "Shared Hit Blocks": 13,
      "Shared Read Blocks": 36,
      "Shared Dirtied Blocks": 1,
      "Shared Written Blocks": 0,
      "Local Hit Blocks": 0,
      "Local Read Blocks": 0,
      "Local Dirtied Blocks": 0,
      "Local Written Blocks": 0,
      "Temp Read Blocks": 0,
      "Temp Written Blocks": 0
    },
    "Planning Time": 8.201,
    "Triggers": [],
    "Execution Time": 5471.937
  }
]