[
  {
    "Plan": {
      "Node Type": "Aggregate",
      "Strategy": "Sorted",
      "Partial Mode": "Simple",
      "Parallel Aware": false,
      "Async Capable": false,
      "Startup Cost": 251322.17,
      "Total Cost": 306383.57,
      "Plan Rows": 363522,
      "Plan Width": 140,
      "Actual Startup Time": 2869.107,
      "Actual Total Time": 3211.098,
      "Actual Rows": 175.0,
      "Actual Loops": 1,
      "Disabled": false,
      "Output": [
        "nation.n_name",
        "((EXTRACT(year FROM orders.o_orderdate))::integer)",
        "sum(((lineitem.l_extendedprice * ('1'::numeric - lineitem.l_discount)) - (partsupp.ps_supplycost * lineitem.l_quantity)))"
      ],
      "Group Key": [
        "nation.n_name",
        "((EXTRACT(year FROM orders.o_orderdate))::integer)"
      ],
      "Shared Hit Blocks": 11861,
      "Shared Read Blocks": 149263,
      "Shared Dirtied Blocks": 0,
      "Shared Written Blocks": 0,
      "Local Hit Blocks": 0,
      "Local Read Blocks": 0,
      "Local Dirtied Blocks": 0,
      "Local Written Blocks": 0,
      "Temp Read Blocks": 14556,
      "Temp Written Blocks": 14618,
      "Plans": [
        {
          "Node Type": "Gather Merge",
          "Parent Relationship": "Outer",
          "Parallel Aware": false,
          "Async Capable": false,
          "Startup Cost": 251322.17,
          "Total Cost": 293660.3,
          "Plan Rows": 363522,
          "Plan Width": 131,
          "Actual Startup Time": 2868.57,
          "Actual Total Time": 3112.404,
          "Actual Rows": 319404.0,
          "Actual Loops": 1,
          "Disabled": false,
          "Output": [
            "nation.n_name",
            "((EXTRACT(year FROM orders.o_orderdate))::integer)",
            "lineitem.l_extendedprice",
            "lineitem.l_discount",
            "partsupp.ps_supplycost",
            "lineitem.l_quantity"
          ],
          "Workers Planned": 2,
          "Workers Launched": 2,
          "Shared Hit Blocks": 11861,
          "Shared Read Blocks": 149263,
          "Shared Dirtied Blocks": 0,
          "Shared Written Blocks": 0,
          "Local Hit Blocks": 0,
          "Local Read Blocks": 0,
          "Local Dirtied Blocks": 0,
          "Local Written Blocks": 0,
          "Temp Read Blocks": 14556,
          "Temp Written Blocks": 14618,
          "Plans": [
            {
              "Node Type": "Sort",
              "Parent Relationship": "Outer",
              "Parallel Aware": false,
              "Async Capable": false,
              "Startup Cost": 250322.15,
              "Total Cost": 250700.82,
              "Plan Rows": 151468,
              "Plan Width": 131,
              "Actual Startup Time": 2840.179,
              "Actual Total Time": 2861.082,
              "Actual Rows": 106468.0,
              "Actual Loops": 3,
              "Disabled": false,
              "Output": [
                "nation.n_name",
                "((EXTRACT(year FROM orders.o_orderdate))::integer)",
                "lineitem.l_extendedprice",
                "lineitem.l_discount",
                "partsupp.ps_supplycost",
                "lineitem.l_quantity"
              ],
              "Sort Key": [
                "nation.n_name",
                "((EXTRACT(year FROM orders.o_orderdate))::integer) DESC"
              ],
              "Sort Method": "external merge",
              "Sort Space Used": 6704,
              "Sort Space Type": "Disk",
              "Shared Hit Blocks": 11861,
              "Shared Read Blocks": 149263,
              "Shared Dirtied Blocks": 0,
              "Shared Written Blocks": 0,
              "Local Hit Blocks": 0,
              "Local Read Blocks": 0,
              "Local Dirtied Blocks": 0,
              "Local Written Blocks": 0,
              "Temp Read Blocks": 14556,
              "Temp Written Blocks": 14618,
              "Workers": [
                {
                  "Worker Number": 0,
                  "Actual Startup Time": 2842.469,
                  "Actual Total Time": 2866.695,
                  "Actual Rows": 114625.0,
                  "Actual Loops": 1,
                  "Sort Method": "external merge",
                  "Sort Space Used": 7576,
                  "Sort Space Type": "Disk",
                  "Shared Hit Blocks": 3149,
                  "Shared Read Blocks": 49817,
                  "Shared Dirtied Blocks": 0,
                  "Shared Written Blocks": 0,
                  "Local Hit Blocks": 0,
                  "Local Read Blocks": 0,
                  "Local Dirtied Blocks": 0,
                  "Local Written Blocks": 0,
                  "Temp Read Blocks": 4985,
                  "Temp Written Blocks": 4957
                },
                {
                  "Worker Number": 1,
                  "Actual Startup Time": 2828.709,
                  "Actual Total Time": 2849.26,
                  "Actual Rows": 103460.0,
                  "Actual Loops": 1,
                  "Sort Method": "external merge",
                  "Sort Space Used": 6840,
                  "Sort Space Type": "Disk",
                  "Shared Hit Blocks": 3209,
                  "Shared Read Blocks": 49905,
                  "Shared Dirtied Blocks": 0,
                  "Shared Written Blocks": 0,
                  "Local Hit Blocks": 0,
                  "Local Read Blocks": 0,
                  "Local Dirtied Blocks": 0,
                  "Local Written Blocks": 0,
                  "Temp Read Blocks": 4738,
                  "Temp Written Blocks": 4833
                }
              ],
              "Plans": [
                {
                  "Node Type": "Hash Join",
                  "Parent Relationship": "Outer",
                  "Parallel Aware": false,
                  "Async Capable": false,
                  "Join Type": "Inner",
                  "Startup Cost": 184487.12,
                  "Total Cost": 226932.85,
                  "Plan Rows": 151468,
                  "Plan Width": 131,
                  "Actual Startup Time": 2373.13,
                  "Actual Total Time": 2626.204,
                  "Actual Rows": 106468.0,
                  "Actual Loops": 3,
                  "Disabled": false,
                  "Output": [
                    "nation.n_name",
                    "(EXTRACT(year FROM orders.o_orderdate))::integer",
                    "lineitem.l_extendedprice",
                    "lineitem.l_discount",
                    "partsupp.ps_supplycost",
                    "lineitem.l_quantity"
                  ],
                  "Inner Unique": true,
                  "Hash Cond": "(supplier.s_nationkey = nation.n_nationkey)",
                  "Shared Hit Blocks": 11835,
                  "Shared Read Blocks": 149261,
                  "Shared Dirtied Blocks": 0,
                  "Shared Written Blocks": 0,
                  "Local Hit Blocks": 0,
                  "Local Read Blocks": 0,
                  "Local Dirtied Blocks": 0,
                  "Local Written Blocks": 0,
                  "Temp Read Blocks": 11916,
                  "Temp Written Blocks": 11972,
                  "Workers": [
                    {
                      "Worker Number": 0,
                      "Actual Startup Time": 2359.213,
                      "Actual Total Time": 2630.732,
                      "Actual Rows": 114625.0,
                      "Actual Loops": 1,
                      "Shared Hit Blocks": 3137,
                      "Shared Read Blocks": 49815,
                      "Shared Dirtied Blocks": 0,
                      "Shared Written Blocks": 0,
                      "Local Hit Blocks": 0,
                      "Local Read Blocks": 0,
                      "Local Dirtied Blocks": 0,
                      "Local Written Blocks": 0,
                      "Temp Read Blocks": 4038,
                      "Temp Written Blocks": 4008
                    },
                    {
                      "Worker Number": 1,
                      "Actual Startup Time": 2367.208,
                      "Actual Total Time": 2610.412,
                      "Actual Rows": 103460.0,
                      "Actual Loops": 1,
                      "Shared Hit Blocks": 3195,
                      "Shared Read Blocks": 49905,
                      "Shared Dirtied Blocks": 0,
                      "Shared Written Blocks": 0,
                      "Local Hit Blocks": 0,
                      "Local Read Blocks": 0,
                      "Local Dirtied Blocks": 0,
                      "Local Written Blocks": 0,
                      "Temp Read Blocks": 3883,
                      "Temp Written Blocks": 3976
                    }
                  ],
                  "Plans": [
                    {
                      "Node Type": "Hash Join",
                      "Parent Relationship": "Outer",
                      "Parallel Aware": true,
                      "Async Capable": false,
                      "Join Type": "Inner",
                      "Startup Cost": 184473.3,
                      "Total Cost": 225754.17,
                      "Plan Rows": 151468,
                      "Plan Width": 31,
                      "Actual Startup Time": 2372.959,
                      "Actual Total Time": 2594.56,
                      "Actual Rows": 106468.0,
                      "Actual Loops": 3,
                      "Disabled": false,
                      "Output": [
                        "lineitem.l_extendedprice",
                        "lineitem.l_discount",
                        "lineitem.l_quantity",
                        "supplier.s_nationkey",
                        "partsupp.ps_supplycost",
                        "orders.o_orderdate"
                      ],
                      "Inner Unique": false,
                      "Hash Cond": "(orders.o_orderkey = lineitem.l_orderkey)",
                      "Shared Hit Blocks": 11832,
                      "Shared Read Blocks": 149261,
                      "Shared Dirtied Blocks": 0,
                      "Shared Written Blocks": 0,
                      "Local Hit Blocks": 0,
                      "Local Read Blocks": 0,
                      "Local Dirtied Blocks": 0,
                      "Local Written Blocks": 0,
                      "Temp Read Blocks": 11916,
                      "Temp Written Blocks": 11972,
                      "Workers": [
                        {
                          "Worker Number": 0,
                          "Actual Startup Time": 2359.021,
                          "Actual Total Time": 2601.934,
                          "Actual Rows": 114625.0,
                          "Actual Loops": 1,
                          "Shared Hit Blocks": 3136,
                          "Shared Read Blocks": 49815,
                          "Shared Dirtied Blocks": 0,
                          "Shared Written Blocks": 0,
                          "Local Hit Blocks": 0,
                          "Local Read Blocks": 0,
                          "Local Dirtied Blocks": 0,
                          "Local Written Blocks": 0,
                          "Temp Read Blocks": 4038,
                          "Temp Written Blocks": 4008
                        },
                        {
                          "Worker Number": 1,
                          "Actual Startup Time": 2367.103,
                          "Actual Total Time": 2574.77,
                          "Actual Rows": 103460.0,
                          "Actual Loops": 1,
                          "Shared Hit Blocks": 3194,
                          "Shared Read Blocks": 49905,
                          "Shared Dirtied Blocks": 0,
                          "Shared Written Blocks": 0,
                          "Local Hit Blocks": 0,
                          "Local Read Blocks": 0,
                          "Local Dirtied Blocks": 0,
                          "Local Written Blocks": 0,
                          "Temp Read Blocks": 3883,
                          "Temp Written Blocks": 3976
                        }
                      ],
                      "Plans": [
                        {
                          "Node Type": "Seq Scan",
                          "Parent Relationship": "Outer",
                          "Parallel Aware": true,
                          "Async Capable": false,
                          "Relation Name": "orders",
                          "Schema": "public",
                          "Alias": "orders",
                          "Startup Cost": 0.0,
                          "Total Cost": 32386.0,
                          "Plan Rows": 625000,
                          "Plan Width": 8,
                          "Actual Startup Time": 1.204,
                          "Actual Total Time": 97.104,
                          "Actual Rows": 500000.0,
                          "Actual Loops": 3,
                          "Disabled": false,
                          "Output": [
                            "orders.o_orderdate",
                            "orders.o_orderkey"
                          ],
                          "Shared Hit Blocks": 243,
                          "Shared Read Blocks": 25893,
                          "Shared Dirtied Blocks": 0,
                          "Shared Written Blocks": 0,
                          "Local Hit Blocks": 0,
                          "Local Read Blocks": 0,
                          "Local Dirtied Blocks": 0,
                          "Local Written Blocks": 0,
                          "Temp Read Blocks": 0,
                          "Temp Written Blocks": 0,
                          "Workers": [
                            {
                              "Worker Number": 0,
                              "Actual Startup Time": 1.299,
                              "Actual Total Time": 91.797,
                              "Actual Rows": 509140.0,
                              "Actual Loops": 1,
                              "Shared Hit Blocks": 83,
                              "Shared Read Blocks": 8790,
                              "Shared Dirtied Blocks": 0,
                              "Shared Written Blocks": 0,
                              "Local Hit Blocks": 0,
                              "Local Read Blocks": 0,
                              "Local Dirtied Blocks": 0,
                              "Local Written Blocks": 0,
                              "Temp Read Blocks": 0,
                              "Temp Written Blocks": 0
                            },
                            {
                              "Worker Number": 1,
                              "Actual Startup Time": 1.17,
                              "Actual Total Time": 131.874,
                              "Actual Rows": 501322.0,
                              "Actual Loops": 1,
                              "Shared Hit Blocks": 66,
                              "Shared Read Blocks": 8671,
                              "Shared Dirtied Blocks": 0,
                              "Shared Written Blocks": 0,
                              "Local Hit Blocks": 0,
                              "Local Read Blocks": 0,
                              "Local Dirtied Blocks": 0,
                              "Local Written Blocks": 0,
                              "Temp Read Blocks": 0,
                              "Temp Written Blocks": 0
                            }
                          ]
                        },
                        {
                          "Node Type": "Hash",
                          "Parent Relationship": "Inner",
                          "Parallel Aware": true,
                          "Async Capable": false,
                          "Startup Cost": 181543.95,
                          "Total Cost": 181543.95,
                          "Plan Rows": 151468,
                          "Plan Width": 31,
                          "Actual Startup Time": 1943.651,
                          "Actual Total Time": 1943.785,
                          "Actual Rows": 106468.0,
                          "Actual Loops": 3,
                          "Disabled": false,
                          "Output": [
                            "lineitem.l_extendedprice",
                            "lineitem.l_discount",
                            "lineitem.l_quantity",
                            "lineitem.l_orderkey",
                            "supplier.s_nationkey",
                            "partsupp.ps_supplycost"
                          ],
                          "Hash Buckets": 131072,
                          "Original Hash Buckets": 131072,
                          "Hash Batches": 4,
                          "Original Hash Batches": 4,
                          "Peak Memory Usage": 6688,
                          "Shared Hit Blocks": 11589,
                          "Shared Read Blocks": 123368,
                          "Shared Dirtied Blocks": 0,
                          "Shared Written Blocks": 0,
                          "Local Hit Blocks": 0,
                          "Local Read Blocks": 0,
                          "Local Dirtied Blocks": 0,
                          "Local Written Blocks": 0,
                          "Temp Read Blocks": 5168,
                          "Temp Written Blocks": 6820,
                          "Workers": [
                            {
                              "Worker Number": 0,
                              "Actual Startup Time": 1935.285,
                              "Actual Total Time": 1935.306,
                              "Actual Rows": 100809.0,
                              "Actual Loops": 1,
                              "Shared Hit Blocks": 3053,
                              "Shared Read Blocks": 41025,
                              "Shared Dirtied Blocks": 0,
                              "Shared Written Blocks": 0,
                              "Local Hit Blocks": 0,
                              "Local Read Blocks": 0,
                              "Local Dirtied Blocks": 0,
                              "Local Written Blocks": 0,
                              "Temp Read Blocks": 1661,
                              "Temp Written Blocks": 2260
                            },
                            {
                              "Worker Number": 1,
                              "Actual Startup Time": 1935.377,
                              "Actual Total Time": 1935.552,
                              "Actual Rows": 103394.0,
                              "Actual Loops": 1,
                              "Shared Hit Blocks": 3128,
                              "Shared Read Blocks": 41234,
                              "Shared Dirtied Blocks": 0,
                              "Shared Written Blocks": 0,
                              "Local Hit Blocks": 0,
                              "Local Read Blocks": 0,
                              "Local Dirtied Blocks": 0,
                              "Local Written Blocks": 0,
                              "Temp Read Blocks": 1683,
                              "Temp Written Blocks": 2252
                            }
                          ],
                          "Plans": [
                            {
                              "Node Type": "Hash Join",
                              "Parent Relationship": "Outer",
                              "Parallel Aware": false,
                              "Async Capable": false,
                              "Join Type": "Inner",
                              "Startup Cost": 153311.36,
                              "Total Cost": 181543.95,
                              "Plan Rows": 151468,
                              "Plan Width": 31,
                              "Actual Startup Time": 1664.6,
                              "Actual Total Time": 1817.017,
                              "Actual Rows": 106468.0,
                              "Actual Loops": 3,
                              "Disabled": false,
                              "Output": [
                                "lineitem.l_extendedprice",
                                "lineitem.l_discount",
                                "lineitem.l_quantity",
                                "lineitem.l_orderkey",
                                "supplier.s_nationkey",
                                "partsupp.ps_supplycost"
                              ],
                              "Inner Unique": true,
                              "Hash Cond": "(lineitem.l_suppkey = supplier.s_suppkey)",
                              "Shared Hit Blocks": 11589,
                              "Shared Read Blocks": 123368,
                              "Shared Dirtied Blocks": 0,
                              "Shared Written Blocks": 0,
                              "Local Hit Blocks": 0,
                              "Local Read Blocks": 0,
                              "Local Dirtied Blocks": 0,
                              "Local Written Blocks": 0,
                              "Temp Read Blocks": 5168,
                              "Temp Written Blocks": 5192,
                              "Workers": [
                                {
                                  "Worker Number": 0,
                                  "Actual Startup Time": 1667.828,
                                  "Actual Total Time": 1804.845,
                                  "Actual Rows": 100809.0,
                                  "Actual Loops": 1,
                                  "Shared Hit Blocks": 3053,
                                  "Shared Read Blocks": 41025,
                                  "Shared Dirtied Blocks": 0,
                                  "Shared Written Blocks": 0,
                                  "Local Hit Blocks": 0,
                                  "Local Read Blocks": 0,
                                  "Local Dirtied Blocks": 0,
                                  "Local Written Blocks": 0,
                                  "Temp Read Blocks": 1661,
                                  "Temp Written Blocks": 1744
                                },
                                {
                                  "Worker Number": 1,
                                  "Actual Startup Time": 1671.177,
                                  "Actual Total Time": 1808.265,
                                  "Actual Rows": 103394.0,
                                  "Actual Loops": 1,
                                  "Shared Hit Blocks": 3128,
                                  "Shared Read Blocks": 41234,
                                  "Shared Dirtied Blocks": 0,
                                  "Shared Written Blocks": 0,
                                  "Local Hit Blocks": 0,
                                  "Local Read Blocks": 0,
                                  "Local Dirtied Blocks": 0,
                                  "Local Written Blocks": 0,
                                  "Temp Read Blocks": 1683,
                                  "Temp Written Blocks": 1724
                                }
                              ],
                              "Plans": [
                                {
                                  "Node Type": "Hash Join",
                                  "Parent Relationship": "Outer",
                                  "Parallel Aware": true,
                                  "Async Capable": false,
                                  "Join Type": "Inner",
                                  "Startup Cost": 152863.36,
                                  "Total Cost": 180697.94,
                                  "Plan Rows": 151558,
                                  "Plan Width": 35,
                                  "Actual Startup Time": 1659.387,
                                  "Actual Total Time": 1794.032,
                                  "Actual Rows": 106468.0,
                                  "Actual Loops": 3,
                                  "Disabled": false,
                                  "Output": [
                                    "lineitem.l_extendedprice",
                                    "lineitem.l_discount",
                                    "lineitem.l_quantity",
                                    "lineitem.l_suppkey",
                                    "lineitem.l_orderkey",
                                    "partsupp.ps_supplycost",
                                    "partsupp.ps_suppkey"
                                  ],
                                  "Inner Unique": false,
                                  "Hash Cond": "((partsupp.ps_suppkey = lineitem.l_suppkey) AND (partsupp.ps_partkey = lineitem.l_partkey))",
                                  "Shared Hit Blocks": 11002,
                                  "Shared Read Blocks": 123286,
                                  "Shared Dirtied Blocks": 0,
                                  "Shared Written Blocks": 0,
                                  "Local Hit Blocks": 0,
                                  "Local Read Blocks": 0,
                                  "Local Dirtied Blocks": 0,
                                  "Local Written Blocks": 0,
                                  "Temp Read Blocks": 5168,
                                  "Temp Written Blocks": 5192,
                                  "Workers": [
                                    {
                                      "Worker Number": 0,
                                      "Actual Startup Time": 1664.07,
                                      "Actual Total Time": 1783.613,
                                      "Actual Rows": 100809.0,
                                      "Actual Loops": 1,
                                      "Shared Hit Blocks": 2830,
                                      "Shared Read Blocks": 41025,
                                      "Shared Dirtied Blocks": 0,
                                      "Shared Written Blocks": 0,
                                      "Local Hit Blocks": 0,
                                      "Local Read Blocks": 0,
                                      "Local Dirtied Blocks": 0,
                                      "Local Written Blocks": 0,
                                      "Temp Read Blocks": 1661,
                                      "Temp Written Blocks": 1744
                                    },
                                    {
                                      "Worker Number": 1,
                                      "Actual Startup Time": 1665.486,
                                      "Actual Total Time": 1785.16,
                                      "Actual Rows": 103394.0,
                                      "Actual Loops": 1,
                                      "Shared Hit Blocks": 2905,
                                      "Shared Read Blocks": 41234,
                                      "Shared Dirtied Blocks": 0,
                                      "Shared Written Blocks": 0,
                                      "Local Hit Blocks": 0,
                                      "Local Read Blocks": 0,
                                      "Local Dirtied Blocks": 0,
                                      "Local Written Blocks": 0,
                                      "Temp Read Blocks": 1683,
                                      "Temp Written Blocks": 1724
                                    }
                                  ],
                                  "Plans": [
                                    {
                                      "Node Type": "Seq Scan",
                                      "Parent Relationship": "Outer",
                                      "Parallel Aware": true,
                                      "Async Capable": false,
                                      "Relation Name": "partsupp",
                                      "Schema": "public",
                                      "Alias": "partsupp",
                                      "Startup Cost": 0.0,
                                      "Total Cost": 20893.33,
                                      "Plan Rows": 333333,
                                      "Plan Width": 14,
                                      "Actual Startup Time": 0.423,
                                      "Actual Total Time": 72.61,
                                      "Actual Rows": 266666.67,
                                      "Actual Loops": 3,
                                      "Disabled": false,
                                      "Output": [
                                        "partsupp.ps_supplycost",
                                        "partsupp.ps_suppkey",
                                        "partsupp.ps_partkey"
                                      ],
                                      "Shared Hit Blocks": 0,
                                      "Shared Read Blocks": 17560,
                                      "Shared Dirtied Blocks": 0,
                                      "Shared Written Blocks": 0,
                                      "Local Hit Blocks": 0,
                                      "Local Read Blocks": 0,
                                      "Local Dirtied Blocks": 0,
                                      "Local Written Blocks": 0,
                                      "Temp Read Blocks": 0,
                                      "Temp Written Blocks": 0,
                                      "Workers": [
                                        {
                                          "Worker Number": 0,
                                          "Actual Startup Time": 0.445,
                                          "Actual Total Time": 73.93,
                                          "Actual Rows": 268845.0,
                                          "Actual Loops": 1,
                                          "Shared Hit Blocks": 0,
                                          "Shared Read Blocks": 5896,
                                          "Shared Dirtied Blocks": 0,
                                          "Shared Written Blocks": 0,
                                          "Local Hit Blocks": 0,
                                          "Local Read Blocks": 0,
                                          "Local Dirtied Blocks": 0,
                                          "Local Written Blocks": 0,
                                          "Temp Read Blocks": 0,
                                          "Temp Written Blocks": 0
                                        },
                                        {
                                          "Worker Number": 1,
                                          "Actual Startup Time": 0.587,
                                          "Actual Total Time": 64.894,
                                          "Actual Rows": 265287.0,
                                          "Actual Loops": 1,
                                          "Shared Hit Blocks": 0,
                                          "Shared Read Blocks": 5824,
                                          "Shared Dirtied Blocks": 0,
                                          "Shared Written Blocks": 0,
                                          "Local Hit Blocks": 0,
                                          "Local Read Blocks": 0,
                                          "Local Dirtied Blocks": 0,
                                          "Local Written Blocks": 0,
                                          "Temp Read Blocks": 0,
                                          "Temp Written Blocks": 0
                                        }
                                      ]
                                    },
                                    {
                                      "Node Type": "Hash",
                                      "Parent Relationship": "Inner",
                                      "Parallel Aware": true,
                                      "Async Capable": false,
                                      "Startup Cost": 149404.99,
                                      "Total Cost": 149404.99,
                                      "Plan Rows": 151558,
                                      "Plan Width": 33,
                                      "Actual Startup Time": 1350.937,
                                      "Actual Total Time": 1350.95,
                                      "Actual Rows": 106468.0,
                                      "Actual Loops": 3,
                                      "Disabled": false,
                                      "Output": [
                                        "part.p_partkey",
                                        "lineitem.l_extendedprice",
                                        "lineitem.l_discount",
                                        "lineitem.l_quantity",
                                        "lineitem.l_suppkey",
                                        "lineitem.l_partkey",
                                        "lineitem.l_orderkey"
                                      ],
                                      "Hash Buckets": 131072,
                                      "Original Hash Buckets": 131072,
                                      "Hash Batches": 4,
                                      "Original Hash Batches": 4,
                                      "Peak Memory Usage": 6720,
                                      "Shared Hit Blocks": 11002,
                                      "Shared Read Blocks": 105726,
                                      "Shared Dirtied Blocks": 0,
                                      "Shared Written Blocks": 0,
                                      "Local Hit Blocks": 0,
                                      "Local Read Blocks": 0,
                                      "Local Dirtied Blocks": 0,
                                      "Local Written Blocks": 0,
                                      "Temp Read Blocks": 0,
                                      "Temp Written Blocks": 1660,
                                      "Workers": [
                                        {
                                          "Worker Number": 0,
                                          "Actual Startup Time": 1344.03,
                                          "Actual Total Time": 1344.034,
                                          "Actual Rows": 106532.0,
                                          "Actual Loops": 1,
                                          "Shared Hit Blocks": 2830,
                                          "Shared Read Blocks": 35129,
                                          "Shared Dirtied Blocks": 0,
                                          "Shared Written Blocks": 0,
                                          "Local Hit Blocks": 0,
                                          "Local Read Blocks": 0,
                                          "Local Dirtied Blocks": 0,
                                          "Local Written Blocks": 0,
                                          "Temp Read Blocks": 0,
                                          "Temp Written Blocks": 556
                                        },
                                        {
                                          "Worker Number": 1,
                                          "Actual Startup Time": 1342.256,
                                          "Actual Total Time": 1342.263,
                                          "Actual Rows": 107231.0,
                                          "Actual Loops": 1,
                                          "Shared Hit Blocks": 2905,
                                          "Shared Read Blocks": 35410,
                                          "Shared Dirtied Blocks": 0,
                                          "Shared Written Blocks": 0,
                                          "Local Hit Blocks": 0,
                                          "Local Read Blocks": 0,
                                          "Local Dirtied Blocks": 0,
                                          "Local Written Blocks": 0,
                                          "Temp Read Blocks": 0,
                                          "Temp Written Blocks": 556
                                        }
                                      ],
                                      "Plans": [
                                        {
                                          "Node Type": "Hash Join",
                                          "Parent Relationship": "Outer",
                                          "Parallel Aware": true,
                                          "Async Capable": false,
                                          "Join Type": "Inner",
                                          "Startup Cost": 5232.79,
                                          "Total Cost": 149404.99,
                                          "Plan Rows": 151558,
                                          "Plan Width": 33,
                                          "Actual Startup Time": 15.094,
                                          "Actual Total Time": 1272.678,
                                          "Actual Rows": 106468.0,
                                          "Actual Loops": 3,
                                          "Disabled": false,
                                          "Output": [
                                            "part.p_partkey",
                                            "lineitem.l_extendedprice",
                                            "lineitem.l_discount",
                                            "lineitem.l_quantity",
                                            "lineitem.l_suppkey",
                                            "lineitem.l_partkey",
                                            "lineitem.l_orderkey"
                                          ],
                                          "Inner Unique": true,
                                          "Hash Cond": "(lineitem.l_partkey = part.p_partkey)",
                                          "Shared Hit Blocks": 11002,
                                          "Shared Read Blocks": 105726,
                                          "Shared Dirtied Blocks": 0,
                                          "Shared Written Blocks": 0,
                                          "Local Hit Blocks": 0,
                                          "Local Read Blocks": 0,
                                          "Local Dirtied Blocks": 0,
                                          "Local Written Blocks": 0,
                                          "Temp Read Blocks": 0,
                                          "Temp Written Blocks": 0,
                                          "Workers": [
                                            {
                                              "Worker Number": 0,
                                              "Actual Startup Time": 8.245,
                                              "Actual Total Time": 1261.748,
                                              "Actual Rows": 106532.0,
                                              "Actual Loops": 1,
                                              "Shared Hit Blocks": 2830,
                                              "Shared Read Blocks": 35129,
                                              "Shared Dirtied Blocks": 0,
                                              "Shared Written Blocks": 0,
                                              "Local Hit Blocks": 0,
                                              "Local Read Blocks": 0,
                                              "Local Dirtied Blocks": 0,
                                              "Local Written Blocks": 0,
                                              "Temp Read Blocks": 0,
                                              "Temp Written Blocks": 0
                                            },
                                            {
                                              "Worker Number": 1,
                                              "Actual Startup Time": 6.365,
                                              "Actual Total Time": 1264.971,
                                              "Actual Rows": 107231.0,
                                              "Actual Loops": 1,
                                              "Shared Hit Blocks": 2905,
                                              "Shared Read Blocks": 35410,
                                              "Shared Dirtied Blocks": 0,
                                              "Shared Written Blocks": 0,
                                              "Local Hit Blocks": 0,
                                              "Local Read Blocks": 0,
                                              "Local Dirtied Blocks": 0,
                                              "Local Written Blocks": 0,
                                              "Temp Read Blocks": 0,
                                              "Temp Written Blocks": 0
                                            }
                                          ],
                                          "Plans": [
                                            {
                                              "Node Type": "Seq Scan",
                                              "Parent Relationship": "Outer",
                                              "Parallel Aware": true,
                                              "Async Capable": false,
                                              "Relation Name": "lineitem",
                                              "Schema": "public",
                                              "Alias": "lineitem",
                                              "Startup Cost": 0.0,
                                              "Total Cost": 137607.57,
                                              "Plan Rows": 2500757,
                                              "Plan Width": 29,
                                              "Actual Startup Time": 0.109,
                                              "Actual Total Time": 955.629,
                                              "Actual Rows": 2000405.0,
                                              "Actual Loops": 3,
                                              "Disabled": false,
                                              "Output": [
                                                "lineitem.l_orderkey",
                                                "lineitem.l_partkey",
                                                "lineitem.l_suppkey",
                                                "lineitem.l_linenumber",
                                                "lineitem.l_quantity",
                                                "lineitem.l_extendedprice",
                                                "lineitem.l_discount",
                                                "lineitem.l_tax",
                                                "lineitem.l_returnflag",
                                                "lineitem.l_linestatus",
                                                "lineitem.l_shipdate",
                                                "lineitem.l_commitdate",
                                                "lineitem.l_receiptdate",
                                                "lineitem.l_shipinstruct",
                                                "lineitem.l_shipmode",
                                                "lineitem.l_comment"
                                              ],
                                              "Shared Hit Blocks": 6905,
                                              "Shared Read Blocks": 105695,
                                              "Shared Dirtied Blocks": 0,
                                              "Shared Written Blocks": 0,
                                              "Local Hit Blocks": 0,
                                              "Local Read Blocks": 0,
                                              "Local Dirtied Blocks": 0,
                                              "Local Written Blocks": 0,
                                              "Temp Read Blocks": 0,
                                              "Temp Written Blocks": 0,
                                              "Workers": [
                                                {
                                                  "Worker Number": 0,
                                                  "Actual Startup Time": 0.164,
                                                  "Actual Total Time": 940.874,
                                                  "Actual Rows": 1992756.0,
                                                  "Actual Loops": 1,
                                                  "Shared Hit Blocks": 2274,
                                                  "Shared Read Blocks": 35122,
                                                  "Shared Dirtied Blocks": 0,
                                                  "Shared Written Blocks": 0,
                                                  "Local Hit Blocks": 0,
                                                  "Local Read Blocks": 0,
                                                  "Local Dirtied Blocks": 0,
                                                  "Local Written Blocks": 0,
                                                  "Temp Read Blocks": 0,
                                                  "Temp Written Blocks": 0
                                                },
                                                {
                                                  "Worker Number": 1,
                                                  "Actual Startup Time": 0.07,
                                                  "Actual Total Time": 959.248,
                                                  "Actual Rows": 2012227.0,
                                                  "Actual Loops": 1,
                                                  "Shared Hit Blocks": 2363,
                                                  "Shared Read Blocks": 35403,
                                                  "Shared Dirtied Blocks": 0,
                                                  "Shared Written Blocks": 0,
                                                  "Local Hit Blocks": 0,
                                                  "Local Read Blocks": 0,
                                                  "Local Dirtied Blocks": 0,
                                                  "Local Written Blocks": 0,
                                                  "Temp Read Blocks": 0,
                                                  "Temp Written Blocks": 0
                                                }
                                              ]
                                            },
                                            {
                                              "Node Type": "Hash",
                                              "Parent Relationship": "Inner",
                                              "Parallel Aware": true,
                                              "Async Capable": false,
                                              "Startup Cost": 5169.67,
                                              "Total Cost": 5169.67,
                                              "Plan Rows": 5050,
                                              "Plan Width": 4,
                                              "Actual Startup Time": 14.875,
                                              "Actual Total Time": 14.877,
                                              "Actual Rows": 3554.67,
                                              "Actual Loops": 3,
                                              "Disabled": false,
                                              "Output": [
                                                "part.p_partkey"
                                              ],
                                              "Hash Buckets": 16384,
                                              "Original Hash Buckets": 16384,
                                              "Hash Batches": 1,
                                              "Original Hash Batches": 1,
                                              "Peak Memory Usage": 576,
                                              "Shared Hit Blocks": 4097,
                                              "Shared Read Blocks": 31,
                                              "Shared Dirtied Blocks": 0,
                                              "Shared Written Blocks": 0,
                                              "Local Hit Blocks": 0,
                                              "Local Read Blocks": 0,
                                              "Local Dirtied Blocks": 0,
                                              "Local Written Blocks": 0,
                                              "Temp Read Blocks": 0,
                                              "Temp Written Blocks": 0,
                                              "Workers": [
                                                {
                                                  "Worker Number": 0,
                                                  "Actual Startup Time": 7.851,
                                                  "Actual Total Time": 7.854,
                                                  "Actual Rows": 1468.0,
                                                  "Actual Loops": 1,
                                                  "Shared Hit Blocks": 556,
                                                  "Shared Read Blocks": 7,
                                                  "Shared Dirtied Blocks": 0,
                                                  "Shared Written Blocks": 0,
                                                  "Local Hit Blocks": 0,
                                                  "Local Read Blocks": 0,
                                                  "Local Dirtied Blocks": 0,
                                                  "Local Written Blocks": 0,
                                                  "Temp Read Blocks": 0,
                                                  "Temp Written Blocks": 0
                                                },
                                                {
                                                  "Worker Number": 1,
                                                  "Actual Startup Time": 6.239,
                                                  "Actual Total Time": 6.242,
                                                  "Actual Rows": 1391.0,
                                                  "Actual Loops": 1,
                                                  "Shared Hit Blocks": 542,
                                                  "Shared Read Blocks": 7,
                                                  "Shared Dirtied Blocks": 0,
                                                  "Shared Written Blocks": 0,
                                                  "Local Hit Blocks": 0,
                                                  "Local Read Blocks": 0,
                                                  "Local Dirtied Blocks": 0,
                                                  "Local Written Blocks": 0,
                                                  "Temp Read Blocks": 0,
                                                  "Temp Written Blocks": 0
                                                }
                                              ],
                                              "Plans": [
                                                {
                                                  "Node Type": "Seq Scan",
                                                  "Parent Relationship": "Outer",
                                                  "Parallel Aware": true,
                                                  "Async Capable": false,
                                                  "Relation Name": "part",
                                                  "Schema": "public",
                                                  "Alias": "part",
                                                  "Startup Cost": 0.0,
                                                  "Total Cost": 5169.67,
                                                  "Plan Rows": 5050,
                                                  "Plan Width": 4,
                                                  "Actual Startup Time": 0.011,
                                                  "Actual Total Time": 13.79,
                                                  "Actual Rows": 3554.67,
                                                  "Actual Loops": 3,
                                                  "Disabled": false,
                                                  "Output": [
                                                    "part.p_partkey"
                                                  ],
                                                  "Filter": "((part.p_name)::text ~~ '%green%'::text)",
                                                  "Rows Removed by Filter": 63112,
                                                  "Shared Hit Blocks": 4097,
                                                  "Shared Read Blocks": 31,
                                                  "Shared Dirtied Blocks": 0,
                                                  "Shared Written Blocks": 0,
                                                  "Local Hit Blocks": 0,
                                                  "Local Read Blocks": 0,
                                                  "Local Dirtied Blocks": 0,
                                                  "Local Written Blocks": 0,
                                                  "Temp Read Blocks": 0,
                                                  "Temp Written Blocks": 0,
                                                  "Workers": [
                                                    {
                                                      "Worker Number": 0,
                                                      "Actual Startup Time": 0.017,
                                                      "Actual Total Time": 6.919,
                                                      "Actual Rows": 1468.0,
                                                      "Actual Loops": 1,
                                                      "Shared Hit Blocks": 556,
                                                      "Shared Read Blocks": 7,
                                                      "Shared Dirtied Blocks": 0,
                                                      "Shared Written Blocks": 0,
                                                      "Local Hit Blocks": 0,
                                                      "Local Read Blocks": 0,
                                                      "Local Dirtied Blocks": 0,
                                                      "Local Written Blocks": 0,
                                                      "Temp Read Blocks": 0,
                                                      "Temp Written Blocks": 0
                                                    },
                                                    {
                                                      "Worker Number": 1,
                                                      "Actual Startup Time": 0.01,
                                                      "Actual Total Time": 5.951,
                                                      "Actual Rows": 1391.0,
                                                      "Actual Loops": 1,
                                                      "Shared Hit Blocks": 542,
                                                      "Shared Read Blocks": 7,
                                                      "Shared Dirtied Blocks": 0,
                                                      "Shared Written Blocks": 0,
                                                      "Local Hit Blocks": 0,
                                                      "Local Read Blocks": 0,
                                                      "Local Dirtied Blocks": 0,
                                                      "Local Written Blocks": 0,
                                                      "Temp Read Blocks": 0,
                                                      "Temp Written Blocks": 0
                                                    }
                                                  ]
                                                }
                                              ]
                                            }
                                          ]
                                        }
                                      ]
                                    }
                                  ]
                                },
                                {
                                  "Node Type": "Hash",
                                  "Parent Relationship": "Inner",
                                  "Parallel Aware": false,
                                  "Async Capable": false,
                                  "Startup Cost": 323.0,
                                  "Total Cost": 323.0,
                                  "Plan Rows": 10000,
                                  "Plan Width": 8,
                                  "Actual Startup Time": 4.318,
                                  "Actual Total Time": 4.319,
                                  "Actual Rows": 10000.0,
                                  "Actual Loops": 3,
                                  "Disabled": false,
                                  "Output": [
                                    "supplier.s_suppkey",
                                    "supplier.s_nationkey"
                                  ],
                                  "Hash Buckets": 16384,
                                  "Original Hash Buckets": 16384,
                                  "Hash Batches": 1,
                                  "Original Hash Batches": 1,
                                  "Peak Memory Usage": 519,
                                  "Shared Hit Blocks": 587,
                                  "Shared Read Blocks": 82,
                                  "Shared Dirtied Blocks": 0,
                                  "Shared Written Blocks": 0,
                                  "Local Hit Blocks": 0,
                                  "Local Read Blocks": 0,
                                  "Local Dirtied Blocks": 0,
                                  "Local Written Blocks": 0,
                                  "Temp Read Blocks": 0,
                                  "Temp Written Blocks": 0,
                                  "Workers": [
                                    {
                                      "Worker Number": 0,
                                      "Actual Startup Time": 3.713,
                                      "Actual Total Time": 3.713,
                                      "Actual Rows": 10000.0,
                                      "Actual Loops": 1,
                                      "Shared Hit Blocks": 223,
                                      "Shared Read Blocks": 0,
                                      "Shared Dirtied Blocks": 0,
                                      "Shared Written Blocks": 0,
                                      "Local Hit Blocks": 0,
                                      "Local Read Blocks": 0,
                                      "Local Dirtied Blocks": 0,
                                      "Local Written Blocks": 0,
                                      "Temp Read Blocks": 0,
                                      "Temp Written Blocks": 0
                                    },
                                    {
                                      "Worker Number": 1,
                                      "Actual Startup Time": 5.591,
                                      "Actual Total Time": 5.593,
                                      "Actual Rows": 10000.0,
                                      "Actual Loops": 1,
                                      "Shared Hit Blocks": 223,
                                      "Shared Read Blocks": 0,
                                      "Shared Dirtied Blocks": 0,
                                      "Shared Written Blocks": 0,
                                      "Local Hit Blocks": 0,
                                      "Local Read Blocks": 0,
                                      "Local Dirtied Blocks": 0,
                                      "Local Written Blocks": 0,
                                      "Temp Read Blocks": 0,
                                      "Temp Written Blocks": 0
                                    }
                                  ],
                                  "Plans": [
                                    {
                                      "Node Type": "Seq Scan",
                                      "Parent Relationship": "Outer",
                                      "Parallel Aware": false,
                                      "Async Capable": false,
                                      "Relation Name": "supplier",
                                      "Schema": "public",
                                      "Alias": "supplier",
                                      "Startup Cost": 0.0,
                                      "Total Cost": 323.0,
                                      "Plan Rows": 10000,
                                      "Plan Width": 8,
                                      "Actual Startup Time": 0.133,
                                      "Actual Total Time": 2.389,
                                      "Actual Rows": 10000.0,
                                      "Actual Loops": 3,
                                      "Disabled": false,
                                      "Output": [
                                        "supplier.s_suppkey",
                                        "supplier.s_nationkey"
                                      ],
                                      "Shared Hit Blocks": 587,
                                      "Shared Read Blocks": 82,
                                      "Shared Dirtied Blocks": 0,
                                      "Shared Written Blocks": 0,
                                      "Local Hit Blocks": 0,
                                      "Local Read Blocks": 0,
                                      "Local Dirtied Blocks": 0,
                                      "Local Written Blocks": 0,
                                      "Temp Read Blocks": 0,
                                      "Temp Written Blocks": 0,
                                      "Workers": [
                                        {
                                          "Worker Number": 0,
                                          "Actual Startup Time": 0.067,
                                          "Actual Total Time": 2.077,
                                          "Actual Rows": 10000.0,
                                          "Actual Loops": 1,
                                          "Shared Hit Blocks": 223,
                                          "Shared Read Blocks": 0,
                                          "Shared Dirtied Blocks": 0,
                                          "Shared Written Blocks": 0,
                                          "Local Hit Blocks": 0,
                                          "Local Read Blocks": 0,
                                          "Local Dirtied Blocks": 0,
                                          "Local Written Blocks": 0,
                                          "Temp Read Blocks": 0,
                                          "Temp Written Blocks": 0
                                        },
                                        {
                                          "Worker Number": 1,
                                          "Actual Startup Time": 0.076,
                                          "Actual Total Time": 2.87,
                                          "Actual Rows": 10000.0,
                                          "Actual Loops": 1,
                                          "Shared Hit Blocks": 223,
                                          "Shared Read Blocks": 0,
                                          "Shared Dirtied Blocks": 0,
                                          "Shared Written Blocks": 0,
                                          "Local Hit Blocks": 0,
                                          "Local Read Blocks": 0,
                                          "Local Dirtied Blocks": 0,
                                          "Local Written Blocks": 0,
                                          "Temp Read Blocks": 0,
                                          "Temp Written Blocks": 0
                                        }
                                      ]
                                    }
                                  ]
                                }
                              ]
                            }
                          ]
                        }
                      ]
                    },
                    {
                      "Node Type": "Hash",
                      "Parent Relationship": "Inner",
                      "Parallel Aware": false,
                      "Async Capable": false,
                      "Startup Cost": 11.7,
                      "Total Cost": 11.7,
                      "Plan Rows": 170,
                      "Plan Width": 108,
                      "Actual Startup Time": 0.134,
                      "Actual Total Time": 0.134,
                      "Actual Rows": 25.0,
                      "Actual Loops": 3,
                      "Disabled": false,
                      "Output": [
                        "nation.n_name",
                        "nation.n_nationkey"
                      ],
                      "Hash Buckets": 1024,
                      "Original Hash Buckets": 1024,
                      "Hash Batches": 1,
                      "Original Hash Batches": 1,
                      "Peak Memory Usage": 10,
                      "Shared Hit Blocks": 3,
                      "Shared Read Blocks": 0,
                      "Shared Dirtied Blocks": 0,
                      "Shared Written Blocks": 0,
                      "Local Hit Blocks": 0,
                      "Local Read Blocks": 0,
                      "Local Dirtied Blocks": 0,
                      "Local Written Blocks": 0,
                      "Temp Read Blocks": 0,
                      "Temp Written Blocks": 0,
                      "Workers": [
                        {
                          "Worker Number": 0,
                          "Actual Startup Time": 0.152,
                          "Actual Total Time": 0.152,
                          "Actual Rows": 25.0,
                          "Actual Loops": 1,
                          "Shared Hit Blocks": 1,
                          "Shared Read Blocks": 0,
                          "Shared Dirtied Blocks": 0,
                          "Shared Written Blocks": 0,
                          "Local Hit Blocks": 0,
                          "Local Read Blocks": 0,
                          "Local Dirtied Blocks": 0,
                          "Local Written Blocks": 0,
                          "Temp Read Blocks": 0,
                          "Temp Written Blocks": 0
                        },
                        {
                          "Worker Number": 1,
                          "Actual Startup Time": 0.069,
                          "Actual Total Time": 0.069,
                          "Actual Rows": 25.0,
                          "Actual Loops": 1,
                          "Shared Hit Blocks": 1,
                          "Shared Read Blocks": 0,
                          "Shared Dirtied Blocks": 0,
                          "Shared Written Blocks": 0,
                          "Local Hit Blocks": 0,
                          "Local Read Blocks": 0,
                          "Local Dirtied Blocks": 0,
                          "Local Written Blocks": 0,
                          "Temp Read Blocks": 0,
                          "Temp Written Blocks": 0
                        }
                      ],
                      "Plans": [
                        {
                          "Node Type": "Seq Scan",
                          "Parent Relationship": "Outer",
                          "Parallel Aware": false,
                          "Async Capable": false,
                          "Relation Name": "nation",
                          "Schema": "public",
                          "Alias": "nation",
                          "Startup Cost": 0.0,
                          "Total Cost": 11.7,
                          "Plan Rows": 170,
                          "Plan Width": 108,
                          "Actual Startup Time": 0.069,
                          "Actual Total Time": 0.071,
                          "Actual Rows": 25.0,
                          "Actual Loops": 3,
                          "Disabled": false,
                          "Output": [
                            "nation.n_name",
                            "nation.n_nationkey"
                          ],
                          "Shared Hit Blocks": 3,
                          "Shared Read Blocks": 0,
                          "Shared Dirtied Blocks": 0,
                          "Shared Written Blocks": 0,
                          "Local Hit Blocks": 0,
                          "Local Read Blocks": 0,
                          "Local Dirtied Blocks": 0,
                          "Local Written Blocks": 0,
                          "Temp Read Blocks": 0,
                          "Temp Written Blocks": 0,
                          "Workers": [
                            {
                              "Worker Number": 0,
                              "Actual Startup Time": 0.125,
                              "Actual Total Time": 0.126,
                              "Actual Rows": 25.0,
                              "Actual Loops": 1,
                              "Shared Hit Blocks": 1,
                              "Shared Read Blocks": 0,
                              "Shared Dirtied Blocks": 0,
                              "Shared Written Blocks": 0,
                              "Local Hit Blocks": 0,
                              "Local Read Blocks": 0,
                              "Local Dirtied Blocks": 0,
                              "Local Written Blocks": 0,
                              "Temp Read Blocks": 0,
                              "Temp Written Blocks": 0
                            },
                            {
                              "Worker Number": 1,
                              "Actual Startup Time": 0.061,
                              "Actual Total Time": 0.062,
                              "Actual Rows": 25.0,
                              "Actual Loops": 1,
                              "Shared Hit Blocks": 1,
                              "Shared Read Blocks": 0,
                              "Shared Dirtied Blocks": 0,
                              "Shared Written Blocks": 0,
                              "Local Hit Blocks": 0,
                              "Local Read Blocks": 0,
                              "Local Dirtied Blocks": 0,
                              "Local Written Blocks": 0,
                              "Temp Read Blocks": 0,
                              "Temp Written Blocks": 0
                            }
                          ]
                        }
                      ]
                    }
                  ]
                }
              ]
            }
          ]
        }
      ]
    },
    "Planning": {
      "Shared Hit Blocks": 42,
      "Shared Read Blocks": 25,
      "Shared Dirtied Blocks": 0,
      "Shared Written Blocks": 0,
      "Local Hit Blocks": 0,
      "Local Read Blocks": 0,
      "Local Dirtied Blocks": 0,
      "Local Written Blocks": 0,
      "Temp Read Blocks": 0,
      "Temp Written Blocks": 0
    },
    "Planning Time": 11.117,
    "Triggers": [],
    "Execution Time": 3220.093
  }
]